#
# There is insufficient memory for the Java Runtime Environment to continue.
# Native memory allocation (mmap) failed to map 29360128 bytes for G1 virtual space
# Possible reasons:
#   The system is out of physical RAM or swap space
#   The process is running with CompressedOops enabled, and the Java Heap may be blocking the growth of the native heap
# Possible solutions:
#   Reduce memory load on the system
#   Increase physical memory or swap space
#   Check if swap backing store is full
#   Decrease Java heap size (-Xmx/-Xms)
#   Decrease number of Java threads
#   Decrease Java thread stack sizes (-Xss)
#   Set larger code cache with -XX:ReservedCodeCacheSize=
#   JVM is running with Unscaled Compressed Oops mode in which the Java heap is
#     placed in the first 4GB address space. The Java Heap base address is the
#     maximum limit for the native heap growth. Please use -XX:HeapBaseMinAddress
#     to set the Java Heap base and to place the Java Heap above 4GB virtual address.
# This output file may be truncated or incomplete.
#
#  Out of Memory Error (os_windows.cpp:3536), pid=4464, tid=6188
#
# JRE version: Java(TM) SE Runtime Environment (19.0.2+7) (build 19.0.2+7-44)
# Java VM: Java HotSpot(TM) 64-Bit Server VM (19.0.2+7-44, mixed mode, sharing, tiered, compressed oops, compressed class ptrs, g1 gc, windows-amd64)
# No core dump will be written. Minidumps are not enabled by default on client versions of Windows
#

---------------  S U M M A R Y ------------

Command Line: -agentlib:jdwp=transport=dt_socket,address=127.0.0.1:61571,suspend=y,server=n -javaagent:C:\Users\Жанарбай\AppData\Local\JetBrains\IdeaIC2022.3\captureAgent\debugger-agent.jar -Dfile.encoding=UTF-8 -Dsun.stdout.encoding=UTF-8 -Dsun.stderr.encoding=UTF-8 com.example.demo1.Application

Host: 11th Gen Intel(R) Core(TM) i7-1165G7 @ 2.80GHz, 8 cores, 7G,  Windows 10 , 64 bit Build 19041 (10.0.19041.1202)
Time: Sat Apr 15 21:16:41 2023  Windows 10 , 64 bit Build 19041 (10.0.19041.1202) elapsed time: 3.250370 seconds (0d 0h 0m 3s)

---------------  T H R E A D  ---------------

Current thread (0x000002601dfea960):  VMThread "VM Thread" [stack: 0x0000006a10b00000,0x0000006a10c00000] [id=6188]

Stack: [0x0000006a10b00000,0x0000006a10c00000]
Native frames: (J=compiled Java code, j=interpreted, Vv=VM code, C=native code)
V  [jvm.dll+0x6ee21a]
V  [jvm.dll+0x85765e]
V  [jvm.dll+0x85904e]
V  [jvm.dll+0x859703]
V  [jvm.dll+0x28298f]
V  [jvm.dll+0x6eb009]
V  [jvm.dll+0x6dfbaa]
V  [jvm.dll+0x3573f6]
V  [jvm.dll+0x35ee56]
V  [jvm.dll+0x3b541e]
V  [jvm.dll+0x3b564f]
V  [jvm.dll+0x32c9ea]
V  [jvm.dll+0x32ca97]
V  [jvm.dll+0x374cd2]
V  [jvm.dll+0x37340f]
V  [jvm.dll+0x32c210]
V  [jvm.dll+0x3729ab]
V  [jvm.dll+0x85ebc3]
V  [jvm.dll+0x85f989]
V  [jvm.dll+0x85febd]
V  [jvm.dll+0x86034b]
V  [jvm.dll+0x860407]
V  [jvm.dll+0x80125a]
V  [jvm.dll+0x6ecf0b]
C  [ucrtbase.dll+0x21bb2]
C  [KERNEL32.DLL+0x17034]
C  [ntdll.dll+0x52651]

VM_Operation (0x0000006a129fe730): G1CollectForAllocation, mode: safepoint, requested by thread 0x000002601e0225f0


---------------  P R O C E S S  ---------------

Threads class SMR info:
_java_thread_list=0x0000026026df5740, length=21, elements={
0x000002607d9b8140, 0x000002601e004be0, 0x000002601e005510, 0x000002601e006340,
0x000002601e008790, 0x000002601e0090c0, 0x000002601e014e30, 0x000002601e019400,
0x000002601e01c180, 0x000002601e020b60, 0x000002601e023090, 0x000002602254ced0,
0x00000260225683c0, 0x0000026022570930, 0x00000260225b6ae0, 0x000002601e0235e0,
0x000002601e024080, 0x000002601e021b50, 0x000002601e0220a0, 0x000002601e0210b0,
0x000002601e0225f0
}

Java Threads: ( => current thread )
  0x000002607d9b8140 JavaThread "main" [_thread_blocked, id=10828, stack(0x0000006a10500000,0x0000006a10600000)]
  0x000002601e004be0 JavaThread "Reference Handler" daemon [_thread_blocked, id=10008, stack(0x0000006a10c00000,0x0000006a10d00000)]
  0x000002601e005510 JavaThread "Finalizer" daemon [_thread_blocked, id=11960, stack(0x0000006a10d00000,0x0000006a10e00000)]
  0x000002601e006340 JavaThread "Signal Dispatcher" daemon [_thread_blocked, id=9160, stack(0x0000006a10e00000,0x0000006a10f00000)]
  0x000002601e008790 JavaThread "Attach Listener" daemon [_thread_blocked, id=10460, stack(0x0000006a10f00000,0x0000006a11000000)]
  0x000002601e0090c0 JavaThread "Service Thread" daemon [_thread_blocked, id=2056, stack(0x0000006a11000000,0x0000006a11100000)]
  0x000002601e014e30 JavaThread "Monitor Deflation Thread" daemon [_thread_blocked, id=11772, stack(0x0000006a11100000,0x0000006a11200000)]
  0x000002601e019400 JavaThread "C2 CompilerThread0" daemon [_thread_in_native, id=8488, stack(0x0000006a11200000,0x0000006a11300000)]
  0x000002601e01c180 JavaThread "C1 CompilerThread0" daemon [_thread_blocked, id=9308, stack(0x0000006a11300000,0x0000006a11400000)]
  0x000002601e020b60 JavaThread "Sweeper thread" daemon [_thread_blocked, id=5192, stack(0x0000006a11400000,0x0000006a11500000)]
  0x000002601e023090 JavaThread "Common-Cleaner" daemon [_thread_blocked, id=2436, stack(0x0000006a11500000,0x0000006a11600000)]
  0x000002602254ced0 JavaThread "JDWP Transport Listener: dt_socket" daemon [_thread_blocked, id=948, stack(0x0000006a11600000,0x0000006a11700000)]
  0x00000260225683c0 JavaThread "JDWP Event Helper Thread" daemon [_thread_blocked, id=6880, stack(0x0000006a11700000,0x0000006a11800000)]
  0x0000026022570930 JavaThread "JDWP Command Reader" daemon [_thread_in_native, id=6832, stack(0x0000006a11800000,0x0000006a11900000)]
  0x00000260225b6ae0 JavaThread "C2 CompilerThread1" daemon [_thread_blocked, id=3232, stack(0x0000006a11900000,0x0000006a11a00000)]
  0x000002601e0235e0 JavaThread "Notification Thread" daemon [_thread_blocked, id=8456, stack(0x0000006a11a00000,0x0000006a11b00000)]
  0x000002601e024080 JavaThread "Catalina-utility-1" [_thread_blocked, id=676, stack(0x0000006a12400000,0x0000006a12500000)]
  0x000002601e021b50 JavaThread "Catalina-utility-2" [_thread_blocked, id=5660, stack(0x0000006a12500000,0x0000006a12600000)]
  0x000002601e0220a0 JavaThread "container-0" [_thread_blocked, id=11072, stack(0x0000006a12600000,0x0000006a12700000)]
  0x000002601e0210b0 JavaThread "HikariPool-1 housekeeper" daemon [_thread_blocked, id=6036, stack(0x0000006a12800000,0x0000006a12900000)]
  0x000002601e0225f0 JavaThread "HikariPool-1 connection adder" daemon [_thread_blocked, id=11108, stack(0x0000006a12900000,0x0000006a12a00000)]

Other Threads:
=>0x000002601dfea960 VMThread "VM Thread" [stack: 0x0000006a10b00000,0x0000006a10c00000] [id=6188]
  0x00000260226348c0 WatcherThread "VM Periodic Task Thread" [stack: 0x0000006a11b00000,0x0000006a11c00000] [id=10020]
  0x000002607da16750 WorkerThread "GC Thread#0" [stack: 0x0000006a10600000,0x0000006a10700000] [id=3004]
  0x000002601dfeac30 WorkerThread "GC Thread#1" [stack: 0x0000006a11c00000,0x0000006a11d00000] [id=260]
  0x000002601dfe9e20 WorkerThread "GC Thread#2" [stack: 0x0000006a11d00000,0x0000006a11e00000] [id=11220]
  0x000002601dfea0f0 WorkerThread "GC Thread#3" [stack: 0x0000006a11e00000,0x0000006a11f00000] [id=3260]
  0x000002601dfea3c0 WorkerThread "GC Thread#4" [stack: 0x0000006a11f00000,0x0000006a12000000] [id=10524]
  0x000002601dfe9b50 WorkerThread "GC Thread#5" [stack: 0x0000006a12000000,0x0000006a12100000] [id=8760]
  0x000002601dfeaf00 WorkerThread "GC Thread#6" [stack: 0x0000006a12100000,0x0000006a12200000] [id=11592]
  0x000002601dfe9880 WorkerThread "GC Thread#7" [stack: 0x0000006a12200000,0x0000006a12300000] [id=2932]
  0x000002607da28e00 ConcurrentGCThread "G1 Main Marker" [stack: 0x0000006a10700000,0x0000006a10800000] [id=2732]
  0x000002607da2b760 WorkerThread "G1 Conc#0" [stack: 0x0000006a10800000,0x0000006a10900000] [id=1480]
  0x000002601dfe95b0 WorkerThread "G1 Conc#1" [stack: 0x0000006a12300000,0x0000006a12400000] [id=9908]
  0x000002607da7eb90 ConcurrentGCThread "G1 Refine#0" [stack: 0x0000006a10900000,0x0000006a10a00000] [id=11188]
  0x000002601dea8900 ConcurrentGCThread "G1 Service" [stack: 0x0000006a10a00000,0x0000006a10b00000] [id=9984]

Threads with active compile tasks:
C2 CompilerThread0     3260 3996   !   4       com.sun.crypto.provider.PBKDF2KeyImpl::deriveKey (295 bytes)
C1 CompilerThread0     3261 4146       2       org.postgresql.core.PGStream::receiveCanonicalStringIfPresent (45 bytes)
C2 CompilerThread1     3261 4037       4       sun.security.provider.SHA2::implDigest (98 bytes)

VM state: at safepoint (normal execution)

VM Mutex/Monitor currently owned by a thread:  ([mutex/lock_event])
[0x000002607d9b3380] Threads_lock - owner thread: 0x000002601dfea960
[0x000002607d9b3410] Heap_lock - owner thread: 0x000002601e0225f0

Heap address: 0x0000000084c00000, size: 1972 MB, Compressed Oops mode: 32-bit

CDS archive(s) mapped at: [0x0000000800000000-0x0000000800c40000-0x0000000800c40000), size 12845056, SharedBaseAddress: 0x0000000800000000, ArchiveRelocationMode: 0.
Compressed class space mapped at: 0x0000000801000000-0x0000000841000000, reserved size: 1073741824
Narrow klass base: 0x0000000800000000, Narrow klass shift: 0, Narrow klass range: 0x100000000

GC Precious Log:
 CardTable entry size: 512
 Card Set container configuration: InlinePtr #cards 5 size 8 Array Of Cards #cards 12 size 40 Howl #buckets 4 coarsen threshold 1843 Howl Bitmap #cards 512 size 80 coarsen threshold 460 Card regions per heap region 1 cards per card region 2048
 CPUs: 8 total, 8 available
 Memory: 7883M
 Large Page Support: Disabled
 NUMA Support: Disabled
 Compressed Oops: Enabled (32-bit)
 Heap Region Size: 1M
 Heap Min Capacity: 8M
 Heap Initial Capacity: 124M
 Heap Max Capacity: 1972M
 Pre-touch: Disabled
 Parallel Workers: 8
 Concurrent Workers: 2
 Concurrent Refinement Workers: 8
 Periodic GC: Disabled

Heap:
 garbage-first heap   total 67584K, used 18779K [0x0000000084c00000, 0x0000000100000000)
  region size 1024K, 2 young (2048K), 2 survivors (2048K)
 Metaspace       used 44928K, committed 45504K, reserved 1114112K
  class space    used 5731K, committed 6016K, reserved 1048576K

Heap Regions: E=young(eden), S=young(survivor), O=old, HS=humongous(starts), HC=humongous(continues), CS=collection set, F=free, OA=open archive, CA=closed archive, TAMS=top-at-mark-start (previous, next)
|   0|0x0000000084c00000, 0x0000000084d00000, 0x0000000084d00000|100%|HS|  |TAMS 0x0000000084d00000, 0x0000000084c00000| Complete 
|   1|0x0000000084d00000, 0x0000000084e00000, 0x0000000084e00000|100%| O|  |TAMS 0x0000000084e00000, 0x0000000084d00000| Untracked 
|   2|0x0000000084e00000, 0x0000000084f00000, 0x0000000084f00000|100%| O|  |TAMS 0x0000000084f00000, 0x0000000084e00000| Untracked 
|   3|0x0000000084f00000, 0x0000000085000000, 0x0000000085000000|100%| O|  |TAMS 0x0000000085000000, 0x0000000084f00000| Untracked 
|   4|0x0000000085000000, 0x0000000085100000, 0x0000000085100000|100%| O|  |TAMS 0x0000000085100000, 0x0000000085000000| Untracked 
|   5|0x0000000085100000, 0x0000000085200000, 0x0000000085200000|100%| O|  |TAMS 0x0000000085200000, 0x0000000085100000| Untracked 
|   6|0x0000000085200000, 0x0000000085300000, 0x0000000085300000|100%| O|  |TAMS 0x0000000085300000, 0x0000000085200000| Untracked 
|   7|0x0000000085300000, 0x0000000085400000, 0x0000000085400000|100%| O|  |TAMS 0x0000000085400000, 0x0000000085300000| Untracked 
|   8|0x0000000085400000, 0x0000000085500000, 0x0000000085500000|100%| O|  |TAMS 0x0000000085500000, 0x0000000085400000| Untracked 
|   9|0x0000000085500000, 0x0000000085600000, 0x0000000085600000|100%| O|  |TAMS 0x0000000085600000, 0x0000000085500000| Untracked 
|  10|0x0000000085600000, 0x0000000085700000, 0x0000000085700000|100%| O|  |TAMS 0x0000000085700000, 0x0000000085600000| Untracked 
|  11|0x0000000085700000, 0x0000000085800000, 0x0000000085800000|100%| O|  |TAMS 0x0000000085800000, 0x0000000085700000| Untracked 
|  12|0x0000000085800000, 0x0000000085900000, 0x0000000085900000|100%| O|  |TAMS 0x0000000085900000, 0x0000000085800000| Untracked 
|  13|0x0000000085900000, 0x0000000085a00000, 0x0000000085a00000|100%| O|  |TAMS 0x0000000085a00000, 0x0000000085900000| Untracked 
|  14|0x0000000085a00000, 0x0000000085a00000, 0x0000000085b00000|  0%| F|  |TAMS 0x0000000085a00000, 0x0000000085a00000| Untracked 
|  15|0x0000000085b00000, 0x0000000085c00000, 0x0000000085c00000|100%| O|  |TAMS 0x0000000085b79200, 0x0000000085b00000| Untracked 
|  16|0x0000000085c00000, 0x0000000085d00000, 0x0000000085d00000|100%| O|  |TAMS 0x0000000085c00000, 0x0000000085c00000| Untracked 
|  17|0x0000000085d00000, 0x0000000085e00000, 0x0000000085e00000|100%| O|  |TAMS 0x0000000085d00000, 0x0000000085d00000| Untracked 
|  18|0x0000000085e00000, 0x0000000085e43800, 0x0000000085f00000| 26%| O|  |TAMS 0x0000000085e00000, 0x0000000085e00000| Untracked 
|  19|0x0000000085f00000, 0x0000000085f00000, 0x0000000086000000|  0%| F|  |TAMS 0x0000000085f00000, 0x0000000085f00000| Untracked 
|  20|0x0000000086000000, 0x0000000086000000, 0x0000000086100000|  0%| F|  |TAMS 0x0000000086000000, 0x0000000086000000| Untracked 
|  21|0x0000000086100000, 0x0000000086100000, 0x0000000086200000|  0%| F|  |TAMS 0x0000000086100000, 0x0000000086100000| Untracked 
|  22|0x0000000086200000, 0x0000000086200000, 0x0000000086300000|  0%| F|  |TAMS 0x0000000086200000, 0x0000000086200000| Untracked 
|  23|0x0000000086300000, 0x0000000086300000, 0x0000000086400000|  0%| F|  |TAMS 0x0000000086300000, 0x0000000086300000| Untracked 
|  24|0x0000000086400000, 0x0000000086400000, 0x0000000086500000|  0%| F|  |TAMS 0x0000000086400000, 0x0000000086400000| Untracked 
|  25|0x0000000086500000, 0x0000000086500000, 0x0000000086600000|  0%| F|  |TAMS 0x0000000086500000, 0x0000000086500000| Untracked 
|  26|0x0000000086600000, 0x00000000866134a8, 0x0000000086700000|  7%| S|CS|TAMS 0x0000000086600000, 0x0000000086600000| Complete 
|  27|0x0000000086700000, 0x0000000086800000, 0x0000000086800000|100%| S|CS|TAMS 0x0000000086700000, 0x0000000086700000| Complete 
|  28|0x0000000086800000, 0x0000000086800000, 0x0000000086900000|  0%| F|  |TAMS 0x0000000086800000, 0x0000000086800000| Untracked 
|  29|0x0000000086900000, 0x0000000086900000, 0x0000000086a00000|  0%| F|  |TAMS 0x0000000086900000, 0x0000000086900000| Untracked 
|  30|0x0000000086a00000, 0x0000000086a00000, 0x0000000086b00000|  0%| F|  |TAMS 0x0000000086a00000, 0x0000000086a00000| Untracked 
|  31|0x0000000086b00000, 0x0000000086b00000, 0x0000000086c00000|  0%| F|  |TAMS 0x0000000086b00000, 0x0000000086b00000| Untracked 
|  32|0x0000000086c00000, 0x0000000086c00000, 0x0000000086d00000|  0%| F|  |TAMS 0x0000000086c00000, 0x0000000086c00000| Untracked 
|  33|0x0000000086d00000, 0x0000000086d00000, 0x0000000086e00000|  0%| F|  |TAMS 0x0000000086d00000, 0x0000000086d00000| Untracked 
|  34|0x0000000086e00000, 0x0000000086e00000, 0x0000000086f00000|  0%| F|  |TAMS 0x0000000086e00000, 0x0000000086e00000| Untracked 
|  35|0x0000000086f00000, 0x0000000086f00000, 0x0000000087000000|  0%| F|  |TAMS 0x0000000086f00000, 0x0000000086f00000| Untracked 
|  36|0x0000000087000000, 0x0000000087000000, 0x0000000087100000|  0%| F|  |TAMS 0x0000000087000000, 0x0000000087000000| Untracked 
|  37|0x0000000087100000, 0x0000000087100000, 0x0000000087200000|  0%| F|  |TAMS 0x0000000087100000, 0x0000000087100000| Untracked 
|  38|0x0000000087200000, 0x0000000087200000, 0x0000000087300000|  0%| F|  |TAMS 0x0000000087200000, 0x0000000087200000| Untracked 
|  39|0x0000000087300000, 0x0000000087300000, 0x0000000087400000|  0%| F|  |TAMS 0x0000000087300000, 0x0000000087300000| Untracked 
|  40|0x0000000087400000, 0x0000000087400000, 0x0000000087500000|  0%| F|  |TAMS 0x0000000087400000, 0x0000000087400000| Untracked 
|  41|0x0000000087500000, 0x0000000087500000, 0x0000000087600000|  0%| F|  |TAMS 0x0000000087500000, 0x0000000087500000| Untracked 
|  42|0x0000000087600000, 0x0000000087600000, 0x0000000087700000|  0%| F|  |TAMS 0x0000000087600000, 0x0000000087600000| Untracked 
|  43|0x0000000087700000, 0x0000000087700000, 0x0000000087800000|  0%| F|  |TAMS 0x0000000087700000, 0x0000000087700000| Untracked 
|  44|0x0000000087800000, 0x0000000087800000, 0x0000000087900000|  0%| F|  |TAMS 0x0000000087800000, 0x0000000087800000| Untracked 
|  45|0x0000000087900000, 0x0000000087900000, 0x0000000087a00000|  0%| F|  |TAMS 0x0000000087900000, 0x0000000087900000| Untracked 
|  46|0x0000000087a00000, 0x0000000087a00000, 0x0000000087b00000|  0%| F|  |TAMS 0x0000000087a00000, 0x0000000087a00000| Untracked 
|  47|0x0000000087b00000, 0x0000000087b00000, 0x0000000087c00000|  0%| F|  |TAMS 0x0000000087b00000, 0x0000000087b00000| Untracked 
|  48|0x0000000087c00000, 0x0000000087c00000, 0x0000000087d00000|  0%| F|  |TAMS 0x0000000087c00000, 0x0000000087c00000| Untracked 
|  49|0x0000000087d00000, 0x0000000087d00000, 0x0000000087e00000|  0%| F|  |TAMS 0x0000000087d00000, 0x0000000087d00000| Untracked 
|  50|0x0000000087e00000, 0x0000000087e00000, 0x0000000087f00000|  0%| F|  |TAMS 0x0000000087e00000, 0x0000000087e00000| Untracked 
|  51|0x0000000087f00000, 0x0000000087f00000, 0x0000000088000000|  0%| F|  |TAMS 0x0000000087f00000, 0x0000000087f00000| Untracked 
|  52|0x0000000088000000, 0x0000000088000000, 0x0000000088100000|  0%| F|  |TAMS 0x0000000088000000, 0x0000000088000000| Untracked 
|  53|0x0000000088100000, 0x0000000088100000, 0x0000000088200000|  0%| F|  |TAMS 0x0000000088100000, 0x0000000088100000| Untracked 
|  54|0x0000000088200000, 0x0000000088200000, 0x0000000088300000|  0%| F|  |TAMS 0x0000000088200000, 0x0000000088200000| Untracked 
|  55|0x0000000088300000, 0x0000000088300000, 0x0000000088400000|  0%| F|  |TAMS 0x0000000088300000, 0x0000000088300000| Untracked 
|  56|0x0000000088400000, 0x0000000088400000, 0x0000000088500000|  0%| F|  |TAMS 0x0000000088400000, 0x0000000088400000| Untracked 
|  57|0x0000000088500000, 0x0000000088500000, 0x0000000088600000|  0%| F|  |TAMS 0x0000000088500000, 0x0000000088500000| Untracked 
|  58|0x0000000088600000, 0x0000000088600000, 0x0000000088700000|  0%| F|  |TAMS 0x0000000088600000, 0x0000000088600000| Untracked 
|  59|0x0000000088700000, 0x0000000088700000, 0x0000000088800000|  0%| F|  |TAMS 0x0000000088700000, 0x0000000088700000| Untracked 
|  60|0x0000000088800000, 0x0000000088800000, 0x0000000088900000|  0%| F|  |TAMS 0x0000000088800000, 0x0000000088800000| Untracked 
|  61|0x0000000088900000, 0x0000000088900000, 0x0000000088a00000|  0%| F|  |TAMS 0x0000000088900000, 0x0000000088900000| Untracked 
|  62|0x0000000088a00000, 0x0000000088a00000, 0x0000000088b00000|  0%| F|  |TAMS 0x0000000088a00000, 0x0000000088a00000| Untracked 
|  63|0x0000000088b00000, 0x0000000088b00000, 0x0000000088c00000|  0%| F|  |TAMS 0x0000000088b00000, 0x0000000088b00000| Untracked 
|  64|0x0000000088c00000, 0x0000000088c00000, 0x0000000088d00000|  0%| F|  |TAMS 0x0000000088c00000, 0x0000000088c00000| Untracked 
| 123|0x000000008c700000, 0x000000008c700000, 0x000000008c800000|  0%| F|  |TAMS 0x000000008c700000, 0x000000008c700000| Untracked 

Card table byte_map: [0x0000026017280000,0x0000026017660000] _byte_map_base: 0x0000026016e5a000

Marking Bits (Prev, Next): (CMBitMap*) 0x000002607da18cb0, (CMBitMap*) 0x000002607da18cf0
 Prev Bits: [0x0000026017a40000, 0x0000026019910000)
 Next Bits: [0x0000026019910000, 0x000002601b7e0000)

Polling page: 0x000002607da80000

Metaspace:

Usage:
  Non-class:     38.28 MB used.
      Class:      5.60 MB used.
       Both:     43.88 MB used.

Virtual space:
  Non-class space:       64.00 MB reserved,      38.56 MB ( 60%) committed,  1 nodes.
      Class space:        1.00 GB reserved,       5.88 MB ( <1%) committed,  1 nodes.
             Both:        1.06 GB reserved,      44.44 MB (  4%) committed. 

Chunk freelists:
   Non-Class:  1.05 MB
       Class:  1.98 MB
        Both:  3.03 MB

MaxMetaspaceSize: unlimited
CompressedClassSpaceSize: 1.00 GB
Initial GC threshold: 21.00 MB
Current GC threshold: 58.88 MB
CDS: on
MetaspaceReclaimPolicy: balanced
 - commit_granule_bytes: 65536.
 - commit_granule_words: 8192.
 - virtual_space_node_default_size: 8388608.
 - enlarge_chunks_in_place: 1.
 - new_chunks_are_fully_committed: 0.
 - uncommit_free_chunks: 1.
 - use_allocation_guard: 0.


Internal statistics:

num_allocs_failed_limit: 6.
num_arena_births: 656.
num_arena_deaths: 0.
num_vsnodes_births: 2.
num_vsnodes_deaths: 0.
num_space_committed: 711.
num_space_uncommitted: 0.
num_chunks_returned_to_freelist: 6.
num_chunks_taken_from_freelist: 2190.
num_chunk_merges: 3.
num_chunk_splits: 1597.
num_chunks_enlarged: 1284.
num_inconsistent_stats: 0.

CodeHeap 'non-profiled nmethods': size=120000Kb used=2336Kb max_used=2336Kb free=117663Kb
 bounds [0x000002600f970000, 0x000002600fbe0000, 0x0000026016ea0000]
CodeHeap 'profiled nmethods': size=120000Kb used=8474Kb max_used=8474Kb free=111525Kb
 bounds [0x0000026007ea0000, 0x00000260086f0000, 0x000002600f3d0000]
CodeHeap 'non-nmethods': size=5760Kb used=1441Kb max_used=1498Kb free=4318Kb
 bounds [0x000002600f3d0000, 0x000002600f640000, 0x000002600f970000]
 total_blobs=4722 nmethods=4124 adapters=508
 compilation: enabled
              stopped_count=0, restarted_count=0
 full_count=0

Compilation events (20 events):
Event: 3.203 Thread 0x000002601e01c180 nmethod 4137 0x000002600fba4510 code [0x000002600fba46a0, 0x000002600fba4818]
Event: 3.221 Thread 0x000002601e01c180 4138       2       java.lang.System::checkKey (34 bytes)
Event: 3.222 Thread 0x00000260225b6ae0 nmethod 3985 0x000002600fba4890 code [0x000002600fba5040, 0x000002600fbafe28]
Event: 3.222 Thread 0x000002601e01c180 nmethod 4138 0x00000260086e4d10 code [0x00000260086e4ee0, 0x00000260086e5198]
Event: 3.222 Thread 0x00000260225b6ae0 4019       4       sun.security.provider.DigestBase::engineDigest (112 bytes)
Event: 3.229 Thread 0x000002601e01c180 4139       2       java.lang.reflect.ProxyGenerator$ProxyMethod::<init> (44 bytes)
Event: 3.229 Thread 0x000002601e01c180 nmethod 4139 0x00000260086e5310 code [0x00000260086e54c0, 0x00000260086e5858]
Event: 3.235 Thread 0x00000260225b6ae0 nmethod 4019 0x000002600fbb5f90 code [0x000002600fbb6180, 0x000002600fbb7308]
Event: 3.235 Thread 0x00000260225b6ae0 4037       4       sun.security.provider.SHA2::implDigest (98 bytes)
Event: 3.239 Thread 0x000002601e01c180 4141       2       java.io.BufferedOutputStream::implWrite (40 bytes)
Event: 3.239 Thread 0x000002601e01c180 nmethod 4141 0x00000260086e5910 code [0x00000260086e5ac0, 0x00000260086e5c98]
Event: 3.240 Thread 0x000002601e01c180 4142       2       sun.security.provider.AbstractDrbg::engineNextBytes (15 bytes)
Event: 3.241 Thread 0x000002601e01c180 nmethod 4142 0x00000260086e5e10 code [0x00000260086e5fc0, 0x00000260086e6138]
Event: 3.241 Thread 0x000002601e01c180 4143       2       java.security.DrbgParameters::nextBytes (11 bytes)
Event: 3.241 Thread 0x000002601e01c180 nmethod 4143 0x00000260086e6210 code [0x00000260086e63c0, 0x00000260086e6548]
Event: 3.244 Thread 0x000002601e01c180 4144       1       java.nio.DirectByteBuffer::base (2 bytes)
Event: 3.244 Thread 0x000002601e01c180 nmethod 4144 0x000002600fbb7e10 code [0x000002600fbb7fa0, 0x000002600fbb8078]
Event: 3.244 Thread 0x000002601e01c180 4145       2       java.lang.Boolean::parseBoolean (7 bytes)
Event: 3.245 Thread 0x000002601e01c180 nmethod 4145 0x00000260086e6610 code [0x00000260086e67c0, 0x00000260086e68c8]
Event: 3.245 Thread 0x000002601e01c180 4146       2       org.postgresql.core.PGStream::receiveCanonicalStringIfPresent (45 bytes)

GC Heap History (20 events):
Event: 0.484 GC heap after
{Heap after GC invocations=1 (full 0):
 garbage-first heap   total 126976K, used 6240K [0x0000000084c00000, 0x0000000100000000)
  region size 1024K, 3 young (3072K), 3 survivors (3072K)
 Metaspace       used 5219K, committed 5376K, reserved 1114112K
  class space    used 571K, committed 640K, reserved 1048576K
}
Event: 0.823 GC heap before
{Heap before GC invocations=1 (full 0):
 garbage-first heap   total 126976K, used 35936K [0x0000000084c00000, 0x0000000100000000)
  region size 1024K, 33 young (33792K), 3 survivors (3072K)
 Metaspace       used 11683K, committed 11968K, reserved 1114112K
  class space    used 1326K, committed 1472K, reserved 1048576K
}
Event: 0.827 GC heap after
{Heap after GC invocations=2 (full 0):
 garbage-first heap   total 126976K, used 8465K [0x0000000084c00000, 0x0000000100000000)
  region size 1024K, 3 young (3072K), 3 survivors (3072K)
 Metaspace       used 11683K, committed 11968K, reserved 1114112K
  class space    used 1326K, committed 1472K, reserved 1048576K
}
Event: 1.533 GC heap before
{Heap before GC invocations=2 (full 0):
 garbage-first heap   total 126976K, used 63761K [0x0000000084c00000, 0x0000000100000000)
  region size 1024K, 59 young (60416K), 3 survivors (3072K)
 Metaspace       used 21132K, committed 21504K, reserved 1114112K
  class space    used 2490K, committed 2688K, reserved 1048576K
}
Event: 1.539 GC heap after
{Heap after GC invocations=3 (full 0):
 garbage-first heap   total 126976K, used 11839K [0x0000000084c00000, 0x0000000100000000)
  region size 1024K, 6 young (6144K), 6 survivors (6144K)
 Metaspace       used 21132K, committed 21504K, reserved 1114112K
  class space    used 2490K, committed 2688K, reserved 1048576K
}
Event: 1.920 GC heap before
{Heap before GC invocations=4 (full 0):
 garbage-first heap   total 48128K, used 34367K [0x0000000084c00000, 0x0000000100000000)
  region size 1024K, 28 young (28672K), 6 survivors (6144K)
 Metaspace       used 25429K, committed 25792K, reserved 1114112K
  class space    used 3076K, committed 3264K, reserved 1048576K
}
Event: 1.930 GC heap after
{Heap after GC invocations=5 (full 0):
 garbage-first heap   total 48128K, used 14402K [0x0000000084c00000, 0x0000000100000000)
  region size 1024K, 3 young (3072K), 3 survivors (3072K)
 Metaspace       used 25429K, committed 25792K, reserved 1114112K
  class space    used 3076K, committed 3264K, reserved 1048576K
}
Event: 1.947 GC heap before
{Heap before GC invocations=5 (full 0):
 garbage-first heap   total 48128K, used 15426K [0x0000000084c00000, 0x0000000100000000)
  region size 1024K, 4 young (4096K), 3 survivors (3072K)
 Metaspace       used 25695K, committed 26048K, reserved 1114112K
  class space    used 3104K, committed 3264K, reserved 1048576K
}
Event: 1.951 GC heap after
{Heap after GC invocations=6 (full 0):
 garbage-first heap   total 48128K, used 14690K [0x0000000084c00000, 0x0000000100000000)
  region size 1024K, 1 young (1024K), 1 survivors (1024K)
 Metaspace       used 25695K, committed 26048K, reserved 1114112K
  class space    used 3104K, committed 3264K, reserved 1048576K
}
Event: 2.234 GC heap before
{Heap before GC invocations=6 (full 0):
 garbage-first heap   total 48128K, used 32098K [0x0000000084c00000, 0x0000000100000000)
  region size 1024K, 19 young (19456K), 1 survivors (1024K)
 Metaspace       used 29172K, committed 29632K, reserved 1114112K
  class space    used 3521K, committed 3712K, reserved 1048576K
}
Event: 2.237 GC heap after
{Heap after GC invocations=7 (full 0):
 garbage-first heap   total 48128K, used 15910K [0x0000000084c00000, 0x0000000100000000)
  region size 1024K, 2 young (2048K), 2 survivors (2048K)
 Metaspace       used 29172K, committed 29632K, reserved 1114112K
  class space    used 3521K, committed 3712K, reserved 1048576K
}
Event: 2.523 GC heap before
{Heap before GC invocations=7 (full 0):
 garbage-first heap   total 48128K, used 34342K [0x0000000084c00000, 0x0000000100000000)
  region size 1024K, 20 young (20480K), 2 survivors (2048K)
 Metaspace       used 33415K, committed 33920K, reserved 1114112K
  class space    used 4175K, committed 4416K, reserved 1048576K
}
Event: 2.526 GC heap after
{Heap after GC invocations=8 (full 0):
 garbage-first heap   total 48128K, used 16719K [0x0000000084c00000, 0x0000000100000000)
  region size 1024K, 1 young (1024K), 1 survivors (1024K)
 Metaspace       used 33415K, committed 33920K, reserved 1114112K
  class space    used 4175K, committed 4416K, reserved 1048576K
}
Event: 2.675 GC heap before
{Heap before GC invocations=8 (full 0):
 garbage-first heap   total 48128K, used 22863K [0x0000000084c00000, 0x0000000100000000)
  region size 1024K, 8 young (8192K), 1 survivors (1024K)
 Metaspace       used 35502K, committed 35968K, reserved 1114112K
  class space    used 4425K, committed 4672K, reserved 1048576K
}
Event: 2.677 GC heap after
{Heap after GC invocations=9 (full 0):
 garbage-first heap   total 48128K, used 17240K [0x0000000084c00000, 0x0000000100000000)
  region size 1024K, 2 young (2048K), 2 survivors (2048K)
 Metaspace       used 35502K, committed 35968K, reserved 1114112K
  class space    used 4425K, committed 4672K, reserved 1048576K
}
Event: 2.994 GC heap before
{Heap before GC invocations=10 (full 0):
 garbage-first heap   total 48128K, used 34648K [0x0000000084c00000, 0x0000000100000000)
  region size 1024K, 20 young (20480K), 2 survivors (2048K)
 Metaspace       used 39915K, committed 40384K, reserved 1114112K
  class space    used 4998K, committed 5184K, reserved 1048576K
}
Event: 2.997 GC heap after
{Heap after GC invocations=11 (full 0):
 garbage-first heap   total 48128K, used 18098K [0x0000000084c00000, 0x0000000100000000)
  region size 1024K, 3 young (3072K), 3 survivors (3072K)
 Metaspace       used 39915K, committed 40384K, reserved 1114112K
  class space    used 4998K, committed 5184K, reserved 1048576K
}
Event: 3.004 GC heap before
{Heap before GC invocations=11 (full 0):
 garbage-first heap   total 48128K, used 19122K [0x0000000084c00000, 0x0000000100000000)
  region size 1024K, 4 young (4096K), 3 survivors (3072K)
 Metaspace       used 40187K, committed 40640K, reserved 1114112K
  class space    used 5003K, committed 5184K, reserved 1048576K
}
Event: 3.007 GC heap after
{Heap after GC invocations=12 (full 0):
 garbage-first heap   total 48128K, used 17941K [0x0000000084c00000, 0x0000000100000000)
  region size 1024K, 1 young (1024K), 1 survivors (1024K)
 Metaspace       used 40187K, committed 40640K, reserved 1114112K
  class space    used 5003K, committed 5184K, reserved 1048576K
}
Event: 3.245 GC heap before
{Heap before GC invocations=12 (full 0):
 garbage-first heap   total 48128K, used 35349K [0x0000000084c00000, 0x0000000100000000)
  region size 1024K, 19 young (19456K), 1 survivors (1024K)
 Metaspace       used 44928K, committed 45504K, reserved 1114112K
  class space    used 5731K, committed 6016K, reserved 1048576K
}

Dll operation events (13 events):
Event: 0.005 Loaded shared library C:\Program Files\Java\jdk-19\bin\java.dll
Event: 0.005 Loaded shared library C:\Program Files\Java\jdk-19\bin\zip.dll
Event: 0.014 Loaded shared library C:\Program Files\Java\jdk-19\bin\jsvml.dll
Event: 0.086 Loaded shared library C:\Program Files\Java\jdk-19\bin\instrument.dll
Event: 0.108 Loaded shared library C:\Program Files\Java\jdk-19\bin\net.dll
Event: 0.109 Loaded shared library C:\Program Files\Java\jdk-19\bin\nio.dll
Event: 0.113 Loaded shared library C:\Program Files\Java\jdk-19\bin\zip.dll
Event: 0.190 Loaded shared library C:\Program Files\Java\jdk-19\bin\jimage.dll
Event: 0.758 Loaded shared library C:\Program Files\Java\jdk-19\bin\verify.dll
Event: 2.036 Loaded shared library C:\Program Files\Java\jdk-19\bin\sunmscapi.dll
Event: 2.044 Loaded shared library C:\Program Files\Java\jdk-19\bin\management.dll
Event: 2.046 Loaded shared library C:\Program Files\Java\jdk-19\bin\management_ext.dll
Event: 2.587 Loaded shared library C:\Program Files\Java\jdk-19\bin\extnet.dll

Deoptimization events (20 events):
Event: 3.188 Thread 0x000002607d9b8140 DEOPT PACKING pc=0x000002600804185c sp=0x0000006a105fced0
Event: 3.188 Thread 0x000002607d9b8140 DEOPT UNPACKING pc=0x000002600f43b0e3 sp=0x0000006a105fc3a8 mode 1
Event: 3.198 Thread 0x000002607d9b8140 DEOPT PACKING pc=0x0000026008041d64 sp=0x0000006a105fcdc0
Event: 3.198 Thread 0x000002607d9b8140 DEOPT UNPACKING pc=0x000002600f43b0e3 sp=0x0000006a105fc288 mode 1
Event: 3.198 Thread 0x000002607d9b8140 DEOPT PACKING pc=0x000002600804185c sp=0x0000006a105fce50
Event: 3.198 Thread 0x000002607d9b8140 DEOPT UNPACKING pc=0x000002600f43b0e3 sp=0x0000006a105fc328 mode 1
Event: 3.198 Thread 0x000002607d9b8140 DEOPT PACKING pc=0x0000026008041d64 sp=0x0000006a105fcdc0
Event: 3.198 Thread 0x000002607d9b8140 DEOPT UNPACKING pc=0x000002600f43b0e3 sp=0x0000006a105fc288 mode 1
Event: 3.198 Thread 0x000002607d9b8140 DEOPT PACKING pc=0x000002600804185c sp=0x0000006a105fce50
Event: 3.198 Thread 0x000002607d9b8140 DEOPT UNPACKING pc=0x000002600f43b0e3 sp=0x0000006a105fc328 mode 1
Event: 3.203 Thread 0x000002607d9b8140 DEOPT PACKING pc=0x0000026008041d64 sp=0x0000006a105fcbd0
Event: 3.203 Thread 0x000002607d9b8140 DEOPT UNPACKING pc=0x000002600f43b0e3 sp=0x0000006a105fc098 mode 1
Event: 3.203 Thread 0x000002607d9b8140 DEOPT PACKING pc=0x000002600804185c sp=0x0000006a105fcc60
Event: 3.203 Thread 0x000002607d9b8140 DEOPT UNPACKING pc=0x000002600f43b0e3 sp=0x0000006a105fc138 mode 1
Event: 3.203 Thread 0x000002607d9b8140 DEOPT PACKING pc=0x0000026008041d64 sp=0x0000006a105fcbd0
Event: 3.203 Thread 0x000002607d9b8140 DEOPT UNPACKING pc=0x000002600f43b0e3 sp=0x0000006a105fc098 mode 1
Event: 3.203 Thread 0x000002607d9b8140 DEOPT PACKING pc=0x000002600804185c sp=0x0000006a105fcc60
Event: 3.203 Thread 0x000002607d9b8140 DEOPT UNPACKING pc=0x000002600f43b0e3 sp=0x0000006a105fc138 mode 1
Event: 3.231 Thread 0x000002607d9b8140 DEOPT PACKING pc=0x00000260083c0360 sp=0x0000006a105fb470
Event: 3.231 Thread 0x000002607d9b8140 DEOPT UNPACKING pc=0x000002600f43b0e3 sp=0x0000006a105fa958 mode 0

Classes loaded (20 events):
Event: 3.240 Loading class net/bytebuddy/dynamic/DynamicType$Builder$AbstractBase$Adapter$FieldDefinitionAdapter
Event: 3.240 Loading class net/bytebuddy/dynamic/DynamicType$Builder$AbstractBase$Adapter$FieldDefinitionAdapter done
Event: 3.240 Loading class net/bytebuddy/dynamic/DynamicType$Builder$FieldDefinition$Optional$Valuable$AbstractBase$Adapter
Event: 3.240 Loading class net/bytebuddy/dynamic/DynamicType$Builder$FieldDefinition$Optional$Valuable$AbstractBase$Adapter done
Event: 3.240 Loading class net/bytebuddy/dynamic/DynamicType$Builder$FieldDefinition$Optional$Valuable$AbstractBase
Event: 3.240 Loading class net/bytebuddy/dynamic/DynamicType$Builder$FieldDefinition$Optional$Valuable$AbstractBase done
Event: 3.241 Loading class net/bytebuddy/dynamic/DynamicType$Builder$FieldDefinition$Optional$AbstractBase
Event: 3.241 Loading class net/bytebuddy/dynamic/DynamicType$Builder$FieldDefinition$Optional$AbstractBase done
Event: 3.243 Loading class net/bytebuddy/implementation/attribute/FieldAttributeAppender$Factory
Event: 3.243 Loading class net/bytebuddy/implementation/attribute/FieldAttributeAppender$Factory done
Event: 3.243 Loading class net/bytebuddy/description/field/FieldDescription$Token
Event: 3.243 Loading class net/bytebuddy/description/field/FieldDescription$Token done
Event: 3.244 Loading class net/bytebuddy/implementation/attribute/FieldAttributeAppender$ForInstrumentedField
Event: 3.244 Loading class net/bytebuddy/implementation/attribute/FieldAttributeAppender$ForInstrumentedField done
Event: 3.244 Loading class net/bytebuddy/implementation/attribute/FieldAttributeAppender
Event: 3.244 Loading class net/bytebuddy/implementation/attribute/FieldAttributeAppender done
Event: 3.244 Loading class net/bytebuddy/matcher/LatentMatcher$ForFieldToken
Event: 3.244 Loading class net/bytebuddy/matcher/LatentMatcher$ForFieldToken done
Event: 3.245 Loading class net/bytebuddy/dynamic/scaffold/FieldRegistry$Default$Entry
Event: 3.245 Loading class net/bytebuddy/dynamic/scaffold/FieldRegistry$Default$Entry done

Classes unloaded (0 events):
No events

Classes redefined (0 events):
No events

Internal exceptions (20 events):
Event: 1.911 Thread 0x000002607d9b8140 Exception <a 'java/lang/NoSuchMethodError'{0x0000000085f42278}: 'int java.lang.invoke.DirectMethodHandle$Holder.invokeVirtual(java.lang.Object, java.lang.Object, java.lang.Object, java.lang.Object)'> (0x0000000085f42278) 
thrown [s\open\src\hotspot\share\interpreter\linkResolver.cpp, line 774]
Event: 1.911 Thread 0x000002607d9b8140 Exception <a 'java/lang/NoSuchMethodError'{0x0000000085f45f88}: 'int java.lang.invoke.DelegatingMethodHandle$Holder.reinvoke_L(java.lang.Object, java.lang.Object, java.lang.Object, java.lang.Object)'> (0x0000000085f45f88) 
thrown [s\open\src\hotspot\share\interpreter\linkResolver.cpp, line 774]
Event: 2.054 Thread 0x000002607d9b8140 Exception <a 'java/io/FileNotFoundException'{0x000000008872b588}> (0x000000008872b588) 
thrown [s\open\src\hotspot\share\prims\jni.cpp, line 517]
Event: 2.069 Thread 0x000002607d9b8140 Exception <a 'java/lang/NoSuchMethodError'{0x0000000087395dc8}: 'int java.lang.invoke.DirectMethodHandle$Holder.invokeInterface(java.lang.Object, java.lang.Object, java.lang.Object, java.lang.Object)'> (0x0000000087395dc8) 
thrown [s\open\src\hotspot\share\interpreter\linkResolver.cpp, line 774]
Event: 2.102 Thread 0x000002607d9b8140 Exception <a 'java/lang/NoSuchMethodError'{0x00000000871bd888}: 'long java.lang.invoke.DirectMethodHandle$Holder.invokeVirtual(java.lang.Object, java.lang.Object)'> (0x00000000871bd888) 
thrown [s\open\src\hotspot\share\interpreter\linkResolver.cpp, line 774]
Event: 2.148 Thread 0x000002607d9b8140 Exception <a 'java/lang/NoSuchMethodError'{0x0000000086c73aa8}: 'java.lang.Object java.lang.invoke.DirectMethodHandle$Holder.newInvokeSpecial(java.lang.Object, java.lang.Object, java.lang.Object, java.lang.Object, java.lang.Object, java.lang.Object, java.lang.Object, java.lang.Object, java.lang.Object, java.lang.Object, java.lang.Object)'> (0x0000000086c73aa8) 
thrown [s\open\src\hotspot\share\interpreter\linkResolver.cpp, line 774]
Event: 2.216 Thread 0x000002607d9b8140 Exception <a 'java/lang/NoSuchMethodError'{0x00000000869cf510}: 'void java.lang.invoke.DelegatingMethodHandle$Holder.reinvoke_L(java.lang.Object, java.lang.Object, java.lang.Object, java.lang.Object, int, java.lang.Object, java.lang.Object, java.lang.Object)'> (0x00000000869cf510) 
thrown [s\open\src\hotspot\share\interpreter\linkResolver.cpp, line 774]
Event: 2.566 Thread 0x000002607d9b8140 Exception <a 'java/lang/NoSuchMethodError'{0x0000000088b658a0}: method resolution failed> (0x0000000088b658a0) 
thrown [s\open\src\hotspot\share\prims\methodHandles.cpp, line 1268]
Event: 2.571 Thread 0x000002607d9b8140 Exception <a 'java/lang/NoSuchMethodError'{0x0000000088bc58d8}: 'int java.lang.invoke.DirectMethodHandle$Holder.invokeStaticInit(java.lang.Object, java.lang.Object, java.lang.Object, java.lang.Object)'> (0x0000000088bc58d8) 
thrown [s\open\src\hotspot\share\interpreter\linkResolver.cpp, line 774]
Event: 2.631 Thread 0x000002607d9b8140 Exception <a 'sun/nio/fs/WindowsException'{0x000000008888d3c0}> (0x000000008888d3c0) 
thrown [s\open\src\hotspot\share\prims\jni.cpp, line 517]
Event: 2.671 Thread 0x000002607d9b8140 Implicit null exception at 0x000002600fb7a23a to 0x000002600fb7ab50
Event: 2.703 Thread 0x000002607d9b8140 Implicit null exception at 0x000002600fb6b972 to 0x000002600fb6ba30
Event: 2.794 Thread 0x000002607d9b8140 Exception <a 'java/lang/NoSuchMethodError'{0x00000000887d2150}: 'java.lang.Object java.lang.invoke.DirectMethodHandle$Holder.invokeStaticInit(java.lang.Object, java.lang.Object, java.lang.Object, java.lang.Object)'> (0x00000000887d2150) 
thrown [s\open\src\hotspot\share\interpreter\linkResolver.cpp, line 774]
Event: 2.886 Thread 0x000002607d9b8140 Exception <a 'java/lang/NoSuchMethodError'{0x0000000086b695f8}: 'java.lang.Object java.lang.invoke.DirectMethodHandle$Holder.newInvokeSpecial(java.lang.Object, java.lang.Object, java.lang.Object, int)'> (0x0000000086b695f8) 
thrown [s\open\src\hotspot\share\interpreter\linkResolver.cpp, line 774]
Event: 2.887 Thread 0x000002607d9b8140 Exception <a 'java/lang/NoSuchMethodError'{0x0000000086b6d718}: 'java.lang.Object java.lang.invoke.DirectMethodHandle$Holder.invokeSpecial(java.lang.Object, java.lang.Object, java.lang.Object, java.lang.Object, int)'> (0x0000000086b6d718) 
thrown [s\open\src\hotspot\share\interpreter\linkResolver.cpp, line 774]
Event: 2.887 Thread 0x000002607d9b8140 Exception <a 'java/lang/NoSuchMethodError'{0x0000000086b70e30}: 'java.lang.Object java.lang.invoke.Invokers$Holder.linkToTargetMethod(java.lang.Object, java.lang.Object, int, java.lang.Object)'> (0x0000000086b70e30) 
thrown [s\open\src\hotspot\share\interpreter\linkResolver.cpp, line 774]
Event: 2.979 Thread 0x000002607d9b8140 Exception <a 'java/lang/NoSuchMethodError'{0x00000000868f5528}: 'java.lang.Object java.lang.invoke.DirectMethodHandle$Holder.newInvokeSpecial(java.lang.Object, java.lang.Object, int)'> (0x00000000868f5528) 
thrown [s\open\src\hotspot\share\interpreter\linkResolver.cpp, line 774]
Event: 3.116 Thread 0x000002607d9b8140 Exception <a 'java/lang/NoSuchMethodError'{0x00000000871c4088}: 'java.lang.Object java.lang.invoke.DirectMethodHandle$Holder.invokeStatic(java.lang.Object, java.lang.Object, int, java.lang.Object)'> (0x00000000871c4088) 
thrown [s\open\src\hotspot\share\interpreter\linkResolver.cpp, line 774]
Event: 3.116 Thread 0x000002607d9b8140 Exception <a 'java/lang/NoSuchMethodError'{0x00000000871c7b28}: 'java.lang.Object java.lang.invoke.DirectMethodHandle$Holder.invokeStaticInit(java.lang.Object, java.lang.Object, int, java.lang.Object)'> (0x00000000871c7b28) 
thrown [s\open\src\hotspot\share\interpreter\linkResolver.cpp, line 774]
Event: 3.133 Thread 0x000002607d9b8140 Exception <a 'java/lang/IncompatibleClassChangeError'{0x0000000086f6b3b0}: Found class java.lang.Object, but interface was expected> (0x0000000086f6b3b0) 
thrown [s\open\src\hotspot\share\interpreter\linkResolver.cpp, line 841]

VM Operations (20 events):
Event: 2.526 Executing VM operation: G1CollectForAllocation done
Event: 2.629 Executing VM operation: HandshakeAllThreads
Event: 2.629 Executing VM operation: HandshakeAllThreads done
Event: 2.632 Executing VM operation: HandshakeAllThreads
Event: 2.632 Executing VM operation: HandshakeAllThreads done
Event: 2.635 Executing VM operation: HandshakeAllThreads
Event: 2.635 Executing VM operation: HandshakeAllThreads done
Event: 2.674 Executing VM operation: CollectForMetadataAllocation
Event: 2.677 Executing VM operation: CollectForMetadataAllocation done
Event: 2.690 Executing VM operation: G1PauseRemark
Event: 2.692 Executing VM operation: G1PauseRemark done
Event: 2.697 Executing VM operation: G1PauseCleanup
Event: 2.697 Executing VM operation: G1PauseCleanup done
Event: 2.994 Executing VM operation: G1CollectForAllocation
Event: 2.997 Executing VM operation: G1CollectForAllocation done
Event: 3.004 Executing VM operation: G1CollectForAllocation
Event: 3.007 Executing VM operation: G1CollectForAllocation done
Event: 3.229 Executing VM operation: HandshakeAllThreads
Event: 3.229 Executing VM operation: HandshakeAllThreads done
Event: 3.245 Executing VM operation: G1CollectForAllocation

Events (20 events):
Event: 0.025 Thread 0x000002601e0090c0 Thread added: 0x000002601e0090c0
Event: 0.025 Thread 0x000002601e014e30 Thread added: 0x000002601e014e30
Event: 0.025 Thread 0x000002601e019400 Thread added: 0x000002601e019400
Event: 0.025 Thread 0x000002601e01c180 Thread added: 0x000002601e01c180
Event: 0.025 Thread 0x000002601e020b60 Thread added: 0x000002601e020b60
Event: 0.056 Thread 0x000002601e023090 Thread added: 0x000002601e023090
Event: 0.073 Thread 0x000002602254ced0 Thread added: 0x000002602254ced0
Event: 0.073 Thread 0x00000260225683c0 Thread added: 0x00000260225683c0
Event: 0.074 Thread 0x0000026022570930 Thread added: 0x0000026022570930
Event: 0.082 Thread 0x00000260225b6ae0 Thread added: 0x00000260225b6ae0
Event: 0.098 Thread 0x000002601e0235e0 Thread added: 0x000002601e0235e0
Event: 0.700 Thread 0x000002601e022b40 Thread added: 0x000002601e022b40
Event: 0.938 Thread 0x000002601e022b40 Thread exited: 0x000002601e022b40
Event: 0.970 Thread 0x000002601e024080 Thread added: 0x000002601e024080
Event: 0.982 Thread 0x000002601e024080 Thread exited: 0x000002601e024080
Event: 2.112 Thread 0x000002601e024080 Thread added: 0x000002601e024080
Event: 2.113 Thread 0x000002601e021b50 Thread added: 0x000002601e021b50
Event: 2.115 Thread 0x000002601e0220a0 Thread added: 0x000002601e0220a0
Event: 2.735 Thread 0x000002601e0210b0 Thread added: 0x000002601e0210b0
Event: 2.840 Thread 0x000002601e0225f0 Thread added: 0x000002601e0225f0


Dynamic libraries:
0x00007ff6c5150000 - 0x00007ff6c5160000 	C:\Program Files\Java\jdk-19\bin\java.exe
0x00007ffd67c30000 - 0x00007ffd67e25000 	C:\Windows\SYSTEM32\ntdll.dll
0x00007ffd670f0000 - 0x00007ffd671ae000 	C:\Windows\System32\KERNEL32.DLL
0x00007ffd659b0000 - 0x00007ffd65c79000 	C:\Windows\System32\KERNELBASE.dll
0x00007ffd655e0000 - 0x00007ffd656e0000 	C:\Windows\System32\ucrtbase.dll
0x00007ffd4d620000 - 0x00007ffd4d638000 	C:\Program Files\Java\jdk-19\bin\jli.dll
0x00007ffd47f10000 - 0x00007ffd47f2b000 	C:\Program Files\Java\jdk-19\bin\VCRUNTIME140.dll
0x00007ffd65db0000 - 0x00007ffd65e5c000 	C:\Windows\System32\ADVAPI32.dll
0x00007ffd67660000 - 0x00007ffd676fe000 	C:\Windows\System32\msvcrt.dll
0x00007ffd67a80000 - 0x00007ffd67b1b000 	C:\Windows\System32\sechost.dll
0x00007ffd65c80000 - 0x00007ffd65daa000 	C:\Windows\System32\RPCRT4.dll
0x00007ffd66e10000 - 0x00007ffd66fb1000 	C:\Windows\System32\USER32.dll
0x00007ffd65980000 - 0x00007ffd659a2000 	C:\Windows\System32\win32u.dll
0x00007ffd671e0000 - 0x00007ffd6720b000 	C:\Windows\System32\GDI32.dll
0x00007ffd4d340000 - 0x00007ffd4d5da000 	C:\Windows\WinSxS\amd64_microsoft.windows.common-controls_6595b64144ccf1df_6.0.19041.1110_none_60b5254171f9507e\COMCTL32.dll
0x00007ffd65350000 - 0x00007ffd6545b000 	C:\Windows\System32\gdi32full.dll
0x00007ffd654f0000 - 0x00007ffd6558d000 	C:\Windows\System32\msvcp_win.dll
0x00007ffd5e9a0000 - 0x00007ffd5e9aa000 	C:\Windows\SYSTEM32\VERSION.dll
0x00007ffd671b0000 - 0x00007ffd671e0000 	C:\Windows\System32\IMM32.DLL
0x00007ffd60b40000 - 0x00007ffd60b4c000 	C:\Program Files\Java\jdk-19\bin\vcruntime140_1.dll
0x00007ffd21b90000 - 0x00007ffd21c1e000 	C:\Program Files\Java\jdk-19\bin\msvcp140.dll
0x00007ffd022f0000 - 0x00007ffd02fb0000 	C:\Program Files\Java\jdk-19\bin\server\jvm.dll
0x00007ffd548a0000 - 0x00007ffd548c7000 	C:\Windows\SYSTEM32\WINMM.dll
0x00007ffd4bf80000 - 0x00007ffd4bf89000 	C:\Windows\SYSTEM32\WSOCK32.dll
0x00007ffd67290000 - 0x00007ffd672fb000 	C:\Windows\System32\WS2_32.dll
0x00007ffd63c20000 - 0x00007ffd63c32000 	C:\Windows\SYSTEM32\kernel.appcore.dll
0x00007ffd60b00000 - 0x00007ffd60b0a000 	C:\Program Files\Java\jdk-19\bin\jimage.dll
0x00007ffd63140000 - 0x00007ffd63324000 	C:\Windows\SYSTEM32\DBGHELP.DLL
0x00007ffd4cc60000 - 0x00007ffd4cc8c000 	C:\Windows\SYSTEM32\dbgcore.DLL
0x00007ffd65460000 - 0x00007ffd654e3000 	C:\Windows\System32\bcryptPrimitives.dll
0x00007ffd38580000 - 0x00007ffd385bc000 	C:\Program Files\Java\jdk-19\bin\jdwp.dll
0x00007ffd53140000 - 0x00007ffd5314e000 	C:\Program Files\Java\jdk-19\bin\instrument.dll
0x00007ffd3aa10000 - 0x00007ffd3aa36000 	C:\Program Files\Java\jdk-19\bin\java.dll
0x00007ffd3af40000 - 0x00007ffd3af58000 	C:\Program Files\Java\jdk-19\bin\zip.dll
0x00007ffd1a8d0000 - 0x00007ffd1a9a7000 	C:\Program Files\Java\jdk-19\bin\jsvml.dll
0x00007ffd665c0000 - 0x00007ffd66cff000 	C:\Windows\System32\SHELL32.dll
0x00007ffd63430000 - 0x00007ffd63bc0000 	C:\Windows\SYSTEM32\windows.storage.dll
0x00007ffd67300000 - 0x00007ffd67655000 	C:\Windows\System32\combase.dll
0x00007ffd64da0000 - 0x00007ffd64dcc000 	C:\Windows\SYSTEM32\Wldp.dll
0x00007ffd65e60000 - 0x00007ffd65f0e000 	C:\Windows\System32\SHCORE.dll
0x00007ffd67940000 - 0x00007ffd67995000 	C:\Windows\System32\shlwapi.dll
0x00007ffd65290000 - 0x00007ffd652af000 	C:\Windows\SYSTEM32\profapi.dll
0x00007ffd438d0000 - 0x00007ffd438dc000 	C:\Program Files\Java\jdk-19\bin\dt_socket.dll
0x00007ffd64780000 - 0x00007ffd647bb000 	C:\Windows\SYSTEM32\IPHLPAPI.DLL
0x00007ffd64b00000 - 0x00007ffd64b6a000 	C:\Windows\system32\mswsock.dll
0x00007ffd43940000 - 0x00007ffd43953000 	C:\Program Files\Java\jdk-19\bin\net.dll
0x00007ffd52bb0000 - 0x00007ffd52cb8000 	C:\Windows\SYSTEM32\WINHTTP.dll
0x00007ffd410c0000 - 0x00007ffd410d6000 	C:\Program Files\Java\jdk-19\bin\nio.dll
0x00007ffd53280000 - 0x00007ffd53290000 	C:\Program Files\Java\jdk-19\bin\verify.dll
0x00007ffd64cf0000 - 0x00007ffd64d08000 	C:\Windows\SYSTEM32\CRYPTSP.dll
0x00007ffd64410000 - 0x00007ffd64444000 	C:\Windows\system32\rsaenh.dll
0x00007ffd658f0000 - 0x00007ffd65917000 	C:\Windows\System32\bcrypt.dll
0x00007ffd65210000 - 0x00007ffd6523e000 	C:\Windows\SYSTEM32\USERENV.dll
0x00007ffd64d10000 - 0x00007ffd64d1c000 	C:\Windows\SYSTEM32\CRYPTBASE.dll
0x00007ffd678d0000 - 0x00007ffd678d8000 	C:\Windows\System32\NSI.dll
0x00007ffd5b220000 - 0x00007ffd5b237000 	C:\Windows\SYSTEM32\dhcpcsvc6.DLL
0x00007ffd5b200000 - 0x00007ffd5b21d000 	C:\Windows\SYSTEM32\dhcpcsvc.DLL
0x00007ffd647c0000 - 0x00007ffd6488c000 	C:\Windows\SYSTEM32\DNSAPI.dll
0x00007ffd43920000 - 0x00007ffd4392e000 	C:\Program Files\Java\jdk-19\bin\sunmscapi.dll
0x00007ffd65790000 - 0x00007ffd658e6000 	C:\Windows\System32\CRYPT32.dll
0x00007ffd64e10000 - 0x00007ffd64e37000 	C:\Windows\SYSTEM32\ncrypt.dll
0x00007ffd64dd0000 - 0x00007ffd64e0b000 	C:\Windows\SYSTEM32\NTASN1.dll
0x00007ffd4ac00000 - 0x00007ffd4ac0a000 	C:\Program Files\Java\jdk-19\bin\management.dll
0x00007ffd47f00000 - 0x00007ffd47f0b000 	C:\Program Files\Java\jdk-19\bin\management_ext.dll
0x00007ffd67820000 - 0x00007ffd67828000 	C:\Windows\System32\PSAPI.DLL
0x00007ffd590b0000 - 0x00007ffd590ba000 	C:\Windows\System32\rasadhlp.dll
0x00007ffd52b30000 - 0x00007ffd52baf000 	C:\Windows\System32\fwpuclnt.dll
0x00007ffd60a20000 - 0x00007ffd60a28000 	C:\Program Files\Java\jdk-19\bin\extnet.dll

dbghelp: loaded successfully - version: 4.0.5 - missing functions: none
symbol engine: initialized successfully - sym options: 0x614 - pdb path: .;C:\Program Files\Java\jdk-19\bin;C:\Windows\SYSTEM32;C:\Windows\WinSxS\amd64_microsoft.windows.common-controls_6595b64144ccf1df_6.0.19041.1110_none_60b5254171f9507e;C:\Program Files\Java\jdk-19\bin\server

VM Arguments:
jvm_args: -agentlib:jdwp=transport=dt_socket,address=127.0.0.1:61571,suspend=y,server=n -javaagent:C:\Users\Жанарбай\AppData\Local\JetBrains\IdeaIC2022.3\captureAgent\debugger-agent.jar -Dfile.encoding=UTF-8 -Dsun.stdout.encoding=UTF-8 -Dsun.stderr.encoding=UTF-8 
java_command: com.example.demo1.Application
java_class_path (initial): C:\Users\Жанарбай\Desktop\frameworks\SPRING\demo1\demo1\target\classes;C:\Users\Жанарбай\.m2\repository\org\springframework\boot\spring-boot-starter-data-jpa\3.0.5\spring-boot-starter-data-jpa-3.0.5.jar;C:\Users\Жанарбай\.m2\repository\org\springframework\boot\spring-boot-starter-aop\3.0.5\spring-boot-starter-aop-3.0.5.jar;C:\Users\Жанарбай\.m2\repository\org\springframework\spring-aop\6.0.7\spring-aop-6.0.7.jar;C:\Users\Жанарбай\.m2\repository\org\aspectj\aspectjweaver\1.9.19\aspectjweaver-1.9.19.jar;C:\Users\Жанарбай\.m2\repository\org\springframework\boot\spring-boot-starter-jdbc\3.0.5\spring-boot-starter-jdbc-3.0.5.jar;C:\Users\Жанарбай\.m2\repository\com\zaxxer\HikariCP\5.0.1\HikariCP-5.0.1.jar;C:\Users\Жанарбай\.m2\repository\org\springframework\spring-jdbc\6.0.7\spring-jdbc-6.0.7.jar;C:\Users\Жанарбай\.m2\repository\org\hibernate\orm\hibernate-core\6.1.7.Final\hibernate-core-6.1.7.Final.jar;C:\Users\Жанарбай\.m2\repository\jakarta\persistence\jakarta.persistence-api\3.1.0\jakarta.persistence-api-3.1.0.jar;C:\Users\Жанарбай\.m2\repository\jakarta\transaction\jakarta.transaction-api\2.0.1\jakarta.transaction-api-2.0.1.jar;C:\Users\Жанарбай\.m2\repository\org\jboss\logging\jboss-logging\3.5.0.Final\jboss-logging-3.5.0.Final.jar;C:\Users\Жанарбай\.m2\repository\org\hibernate\common\hibernate-commons-annotations\6.0.6.Final\hibernate-commons-annotations-6.0.6.Final.jar;C:\Users\Жанарбай\.m2\repository\org\jboss\jandex\2.4.2.Final\jandex-2.4.2.Final.jar;C:\Users\Жанарбай\.m2\repository\com\fasterxml\classmate\1.5.1\classmate-1.5.1.jar;C:\Users\Жанарбай\.m2\repository\net\bytebuddy\byte-buddy\1.12.23\byte-buddy-1.12.23.jar;C:\Users\Жанарбай\.m2\repository\org\glassfish\jaxb\jaxb-runtime\4.0.2\jaxb-runtime-4.0.2.jar;C:\Users\Жанарбай\.m2\repository\org\glassfish\jaxb\jaxb-core\4.0.2\jaxb-core-4.0.2.jar;C:\Users\Жанарбай\.m2\repository\org\eclipse\angus\angus-activation\2.0.0\angus-activation-2.0.0.jar;C:\Users\Жанарбай\.m2\repository\org\glassfish\jaxb\txw2\4.0.2\txw2-4.0.2.jar;C:\Users\Жанарбай\.m2\repository\com\sun\istack\istack-commons-runtime\4.1.1\istack-commons-runtime-4.1.1.jar;C:\Users\Жанарбай\.m2\repository\jakarta\inject\jakarta.inject-api\2.0.0\jakarta.inject-api-2.0.0.jar;C:\Users\Жанарбай\.m2\repository\org\antlr\antlr4-runtime\4.10.1\antlr4-runtime-4.10.1.jar;C:\Users\Жанарбай\.m2\repository\org\springframework\data\spring-data-jpa\3.0.4\spring-data-jpa-3.0.4.jar;C:\Users\Жанарбай\.m2\repository\org\springframework\data\spring-data-commons\3.0.4\spring-data-commons-3.0.4.jar;C:\Users\Жанарбай\.m2\repository\org\springframework\spring-orm\6.0.7\spring-orm-6.0.7.jar;C:\Users\Жанарбай\.m2\repository\org\springframework\spring-context\6.0.7\spring-context-6.0.7.jar;C:\Users\Жанарбай\.m2\repository\org\springframework\spring-tx\6.0.7\spring-tx-6.0.7.jar;C:\Users\Жанарбай\.m2\repository\org\springframework\spring-beans\6.0.7\spring-beans-6.0.7.jar;C:\Users\Жанарбай\.m2\repository\jakarta\annotation\jakarta.annotation-api\2.1.1\jakarta.annotation-api-2.1.1.jar;C:\Users\Жанарбай\.m2\repository\org\slf4j\slf4j-api\2.0.7\slf4j-api-2.0.7.jar;C:\Users\Жанарбай\.m2\repository\org\springframework\spring-aspects\6.0.7\spring-aspects-6.0.7.jar;C:\Users\Жанарбай\.m2\repository\org\springframework\boot\spring-boot-starter-thymeleaf\3.0.5\spring-boot-starter-thymeleaf-3.0.5.jar;C:\Users\Жанарбай\.m2\repository\org\springframework\boot\spring-boot-starter\3.0.5\spring-boot-starter-3.0.5.jar;C:\Users\Жанарбай\.m2\repository\org\springframework\boot\spring-boot\3.0.5\spring-boot-3.0.5.jar;C:\Users\Жанарбай\.m2\repository\org\springframework\boot\spring-boot-autoconfigure\3.0.5\spring-boot-autoconfigure-3.0.5.jar;C:\Users\Жанарбай\.m2\repository\org\springframework\boot\spring-boot-starter-logging\3.0.5\spring-boot-starter-logging-3.0.5.jar;C:\Users\Жанарбай\.m2\repository\ch\qos\logback\logback-classic\1.4.6\logback-classic-1.4.6.jar;C:\Users\Жанарбай\.m2\repository\ch\qos\logback\logback-core\1.4.6\logback-core-1.4.6.jar;C:\Users\Жанарбай\.m2\repository\org\apache\logging\log4j\log4j-to-slf4j\2.19.0\log4j-to-slf4j-2.19.0.jar;C:\Users\Жанарбай\.m2\repository\org\apache\logging\log4j\log4j-api\2.19.0\log4j-api-2.19.0.jar;C:\Users\Жанарбай\.m2\repository\org\slf4j\jul-to-slf4j\2.0.7\jul-to-slf4j-2.0.7.jar;C:\Users\Жанарбай\.m2\repository\org\yaml\snakeyaml\1.33\snakeyaml-1.33.jar;C:\Users\Жанарбай\.m2\repository\org\thymeleaf\thymeleaf-spring6\3.1.1.RELEASE\thymeleaf-spring6-3.1.1.RELEASE.jar;C:\Users\Жанарбай\.m2\repository\org\thymeleaf\thymeleaf\3.1.1.RELEASE\thymeleaf-3.1.1.RELEASE.jar;C:\Users\Жанарбай\.m2\repository\org\attoparser\attoparser\2.0.6.RELEASE\attoparser-2.0.6.RELEASE.jar;C:\Users\Жанарбай\.m2\repository\org\unbescape\unbescape\1.1.6.RELEASE\unbescape-1.1.6.RELEASE.jar;C:\Users\Жанарбай\.m2\repository\org\springframework\boot\spring-boot-starter-web\3.0.5\spring-boot-starter-web-3.0.5.jar;C:\Users\Жанарбай\.m2\repository\org\springframework\boot\spring-boot-starter-json\3.0.5\spring-boot-starter-json-3.0.5.jar;C:\Users\Жанарбай\.m2\repository\com\fasterxml\jackson\core\jackson-databind\2.14.2\jackson-databind-2.14.2.jar;C:\Users\Жанарбай\.m2\repository\com\fasterxml\jackson\core\jackson-annotations\2.14.2\jackson-annotations-2.14.2.jar;C:\Users\Жанарбай\.m2\repository\com\fasterxml\jackson\core\jackson-core\2.14.2\jackson-core-2.14.2.jar;C:\Users\Жанарбай\.m2\repository\com\fasterxml\jackson\datatype\jackson-datatype-jdk8\2.14.2\jackson-datatype-jdk8-2.14.2.jar;C:\Users\Жанарбай\.m2\repository\com\fasterxml\jackson\datatype\jackson-datatype-jsr310\2.14.2\jackson-datatype-jsr310-2.14.2.jar;C:\Users\Жанарбай\.m2\repository\com\fasterxml\jackson\module\jackson-module-parameter-names\2.14.2\jackson-module-parameter-names-2.14.2.jar;C:\Users\Жанарбай\.m2\repository\org\springframework\boot\spring-boot-starter-tomcat\3.0.5\spring-boot-starter-tomcat-3.0.5.jar;C:\Users\Жанарбай\.m2\repository\org\apache\tomcat\embed\tomcat-embed-core\10.1.7\tomcat-embed-core-10.1.7.jar;C:\Users\Жанарбай\.m2\repository\org\apache\tomcat\embed\tomcat-embed-el\10.1.7\tomcat-embed-el-10.1.7.jar;C:\Users\Жанарбай\.m2\repository\org\apache\tomcat\embed\tomcat-embed-websocket\10.1.7\tomcat-embed-websocket-10.1.7.jar;C:\Users\Жанарбай\.m2\repository\org\springframework\spring-web\6.0.7\spring-web-6.0.7.jar;C:\Users\Жанарбай\.m2\repository\io\micrometer\micrometer-observation\1.10.5\micrometer-observation-1.10.5.jar;C:\Users\Жанарбай\.m2\repository\io\micrometer\micrometer-commons\1.10.5\micrometer-commons-1.10.5.jar;C:\Users\Жанарбай\.m2\repository\org\springframework\spring-webmvc\6.0.7\spring-webmvc-6.0.7.jar;C:\Users\Жанарбай\.m2\repository\org\springframework\spring-expression\6.0.7\spring-expression-6.0.7.jar;C:\Users\Жанарбай\.m2\repository\org\postgresql\postgresql\42.5.4\postgresql-42.5.4.jar;C:\Users\Жанарбай\.m2\repository\org\checkerframework\checker-qual\3.5.0\checker-qual-3.5.0.jar;C:\Users\Жанарбай\.m2\repository\jakarta\xml\bind\jakarta.xml.bind-api\4.0.0\jakarta.xml.bind-api-4.0.0.jar;C:\Users\Жанарбай\.m2\repository\jakarta\activation\jakarta.activation-api\2.1.1\jakarta.activation-api-2.1.1.jar;C:\Users\Жанарбай\.m2\repository\org\springframework\spring-core\6.0.7\spring-core-6.0.7.jar;C:\Users\Жанарбай\.m2\repository\org\springframework\spring-jcl\6.0.7\spring-jcl-6.0.7.jar;C:\Users\Жанарбай\AppData\Local\JetBrains\IntelliJ IDEA Community Edition 2022.3.2\lib\idea_rt.jar
Launcher Type: SUN_STANDARD

[Global flags]
     intx CICompilerCount                          = 4                                         {product} {ergonomic}
     uint ConcGCThreads                            = 2                                         {product} {ergonomic}
     uint G1ConcRefinementThreads                  = 8                                         {product} {ergonomic}
   size_t G1HeapRegionSize                         = 1048576                                   {product} {ergonomic}
    uintx GCDrainStackTargetSize                   = 64                                        {product} {ergonomic}
   size_t InitialHeapSize                          = 130023424                                 {product} {ergonomic}
   size_t MarkStackSize                            = 4194304                                   {product} {ergonomic}
   size_t MaxHeapSize                              = 2067791872                                {product} {ergonomic}
   size_t MaxNewSize                               = 1240465408                                {product} {ergonomic}
   size_t MinHeapDeltaBytes                        = 1048576                                   {product} {ergonomic}
   size_t MinHeapSize                              = 8388608                                   {product} {ergonomic}
    uintx NonNMethodCodeHeapSize                   = 5839372                                {pd product} {ergonomic}
    uintx NonProfiledCodeHeapSize                  = 122909434                              {pd product} {ergonomic}
    uintx ProfiledCodeHeapSize                     = 122909434                              {pd product} {ergonomic}
    uintx ReservedCodeCacheSize                    = 251658240                              {pd product} {ergonomic}
     bool SegmentedCodeCache                       = true                                      {product} {ergonomic}
   size_t SoftMaxHeapSize                          = 2067791872                             {manageable} {ergonomic}
     bool UseCompressedClassPointers               = true                           {product lp64_product} {ergonomic}
     bool UseCompressedOops                        = true                           {product lp64_product} {ergonomic}
     bool UseG1GC                                  = true                                      {product} {ergonomic}
     bool UseLargePagesIndividualAllocation        = false                                  {pd product} {ergonomic}

Logging:
Log output configuration:
 #0: stdout all=warning uptime,level,tags foldmultilines=false
 #1: stderr all=off uptime,level,tags foldmultilines=false

Environment Variables:
JAVA_HOME=C:\Program Files\Java\jdk-19
PATH=C:\Program Files\Common Files\Oracle\Java\javapath;C:\Windows\system32;C:\Windows;C:\Windows\System32\Wbem;C:\Windows\System32\WindowsPowerShell\v1.0\;C:\Program Files\Git\cmd;C:\Program Files\Java\jdk-19\bin;C:\Program Files\MySQL\MySQL Shell 8.0\bin\;C:\Users\Жанарбай\AppData\Local\Microsoft\WindowsApps;C:\Users\Жанарбай\AppData\Local\Programs\Microsoft VS Code\bin;C:\Program Files\JetBrains\PyCharm Community Edition 2022.2.3\bin;;C:\Users\Жанарбай\AppData\Local\GitHubDesktop\bin
USERNAME=Жанарбай
OS=Windows_NT
PROCESSOR_IDENTIFIER=Intel64 Family 6 Model 140 Stepping 1, GenuineIntel
TMP=C:\Users\46FB~1\AppData\Local\Temp
TEMP=C:\Users\46FB~1\AppData\Local\Temp



---------------  S Y S T E M  ---------------

OS:
 Windows 10 , 64 bit Build 19041 (10.0.19041.1202)
OS uptime: 0 days 7:20 hours

CPU: total 8 (initial active 8) (4 cores per cpu, 2 threads per core) family 6 model 140 stepping 1 microcode 0xa4, cx8, cmov, fxsr, ht, mmx, 3dnowpref, sse, sse2, sse3, ssse3, sse4.1, sse4.2, popcnt, lzcnt, tsc, tscinvbit, avx, avx2, aes, erms, clmul, bmi1, bmi2, adx, avx512f, avx512dq, avx512cd, avx512bw, avx512vl, sha, fma, vzeroupper, avx512_vpopcntdq, avx512_vpclmulqdq, avx512_vaes, avx512_vnni, clflush, clflushopt, clwb, avx512_vbmi2, avx512_vbmi, rdtscp, rdpid, fsrm, gfni, avx512_bitalg

Memory: 4k page, system-wide physical 7883M (435M free)
TotalPageFile size 7883M (AvailPageFile size 28M)
current process WorkingSet (physical memory assigned to process): 232M, peak: 242M
current process commit charge ("private bytes"): 289M, peak: 323M

vm_info: Java HotSpot(TM) 64-Bit Server VM (19.0.2+7-44) for windows-amd64 JRE (19.0.2+7-44), built on 2022-11-30T18:02:09Z by "mach5one" with MS VC++ 17.1 (VS2022)

END.
