#
# There is insufficient memory for the Java Runtime Environment to continue.
# Native memory allocation (malloc) failed to allocate 2427584 bytes for Chunk::new
# Possible reasons:
#   The system is out of physical RAM or swap space
#   The process is running with CompressedOops enabled, and the Java Heap may be blocking the growth of the native heap
# Possible solutions:
#   Reduce memory load on the system
#   Increase physical memory or swap space
#   Check if swap backing store is full
#   Decrease Java heap size (-Xmx/-Xms)
#   Decrease number of Java threads
#   Decrease Java thread stack sizes (-Xss)
#   Set larger code cache with -XX:ReservedCodeCacheSize=
#   JVM is running with Unscaled Compressed Oops mode in which the Java heap is
#     placed in the first 4GB address space. The Java Heap base address is the
#     maximum limit for the native heap growth. Please use -XX:HeapBaseMinAddress
#     to set the Java Heap base and to place the Java Heap above 4GB virtual address.
# This output file may be truncated or incomplete.
#
#  Out of Memory Error (arena.cpp:184), pid=9592, tid=10544
#
# JRE version: Java(TM) SE Runtime Environment (19.0.2+7) (build 19.0.2+7-44)
# Java VM: Java HotSpot(TM) 64-Bit Server VM (19.0.2+7-44, mixed mode, sharing, tiered, compressed oops, compressed class ptrs, g1 gc, windows-amd64)
# No core dump will be written. Minidumps are not enabled by default on client versions of Windows
#

---------------  S U M M A R Y ------------

Command Line: -javaagent:C:\Users\Жанарбай\AppData\Local\JetBrains\IntelliJ IDEA Community Edition 2022.3.2\lib\idea_rt.jar=61551:C:\Users\Жанарбай\AppData\Local\JetBrains\IntelliJ IDEA Community Edition 2022.3.2\bin -Dfile.encoding=UTF-8 -Dsun.stdout.encoding=UTF-8 -Dsun.stderr.encoding=UTF-8 com.example.demo1.Application

Host: 11th Gen Intel(R) Core(TM) i7-1165G7 @ 2.80GHz, 8 cores, 7G,  Windows 10 , 64 bit Build 19041 (10.0.19041.1202)
Time: Sat Apr 15 21:16:23 2023  Windows 10 , 64 bit Build 19041 (10.0.19041.1202) elapsed time: 3.204589 seconds (0d 0h 0m 3s)

---------------  T H R E A D  ---------------

Current thread (0x00000186dca64b40):  JavaThread "C2 CompilerThread1" daemon [_thread_in_native, id=10544, stack(0x0000006d5c700000,0x0000006d5c800000)]


Current CompileTask:
C2:   3204 4046   !   4       com.sun.crypto.provider.PBKDF2KeyImpl::deriveKey (295 bytes)

Stack: [0x0000006d5c700000,0x0000006d5c800000]
Native frames: (J=compiled Java code, j=interpreted, Vv=VM code, C=native code)
V  [jvm.dll+0x6ee21a]
V  [jvm.dll+0x85765e]
V  [jvm.dll+0x85904e]
V  [jvm.dll+0x859703]
V  [jvm.dll+0x28298f]
V  [jvm.dll+0xc9adf]
V  [jvm.dll+0xc9e65]
V  [jvm.dll+0x3bca4c]
V  [jvm.dll+0x1ee29a]
V  [jvm.dll+0x24c52b]
V  [jvm.dll+0x24b781]
V  [jvm.dll+0x1d6ce1]
V  [jvm.dll+0x25b25a]
V  [jvm.dll+0x2596e8]
V  [jvm.dll+0x807588]
V  [jvm.dll+0x80125a]
V  [jvm.dll+0x6ecf0b]
C  [ucrtbase.dll+0x21bb2]
C  [KERNEL32.DLL+0x17034]
C  [ntdll.dll+0x52651]


---------------  P R O C E S S  ---------------

Threads class SMR info:
_java_thread_list=0x00000186dd0d7060, length=20, elements={
0x00000186ba156950, 0x00000186d879ac60, 0x00000186d879bae0, 0x00000186d879e370,
0x00000186d879ff40, 0x00000186d87a0960, 0x00000186d87a1660, 0x00000186d87a7490,
0x00000186d87b1e00, 0x00000186d87bf680, 0x00000186dc9f2f20, 0x00000186dca64b40,
0x00000186dcaa3cd0, 0x00000186dc9f29d0, 0x00000186dc9f3470, 0x00000186dc9f09f0,
0x00000186dc9f2480, 0x00000186dc9f39c0, 0x00000186dc9f0f40, 0x00000186dc9f3f10
}

Java Threads: ( => current thread )
  0x00000186ba156950 JavaThread "main" [_thread_in_vm, id=1844, stack(0x0000006d5b600000,0x0000006d5b700000)]
  0x00000186d879ac60 JavaThread "Reference Handler" daemon [_thread_blocked, id=1596, stack(0x0000006d5bd00000,0x0000006d5be00000)]
  0x00000186d879bae0 JavaThread "Finalizer" daemon [_thread_blocked, id=5416, stack(0x0000006d5be00000,0x0000006d5bf00000)]
  0x00000186d879e370 JavaThread "Signal Dispatcher" daemon [_thread_blocked, id=4112, stack(0x0000006d5bf00000,0x0000006d5c000000)]
  0x00000186d879ff40 JavaThread "Attach Listener" daemon [_thread_blocked, id=10332, stack(0x0000006d5c000000,0x0000006d5c100000)]
  0x00000186d87a0960 JavaThread "Service Thread" daemon [_thread_blocked, id=3916, stack(0x0000006d5c100000,0x0000006d5c200000)]
  0x00000186d87a1660 JavaThread "Monitor Deflation Thread" daemon [_thread_blocked, id=8736, stack(0x0000006d5c200000,0x0000006d5c300000)]
  0x00000186d87a7490 JavaThread "C2 CompilerThread0" daemon [_thread_in_native, id=7472, stack(0x0000006d5c300000,0x0000006d5c400000)]
  0x00000186d87b1e00 JavaThread "C1 CompilerThread0" daemon [_thread_blocked, id=4116, stack(0x0000006d5c400000,0x0000006d5c500000)]
  0x00000186d87bf680 JavaThread "Sweeper thread" daemon [_thread_blocked, id=11296, stack(0x0000006d5c500000,0x0000006d5c600000)]
  0x00000186dc9f2f20 JavaThread "Common-Cleaner" daemon [_thread_blocked, id=11756, stack(0x0000006d5c600000,0x0000006d5c700000)]
=>0x00000186dca64b40 JavaThread "C2 CompilerThread1" daemon [_thread_in_native, id=10544, stack(0x0000006d5c700000,0x0000006d5c800000)]
  0x00000186dcaa3cd0 JavaThread "C2 CompilerThread2" daemon [_thread_blocked, id=4792, stack(0x0000006d5c800000,0x0000006d5c900000)]
  0x00000186dc9f29d0 JavaThread "Monitor Ctrl-Break" daemon [_thread_in_native, id=4856, stack(0x0000006d5c900000,0x0000006d5ca00000)]
  0x00000186dc9f3470 JavaThread "Notification Thread" daemon [_thread_blocked, id=6592, stack(0x0000006d5ca00000,0x0000006d5cb00000)]
  0x00000186dc9f09f0 JavaThread "Catalina-utility-1" [_thread_blocked, id=2572, stack(0x0000006d5d400000,0x0000006d5d500000)]
  0x00000186dc9f2480 JavaThread "Catalina-utility-2" [_thread_blocked, id=5448, stack(0x0000006d5d500000,0x0000006d5d600000)]
  0x00000186dc9f39c0 JavaThread "container-0" [_thread_blocked, id=3836, stack(0x0000006d5d600000,0x0000006d5d700000)]
  0x00000186dc9f0f40 JavaThread "HikariPool-1 housekeeper" daemon [_thread_blocked, id=3064, stack(0x0000006d5d800000,0x0000006d5d900000)]
  0x00000186dc9f3f10 JavaThread "HikariPool-1 connection adder" daemon [_thread_blocked, id=3772, stack(0x0000006d5d900000,0x0000006d5da00000)]

Other Threads:
  0x00000186d877fae0 VMThread "VM Thread" [stack: 0x0000006d5bc00000,0x0000006d5bd00000] [id=2284]
  0x00000186dcc08b90 WatcherThread "VM Periodic Task Thread" [stack: 0x0000006d5cb00000,0x0000006d5cc00000] [id=2236]
  0x00000186ba1b6120 WorkerThread "GC Thread#0" [stack: 0x0000006d5b700000,0x0000006d5b800000] [id=6524]
  0x00000186dd7dd860 WorkerThread "GC Thread#1" [stack: 0x0000006d5cc00000,0x0000006d5cd00000] [id=4240]
  0x00000186dd801b30 WorkerThread "GC Thread#2" [stack: 0x0000006d5cd00000,0x0000006d5ce00000] [id=11624]
  0x00000186dd802210 WorkerThread "GC Thread#3" [stack: 0x0000006d5ce00000,0x0000006d5cf00000] [id=5496]
  0x00000186dd8024e0 WorkerThread "GC Thread#4" [stack: 0x0000006d5cf00000,0x0000006d5d000000] [id=1652]
  0x00000186dd804150 WorkerThread "GC Thread#5" [stack: 0x0000006d5d000000,0x0000006d5d100000] [id=9756]
  0x00000186dd804420 WorkerThread "GC Thread#6" [stack: 0x0000006d5d200000,0x0000006d5d300000] [id=9736]
  0x00000186dd802800 WorkerThread "GC Thread#7" [stack: 0x0000006d5d300000,0x0000006d5d400000] [id=6628]
  0x00000186ba1c68a0 ConcurrentGCThread "G1 Main Marker" [stack: 0x0000006d5b800000,0x0000006d5b900000] [id=3132]
  0x00000186ba1c8a80 WorkerThread "G1 Conc#0" [stack: 0x0000006d5b900000,0x0000006d5ba00000] [id=1484]
  0x00000186dd803bb0 WorkerThread "G1 Conc#1" [stack: 0x0000006d5d100000,0x0000006d5d200000] [id=7516]
  0x00000186d8637dd0 ConcurrentGCThread "G1 Refine#0" [stack: 0x0000006d5ba00000,0x0000006d5bb00000] [id=9136]
  0x00000186d863a5d0 ConcurrentGCThread "G1 Service" [stack: 0x0000006d5bb00000,0x0000006d5bc00000] [id=8664]

Threads with active compile tasks:
C2 CompilerThread0     3210 4133       4       jdk.internal.loader.URLClassPath$JarLoader$2::getBytes (48 bytes)
C2 CompilerThread1     3210 4046   !   4       com.sun.crypto.provider.PBKDF2KeyImpl::deriveKey (295 bytes)

VM state: not at safepoint (normal execution)

VM Mutex/Monitor currently owned by a thread: None

Heap address: 0x0000000084c00000, size: 1972 MB, Compressed Oops mode: 32-bit

CDS archive(s) mapped at: [0x0000000800000000-0x0000000800c40000-0x0000000800c40000), size 12845056, SharedBaseAddress: 0x0000000800000000, ArchiveRelocationMode: 0.
Compressed class space mapped at: 0x0000000801000000-0x0000000841000000, reserved size: 1073741824
Narrow klass base: 0x0000000800000000, Narrow klass shift: 0, Narrow klass range: 0x100000000

GC Precious Log:
 CardTable entry size: 512
 Card Set container configuration: InlinePtr #cards 5 size 8 Array Of Cards #cards 12 size 40 Howl #buckets 4 coarsen threshold 1843 Howl Bitmap #cards 512 size 80 coarsen threshold 460 Card regions per heap region 1 cards per card region 2048
 CPUs: 8 total, 8 available
 Memory: 7883M
 Large Page Support: Disabled
 NUMA Support: Disabled
 Compressed Oops: Enabled (32-bit)
 Heap Region Size: 1M
 Heap Min Capacity: 8M
 Heap Initial Capacity: 124M
 Heap Max Capacity: 1972M
 Pre-touch: Disabled
 Parallel Workers: 8
 Concurrent Workers: 2
 Concurrent Refinement Workers: 8
 Periodic GC: Disabled

Heap:
 garbage-first heap   total 48128K, used 24049K [0x0000000084c00000, 0x0000000100000000)
  region size 1024K, 9 young (9216K), 3 survivors (3072K)
 Metaspace       used 42950K, committed 43456K, reserved 1114112K
  class space    used 5466K, committed 5696K, reserved 1048576K

Heap Regions: E=young(eden), S=young(survivor), O=old, HS=humongous(starts), HC=humongous(continues), CS=collection set, F=free, OA=open archive, CA=closed archive, TAMS=top-at-mark-start (previous, next)
|   0|0x0000000084c00000, 0x0000000084d00000, 0x0000000084d00000|100%|HS|  |TAMS 0x0000000084d00000, 0x0000000084c00000| Complete 
|   1|0x0000000084d00000, 0x0000000084e00000, 0x0000000084e00000|100%| O|  |TAMS 0x0000000084e00000, 0x0000000084d00000| Untracked 
|   2|0x0000000084e00000, 0x0000000084f00000, 0x0000000084f00000|100%| O|  |TAMS 0x0000000084f00000, 0x0000000084e00000| Untracked 
|   3|0x0000000084f00000, 0x0000000085000000, 0x0000000085000000|100%| O|  |TAMS 0x0000000085000000, 0x0000000084f00000| Untracked 
|   4|0x0000000085000000, 0x0000000085100000, 0x0000000085100000|100%| O|  |TAMS 0x0000000085100000, 0x0000000085000000| Untracked 
|   5|0x0000000085100000, 0x0000000085200000, 0x0000000085200000|100%| O|  |TAMS 0x0000000085200000, 0x0000000085100000| Untracked 
|   6|0x0000000085200000, 0x0000000085300000, 0x0000000085300000|100%| O|  |TAMS 0x0000000085200000, 0x0000000085200000| Untracked 
|   7|0x0000000085300000, 0x0000000085400000, 0x0000000085400000|100%| O|  |TAMS 0x0000000085400000, 0x0000000085300000| Untracked 
|   8|0x0000000085400000, 0x0000000085500000, 0x0000000085500000|100%| O|  |TAMS 0x0000000085500000, 0x0000000085400000| Untracked 
|   9|0x0000000085500000, 0x0000000085600000, 0x0000000085600000|100%| O|  |TAMS 0x0000000085600000, 0x0000000085500000| Untracked 
|  10|0x0000000085600000, 0x0000000085700000, 0x0000000085700000|100%| O|  |TAMS 0x0000000085700000, 0x0000000085600000| Untracked 
|  11|0x0000000085700000, 0x0000000085800000, 0x0000000085800000|100%| O|  |TAMS 0x0000000085800000, 0x0000000085700000| Untracked 
|  12|0x0000000085800000, 0x0000000085900000, 0x0000000085900000|100%| O|  |TAMS 0x0000000085900000, 0x0000000085800000| Untracked 
|  13|0x0000000085900000, 0x0000000085a00000, 0x0000000085a00000|100%| O|  |TAMS 0x0000000085a00000, 0x0000000085900000| Untracked 
|  14|0x0000000085a00000, 0x0000000085b00000, 0x0000000085b00000|100%| O|  |TAMS 0x0000000085b00000, 0x0000000085a00000| Untracked 
|  15|0x0000000085b00000, 0x0000000085c00000, 0x0000000085c00000|100%| O|  |TAMS 0x0000000085bc1c00, 0x0000000085b00000| Untracked 
|  16|0x0000000085c00000, 0x0000000085c2e000, 0x0000000085d00000| 17%| O|  |TAMS 0x0000000085c00000, 0x0000000085c00000| Untracked 
|  17|0x0000000085d00000, 0x0000000085d00000, 0x0000000085e00000|  0%| F|  |TAMS 0x0000000085d00000, 0x0000000085d00000| Untracked 
|  18|0x0000000085e00000, 0x0000000085e00000, 0x0000000085f00000|  0%| F|  |TAMS 0x0000000085e00000, 0x0000000085e00000| Untracked 
|  19|0x0000000085f00000, 0x0000000085f00000, 0x0000000086000000|  0%| F|  |TAMS 0x0000000085f00000, 0x0000000085f00000| Untracked 
|  20|0x0000000086000000, 0x0000000086000000, 0x0000000086100000|  0%| F|  |TAMS 0x0000000086000000, 0x0000000086000000| Untracked 
|  21|0x0000000086100000, 0x0000000086100000, 0x0000000086200000|  0%| F|  |TAMS 0x0000000086100000, 0x0000000086100000| Untracked 
|  22|0x0000000086200000, 0x0000000086200000, 0x0000000086300000|  0%| F|  |TAMS 0x0000000086200000, 0x0000000086200000| Untracked 
|  23|0x0000000086300000, 0x000000008634e720, 0x0000000086400000| 30%| S|CS|TAMS 0x0000000086300000, 0x0000000086300000| Complete 
|  24|0x0000000086400000, 0x0000000086500000, 0x0000000086500000|100%| S|CS|TAMS 0x0000000086400000, 0x0000000086400000| Complete 
|  25|0x0000000086500000, 0x0000000086600000, 0x0000000086600000|100%| S|CS|TAMS 0x0000000086500000, 0x0000000086500000| Complete 
|  26|0x0000000086600000, 0x0000000086600000, 0x0000000086700000|  0%| F|  |TAMS 0x0000000086600000, 0x0000000086600000| Untracked 
|  27|0x0000000086700000, 0x0000000086700000, 0x0000000086800000|  0%| F|  |TAMS 0x0000000086700000, 0x0000000086700000| Untracked 
|  28|0x0000000086800000, 0x0000000086800000, 0x0000000086900000|  0%| F|  |TAMS 0x0000000086800000, 0x0000000086800000| Untracked 
|  29|0x0000000086900000, 0x0000000086900000, 0x0000000086a00000|  0%| F|  |TAMS 0x0000000086900000, 0x0000000086900000| Untracked 
|  30|0x0000000086a00000, 0x0000000086a00000, 0x0000000086b00000|  0%| F|  |TAMS 0x0000000086a00000, 0x0000000086a00000| Untracked 
|  31|0x0000000086b00000, 0x0000000086b00000, 0x0000000086c00000|  0%| F|  |TAMS 0x0000000086b00000, 0x0000000086b00000| Untracked 
|  32|0x0000000086c00000, 0x0000000086c00000, 0x0000000086d00000|  0%| F|  |TAMS 0x0000000086c00000, 0x0000000086c00000| Untracked 
|  33|0x0000000086d00000, 0x0000000086d00000, 0x0000000086e00000|  0%| F|  |TAMS 0x0000000086d00000, 0x0000000086d00000| Untracked 
|  34|0x0000000086e00000, 0x0000000086e00000, 0x0000000086f00000|  0%| F|  |TAMS 0x0000000086e00000, 0x0000000086e00000| Untracked 
|  35|0x0000000086f00000, 0x0000000086f00000, 0x0000000087000000|  0%| F|  |TAMS 0x0000000086f00000, 0x0000000086f00000| Untracked 
|  36|0x0000000087000000, 0x0000000087000000, 0x0000000087100000|  0%| F|  |TAMS 0x0000000087000000, 0x0000000087000000| Untracked 
|  37|0x0000000087100000, 0x0000000087100000, 0x0000000087200000|  0%| F|  |TAMS 0x0000000087100000, 0x0000000087100000| Untracked 
|  38|0x0000000087200000, 0x0000000087200000, 0x0000000087300000|  0%| F|  |TAMS 0x0000000087200000, 0x0000000087200000| Untracked 
|  39|0x0000000087300000, 0x0000000087300000, 0x0000000087400000|  0%| F|  |TAMS 0x0000000087300000, 0x0000000087300000| Untracked 
|  75|0x0000000089700000, 0x0000000089700000, 0x0000000089800000|  0%| F|  |TAMS 0x0000000089700000, 0x0000000089700000| Untracked 
|  76|0x0000000089800000, 0x00000000898f0ad8, 0x0000000089900000| 94%| E|  |TAMS 0x0000000089800000, 0x0000000089800000| Complete 
|  77|0x0000000089900000, 0x0000000089a00000, 0x0000000089a00000|100%| E|CS|TAMS 0x0000000089900000, 0x0000000089900000| Complete 
|  78|0x0000000089a00000, 0x0000000089b00000, 0x0000000089b00000|100%| E|CS|TAMS 0x0000000089a00000, 0x0000000089a00000| Complete 
|  79|0x0000000089b00000, 0x0000000089c00000, 0x0000000089c00000|100%| E|CS|TAMS 0x0000000089b00000, 0x0000000089b00000| Complete 
|  80|0x0000000089c00000, 0x0000000089d00000, 0x0000000089d00000|100%| E|CS|TAMS 0x0000000089c00000, 0x0000000089c00000| Complete 
| 123|0x000000008c700000, 0x000000008c800000, 0x000000008c800000|100%| E|CS|TAMS 0x000000008c700000, 0x000000008c700000| Complete 

Card table byte_map: [0x00000186d17d0000,0x00000186d1bb0000] _byte_map_base: 0x00000186d13aa000

Marking Bits (Prev, Next): (CMBitMap*) 0x00000186ba1b6750, (CMBitMap*) 0x00000186ba1b6790
 Prev Bits: [0x00000186d1f90000, 0x00000186d3e60000)
 Next Bits: [0x00000186d3e60000, 0x00000186d5d30000)

Polling page: 0x00000186b82d0000

Metaspace:

Usage:
  Non-class:     36.61 MB used.
      Class:      5.35 MB used.
       Both:     41.96 MB used.

Virtual space:
  Non-class space:       64.00 MB reserved,      36.88 MB ( 58%) committed,  1 nodes.
      Class space:        1.00 GB reserved,       5.56 MB ( <1%) committed,  1 nodes.
             Both:        1.06 GB reserved,      42.44 MB (  4%) committed. 

Chunk freelists:
   Non-Class:  2.34 MB
       Class:  2.44 MB
        Both:  4.78 MB

MaxMetaspaceSize: unlimited
CompressedClassSpaceSize: 1.00 GB
Initial GC threshold: 21.00 MB
Current GC threshold: 58.69 MB
CDS: on
MetaspaceReclaimPolicy: balanced
 - commit_granule_bytes: 65536.
 - commit_granule_words: 8192.
 - virtual_space_node_default_size: 8388608.
 - enlarge_chunks_in_place: 1.
 - new_chunks_are_fully_committed: 0.
 - uncommit_free_chunks: 1.
 - use_allocation_guard: 0.


Internal statistics:

num_allocs_failed_limit: 6.
num_arena_births: 658.
num_arena_deaths: 0.
num_vsnodes_births: 2.
num_vsnodes_deaths: 0.
num_space_committed: 679.
num_space_uncommitted: 0.
num_chunks_returned_to_freelist: 6.
num_chunks_taken_from_freelist: 2139.
num_chunk_merges: 3.
num_chunk_splits: 1557.
num_chunks_enlarged: 1254.
num_inconsistent_stats: 0.

CodeHeap 'non-profiled nmethods': size=120000Kb used=2512Kb max_used=2512Kb free=117487Kb
 bounds [0x00000186c9b90000, 0x00000186c9e10000, 0x00000186d10c0000]
CodeHeap 'profiled nmethods': size=120000Kb used=8215Kb max_used=8215Kb free=111784Kb
 bounds [0x00000186c20c0000, 0x00000186c28d0000, 0x00000186c95f0000]
CodeHeap 'non-nmethods': size=5760Kb used=1367Kb max_used=1418Kb free=4392Kb
 bounds [0x00000186c95f0000, 0x00000186c9860000, 0x00000186c9b90000]
 total_blobs=4726 nmethods=4140 adapters=496
 compilation: enabled
              stopped_count=0, restarted_count=0
 full_count=0

Compilation events (20 events):
Event: 3.174 Thread 0x00000186dcaa3cd0 4134       4       java.util.ArrayList::grow (60 bytes)
Event: 3.174 Thread 0x00000186d87b1e00 4135       3       java.util.stream.IntPipeline$10$1::accept (27 bytes)
Event: 3.174 Thread 0x00000186d87b1e00 nmethod 4135 0x00000186c28c2d10 code [0x00000186c28c2ee0, 0x00000186c28c31d8]
Event: 3.174 Thread 0x00000186d87b1e00 4136       3       java.lang.Character::isDigit (9 bytes)
Event: 3.174 Thread 0x00000186d87b1e00 nmethod 4136 0x00000186c28c3310 code [0x00000186c28c34c0, 0x00000186c28c36b8]
Event: 3.174 Thread 0x00000186d87b1e00 4137       3       java.lang.CharacterDataLatin1::isDigit (18 bytes)
Event: 3.175 Thread 0x00000186d87b1e00 nmethod 4137 0x00000186c28c3790 code [0x00000186c28c3920, 0x00000186c28c3ab8]
Event: 3.179 Thread 0x00000186dcaa3cd0 nmethod 4134 0x00000186c9e03690 code [0x00000186c9e03820, 0x00000186c9e03e58]
Event: 3.189 Thread 0x00000186d87b1e00 4138       1       java.lang.invoke.MethodHandle::isVarargsCollector (2 bytes)
Event: 3.189 Thread 0x00000186d87b1e00 nmethod 4138 0x00000186c9e04010 code [0x00000186c9e041a0, 0x00000186c9e04278]
Event: 3.194 Thread 0x00000186d87b1e00 4139       3       org.postgresql.core.VisibleBufferedInputStream::skip (58 bytes)
Event: 3.195 Thread 0x00000186d87b1e00 nmethod 4139 0x00000186c28c3b90 code [0x00000186c28c3d40, 0x00000186c28c3fa8]
Event: 3.195 Thread 0x00000186d87b1e00 4140       3       sun.security.jca.ProviderList::getProvider (22 bytes)
Event: 3.195 Thread 0x00000186d87b1e00 nmethod 4140 0x00000186c28c4090 code [0x00000186c28c4240, 0x00000186c28c4428]
Event: 3.195 Thread 0x00000186d87b1e00 4141       3       java.security.Provider::getService (104 bytes)
Event: 3.195 Thread 0x00000186d87b1e00 nmethod 4141 0x00000186c28c4510 code [0x00000186c28c4760, 0x00000186c28c5328]
Event: 3.198 Thread 0x00000186d87b1e00 4142       3       org.postgresql.core.AsciiStringInterner$BaseKey::<init> (10 bytes)
Event: 3.198 Thread 0x00000186d87b1e00 nmethod 4142 0x00000186c28c5610 code [0x00000186c28c57c0, 0x00000186c28c5938]
Event: 3.199 Thread 0x00000186d87b1e00 4143       3       java.lang.Character::isJavaIdentifierStart (5 bytes)
Event: 3.199 Thread 0x00000186d87b1e00 nmethod 4143 0x00000186c28c5a10 code [0x00000186c28c5bc0, 0x00000186c28c5e18]

GC Heap History (16 events):
Event: 0.470 GC heap before
{Heap before GC invocations=0 (full 0):
 garbage-first heap   total 126976K, used 23552K [0x0000000084c00000, 0x0000000100000000)
  region size 1024K, 23 young (23552K), 0 survivors (0K)
 Metaspace       used 6700K, committed 6912K, reserved 1114112K
  class space    used 768K, committed 896K, reserved 1048576K
}
Event: 0.475 GC heap after
{Heap after GC invocations=1 (full 0):
 garbage-first heap   total 126976K, used 6592K [0x0000000084c00000, 0x0000000100000000)
  region size 1024K, 3 young (3072K), 3 survivors (3072K)
 Metaspace       used 6700K, committed 6912K, reserved 1114112K
  class space    used 768K, committed 896K, reserved 1048576K
}
Event: 0.721 GC heap before
{Heap before GC invocations=1 (full 0):
 garbage-first heap   total 126976K, used 36288K [0x0000000084c00000, 0x0000000100000000)
  region size 1024K, 32 young (32768K), 3 survivors (3072K)
 Metaspace       used 14408K, committed 14656K, reserved 1114112K
  class space    used 1693K, committed 1792K, reserved 1048576K
}
Event: 0.725 GC heap after
{Heap after GC invocations=2 (full 0):
 garbage-first heap   total 126976K, used 8985K [0x0000000084c00000, 0x0000000100000000)
  region size 1024K, 3 young (3072K), 3 survivors (3072K)
 Metaspace       used 14408K, committed 14656K, reserved 1114112K
  class space    used 1693K, committed 1792K, reserved 1048576K
}
Event: 1.494 GC heap before
{Heap before GC invocations=2 (full 0):
 garbage-first heap   total 126976K, used 47897K [0x0000000084c00000, 0x0000000100000000)
  region size 1024K, 43 young (44032K), 3 survivors (3072K)
 Metaspace       used 21132K, committed 21504K, reserved 1114112K
  class space    used 2514K, committed 2688K, reserved 1048576K
}
Event: 1.499 GC heap after
{Heap after GC invocations=3 (full 0):
 garbage-first heap   total 126976K, used 12186K [0x0000000084c00000, 0x0000000100000000)
  region size 1024K, 6 young (6144K), 6 survivors (6144K)
 Metaspace       used 21132K, committed 21504K, reserved 1114112K
  class space    used 2514K, committed 2688K, reserved 1048576K
}
Event: 2.004 GC heap before
{Heap before GC invocations=4 (full 0):
 garbage-first heap   total 48128K, used 34714K [0x0000000084c00000, 0x0000000100000000)
  region size 1024K, 28 young (28672K), 6 survivors (6144K)
 Metaspace       used 26225K, committed 26688K, reserved 1114112K
  class space    used 3178K, committed 3392K, reserved 1048576K
}
Event: 2.012 GC heap after
{Heap after GC invocations=5 (full 0):
 garbage-first heap   total 48128K, used 14692K [0x0000000084c00000, 0x0000000100000000)
  region size 1024K, 3 young (3072K), 3 survivors (3072K)
 Metaspace       used 26225K, committed 26688K, reserved 1114112K
  class space    used 3178K, committed 3392K, reserved 1048576K
}
Event: 2.031 GC heap before
{Heap before GC invocations=5 (full 0):
 garbage-first heap   total 48128K, used 15716K [0x0000000084c00000, 0x0000000100000000)
  region size 1024K, 4 young (4096K), 3 survivors (3072K)
 Metaspace       used 26505K, committed 27008K, reserved 1114112K
  class space    used 3215K, committed 3456K, reserved 1048576K
}
Event: 2.034 GC heap after
{Heap after GC invocations=6 (full 0):
 garbage-first heap   total 48128K, used 15733K [0x0000000084c00000, 0x0000000100000000)
  region size 1024K, 1 young (1024K), 1 survivors (1024K)
 Metaspace       used 26505K, committed 27008K, reserved 1114112K
  class space    used 3215K, committed 3456K, reserved 1048576K
}
Event: 2.320 GC heap before
{Heap before GC invocations=6 (full 0):
 garbage-first heap   total 48128K, used 33141K [0x0000000084c00000, 0x0000000100000000)
  region size 1024K, 19 young (19456K), 1 survivors (1024K)
 Metaspace       used 30378K, committed 30848K, reserved 1114112K
  class space    used 3745K, committed 3968K, reserved 1048576K
}
Event: 2.323 GC heap after
{Heap after GC invocations=7 (full 0):
 garbage-first heap   total 48128K, used 16724K [0x0000000084c00000, 0x0000000100000000)
  region size 1024K, 2 young (2048K), 2 survivors (2048K)
 Metaspace       used 30378K, committed 30848K, reserved 1114112K
  class space    used 3745K, committed 3968K, reserved 1048576K
}
Event: 2.758 GC heap before
{Heap before GC invocations=7 (full 0):
 garbage-first heap   total 48128K, used 31060K [0x0000000084c00000, 0x0000000100000000)
  region size 1024K, 18 young (18432K), 2 survivors (2048K)
 Metaspace       used 35418K, committed 35968K, reserved 1114112K
  class space    used 4455K, committed 4736K, reserved 1048576K
}
Event: 2.761 GC heap after
{Heap after GC invocations=8 (full 0):
 garbage-first heap   total 48128K, used 17700K [0x0000000084c00000, 0x0000000100000000)
  region size 1024K, 3 young (3072K), 3 survivors (3072K)
 Metaspace       used 35418K, committed 35968K, reserved 1114112K
  class space    used 4455K, committed 4736K, reserved 1048576K
}
Event: 3.101 GC heap before
{Heap before GC invocations=9 (full 0):
 garbage-first heap   total 48128K, used 36132K [0x0000000084c00000, 0x0000000100000000)
  region size 1024K, 21 young (21504K), 3 survivors (3072K)
 Metaspace       used 40688K, committed 41216K, reserved 1114112K
  class space    used 5132K, committed 5376K, reserved 1048576K
}
Event: 3.104 GC heap after
{Heap after GC invocations=10 (full 0):
 garbage-first heap   total 48128K, used 18929K [0x0000000084c00000, 0x0000000100000000)
  region size 1024K, 3 young (3072K), 3 survivors (3072K)
 Metaspace       used 40688K, committed 41216K, reserved 1114112K
  class space    used 5132K, committed 5376K, reserved 1048576K
}

Dll operation events (13 events):
Event: 0.005 Loaded shared library C:\Program Files\Java\jdk-19\bin\java.dll
Event: 0.013 Loaded shared library C:\Program Files\Java\jdk-19\bin\jsvml.dll
Event: 0.068 Loaded shared library C:\Program Files\Java\jdk-19\bin\zip.dll
Event: 0.070 Loaded shared library C:\Program Files\Java\jdk-19\bin\instrument.dll
Event: 0.075 Loaded shared library C:\Program Files\Java\jdk-19\bin\net.dll
Event: 0.076 Loaded shared library C:\Program Files\Java\jdk-19\bin\nio.dll
Event: 0.079 Loaded shared library C:\Program Files\Java\jdk-19\bin\zip.dll
Event: 0.134 Loaded shared library C:\Program Files\Java\jdk-19\bin\extnet.dll
Event: 0.155 Loaded shared library C:\Program Files\Java\jdk-19\bin\jimage.dll
Event: 0.611 Loaded shared library C:\Program Files\Java\jdk-19\bin\verify.dll
Event: 2.015 Loaded shared library C:\Program Files\Java\jdk-19\bin\sunmscapi.dll
Event: 2.036 Loaded shared library C:\Program Files\Java\jdk-19\bin\management.dll
Event: 2.037 Loaded shared library C:\Program Files\Java\jdk-19\bin\management_ext.dll

Deoptimization events (20 events):
Event: 2.920 Thread 0x00000186dc9f3f10 DEOPT PACKING pc=0x00000186c289661e sp=0x0000006d5d9fded0
Event: 2.920 Thread 0x00000186dc9f3f10 DEOPT UNPACKING pc=0x00000186c965b0e3 sp=0x0000006d5d9fd328 mode 0
Event: 2.921 Thread 0x00000186dc9f3f10 DEOPT PACKING pc=0x00000186c289661e sp=0x0000006d5d9fdf00
Event: 2.921 Thread 0x00000186dc9f3f10 DEOPT UNPACKING pc=0x00000186c965b0e3 sp=0x0000006d5d9fd358 mode 0
Event: 2.921 Thread 0x00000186dc9f3f10 DEOPT PACKING pc=0x00000186c289661e sp=0x0000006d5d9fded0
Event: 2.921 Thread 0x00000186dc9f3f10 DEOPT UNPACKING pc=0x00000186c965b0e3 sp=0x0000006d5d9fd328 mode 0
Event: 2.921 Thread 0x00000186dc9f3f10 DEOPT PACKING pc=0x00000186c289661e sp=0x0000006d5d9fdf00
Event: 2.921 Thread 0x00000186dc9f3f10 DEOPT UNPACKING pc=0x00000186c965b0e3 sp=0x0000006d5d9fd358 mode 0
Event: 2.921 Thread 0x00000186dc9f3f10 DEOPT PACKING pc=0x00000186c289661e sp=0x0000006d5d9fded0
Event: 2.921 Thread 0x00000186dc9f3f10 DEOPT UNPACKING pc=0x00000186c965b0e3 sp=0x0000006d5d9fd328 mode 0
Event: 2.921 Thread 0x00000186dc9f3f10 DEOPT PACKING pc=0x00000186c289661e sp=0x0000006d5d9fdf00
Event: 2.921 Thread 0x00000186dc9f3f10 DEOPT UNPACKING pc=0x00000186c965b0e3 sp=0x0000006d5d9fd358 mode 0
Event: 2.921 Thread 0x00000186dc9f3f10 DEOPT PACKING pc=0x00000186c289661e sp=0x0000006d5d9fded0
Event: 2.921 Thread 0x00000186dc9f3f10 DEOPT UNPACKING pc=0x00000186c965b0e3 sp=0x0000006d5d9fd328 mode 0
Event: 2.962 Thread 0x00000186dc9f3f10 DEOPT PACKING pc=0x00000186c2871123 sp=0x0000006d5d9fe3c0
Event: 2.962 Thread 0x00000186dc9f3f10 DEOPT UNPACKING pc=0x00000186c965b0e3 sp=0x0000006d5d9fd898 mode 0
Event: 2.963 Thread 0x00000186dc9f3f10 Uncommon trap: trap_request=0xffffff45 fr.pc=0x00000186c9dce42c relative=0x000000000000408c
Event: 2.963 Thread 0x00000186dc9f3f10 Uncommon trap: reason=unstable_if action=reinterpret pc=0x00000186c9dce42c method=com.sun.crypto.provider.PBKDF2KeyImpl.deriveKey(Ljavax/crypto/Mac;[B[BII)[B @ 172 c2
Event: 2.963 Thread 0x00000186dc9f3f10 DEOPT PACKING pc=0x00000186c9dce42c sp=0x0000006d5d9fe350
Event: 2.963 Thread 0x00000186dc9f3f10 DEOPT UNPACKING pc=0x00000186c965a5a3 sp=0x0000006d5d9fe398 mode 2

Classes loaded (20 events):
Event: 2.977 Loading class java/util/stream/ReduceOps$1ReducingSink
Event: 2.977 Loading class java/util/stream/ReduceOps$1ReducingSink done
Event: 3.006 Loading class java/io/StringWriter
Event: 3.006 Loading class java/io/StringWriter done
Event: 3.021 Loading class javax/naming/RefAddr
Event: 3.021 Loading class javax/naming/RefAddr done
Event: 3.021 Loading class javax/naming/StringRefAddr
Event: 3.021 Loading class javax/naming/StringRefAddr done
Event: 3.043 Loading class java/util/concurrent/CompletionStage
Event: 3.043 Loading class java/util/concurrent/CompletionStage done
Event: 3.044 Loading class java/util/concurrent/CompletableFuture
Event: 3.046 Loading class java/util/concurrent/CompletableFuture done
Event: 3.047 Loading class java/util/concurrent/CompletableFuture$AltResult
Event: 3.047 Loading class java/util/concurrent/CompletableFuture$AltResult done
Event: 3.047 Loading class java/util/concurrent/CompletableFuture$Completion
Event: 3.047 Loading class java/util/concurrent/CompletableFuture$AsynchronousCompletionTask
Event: 3.047 Loading class java/util/concurrent/CompletableFuture$AsynchronousCompletionTask done
Event: 3.047 Loading class java/util/concurrent/CompletableFuture$Completion done
Event: 3.082 Loading class java/util/concurrent/CancellationException
Event: 3.082 Loading class java/util/concurrent/CancellationException done

Classes unloaded (0 events):
No events

Classes redefined (0 events):
No events

Internal exceptions (20 events):
Event: 2.043 Thread 0x00000186ba156950 Exception <a 'java/io/FileNotFoundException'{0x000000008c77e7c0}> (0x000000008c77e7c0) 
thrown [s\open\src\hotspot\share\prims\jni.cpp, line 517]
Event: 2.060 Thread 0x00000186ba156950 Exception <a 'java/lang/NoSuchMethodError'{0x0000000089bcfb38}: 'int java.lang.invoke.DirectMethodHandle$Holder.invokeInterface(java.lang.Object, java.lang.Object, java.lang.Object, java.lang.Object)'> (0x0000000089bcfb38) 
thrown [s\open\src\hotspot\share\interpreter\linkResolver.cpp, line 774]
Event: 2.097 Thread 0x00000186ba156950 Exception <a 'java/lang/NoSuchMethodError'{0x00000000899c4c48}: 'long java.lang.invoke.DirectMethodHandle$Holder.invokeVirtual(java.lang.Object, java.lang.Object)'> (0x00000000899c4c48) 
thrown [s\open\src\hotspot\share\interpreter\linkResolver.cpp, line 774]
Event: 2.136 Thread 0x00000186ba156950 Exception <a 'java/lang/NoSuchMethodError'{0x00000000871481d0}: 'java.lang.Object java.lang.invoke.DirectMethodHandle$Holder.newInvokeSpecial(java.lang.Object, java.lang.Object, java.lang.Object, java.lang.Object, java.lang.Object, java.lang.Object, java.lang.Object, java.lang.Object, java.lang.Object, java.lang.Object, java.lang.Object)'> (0x00000000871481d0) 
thrown [s\open\src\hotspot\share\interpreter\linkResolver.cpp, line 774]
Event: 2.212 Thread 0x00000186ba156950 Exception <a 'java/lang/NoSuchMethodError'{0x0000000086e2f870}: 'void java.lang.invoke.DelegatingMethodHandle$Holder.reinvoke_L(java.lang.Object, java.lang.Object, java.lang.Object, java.lang.Object, int, java.lang.Object, java.lang.Object, java.lang.Object)'> (0x0000000086e2f870) 
thrown [s\open\src\hotspot\share\interpreter\linkResolver.cpp, line 774]
Event: 2.525 Thread 0x00000186ba156950 Exception <a 'java/lang/NoSuchMethodError'{0x00000000870ed550}: method resolution failed> (0x00000000870ed550) 
thrown [s\open\src\hotspot\share\prims\methodHandles.cpp, line 1268]
Event: 2.533 Thread 0x00000186ba156950 Exception <a 'java/lang/NoSuchMethodError'{0x0000000086f38e68}: 'int java.lang.invoke.DirectMethodHandle$Holder.invokeStaticInit(java.lang.Object, java.lang.Object, java.lang.Object, java.lang.Object)'> (0x0000000086f38e68) 
thrown [s\open\src\hotspot\share\interpreter\linkResolver.cpp, line 774]
Event: 2.628 Thread 0x00000186ba156950 Exception <a 'sun/nio/fs/WindowsException'{0x0000000086d49dc0}> (0x0000000086d49dc0) 
thrown [s\open\src\hotspot\share\prims\jni.cpp, line 517]
Event: 2.696 Thread 0x00000186ba156950 Implicit null exception at 0x00000186c9dac072 to 0x00000186c9dac8e0
Event: 2.733 Thread 0x00000186ba156950 Implicit null exception at 0x00000186c9d974ec to 0x00000186c9d97598
Event: 2.788 Thread 0x00000186ba156950 Implicit null exception at 0x00000186c9d72033 to 0x00000186c9d72190
Event: 2.838 Thread 0x00000186ba156950 Exception <a 'java/lang/NoSuchMethodError'{0x0000000089aaca08}: 'java.lang.Object java.lang.invoke.DirectMethodHandle$Holder.invokeStaticInit(java.lang.Object, java.lang.Object, java.lang.Object, java.lang.Object)'> (0x0000000089aaca08) 
thrown [s\open\src\hotspot\share\interpreter\linkResolver.cpp, line 774]
Event: 2.912 Thread 0x00000186dc9f3f10 Implicit null exception at 0x00000186c9daaa38 to 0x00000186c9dab243
Event: 2.922 Thread 0x00000186ba156950 Exception <a 'java/lang/NoSuchMethodError'{0x00000000872ff528}: 'java.lang.Object java.lang.invoke.DirectMethodHandle$Holder.newInvokeSpecial(java.lang.Object, java.lang.Object, java.lang.Object, int)'> (0x00000000872ff528) 
thrown [s\open\src\hotspot\share\interpreter\linkResolver.cpp, line 774]
Event: 2.922 Thread 0x00000186ba156950 Exception <a 'java/lang/NoSuchMethodError'{0x000000008711b1b8}: 'java.lang.Object java.lang.invoke.DirectMethodHandle$Holder.invokeSpecial(java.lang.Object, java.lang.Object, java.lang.Object, java.lang.Object, int)'> (0x000000008711b1b8) 
thrown [s\open\src\hotspot\share\interpreter\linkResolver.cpp, line 774]
Event: 2.922 Thread 0x00000186ba156950 Exception <a 'java/lang/NoSuchMethodError'{0x000000008711e8d0}: 'java.lang.Object java.lang.invoke.Invokers$Holder.linkToTargetMethod(java.lang.Object, java.lang.Object, int, java.lang.Object)'> (0x000000008711e8d0) 
thrown [s\open\src\hotspot\share\interpreter\linkResolver.cpp, line 774]
Event: 2.998 Thread 0x00000186ba156950 Exception <a 'java/lang/NoSuchMethodError'{0x0000000086e1d088}: 'java.lang.Object java.lang.invoke.DirectMethodHandle$Holder.newInvokeSpecial(java.lang.Object, java.lang.Object, int)'> (0x0000000086e1d088) 
thrown [s\open\src\hotspot\share\interpreter\linkResolver.cpp, line 774]
Event: 3.155 Thread 0x00000186ba156950 Exception <a 'java/lang/NoSuchMethodError'{0x0000000089bd3260}: 'java.lang.Object java.lang.invoke.DirectMethodHandle$Holder.invokeStatic(java.lang.Object, java.lang.Object, int, java.lang.Object)'> (0x0000000089bd3260) 
thrown [s\open\src\hotspot\share\interpreter\linkResolver.cpp, line 774]
Event: 3.155 Thread 0x00000186ba156950 Exception <a 'java/lang/NoSuchMethodError'{0x0000000089bd6d00}: 'java.lang.Object java.lang.invoke.DirectMethodHandle$Holder.invokeStaticInit(java.lang.Object, java.lang.Object, int, java.lang.Object)'> (0x0000000089bd6d00) 
thrown [s\open\src\hotspot\share\interpreter\linkResolver.cpp, line 774]
Event: 3.177 Thread 0x00000186ba156950 Exception <a 'java/lang/IncompatibleClassChangeError'{0x0000000089928b50}: Found class java.lang.Object, but interface was expected> (0x0000000089928b50) 
thrown [s\open\src\hotspot\share\interpreter\linkResolver.cpp, line 841]

VM Operations (20 events):
Event: 2.252 Executing VM operation: HandshakeAllThreads
Event: 2.252 Executing VM operation: HandshakeAllThreads done
Event: 2.311 Executing VM operation: ICBufferFull
Event: 2.311 Executing VM operation: ICBufferFull done
Event: 2.320 Executing VM operation: G1CollectForAllocation
Event: 2.323 Executing VM operation: G1CollectForAllocation done
Event: 2.625 Executing VM operation: HandshakeAllThreads
Event: 2.625 Executing VM operation: HandshakeAllThreads done
Event: 2.629 Executing VM operation: HandshakeAllThreads
Event: 2.629 Executing VM operation: HandshakeAllThreads done
Event: 2.633 Executing VM operation: HandshakeAllThreads
Event: 2.633 Executing VM operation: HandshakeAllThreads done
Event: 2.758 Executing VM operation: CollectForMetadataAllocation
Event: 2.761 Executing VM operation: CollectForMetadataAllocation done
Event: 2.774 Executing VM operation: G1PauseRemark
Event: 2.777 Executing VM operation: G1PauseRemark done
Event: 2.782 Executing VM operation: G1PauseCleanup
Event: 2.783 Executing VM operation: G1PauseCleanup done
Event: 3.101 Executing VM operation: G1CollectForAllocation
Event: 3.104 Executing VM operation: G1CollectForAllocation done

Events (20 events):
Event: 0.023 Thread 0x00000186d879ff40 Thread added: 0x00000186d879ff40
Event: 0.023 Thread 0x00000186d87a0960 Thread added: 0x00000186d87a0960
Event: 0.023 Thread 0x00000186d87a1660 Thread added: 0x00000186d87a1660
Event: 0.024 Thread 0x00000186d87a7490 Thread added: 0x00000186d87a7490
Event: 0.024 Thread 0x00000186d87b1e00 Thread added: 0x00000186d87b1e00
Event: 0.024 Thread 0x00000186d87bf680 Thread added: 0x00000186d87bf680
Event: 0.053 Thread 0x00000186dc9f2f20 Thread added: 0x00000186dc9f2f20
Event: 0.069 Thread 0x00000186dca64b40 Thread added: 0x00000186dca64b40
Event: 0.097 Thread 0x00000186dcaa3cd0 Thread added: 0x00000186dcaa3cd0
Event: 0.128 Thread 0x00000186dc9f29d0 Thread added: 0x00000186dc9f29d0
Event: 0.128 Thread 0x00000186dc9f3470 Thread added: 0x00000186dc9f3470
Event: 0.562 Thread 0x00000186dc9f2480 Thread added: 0x00000186dc9f2480
Event: 0.743 Thread 0x00000186dc9f2480 Thread exited: 0x00000186dc9f2480
Event: 0.773 Thread 0x00000186dc9f0f40 Thread added: 0x00000186dc9f0f40
Event: 0.787 Thread 0x00000186dc9f0f40 Thread exited: 0x00000186dc9f0f40
Event: 2.105 Thread 0x00000186dc9f09f0 Thread added: 0x00000186dc9f09f0
Event: 2.105 Thread 0x00000186dc9f2480 Thread added: 0x00000186dc9f2480
Event: 2.108 Thread 0x00000186dc9f39c0 Thread added: 0x00000186dc9f39c0
Event: 2.788 Thread 0x00000186dc9f0f40 Thread added: 0x00000186dc9f0f40
Event: 2.891 Thread 0x00000186dc9f3f10 Thread added: 0x00000186dc9f3f10


Dynamic libraries:
0x00007ff6c5150000 - 0x00007ff6c5160000 	C:\Program Files\Java\jdk-19\bin\java.exe
0x00007ffd67c30000 - 0x00007ffd67e25000 	C:\Windows\SYSTEM32\ntdll.dll
0x00007ffd670f0000 - 0x00007ffd671ae000 	C:\Windows\System32\KERNEL32.DLL
0x00007ffd659b0000 - 0x00007ffd65c79000 	C:\Windows\System32\KERNELBASE.dll
0x00007ffd655e0000 - 0x00007ffd656e0000 	C:\Windows\System32\ucrtbase.dll
0x00007ffd47f10000 - 0x00007ffd47f2b000 	C:\Program Files\Java\jdk-19\bin\VCRUNTIME140.dll
0x00007ffd4d620000 - 0x00007ffd4d638000 	C:\Program Files\Java\jdk-19\bin\jli.dll
0x00007ffd65db0000 - 0x00007ffd65e5c000 	C:\Windows\System32\ADVAPI32.dll
0x00007ffd67660000 - 0x00007ffd676fe000 	C:\Windows\System32\msvcrt.dll
0x00007ffd67a80000 - 0x00007ffd67b1b000 	C:\Windows\System32\sechost.dll
0x00007ffd65c80000 - 0x00007ffd65daa000 	C:\Windows\System32\RPCRT4.dll
0x00007ffd66e10000 - 0x00007ffd66fb1000 	C:\Windows\System32\USER32.dll
0x00007ffd65980000 - 0x00007ffd659a2000 	C:\Windows\System32\win32u.dll
0x00007ffd4d340000 - 0x00007ffd4d5da000 	C:\Windows\WinSxS\amd64_microsoft.windows.common-controls_6595b64144ccf1df_6.0.19041.1110_none_60b5254171f9507e\COMCTL32.dll
0x00007ffd671e0000 - 0x00007ffd6720b000 	C:\Windows\System32\GDI32.dll
0x00007ffd65350000 - 0x00007ffd6545b000 	C:\Windows\System32\gdi32full.dll
0x00007ffd654f0000 - 0x00007ffd6558d000 	C:\Windows\System32\msvcp_win.dll
0x00007ffd5e9a0000 - 0x00007ffd5e9aa000 	C:\Windows\SYSTEM32\VERSION.dll
0x00007ffd671b0000 - 0x00007ffd671e0000 	C:\Windows\System32\IMM32.DLL
0x00007ffd60b40000 - 0x00007ffd60b4c000 	C:\Program Files\Java\jdk-19\bin\vcruntime140_1.dll
0x00007ffd21b90000 - 0x00007ffd21c1e000 	C:\Program Files\Java\jdk-19\bin\msvcp140.dll
0x00007ffd022f0000 - 0x00007ffd02fb0000 	C:\Program Files\Java\jdk-19\bin\server\jvm.dll
0x00007ffd548a0000 - 0x00007ffd548c7000 	C:\Windows\SYSTEM32\WINMM.dll
0x00007ffd4bf80000 - 0x00007ffd4bf89000 	C:\Windows\SYSTEM32\WSOCK32.dll
0x00007ffd67290000 - 0x00007ffd672fb000 	C:\Windows\System32\WS2_32.dll
0x00007ffd63c20000 - 0x00007ffd63c32000 	C:\Windows\SYSTEM32\kernel.appcore.dll
0x00007ffd60b00000 - 0x00007ffd60b0a000 	C:\Program Files\Java\jdk-19\bin\jimage.dll
0x00007ffd63140000 - 0x00007ffd63324000 	C:\Windows\SYSTEM32\DBGHELP.DLL
0x00007ffd4cc60000 - 0x00007ffd4cc8c000 	C:\Windows\SYSTEM32\dbgcore.DLL
0x00007ffd65460000 - 0x00007ffd654e3000 	C:\Windows\System32\bcryptPrimitives.dll
0x00007ffd53140000 - 0x00007ffd5314e000 	C:\Program Files\Java\jdk-19\bin\instrument.dll
0x00007ffd3aa10000 - 0x00007ffd3aa36000 	C:\Program Files\Java\jdk-19\bin\java.dll
0x00007ffd1a8d0000 - 0x00007ffd1a9a7000 	C:\Program Files\Java\jdk-19\bin\jsvml.dll
0x00007ffd665c0000 - 0x00007ffd66cff000 	C:\Windows\System32\SHELL32.dll
0x00007ffd63430000 - 0x00007ffd63bc0000 	C:\Windows\SYSTEM32\windows.storage.dll
0x00007ffd67300000 - 0x00007ffd67655000 	C:\Windows\System32\combase.dll
0x00007ffd64da0000 - 0x00007ffd64dcc000 	C:\Windows\SYSTEM32\Wldp.dll
0x00007ffd65e60000 - 0x00007ffd65f0e000 	C:\Windows\System32\SHCORE.dll
0x00007ffd67940000 - 0x00007ffd67995000 	C:\Windows\System32\shlwapi.dll
0x00007ffd65290000 - 0x00007ffd652af000 	C:\Windows\SYSTEM32\profapi.dll
0x00007ffd3af40000 - 0x00007ffd3af58000 	C:\Program Files\Java\jdk-19\bin\zip.dll
0x00007ffd43940000 - 0x00007ffd43953000 	C:\Program Files\Java\jdk-19\bin\net.dll
0x00007ffd52bb0000 - 0x00007ffd52cb8000 	C:\Windows\SYSTEM32\WINHTTP.dll
0x00007ffd64b00000 - 0x00007ffd64b6a000 	C:\Windows\system32\mswsock.dll
0x00007ffd410c0000 - 0x00007ffd410d6000 	C:\Program Files\Java\jdk-19\bin\nio.dll
0x00007ffd60a20000 - 0x00007ffd60a28000 	C:\Program Files\Java\jdk-19\bin\extnet.dll
0x00007ffd53280000 - 0x00007ffd53290000 	C:\Program Files\Java\jdk-19\bin\verify.dll
0x00007ffd64cf0000 - 0x00007ffd64d08000 	C:\Windows\SYSTEM32\CRYPTSP.dll
0x00007ffd64410000 - 0x00007ffd64444000 	C:\Windows\system32\rsaenh.dll
0x00007ffd658f0000 - 0x00007ffd65917000 	C:\Windows\System32\bcrypt.dll
0x00007ffd65210000 - 0x00007ffd6523e000 	C:\Windows\SYSTEM32\USERENV.dll
0x00007ffd64d10000 - 0x00007ffd64d1c000 	C:\Windows\SYSTEM32\CRYPTBASE.dll
0x00007ffd64780000 - 0x00007ffd647bb000 	C:\Windows\SYSTEM32\IPHLPAPI.DLL
0x00007ffd678d0000 - 0x00007ffd678d8000 	C:\Windows\System32\NSI.dll
0x00007ffd5b220000 - 0x00007ffd5b237000 	C:\Windows\SYSTEM32\dhcpcsvc6.DLL
0x00007ffd5b200000 - 0x00007ffd5b21d000 	C:\Windows\SYSTEM32\dhcpcsvc.DLL
0x00007ffd647c0000 - 0x00007ffd6488c000 	C:\Windows\SYSTEM32\DNSAPI.dll
0x00007ffd43920000 - 0x00007ffd4392e000 	C:\Program Files\Java\jdk-19\bin\sunmscapi.dll
0x00007ffd65790000 - 0x00007ffd658e6000 	C:\Windows\System32\CRYPT32.dll
0x00007ffd64e10000 - 0x00007ffd64e37000 	C:\Windows\SYSTEM32\ncrypt.dll
0x00007ffd64dd0000 - 0x00007ffd64e0b000 	C:\Windows\SYSTEM32\NTASN1.dll
0x00007ffd4ac00000 - 0x00007ffd4ac0a000 	C:\Program Files\Java\jdk-19\bin\management.dll
0x00007ffd47f00000 - 0x00007ffd47f0b000 	C:\Program Files\Java\jdk-19\bin\management_ext.dll
0x00007ffd67820000 - 0x00007ffd67828000 	C:\Windows\System32\PSAPI.DLL
0x00007ffd590b0000 - 0x00007ffd590ba000 	C:\Windows\System32\rasadhlp.dll
0x00007ffd52b30000 - 0x00007ffd52baf000 	C:\Windows\System32\fwpuclnt.dll

dbghelp: loaded successfully - version: 4.0.5 - missing functions: none
symbol engine: initialized successfully - sym options: 0x614 - pdb path: .;C:\Program Files\Java\jdk-19\bin;C:\Windows\SYSTEM32;C:\Windows\WinSxS\amd64_microsoft.windows.common-controls_6595b64144ccf1df_6.0.19041.1110_none_60b5254171f9507e;C:\Program Files\Java\jdk-19\bin\server

VM Arguments:
jvm_args: -javaagent:C:\Users\Жанарбай\AppData\Local\JetBrains\IntelliJ IDEA Community Edition 2022.3.2\lib\idea_rt.jar=61551:C:\Users\Жанарбай\AppData\Local\JetBrains\IntelliJ IDEA Community Edition 2022.3.2\bin -Dfile.encoding=UTF-8 -Dsun.stdout.encoding=UTF-8 -Dsun.stderr.encoding=UTF-8 
java_command: com.example.demo1.Application
java_class_path (initial): C:\Users\Жанарбай\Desktop\frameworks\SPRING\demo1\demo1\target\classes;C:\Users\Жанарбай\.m2\repository\org\springframework\boot\spring-boot-starter-data-jpa\3.0.5\spring-boot-starter-data-jpa-3.0.5.jar;C:\Users\Жанарбай\.m2\repository\org\springframework\boot\spring-boot-starter-aop\3.0.5\spring-boot-starter-aop-3.0.5.jar;C:\Users\Жанарбай\.m2\repository\org\springframework\spring-aop\6.0.7\spring-aop-6.0.7.jar;C:\Users\Жанарбай\.m2\repository\org\aspectj\aspectjweaver\1.9.19\aspectjweaver-1.9.19.jar;C:\Users\Жанарбай\.m2\repository\org\springframework\boot\spring-boot-starter-jdbc\3.0.5\spring-boot-starter-jdbc-3.0.5.jar;C:\Users\Жанарбай\.m2\repository\com\zaxxer\HikariCP\5.0.1\HikariCP-5.0.1.jar;C:\Users\Жанарбай\.m2\repository\org\springframework\spring-jdbc\6.0.7\spring-jdbc-6.0.7.jar;C:\Users\Жанарбай\.m2\repository\org\hibernate\orm\hibernate-core\6.1.7.Final\hibernate-core-6.1.7.Final.jar;C:\Users\Жанарбай\.m2\repository\jakarta\persistence\jakarta.persistence-api\3.1.0\jakarta.persistence-api-3.1.0.jar;C:\Users\Жанарбай\.m2\repository\jakarta\transaction\jakarta.transaction-api\2.0.1\jakarta.transaction-api-2.0.1.jar;C:\Users\Жанарбай\.m2\repository\org\jboss\logging\jboss-logging\3.5.0.Final\jboss-logging-3.5.0.Final.jar;C:\Users\Жанарбай\.m2\repository\org\hibernate\common\hibernate-commons-annotations\6.0.6.Final\hibernate-commons-annotations-6.0.6.Final.jar;C:\Users\Жанарбай\.m2\repository\org\jboss\jandex\2.4.2.Final\jandex-2.4.2.Final.jar;C:\Users\Жанарбай\.m2\repository\com\fasterxml\classmate\1.5.1\classmate-1.5.1.jar;C:\Users\Жанарбай\.m2\repository\net\bytebuddy\byte-buddy\1.12.23\byte-buddy-1.12.23.jar;C:\Users\Жанарбай\.m2\repository\org\glassfish\jaxb\jaxb-runtime\4.0.2\jaxb-runtime-4.0.2.jar;C:\Users\Жанарбай\.m2\repository\org\glassfish\jaxb\jaxb-core\4.0.2\jaxb-core-4.0.2.jar;C:\Users\Жанарбай\.m2\repository\org\eclipse\angus\angus-activation\2.0.0\angus-activation-2.0.0.jar;C:\Users\Жанарбай\.m2\repository\org\glassfish\jaxb\txw2\4.0.2\txw2-4.0.2.jar;C:\Users\Жанарбай\.m2\repository\com\sun\istack\istack-commons-runtime\4.1.1\istack-commons-runtime-4.1.1.jar;C:\Users\Жанарбай\.m2\repository\jakarta\inject\jakarta.inject-api\2.0.0\jakarta.inject-api-2.0.0.jar;C:\Users\Жанарбай\.m2\repository\org\antlr\antlr4-runtime\4.10.1\antlr4-runtime-4.10.1.jar;C:\Users\Жанарбай\.m2\repository\org\springframework\data\spring-data-jpa\3.0.4\spring-data-jpa-3.0.4.jar;C:\Users\Жанарбай\.m2\repository\org\springframework\data\spring-data-commons\3.0.4\spring-data-commons-3.0.4.jar;C:\Users\Жанарбай\.m2\repository\org\springframework\spring-orm\6.0.7\spring-orm-6.0.7.jar;C:\Users\Жанарбай\.m2\repository\org\springframework\spring-context\6.0.7\spring-context-6.0.7.jar;C:\Users\Жанарбай\.m2\repository\org\springframework\spring-tx\6.0.7\spring-tx-6.0.7.jar;C:\Users\Жанарбай\.m2\repository\org\springframework\spring-beans\6.0.7\spring-beans-6.0.7.jar;C:\Users\Жанарбай\.m2\repository\jakarta\annotation\jakarta.annotation-api\2.1.1\jakarta.annotation-api-2.1.1.jar;C:\Users\Жанарбай\.m2\repository\org\slf4j\slf4j-api\2.0.7\slf4j-api-2.0.7.jar;C:\Users\Жанарбай\.m2\repository\org\springframework\spring-aspects\6.0.7\spring-aspects-6.0.7.jar;C:\Users\Жанарбай\.m2\repository\org\springframework\boot\spring-boot-starter-thymeleaf\3.0.5\spring-boot-starter-thymeleaf-3.0.5.jar;C:\Users\Жанарбай\.m2\repository\org\springframework\boot\spring-boot-starter\3.0.5\spring-boot-starter-3.0.5.jar;C:\Users\Жанарбай\.m2\repository\org\springframework\boot\spring-boot\3.0.5\spring-boot-3.0.5.jar;C:\Users\Жанарбай\.m2\repository\org\springframework\boot\spring-boot-autoconfigure\3.0.5\spring-boot-autoconfigure-3.0.5.jar;C:\Users\Жанарбай\.m2\repository\org\springframework\boot\spring-boot-starter-logging\3.0.5\spring-boot-starter-logging-3.0.5.jar;C:\Users\Жанарбай\.m2\repository\ch\qos\logback\logback-classic\1.4.6\logback-classic-1.4.6.jar;C:\Users\Жанарбай\.m2\repository\ch\qos\logback\logback-core\1.4.6\logback-core-1.4.6.jar;C:\Users\Жанарбай\.m2\repository\org\apache\logging\log4j\log4j-to-slf4j\2.19.0\log4j-to-slf4j-2.19.0.jar;C:\Users\Жанарбай\.m2\repository\org\apache\logging\log4j\log4j-api\2.19.0\log4j-api-2.19.0.jar;C:\Users\Жанарбай\.m2\repository\org\slf4j\jul-to-slf4j\2.0.7\jul-to-slf4j-2.0.7.jar;C:\Users\Жанарбай\.m2\repository\org\yaml\snakeyaml\1.33\snakeyaml-1.33.jar;C:\Users\Жанарбай\.m2\repository\org\thymeleaf\thymeleaf-spring6\3.1.1.RELEASE\thymeleaf-spring6-3.1.1.RELEASE.jar;C:\Users\Жанарбай\.m2\repository\org\thymeleaf\thymeleaf\3.1.1.RELEASE\thymeleaf-3.1.1.RELEASE.jar;C:\Users\Жанарбай\.m2\repository\org\attoparser\attoparser\2.0.6.RELEASE\attoparser-2.0.6.RELEASE.jar;C:\Users\Жанарбай\.m2\repository\org\unbescape\unbescape\1.1.6.RELEASE\unbescape-1.1.6.RELEASE.jar;C:\Users\Жанарбай\.m2\repository\org\springframework\boot\spring-boot-starter-web\3.0.5\spring-boot-starter-web-3.0.5.jar;C:\Users\Жанарбай\.m2\repository\org\springframework\boot\spring-boot-starter-json\3.0.5\spring-boot-starter-json-3.0.5.jar;C:\Users\Жанарбай\.m2\repository\com\fasterxml\jackson\core\jackson-databind\2.14.2\jackson-databind-2.14.2.jar;C:\Users\Жанарбай\.m2\repository\com\fasterxml\jackson\core\jackson-annotations\2.14.2\jackson-annotations-2.14.2.jar;C:\Users\Жанарбай\.m2\repository\com\fasterxml\jackson\core\jackson-core\2.14.2\jackson-core-2.14.2.jar;C:\Users\Жанарбай\.m2\repository\com\fasterxml\jackson\datatype\jackson-datatype-jdk8\2.14.2\jackson-datatype-jdk8-2.14.2.jar;C:\Users\Жанарбай\.m2\repository\com\fasterxml\jackson\datatype\jackson-datatype-jsr310\2.14.2\jackson-datatype-jsr310-2.14.2.jar;C:\Users\Жанарбай\.m2\repository\com\fasterxml\jackson\module\jackson-module-parameter-names\2.14.2\jackson-module-parameter-names-2.14.2.jar;C:\Users\Жанарбай\.m2\repository\org\springframework\boot\spring-boot-starter-tomcat\3.0.5\spring-boot-starter-tomcat-3.0.5.jar;C:\Users\Жанарбай\.m2\repository\org\apache\tomcat\embed\tomcat-embed-core\10.1.7\tomcat-embed-core-10.1.7.jar;C:\Users\Жанарбай\.m2\repository\org\apache\tomcat\embed\tomcat-embed-el\10.1.7\tomcat-embed-el-10.1.7.jar;C:\Users\Жанарбай\.m2\repository\org\apache\tomcat\embed\tomcat-embed-websocket\10.1.7\tomcat-embed-websocket-10.1.7.jar;C:\Users\Жанарбай\.m2\repository\org\springframework\spring-web\6.0.7\spring-web-6.0.7.jar;C:\Users\Жанарбай\.m2\repository\io\micrometer\micrometer-observation\1.10.5\micrometer-observation-1.10.5.jar;C:\Users\Жанарбай\.m2\repository\io\micrometer\micrometer-commons\1.10.5\micrometer-commons-1.10.5.jar;C:\Users\Жанарбай\.m2\repository\org\springframework\spring-webmvc\6.0.7\spring-webmvc-6.0.7.jar;C:\Users\Жанарбай\.m2\repository\org\springframework\spring-expression\6.0.7\spring-expression-6.0.7.jar;C:\Users\Жанарбай\.m2\repository\org\postgresql\postgresql\42.5.4\postgresql-42.5.4.jar;C:\Users\Жанарбай\.m2\repository\org\checkerframework\checker-qual\3.5.0\checker-qual-3.5.0.jar;C:\Users\Жанарбай\.m2\repository\jakarta\xml\bind\jakarta.xml.bind-api\4.0.0\jakarta.xml.bind-api-4.0.0.jar;C:\Users\Жанарбай\.m2\repository\jakarta\activation\jakarta.activation-api\2.1.1\jakarta.activation-api-2.1.1.jar;C:\Users\Жанарбай\.m2\repository\org\springframework\spring-core\6.0.7\spring-core-6.0.7.jar;C:\Users\Жанарбай\.m2\repository\org\springframework\spring-jcl\6.0.7\spring-jcl-6.0.7.jar
Launcher Type: SUN_STANDARD

[Global flags]
     intx CICompilerCount                          = 4                                         {product} {ergonomic}
     uint ConcGCThreads                            = 2                                         {product} {ergonomic}
     uint G1ConcRefinementThreads                  = 8                                         {product} {ergonomic}
   size_t G1HeapRegionSize                         = 1048576                                   {product} {ergonomic}
    uintx GCDrainStackTargetSize                   = 64                                        {product} {ergonomic}
   size_t InitialHeapSize                          = 130023424                                 {product} {ergonomic}
   size_t MarkStackSize                            = 4194304                                   {product} {ergonomic}
   size_t MaxHeapSize                              = 2067791872                                {product} {ergonomic}
   size_t MaxNewSize                               = 1240465408                                {product} {ergonomic}
   size_t MinHeapDeltaBytes                        = 1048576                                   {product} {ergonomic}
   size_t MinHeapSize                              = 8388608                                   {product} {ergonomic}
    uintx NonNMethodCodeHeapSize                   = 5839372                                {pd product} {ergonomic}
    uintx NonProfiledCodeHeapSize                  = 122909434                              {pd product} {ergonomic}
    uintx ProfiledCodeHeapSize                     = 122909434                              {pd product} {ergonomic}
    uintx ReservedCodeCacheSize                    = 251658240                              {pd product} {ergonomic}
     bool SegmentedCodeCache                       = true                                      {product} {ergonomic}
   size_t SoftMaxHeapSize                          = 2067791872                             {manageable} {ergonomic}
     bool UseCompressedClassPointers               = true                           {product lp64_product} {ergonomic}
     bool UseCompressedOops                        = true                           {product lp64_product} {ergonomic}
     bool UseG1GC                                  = true                                      {product} {ergonomic}
     bool UseLargePagesIndividualAllocation        = false                                  {pd product} {ergonomic}

Logging:
Log output configuration:
 #0: stdout all=warning uptime,level,tags foldmultilines=false
 #1: stderr all=off uptime,level,tags foldmultilines=false

Environment Variables:
JAVA_HOME=C:\Program Files\Java\jdk-19
PATH=C:\Program Files\Common Files\Oracle\Java\javapath;C:\Windows\system32;C:\Windows;C:\Windows\System32\Wbem;C:\Windows\System32\WindowsPowerShell\v1.0\;C:\Program Files\Git\cmd;C:\Program Files\Java\jdk-19\bin;C:\Program Files\MySQL\MySQL Shell 8.0\bin\;C:\Users\Жанарбай\AppData\Local\Microsoft\WindowsApps;C:\Users\Жанарбай\AppData\Local\Programs\Microsoft VS Code\bin;C:\Program Files\JetBrains\PyCharm Community Edition 2022.2.3\bin;;C:\Users\Жанарбай\AppData\Local\GitHubDesktop\bin
USERNAME=Жанарбай
OS=Windows_NT
PROCESSOR_IDENTIFIER=Intel64 Family 6 Model 140 Stepping 1, GenuineIntel
TMP=C:\Users\46FB~1\AppData\Local\Temp
TEMP=C:\Users\46FB~1\AppData\Local\Temp



---------------  S Y S T E M  ---------------

OS:
 Windows 10 , 64 bit Build 19041 (10.0.19041.1202)
OS uptime: 0 days 7:20 hours

CPU: total 8 (initial active 8) (4 cores per cpu, 2 threads per core) family 6 model 140 stepping 1 microcode 0xa4, cx8, cmov, fxsr, ht, mmx, 3dnowpref, sse, sse2, sse3, ssse3, sse4.1, sse4.2, popcnt, lzcnt, tsc, tscinvbit, avx, avx2, aes, erms, clmul, bmi1, bmi2, adx, avx512f, avx512dq, avx512cd, avx512bw, avx512vl, sha, fma, vzeroupper, avx512_vpopcntdq, avx512_vpclmulqdq, avx512_vaes, avx512_vnni, clflush, clflushopt, clwb, avx512_vbmi2, avx512_vbmi, rdtscp, rdpid, fsrm, gfni, avx512_bitalg

Memory: 4k page, system-wide physical 7883M (419M free)
TotalPageFile size 7883M (AvailPageFile size 6M)
current process WorkingSet (physical memory assigned to process): 215M, peak: 222M
current process commit charge ("private bytes"): 257M, peak: 268M

vm_info: Java HotSpot(TM) 64-Bit Server VM (19.0.2+7-44) for windows-amd64 JRE (19.0.2+7-44), built on 2022-11-30T18:02:09Z by "mach5one" with MS VC++ 17.1 (VS2022)

END.
