#
# There is insufficient memory for the Java Runtime Environment to continue.
# Native memory allocation (mmap) failed to map 17825792 bytes for G1 virtual space
# Possible reasons:
#   The system is out of physical RAM or swap space
#   The process is running with CompressedOops enabled, and the Java Heap may be blocking the growth of the native heap
# Possible solutions:
#   Reduce memory load on the system
#   Increase physical memory or swap space
#   Check if swap backing store is full
#   Decrease Java heap size (-Xmx/-Xms)
#   Decrease number of Java threads
#   Decrease Java thread stack sizes (-Xss)
#   Set larger code cache with -XX:ReservedCodeCacheSize=
#   JVM is running with Unscaled Compressed Oops mode in which the Java heap is
#     placed in the first 4GB address space. The Java Heap base address is the
#     maximum limit for the native heap growth. Please use -XX:HeapBaseMinAddress
#     to set the Java Heap base and to place the Java Heap above 4GB virtual address.
# This output file may be truncated or incomplete.
#
#  Out of Memory Error (os_windows.cpp:3536), pid=9368, tid=5960
#
# JRE version: Java(TM) SE Runtime Environment (19.0.2+7) (build 19.0.2+7-44)
# Java VM: Java HotSpot(TM) 64-Bit Server VM (19.0.2+7-44, mixed mode, sharing, tiered, compressed oops, compressed class ptrs, g1 gc, windows-amd64)
# No core dump will be written. Minidumps are not enabled by default on client versions of Windows
#

---------------  S U M M A R Y ------------

Command Line: -agentlib:jdwp=transport=dt_socket,address=127.0.0.1:51309,suspend=y,server=n -javaagent:C:\Users\Жанарбай\AppData\Local\JetBrains\IdeaIC2022.3\captureAgent\debugger-agent.jar -Dfile.encoding=UTF-8 -Dsun.stdout.encoding=UTF-8 -Dsun.stderr.encoding=UTF-8 com.example.demo1.Application

Host: 11th Gen Intel(R) Core(TM) i7-1165G7 @ 2.80GHz, 8 cores, 7G,  Windows 10 , 64 bit Build 19041 (10.0.19041.1202)
Time: Sat Apr 15 21:38:00 2023  Windows 10 , 64 bit Build 19041 (10.0.19041.1202) elapsed time: 3.409249 seconds (0d 0h 0m 3s)

---------------  T H R E A D  ---------------

Current thread (0x00000297fdc285b0):  VMThread "VM Thread" [stack: 0x000000d615300000,0x000000d615400000] [id=5960]

Stack: [0x000000d615300000,0x000000d615400000]
Native frames: (J=compiled Java code, j=interpreted, Vv=VM code, C=native code)
V  [jvm.dll+0x6ee21a]
V  [jvm.dll+0x85765e]
V  [jvm.dll+0x85904e]
V  [jvm.dll+0x859703]
V  [jvm.dll+0x28298f]
V  [jvm.dll+0x6eb009]
V  [jvm.dll+0x6dfbaa]
V  [jvm.dll+0x3573f6]
V  [jvm.dll+0x35ee56]
V  [jvm.dll+0x3b541e]
V  [jvm.dll+0x3b564f]
V  [jvm.dll+0x32c9ea]
V  [jvm.dll+0x32ca97]
V  [jvm.dll+0x374cd2]
V  [jvm.dll+0x37340f]
V  [jvm.dll+0x32c210]
V  [jvm.dll+0x3729ab]
V  [jvm.dll+0x85ebc3]
V  [jvm.dll+0x85f989]
V  [jvm.dll+0x85febd]
V  [jvm.dll+0x86034b]
V  [jvm.dll+0x860407]
V  [jvm.dll+0x80125a]
V  [jvm.dll+0x6ecf0b]
C  [ucrtbase.dll+0x21bb2]
C  [KERNEL32.DLL+0x17034]
C  [ntdll.dll+0x52651]

VM_Operation (0x000000d614df1c70): G1CollectForAllocation, mode: safepoint, requested by thread 0x00000297dd6a9b10


---------------  P R O C E S S  ---------------

Threads class SMR info:
_java_thread_list=0x0000029784945520, length=21, elements={
0x00000297dd6a9b10, 0x00000297fdc46350, 0x00000297fdc46f40, 0x00000297fdc48030,
0x00000297fdc4ac00, 0x00000297fdc4b7b0, 0x00000297fdc4c4f0, 0x00000297fdc4dac0,
0x00000297fdc5c650, 0x00000297fdc6f830, 0x00000297fde5d440, 0x00000297fe05c160,
0x00000297fe0714e0, 0x00000297fe081a10, 0x00000297fdfd9ec0, 0x00000297fdc5bb30,
0x0000029784979ac0, 0x0000029785311650, 0x0000029784d93f50, 0x0000029785f94000,
0x0000029785f95a90
}

Java Threads: ( => current thread )
  0x00000297dd6a9b10 JavaThread "main" [_thread_blocked, id=9816, stack(0x000000d614d00000,0x000000d614e00000)]
  0x00000297fdc46350 JavaThread "Reference Handler" daemon [_thread_blocked, id=3920, stack(0x000000d615400000,0x000000d615500000)]
  0x00000297fdc46f40 JavaThread "Finalizer" daemon [_thread_blocked, id=5868, stack(0x000000d615500000,0x000000d615600000)]
  0x00000297fdc48030 JavaThread "Signal Dispatcher" daemon [_thread_blocked, id=1436, stack(0x000000d615600000,0x000000d615700000)]
  0x00000297fdc4ac00 JavaThread "Attach Listener" daemon [_thread_blocked, id=9136, stack(0x000000d615700000,0x000000d615800000)]
  0x00000297fdc4b7b0 JavaThread "Service Thread" daemon [_thread_blocked, id=6900, stack(0x000000d615800000,0x000000d615900000)]
  0x00000297fdc4c4f0 JavaThread "Monitor Deflation Thread" daemon [_thread_blocked, id=8996, stack(0x000000d615900000,0x000000d615a00000)]
  0x00000297fdc4dac0 JavaThread "C2 CompilerThread0" daemon [_thread_blocked, id=8460, stack(0x000000d615a00000,0x000000d615b00000)]
  0x00000297fdc5c650 JavaThread "C1 CompilerThread0" daemon [_thread_blocked, id=8312, stack(0x000000d615b00000,0x000000d615c00000)]
  0x00000297fdc6f830 JavaThread "Sweeper thread" daemon [_thread_blocked, id=9756, stack(0x000000d615c00000,0x000000d615d00000)]
  0x00000297fde5d440 JavaThread "Common-Cleaner" daemon [_thread_blocked, id=6604, stack(0x000000d615d00000,0x000000d615e00000)]
  0x00000297fe05c160 JavaThread "JDWP Transport Listener: dt_socket" daemon [_thread_blocked, id=4596, stack(0x000000d615e00000,0x000000d615f00000)]
  0x00000297fe0714e0 JavaThread "JDWP Event Helper Thread" daemon [_thread_blocked, id=7824, stack(0x000000d615f00000,0x000000d616000000)]
  0x00000297fe081a10 JavaThread "JDWP Command Reader" daemon [_thread_in_native, id=9344, stack(0x000000d616000000,0x000000d616100000)]
  0x00000297fdfd9ec0 JavaThread "Notification Thread" daemon [_thread_blocked, id=8328, stack(0x000000d616100000,0x000000d616200000)]
  0x00000297fdc5bb30 JavaThread "C2 CompilerThread1" daemon [_thread_in_native, id=11120, stack(0x000000d616300000,0x000000d616400000)]
  0x0000029784979ac0 JavaThread "Catalina-utility-1" [_thread_blocked, id=6260, stack(0x000000d616c00000,0x000000d616d00000)]
  0x0000029785311650 JavaThread "Catalina-utility-2" [_thread_blocked, id=12200, stack(0x000000d616d00000,0x000000d616e00000)]
  0x0000029784d93f50 JavaThread "container-0" [_thread_blocked, id=8712, stack(0x000000d616e00000,0x000000d616f00000)]
  0x0000029785f94000 JavaThread "HikariPool-1 housekeeper" daemon [_thread_blocked, id=3144, stack(0x000000d617000000,0x000000d617100000)]
  0x0000029785f95a90 JavaThread "HikariPool-1 connection adder" daemon [_thread_in_native, id=7244, stack(0x000000d617100000,0x000000d617200000)]

Other Threads:
=>0x00000297fdc285b0 VMThread "VM Thread" [stack: 0x000000d615300000,0x000000d615400000] [id=5960]
  0x00000297fdff22f0 WatcherThread "VM Periodic Task Thread" [stack: 0x000000d616200000,0x000000d616300000] [id=6628]
  0x00000297dd707010 WorkerThread "GC Thread#0" [stack: 0x000000d614e00000,0x000000d614f00000] [id=2080]
  0x00000297fe6fd970 WorkerThread "GC Thread#1" [stack: 0x000000d616400000,0x000000d616500000] [id=2120]
  0x00000297fe701050 WorkerThread "GC Thread#2" [stack: 0x000000d616500000,0x000000d616600000] [id=12168]
  0x00000297feb7bf80 WorkerThread "GC Thread#3" [stack: 0x000000d616600000,0x000000d616700000] [id=11956]
  0x00000297feb7c250 WorkerThread "GC Thread#4" [stack: 0x000000d616700000,0x000000d616800000] [id=11172]
  0x00000297feb7e530 WorkerThread "GC Thread#5" [stack: 0x000000d616800000,0x000000d616900000] [id=6956]
  0x00000297feb7f740 WorkerThread "GC Thread#6" [stack: 0x000000d616900000,0x000000d616a00000] [id=12012]
  0x00000297feb7f470 WorkerThread "GC Thread#7" [stack: 0x000000d616a00000,0x000000d616b00000] [id=1232]
  0x00000297dd71a6d0 ConcurrentGCThread "G1 Main Marker" [stack: 0x000000d614f00000,0x000000d615000000] [id=2688]
  0x00000297dd71b010 WorkerThread "G1 Conc#0" [stack: 0x000000d615000000,0x000000d615100000] [id=5660]
  0x00000297feb7ffb0 WorkerThread "G1 Conc#1" [stack: 0x000000d616b00000,0x000000d616c00000] [id=2488]
  0x00000297fdae3150 ConcurrentGCThread "G1 Refine#0" [stack: 0x000000d615100000,0x000000d615200000] [id=10224]
  0x00000297fdae5d50 ConcurrentGCThread "G1 Service" [stack: 0x000000d615200000,0x000000d615300000] [id=5908]

Threads with active compile tasks:
C2 CompilerThread0     3418 3994   !   4       java.util.concurrent.ConcurrentHashMap::putVal (432 bytes)
C2 CompilerThread1     3418 3904 % !   4       com.sun.crypto.provider.PBKDF2KeyImpl::deriveKey @ 191 (295 bytes)

VM state: at safepoint (normal execution)

VM Mutex/Monitor currently owned by a thread:  ([mutex/lock_event])
[0x00000297dd6a3290] Threads_lock - owner thread: 0x00000297fdc285b0
[0x00000297dd6a3050] Heap_lock - owner thread: 0x00000297dd6a9b10

Heap address: 0x0000000084c00000, size: 1972 MB, Compressed Oops mode: 32-bit

CDS archive(s) mapped at: [0x0000000800000000-0x0000000800c40000-0x0000000800c40000), size 12845056, SharedBaseAddress: 0x0000000800000000, ArchiveRelocationMode: 0.
Compressed class space mapped at: 0x0000000801000000-0x0000000841000000, reserved size: 1073741824
Narrow klass base: 0x0000000800000000, Narrow klass shift: 0, Narrow klass range: 0x100000000

GC Precious Log:
 CardTable entry size: 512
 Card Set container configuration: InlinePtr #cards 5 size 8 Array Of Cards #cards 12 size 40 Howl #buckets 4 coarsen threshold 1843 Howl Bitmap #cards 512 size 80 coarsen threshold 460 Card regions per heap region 1 cards per card region 2048
 CPUs: 8 total, 8 available
 Memory: 7883M
 Large Page Support: Disabled
 NUMA Support: Disabled
 Compressed Oops: Enabled (32-bit)
 Heap Region Size: 1M
 Heap Min Capacity: 8M
 Heap Initial Capacity: 124M
 Heap Max Capacity: 1972M
 Pre-touch: Disabled
 Parallel Workers: 8
 Concurrent Workers: 2
 Concurrent Refinement Workers: 8
 Periodic GC: Disabled

Heap:
 garbage-first heap   total 51200K, used 18049K [0x0000000084c00000, 0x0000000100000000)
  region size 1024K, 3 young (3072K), 3 survivors (3072K)
 Metaspace       used 40675K, committed 41088K, reserved 1114112K
  class space    used 5068K, committed 5248K, reserved 1048576K

Heap Regions: E=young(eden), S=young(survivor), O=old, HS=humongous(starts), HC=humongous(continues), CS=collection set, F=free, OA=open archive, CA=closed archive, TAMS=top-at-mark-start (previous, next)
|   0|0x0000000084c00000, 0x0000000084d00000, 0x0000000084d00000|100%|HS|  |TAMS 0x0000000084d00000, 0x0000000084c00000| Complete 
|   1|0x0000000084d00000, 0x0000000084e00000, 0x0000000084e00000|100%| O|  |TAMS 0x0000000084e00000, 0x0000000084d00000| Untracked 
|   2|0x0000000084e00000, 0x0000000084f00000, 0x0000000084f00000|100%| O|  |TAMS 0x0000000084f00000, 0x0000000084e00000| Untracked 
|   3|0x0000000084f00000, 0x0000000085000000, 0x0000000085000000|100%| O|  |TAMS 0x0000000085000000, 0x0000000084f00000| Untracked 
|   4|0x0000000085000000, 0x0000000085100000, 0x0000000085100000|100%| O|  |TAMS 0x0000000085100000, 0x0000000085000000| Untracked 
|   5|0x0000000085100000, 0x0000000085200000, 0x0000000085200000|100%| O|  |TAMS 0x0000000085200000, 0x0000000085100000| Untracked 
|   6|0x0000000085200000, 0x0000000085300000, 0x0000000085300000|100%| O|  |TAMS 0x0000000085200000, 0x0000000085200000| Untracked 
|   7|0x0000000085300000, 0x0000000085400000, 0x0000000085400000|100%| O|  |TAMS 0x0000000085400000, 0x0000000085300000| Untracked 
|   8|0x0000000085400000, 0x0000000085500000, 0x0000000085500000|100%| O|  |TAMS 0x0000000085500000, 0x0000000085400000| Untracked 
|   9|0x0000000085500000, 0x0000000085600000, 0x0000000085600000|100%| O|  |TAMS 0x0000000085600000, 0x0000000085500000| Untracked 
|  10|0x0000000085600000, 0x0000000085700000, 0x0000000085700000|100%| O|  |TAMS 0x0000000085700000, 0x0000000085600000| Untracked 
|  11|0x0000000085700000, 0x0000000085800000, 0x0000000085800000|100%| O|  |TAMS 0x0000000085800000, 0x0000000085700000| Untracked 
|  12|0x0000000085800000, 0x0000000085900000, 0x0000000085900000|100%| O|  |TAMS 0x0000000085900000, 0x0000000085800000| Untracked 
|  13|0x0000000085900000, 0x0000000085a00000, 0x0000000085a00000|100%| O|  |TAMS 0x0000000085a00000, 0x0000000085900000| Untracked 
|  14|0x0000000085a00000, 0x0000000085b00000, 0x0000000085b00000|100%| O|  |TAMS 0x0000000085ac5800, 0x0000000085a00000| Complete 
|  15|0x0000000085b00000, 0x0000000085b8d200, 0x0000000085c00000| 55%| O|  |TAMS 0x0000000085b00000, 0x0000000085b00000| Untracked 
|  16|0x0000000085c00000, 0x0000000085c00000, 0x0000000085d00000|  0%| F|  |TAMS 0x0000000085c00000, 0x0000000085c00000| Untracked 
|  17|0x0000000085d00000, 0x0000000085d00000, 0x0000000085e00000|  0%| F|  |TAMS 0x0000000085d00000, 0x0000000085d00000| Untracked 
|  18|0x0000000085e00000, 0x0000000085e00000, 0x0000000085f00000|  0%| F|  |TAMS 0x0000000085e00000, 0x0000000085e00000| Untracked 
|  19|0x0000000085f00000, 0x0000000085f00000, 0x0000000086000000|  0%| F|  |TAMS 0x0000000085f00000, 0x0000000085f00000| Untracked 
|  20|0x0000000086000000, 0x0000000086000000, 0x0000000086100000|  0%| F|  |TAMS 0x0000000086000000, 0x0000000086000000| Untracked 
|  21|0x0000000086100000, 0x0000000086100000, 0x0000000086200000|  0%| F|  |TAMS 0x0000000086100000, 0x0000000086100000| Untracked 
|  22|0x0000000086200000, 0x0000000086200000, 0x0000000086300000|  0%| F|  |TAMS 0x0000000086200000, 0x0000000086200000| Untracked 
|  23|0x0000000086300000, 0x0000000086300000, 0x0000000086400000|  0%| F|  |TAMS 0x0000000086300000, 0x0000000086300000| Untracked 
|  24|0x0000000086400000, 0x0000000086400000, 0x0000000086500000|  0%| F|  |TAMS 0x0000000086400000, 0x0000000086400000| Untracked 
|  25|0x0000000086500000, 0x0000000086513340, 0x0000000086600000|  7%| S|CS|TAMS 0x0000000086500000, 0x0000000086500000| Complete 
|  26|0x0000000086600000, 0x0000000086700000, 0x0000000086700000|100%| S|CS|TAMS 0x0000000086600000, 0x0000000086600000| Complete 
|  27|0x0000000086700000, 0x0000000086800000, 0x0000000086800000|100%| S|CS|TAMS 0x0000000086700000, 0x0000000086700000| Complete 
|  28|0x0000000086800000, 0x0000000086800000, 0x0000000086900000|  0%| F|  |TAMS 0x0000000086800000, 0x0000000086800000| Untracked 
|  29|0x0000000086900000, 0x0000000086900000, 0x0000000086a00000|  0%| F|  |TAMS 0x0000000086900000, 0x0000000086900000| Untracked 
|  30|0x0000000086a00000, 0x0000000086a00000, 0x0000000086b00000|  0%| F|  |TAMS 0x0000000086a00000, 0x0000000086a00000| Untracked 
|  31|0x0000000086b00000, 0x0000000086b00000, 0x0000000086c00000|  0%| F|  |TAMS 0x0000000086b00000, 0x0000000086b00000| Untracked 
|  32|0x0000000086c00000, 0x0000000086c00000, 0x0000000086d00000|  0%| F|  |TAMS 0x0000000086c00000, 0x0000000086c00000| Untracked 
|  33|0x0000000086d00000, 0x0000000086d00000, 0x0000000086e00000|  0%| F|  |TAMS 0x0000000086d00000, 0x0000000086d00000| Untracked 
|  34|0x0000000086e00000, 0x0000000086e00000, 0x0000000086f00000|  0%| F|  |TAMS 0x0000000086e00000, 0x0000000086e00000| Untracked 
|  35|0x0000000086f00000, 0x0000000086f00000, 0x0000000087000000|  0%| F|  |TAMS 0x0000000086f00000, 0x0000000086f00000| Untracked 
|  36|0x0000000087000000, 0x0000000087000000, 0x0000000087100000|  0%| F|  |TAMS 0x0000000087000000, 0x0000000087000000| Untracked 
|  37|0x0000000087100000, 0x0000000087100000, 0x0000000087200000|  0%| F|  |TAMS 0x0000000087100000, 0x0000000087100000| Untracked 
|  38|0x0000000087200000, 0x0000000087200000, 0x0000000087300000|  0%| F|  |TAMS 0x0000000087200000, 0x0000000087200000| Untracked 
|  39|0x0000000087300000, 0x0000000087300000, 0x0000000087400000|  0%| F|  |TAMS 0x0000000087300000, 0x0000000087300000| Untracked 
|  40|0x0000000087400000, 0x0000000087400000, 0x0000000087500000|  0%| F|  |TAMS 0x0000000087400000, 0x0000000087400000| Untracked 
|  41|0x0000000087500000, 0x0000000087500000, 0x0000000087600000|  0%| F|  |TAMS 0x0000000087500000, 0x0000000087500000| Untracked 
|  59|0x0000000088700000, 0x0000000088700000, 0x0000000088800000|  0%| F|  |TAMS 0x0000000088700000, 0x0000000088700000| Untracked 
|  60|0x0000000088800000, 0x0000000088800000, 0x0000000088900000|  0%| F|  |TAMS 0x0000000088800000, 0x0000000088800000| Untracked 
|  61|0x0000000088900000, 0x0000000088900000, 0x0000000088a00000|  0%| F|  |TAMS 0x0000000088900000, 0x0000000088900000| Untracked 
|  62|0x0000000088a00000, 0x0000000088a00000, 0x0000000088b00000|  0%| F|  |TAMS 0x0000000088a00000, 0x0000000088a00000| Untracked 
|  63|0x0000000088b00000, 0x0000000088b00000, 0x0000000088c00000|  0%| F|  |TAMS 0x0000000088b00000, 0x0000000088b00000| Untracked 
|  64|0x0000000088c00000, 0x0000000088c00000, 0x0000000088d00000|  0%| F|  |TAMS 0x0000000088c00000, 0x0000000088c00000| Untracked 
| 122|0x000000008c600000, 0x000000008c600000, 0x000000008c700000|  0%| F|  |TAMS 0x000000008c600000, 0x000000008c600000| Untracked 
| 123|0x000000008c700000, 0x000000008c700000, 0x000000008c800000|  0%| F|  |TAMS 0x000000008c700000, 0x000000008c700000| Untracked 

Card table byte_map: [0x00000297f6c40000,0x00000297f7020000] _byte_map_base: 0x00000297f681a000

Marking Bits (Prev, Next): (CMBitMap*) 0x00000297dd709570, (CMBitMap*) 0x00000297dd7095b0
 Prev Bits: [0x00000297f7400000, 0x00000297f92d0000)
 Next Bits: [0x00000297f92d0000, 0x00000297fb1a0000)

Polling page: 0x00000297dd770000

Metaspace:

Usage:
  Non-class:     34.77 MB used.
      Class:      4.95 MB used.
       Both:     39.72 MB used.

Virtual space:
  Non-class space:       64.00 MB reserved,      35.00 MB ( 55%) committed,  1 nodes.
      Class space:        1.00 GB reserved,       5.12 MB ( <1%) committed,  1 nodes.
             Both:        1.06 GB reserved,      40.12 MB (  4%) committed. 

Chunk freelists:
   Non-Class:  528.00 KB
       Class:  2.88 MB
        Both:  3.40 MB

MaxMetaspaceSize: unlimited
CompressedClassSpaceSize: 1.00 GB
Initial GC threshold: 21.00 MB
Current GC threshold: 59.00 MB
CDS: on
MetaspaceReclaimPolicy: balanced
 - commit_granule_bytes: 65536.
 - commit_granule_words: 8192.
 - virtual_space_node_default_size: 8388608.
 - enlarge_chunks_in_place: 1.
 - new_chunks_are_fully_committed: 0.
 - uncommit_free_chunks: 1.
 - use_allocation_guard: 0.


Internal statistics:

num_allocs_failed_limit: 6.
num_arena_births: 650.
num_arena_deaths: 0.
num_vsnodes_births: 2.
num_vsnodes_deaths: 0.
num_space_committed: 642.
num_space_uncommitted: 0.
num_chunks_returned_to_freelist: 6.
num_chunks_taken_from_freelist: 2033.
num_chunk_merges: 6.
num_chunk_splits: 1469.
num_chunks_enlarged: 1164.
num_inconsistent_stats: 0.

CodeHeap 'non-profiled nmethods': size=120000Kb used=2247Kb max_used=2247Kb free=117752Kb
 bounds [0x00000297ee8b0000, 0x00000297eeb20000, 0x00000297f5de0000]
CodeHeap 'profiled nmethods': size=120000Kb used=8485Kb max_used=8485Kb free=111514Kb
 bounds [0x00000297e6de0000, 0x00000297e7630000, 0x00000297ee310000]
CodeHeap 'non-nmethods': size=5760Kb used=1430Kb max_used=1484Kb free=4329Kb
 bounds [0x00000297ee310000, 0x00000297ee580000, 0x00000297ee8b0000]
 total_blobs=4586 nmethods=4002 adapters=494
 compilation: enabled
              stopped_count=0, restarted_count=0
 full_count=0

Compilation events (20 events):
Event: 3.393 Thread 0x00000297fdc5c650 3997       3       java.lang.invoke.MethodHandles$Lookup::checkField (58 bytes)
Event: 3.394 Thread 0x00000297fdc5c650 nmethod 3997 0x00000297e7626a10 code [0x00000297e7626c00, 0x00000297e76270d8]
Event: 3.397 Thread 0x00000297fdc5c650 3999       3       org.jetbrains.capture.org.objectweb.asm.SymbolTable$Entry::<init> (17 bytes)
Event: 3.397 Thread 0x00000297fdc5c650 nmethod 3999 0x00000297e7627290 code [0x00000297e7627440, 0x00000297e76275e8]
Event: 3.397 Thread 0x00000297fdc5c650 4000       3       org.jetbrains.capture.org.objectweb.asm.SymbolTable::add (39 bytes)
Event: 3.398 Thread 0x00000297fdc5c650 nmethod 4000 0x00000297e7627690 code [0x00000297e7627840, 0x00000297e7627b98]
Event: 3.398 Thread 0x00000297fdc5c650 4001       3       org.jetbrains.capture.org.objectweb.asm.SymbolTable::addConstantUtf8 (20 bytes)
Event: 3.398 Thread 0x00000297fdc5c650 nmethod 4001 0x00000297e7627d10 code [0x00000297e7627ee0, 0x00000297e76281a8]
Event: 3.398 Thread 0x00000297fdc5c650 4002       3       org.jetbrains.capture.org.objectweb.asm.SymbolTable::get (13 bytes)
Event: 3.398 Thread 0x00000297fdc5c650 nmethod 4002 0x00000297e7628310 code [0x00000297e76284a0, 0x00000297e76285f8]
Event: 3.398 Thread 0x00000297fdc5c650 4003       3       org.jetbrains.capture.org.objectweb.asm.ClassReader::readInt (52 bytes)
Event: 3.398 Thread 0x00000297fdc5c650 nmethod 4003 0x00000297e7628710 code [0x00000297e76288c0, 0x00000297e7628a98]
Event: 3.398 Thread 0x00000297fdc5c650 4004       3       org.jetbrains.capture.org.objectweb.asm.SymbolTable::addConstantUtf8 (98 bytes)
Event: 3.398 Thread 0x00000297fdc5c650 nmethod 4004 0x00000297e7628b90 code [0x00000297e7628dc0, 0x00000297e76293b8]
Event: 3.399 Thread 0x00000297fdc4dac0 nmethod 3993 0x00000297eeadeb90 code [0x00000297eeadeda0, 0x00000297eeae09a8]
Event: 3.399 Thread 0x00000297fdc4dac0 3994   !   4       java.util.concurrent.ConcurrentHashMap::putVal (432 bytes)
Event: 3.399 Thread 0x00000297fdc5c650 4005       1       org.jetbrains.capture.org.objectweb.asm.SymbolTable::getMajorVersion (5 bytes)
Event: 3.399 Thread 0x00000297fdc5c650 nmethod 4005 0x00000297eeae1990 code [0x00000297eeae1b20, 0x00000297eeae1bd8]
Event: 3.399 Thread 0x00000297fdc5c650 4006       1       org.jetbrains.capture.org.objectweb.asm.SymbolTable::getSource (5 bytes)
Event: 3.399 Thread 0x00000297fdc5c650 nmethod 4006 0x00000297eeae1c90 code [0x00000297eeae1e20, 0x00000297eeae1ed8]

GC Heap History (15 events):
Event: 0.868 GC heap before
{Heap before GC invocations=0 (full 0):
 garbage-first heap   total 126976K, used 24576K [0x0000000084c00000, 0x0000000100000000)
  region size 1024K, 23 young (23552K), 0 survivors (0K)
 Metaspace       used 5232K, committed 5440K, reserved 1114112K
  class space    used 572K, committed 640K, reserved 1048576K
}
Event: 0.872 GC heap after
{Heap after GC invocations=1 (full 0):
 garbage-first heap   total 126976K, used 6276K [0x0000000084c00000, 0x0000000100000000)
  region size 1024K, 3 young (3072K), 3 survivors (3072K)
 Metaspace       used 5232K, committed 5440K, reserved 1114112K
  class space    used 572K, committed 640K, reserved 1048576K
}
Event: 1.217 GC heap before
{Heap before GC invocations=1 (full 0):
 garbage-first heap   total 126976K, used 35972K [0x0000000084c00000, 0x0000000100000000)
  region size 1024K, 33 young (33792K), 3 survivors (3072K)
 Metaspace       used 11723K, committed 11968K, reserved 1114112K
  class space    used 1339K, committed 1472K, reserved 1048576K
}
Event: 1.220 GC heap after
{Heap after GC invocations=2 (full 0):
 garbage-first heap   total 126976K, used 8574K [0x0000000084c00000, 0x0000000100000000)
  region size 1024K, 3 young (3072K), 3 survivors (3072K)
 Metaspace       used 11723K, committed 11968K, reserved 1114112K
  class space    used 1339K, committed 1472K, reserved 1048576K
}
Event: 1.989 GC heap before
{Heap before GC invocations=2 (full 0):
 garbage-first heap   total 126976K, used 64894K [0x0000000084c00000, 0x0000000100000000)
  region size 1024K, 59 young (60416K), 3 survivors (3072K)
 Metaspace       used 21189K, committed 21504K, reserved 1114112K
  class space    used 2500K, committed 2688K, reserved 1048576K
}
Event: 1.995 GC heap after
{Heap after GC invocations=3 (full 0):
 garbage-first heap   total 126976K, used 12001K [0x0000000084c00000, 0x0000000100000000)
  region size 1024K, 6 young (6144K), 6 survivors (6144K)
 Metaspace       used 21189K, committed 21504K, reserved 1114112K
  class space    used 2500K, committed 2688K, reserved 1048576K
}
Event: 2.462 GC heap before
{Heap before GC invocations=4 (full 0):
 garbage-first heap   total 51200K, used 36577K [0x0000000084c00000, 0x0000000100000000)
  region size 1024K, 30 young (30720K), 6 survivors (6144K)
 Metaspace       used 26047K, committed 26432K, reserved 1114112K
  class space    used 3140K, committed 3328K, reserved 1048576K
}
Event: 2.472 GC heap after
{Heap after GC invocations=5 (full 0):
 garbage-first heap   total 51200K, used 14446K [0x0000000084c00000, 0x0000000100000000)
  region size 1024K, 3 young (3072K), 3 survivors (3072K)
 Metaspace       used 26047K, committed 26432K, reserved 1114112K
  class space    used 3140K, committed 3328K, reserved 1048576K
}
Event: 2.490 GC heap before
{Heap before GC invocations=5 (full 0):
 garbage-first heap   total 51200K, used 15470K [0x0000000084c00000, 0x0000000100000000)
  region size 1024K, 4 young (4096K), 3 survivors (3072K)
 Metaspace       used 26282K, committed 26688K, reserved 1114112K
  class space    used 3160K, committed 3328K, reserved 1048576K
}
Event: 2.494 GC heap after
{Heap after GC invocations=6 (full 0):
 garbage-first heap   total 51200K, used 14723K [0x0000000084c00000, 0x0000000100000000)
  region size 1024K, 1 young (1024K), 1 survivors (1024K)
 Metaspace       used 26282K, committed 26688K, reserved 1114112K
  class space    used 3160K, committed 3328K, reserved 1048576K
}
Event: 2.806 GC heap before
{Heap before GC invocations=6 (full 0):
 garbage-first heap   total 51200K, used 35203K [0x0000000084c00000, 0x0000000100000000)
  region size 1024K, 22 young (22528K), 1 survivors (1024K)
 Metaspace       used 30416K, committed 30912K, reserved 1114112K
  class space    used 3681K, committed 3904K, reserved 1048576K
}
Event: 2.809 GC heap after
{Heap after GC invocations=7 (full 0):
 garbage-first heap   total 51200K, used 15983K [0x0000000084c00000, 0x0000000100000000)
  region size 1024K, 2 young (2048K), 2 survivors (2048K)
 Metaspace       used 30416K, committed 30912K, reserved 1114112K
  class space    used 3681K, committed 3904K, reserved 1048576K
}
Event: 3.128 GC heap before
{Heap before GC invocations=7 (full 0):
 garbage-first heap   total 51200K, used 35439K [0x0000000084c00000, 0x0000000100000000)
  region size 1024K, 22 young (22528K), 2 survivors (2048K)
 Metaspace       used 35634K, committed 36096K, reserved 1114112K
  class space    used 4442K, committed 4672K, reserved 1048576K
}
Event: 3.130 GC heap after
{Heap after GC invocations=8 (full 0):
 garbage-first heap   total 51200K, used 16986K [0x0000000084c00000, 0x0000000100000000)
  region size 1024K, 2 young (2048K), 2 survivors (2048K)
 Metaspace       used 35634K, committed 36096K, reserved 1114112K
  class space    used 4442K, committed 4672K, reserved 1048576K
}
Event: 3.406 GC heap before
{Heap before GC invocations=9 (full 0):
 garbage-first heap   total 51200K, used 36442K [0x0000000084c00000, 0x0000000100000000)
  region size 1024K, 22 young (22528K), 2 survivors (2048K)
 Metaspace       used 40675K, committed 41088K, reserved 1114112K
  class space    used 5068K, committed 5248K, reserved 1048576K
}

Dll operation events (13 events):
Event: 0.008 Loaded shared library C:\Program Files\Java\jdk-19\bin\java.dll
Event: 0.008 Loaded shared library C:\Program Files\Java\jdk-19\bin\zip.dll
Event: 0.015 Loaded shared library C:\Program Files\Java\jdk-19\bin\jsvml.dll
Event: 0.438 Loaded shared library C:\Program Files\Java\jdk-19\bin\instrument.dll
Event: 0.481 Loaded shared library C:\Program Files\Java\jdk-19\bin\net.dll
Event: 0.481 Loaded shared library C:\Program Files\Java\jdk-19\bin\nio.dll
Event: 0.490 Loaded shared library C:\Program Files\Java\jdk-19\bin\zip.dll
Event: 0.578 Loaded shared library C:\Program Files\Java\jdk-19\bin\jimage.dll
Event: 1.132 Loaded shared library C:\Program Files\Java\jdk-19\bin\verify.dll
Event: 2.526 Loaded shared library C:\Program Files\Java\jdk-19\bin\sunmscapi.dll
Event: 2.542 Loaded shared library C:\Program Files\Java\jdk-19\bin\management.dll
Event: 2.543 Loaded shared library C:\Program Files\Java\jdk-19\bin\management_ext.dll
Event: 3.040 Loaded shared library C:\Program Files\Java\jdk-19\bin\extnet.dll

Deoptimization events (20 events):
Event: 3.395 Thread 0x00000297dd6a9b10 DEOPT PACKING pc=0x00000297eea0fb44 sp=0x000000d614dfdb80
Event: 3.395 Thread 0x00000297dd6a9b10 DEOPT UNPACKING pc=0x00000297ee37b0e3 sp=0x000000d614dfcf90 mode 1
Event: 3.395 Thread 0x00000297dd6a9b10 DEOPT PACKING pc=0x00000297eea0fb44 sp=0x000000d614dfdb80
Event: 3.395 Thread 0x00000297dd6a9b10 DEOPT UNPACKING pc=0x00000297ee37b0e3 sp=0x000000d614dfcf90 mode 1
Event: 3.402 Thread 0x00000297dd6a9b10 DEOPT PACKING pc=0x00000297eea0fb44 sp=0x000000d614dfd910
Event: 3.403 Thread 0x00000297dd6a9b10 DEOPT UNPACKING pc=0x00000297ee37b0e3 sp=0x000000d614dfcd20 mode 1
Event: 3.403 Thread 0x00000297dd6a9b10 DEOPT PACKING pc=0x00000297eea0fb44 sp=0x000000d614dfd910
Event: 3.403 Thread 0x00000297dd6a9b10 DEOPT UNPACKING pc=0x00000297ee37b0e3 sp=0x000000d614dfcd20 mode 1
Event: 3.403 Thread 0x00000297dd6a9b10 DEOPT PACKING pc=0x00000297eea0fb44 sp=0x000000d614dfdac0
Event: 3.403 Thread 0x00000297dd6a9b10 DEOPT UNPACKING pc=0x00000297ee37b0e3 sp=0x000000d614dfced0 mode 1
Event: 3.403 Thread 0x00000297dd6a9b10 DEOPT PACKING pc=0x00000297eea0fb44 sp=0x000000d614dfdac0
Event: 3.403 Thread 0x00000297dd6a9b10 DEOPT UNPACKING pc=0x00000297ee37b0e3 sp=0x000000d614dfced0 mode 1
Event: 3.404 Thread 0x00000297dd6a9b10 DEOPT PACKING pc=0x00000297eea0fb44 sp=0x000000d614dfdac0
Event: 3.404 Thread 0x00000297dd6a9b10 DEOPT UNPACKING pc=0x00000297ee37b0e3 sp=0x000000d614dfced0 mode 1
Event: 3.404 Thread 0x00000297dd6a9b10 DEOPT PACKING pc=0x00000297eea0fb44 sp=0x000000d614dfdac0
Event: 3.404 Thread 0x00000297dd6a9b10 DEOPT UNPACKING pc=0x00000297ee37b0e3 sp=0x000000d614dfced0 mode 1
Event: 3.404 Thread 0x00000297dd6a9b10 DEOPT PACKING pc=0x00000297eea0fb44 sp=0x000000d614dfdac0
Event: 3.404 Thread 0x00000297dd6a9b10 DEOPT UNPACKING pc=0x00000297ee37b0e3 sp=0x000000d614dfced0 mode 1
Event: 3.404 Thread 0x00000297dd6a9b10 DEOPT PACKING pc=0x00000297eea0fb44 sp=0x000000d614dfdac0
Event: 3.404 Thread 0x00000297dd6a9b10 DEOPT UNPACKING pc=0x00000297ee37b0e3 sp=0x000000d614dfced0 mode 1

Classes loaded (20 events):
Event: 3.404 Loading class org/hibernate/event/spi/DirtyCheckEvent
Event: 3.404 Loading class org/hibernate/event/spi/DirtyCheckEvent done
Event: 3.404 Loading class org/hibernate/internal/CoreMessageLogger_$logger_ru_RU
Event: 3.404 Loading class org/hibernate/internal/CoreMessageLogger_$logger_ru_RU done
Event: 3.404 Loading class org/hibernate/internal/CoreMessageLogger_$logger_ru
Event: 3.404 Loading class org/hibernate/internal/CoreMessageLogger_$logger_ru done
Event: 3.404 Loading class org/hibernate/event/internal/DefaultEvictEventListener
Event: 3.404 Loading class org/hibernate/event/internal/DefaultEvictEventListener done
Event: 3.405 Loading class org/hibernate/metamodel/mapping/EntityMappingType
Event: 3.405 Loading class org/hibernate/metamodel/mapping/EntityMappingType done
Event: 3.405 Loading class org/hibernate/metamodel/mapping/ManagedMappingType
Event: 3.405 Loading class org/hibernate/metamodel/mapping/ManagedMappingType done
Event: 3.405 Loading class org/hibernate/sql/results/graph/FetchableContainer
Event: 3.405 Loading class org/hibernate/sql/results/graph/FetchableContainer done
Event: 3.406 Loading class org/hibernate/metamodel/mapping/ModelPartContainer
Event: 3.406 Loading class org/hibernate/metamodel/mapping/ModelPartContainer done
Event: 3.406 Loading class org/hibernate/metamodel/mapping/ModelPart
Event: 3.406 Loading class org/hibernate/metamodel/mapping/ModelPart done
Event: 3.406 Loading class org/hibernate/metamodel/mapping/Queryable
Event: 3.406 Loading class org/hibernate/metamodel/mapping/Queryable done

Classes unloaded (0 events):
No events

Classes redefined (0 events):
No events

Internal exceptions (20 events):
Event: 2.226 Thread 0x00000297dd6a9b10 Exception <a 'java/lang/NoSuchMethodError'{0x0000000086b1ef10}: 'void java.lang.invoke.DirectMethodHandle$Holder.invokeInterface(java.lang.Object, java.lang.Object, int)'> (0x0000000086b1ef10) 
thrown [s\open\src\hotspot\share\interpreter\linkResolver.cpp, line 774]
Event: 2.232 Thread 0x00000297dd6a9b10 Exception <a 'java/lang/IncompatibleClassChangeError'{0x0000000086b6ea98}: Found class java.lang.Object, but interface was expected> (0x0000000086b6ea98) 
thrown [s\open\src\hotspot\share\interpreter\linkResolver.cpp, line 841]
Event: 2.233 Thread 0x00000297dd6a9b10 Exception <a 'java/lang/NoSuchMethodError'{0x0000000086b73b78}: 'void java.lang.invoke.DirectMethodHandle$Holder.invokeStatic(java.lang.Object, int, java.lang.Object)'> (0x0000000086b73b78) 
thrown [s\open\src\hotspot\share\interpreter\linkResolver.cpp, line 774]
Event: 2.317 Thread 0x00000297dd6a9b10 Exception <a 'java/lang/NoSuchMethodError'{0x00000000867f0e98}: 'java.lang.Object java.lang.invoke.DirectMethodHandle$Holder.invokeStaticInit(java.lang.Object, int, int, int, int)'> (0x00000000867f0e98) 
thrown [s\open\src\hotspot\share\interpreter\linkResolver.cpp, line 774]
Event: 2.358 Thread 0x00000297dd6a9b10 Exception <a 'java/lang/NoSuchMethodError'{0x0000000086501838}: 'java.lang.Object java.lang.invoke.DirectMethodHandle$Holder.invokeStaticInit(java.lang.Object, java.lang.Object, int, int, int, int)'> (0x0000000086501838) 
thrown [s\open\src\hotspot\share\interpreter\linkResolver.cpp, line 774]
Event: 2.403 Thread 0x00000297dd6a9b10 Exception <a 'java/lang/NoSuchMethodError'{0x0000000086209e40}: 'int java.lang.invoke.DirectMethodHandle$Holder.invokeVirtual(java.lang.Object, java.lang.Object, java.lang.Object, java.lang.Object)'> (0x0000000086209e40) 
thrown [s\open\src\hotspot\share\interpreter\linkResolver.cpp, line 774]
Event: 2.404 Thread 0x00000297dd6a9b10 Exception <a 'java/lang/NoSuchMethodError'{0x000000008620db50}: 'int java.lang.invoke.DelegatingMethodHandle$Holder.reinvoke_L(java.lang.Object, java.lang.Object, java.lang.Object, java.lang.Object)'> (0x000000008620db50) 
thrown [s\open\src\hotspot\share\interpreter\linkResolver.cpp, line 774]
Event: 2.553 Thread 0x00000297dd6a9b10 Exception <a 'java/io/FileNotFoundException'{0x0000000088a01f38}> (0x0000000088a01f38) 
thrown [s\open\src\hotspot\share\prims\jni.cpp, line 517]
Event: 2.567 Thread 0x00000297dd6a9b10 Exception <a 'java/lang/NoSuchMethodError'{0x000000008896d1b0}: 'int java.lang.invoke.DirectMethodHandle$Holder.invokeInterface(java.lang.Object, java.lang.Object, java.lang.Object, java.lang.Object)'> (0x000000008896d1b0) 
thrown [s\open\src\hotspot\share\interpreter\linkResolver.cpp, line 774]
Event: 2.608 Thread 0x00000297dd6a9b10 Exception <a 'java/lang/NoSuchMethodError'{0x0000000088794990}: 'long java.lang.invoke.DirectMethodHandle$Holder.invokeVirtual(java.lang.Object, java.lang.Object)'> (0x0000000088794990) 
thrown [s\open\src\hotspot\share\interpreter\linkResolver.cpp, line 774]
Event: 2.658 Thread 0x00000297dd6a9b10 Exception <a 'java/lang/NoSuchMethodError'{0x000000008713ff18}: 'java.lang.Object java.lang.invoke.DirectMethodHandle$Holder.newInvokeSpecial(java.lang.Object, java.lang.Object, java.lang.Object, java.lang.Object, java.lang.Object, java.lang.Object, java.lang.Object, java.lang.Object, java.lang.Object, java.lang.Object, java.lang.Object)'> (0x000000008713ff18) 
thrown [s\open\src\hotspot\share\interpreter\linkResolver.cpp, line 774]
Event: 2.715 Thread 0x00000297dd6a9b10 Exception <a 'java/lang/NoSuchMethodError'{0x0000000086e9c518}: 'void java.lang.invoke.DelegatingMethodHandle$Holder.reinvoke_L(java.lang.Object, java.lang.Object, java.lang.Object, java.lang.Object, int, java.lang.Object, java.lang.Object, java.lang.Object)'> (0x0000000086e9c518) 
thrown [s\open\src\hotspot\share\interpreter\linkResolver.cpp, line 774]
Event: 3.017 Thread 0x00000297dd6a9b10 Exception <a 'java/lang/NoSuchMethodError'{0x0000000086e30590}: method resolution failed> (0x0000000086e30590) 
thrown [s\open\src\hotspot\share\prims\methodHandles.cpp, line 1268]
Event: 3.024 Thread 0x00000297dd6a9b10 Exception <a 'java/lang/NoSuchMethodError'{0x0000000086e90708}: 'int java.lang.invoke.DirectMethodHandle$Holder.invokeStaticInit(java.lang.Object, java.lang.Object, java.lang.Object, java.lang.Object)'> (0x0000000086e90708) 
thrown [s\open\src\hotspot\share\interpreter\linkResolver.cpp, line 774]
Event: 3.086 Thread 0x00000297dd6a9b10 Exception <a 'sun/nio/fs/WindowsException'{0x0000000086b58530}> (0x0000000086b58530) 
thrown [s\open\src\hotspot\share\prims\jni.cpp, line 517]
Event: 3.225 Thread 0x00000297dd6a9b10 Exception <a 'java/lang/NoSuchMethodError'{0x00000000888899a0}: 'java.lang.Object java.lang.invoke.DirectMethodHandle$Holder.invokeStaticInit(java.lang.Object, java.lang.Object, java.lang.Object, java.lang.Object)'> (0x00000000888899a0) 
thrown [s\open\src\hotspot\share\interpreter\linkResolver.cpp, line 774]
Event: 3.311 Thread 0x00000297dd6a9b10 Exception <a 'java/lang/NoSuchMethodError'{0x000000008700de30}: 'java.lang.Object java.lang.invoke.DirectMethodHandle$Holder.newInvokeSpecial(java.lang.Object, java.lang.Object, java.lang.Object, int)'> (0x000000008700de30) 
thrown [s\open\src\hotspot\share\interpreter\linkResolver.cpp, line 774]
Event: 3.312 Thread 0x00000297dd6a9b10 Exception <a 'java/lang/NoSuchMethodError'{0x0000000087011f50}: 'java.lang.Object java.lang.invoke.DirectMethodHandle$Holder.invokeSpecial(java.lang.Object, java.lang.Object, java.lang.Object, java.lang.Object, int)'> (0x0000000087011f50) 
thrown [s\open\src\hotspot\share\interpreter\linkResolver.cpp, line 774]
Event: 3.312 Thread 0x00000297dd6a9b10 Exception <a 'java/lang/NoSuchMethodError'{0x0000000087015668}: 'java.lang.Object java.lang.invoke.Invokers$Holder.linkToTargetMethod(java.lang.Object, java.lang.Object, int, java.lang.Object)'> (0x0000000087015668) 
thrown [s\open\src\hotspot\share\interpreter\linkResolver.cpp, line 774]
Event: 3.366 Thread 0x00000297dd6a9b10 Exception <a 'java/lang/NoSuchMethodError'{0x0000000086d41088}: 'java.lang.Object java.lang.invoke.DirectMethodHandle$Holder.newInvokeSpecial(java.lang.Object, java.lang.Object, int)'> (0x0000000086d41088) 
thrown [s\open\src\hotspot\share\interpreter\linkResolver.cpp, line 774]

VM Operations (20 events):
Event: 2.589 Executing VM operation: HandshakeAllThreads done
Event: 2.614 Executing VM operation: HandshakeAllThreads
Event: 2.614 Executing VM operation: HandshakeAllThreads done
Event: 2.753 Executing VM operation: HandshakeAllThreads
Event: 2.753 Executing VM operation: HandshakeAllThreads done
Event: 2.806 Executing VM operation: G1CollectForAllocation
Event: 2.809 Executing VM operation: G1CollectForAllocation done
Event: 3.084 Executing VM operation: HandshakeAllThreads
Event: 3.084 Executing VM operation: HandshakeAllThreads done
Event: 3.087 Executing VM operation: HandshakeAllThreads
Event: 3.087 Executing VM operation: HandshakeAllThreads done
Event: 3.089 Executing VM operation: HandshakeAllThreads
Event: 3.089 Executing VM operation: HandshakeAllThreads done
Event: 3.127 Executing VM operation: CollectForMetadataAllocation
Event: 3.130 Executing VM operation: CollectForMetadataAllocation done
Event: 3.141 Executing VM operation: G1PauseRemark
Event: 3.143 Executing VM operation: G1PauseRemark done
Event: 3.148 Executing VM operation: G1PauseCleanup
Event: 3.148 Executing VM operation: G1PauseCleanup done
Event: 3.406 Executing VM operation: G1CollectForAllocation

Events (20 events):
Event: 0.024 Thread 0x00000297fdc4dac0 Thread added: 0x00000297fdc4dac0
Event: 0.024 Thread 0x00000297fdc5c650 Thread added: 0x00000297fdc5c650
Event: 0.024 Thread 0x00000297fdc6f830 Thread added: 0x00000297fdc6f830
Event: 0.054 Thread 0x00000297fde5d440 Thread added: 0x00000297fde5d440
Event: 0.075 Thread 0x00000297fe05c160 Thread added: 0x00000297fe05c160
Event: 0.075 Thread 0x00000297fe0714e0 Thread added: 0x00000297fe0714e0
Event: 0.075 Thread 0x00000297fe081a10 Thread added: 0x00000297fe081a10
Event: 0.076 Thread 0x00000297fdc5b010 Thread added: 0x00000297fdc5b010
Event: 0.425 Thread 0x00000297fdc5b010 Thread exited: 0x00000297fdc5b010
Event: 0.450 Thread 0x00000297fdfd9ec0 Thread added: 0x00000297fdfd9ec0
Event: 0.512 Thread 0x00000297fdc5bb30 Thread added: 0x00000297fdc5bb30
Event: 1.071 Thread 0x00000297fec65700 Thread added: 0x00000297fec65700
Event: 1.314 Thread 0x00000297fec65700 Thread exited: 0x00000297fec65700
Event: 1.335 Thread 0x00000297ff0137a0 Thread added: 0x00000297ff0137a0
Event: 1.355 Thread 0x00000297ff0137a0 Thread exited: 0x00000297ff0137a0
Event: 2.618 Thread 0x0000029784979ac0 Thread added: 0x0000029784979ac0
Event: 2.620 Thread 0x0000029785311650 Thread added: 0x0000029785311650
Event: 2.622 Thread 0x0000029784d93f50 Thread added: 0x0000029784d93f50
Event: 3.170 Thread 0x0000029785f94000 Thread added: 0x0000029785f94000
Event: 3.278 Thread 0x0000029785f95a90 Thread added: 0x0000029785f95a90


Dynamic libraries:
0x00007ff6c5150000 - 0x00007ff6c5160000 	C:\Program Files\Java\jdk-19\bin\java.exe
0x00007ffd67c30000 - 0x00007ffd67e25000 	C:\Windows\SYSTEM32\ntdll.dll
0x00007ffd670f0000 - 0x00007ffd671ae000 	C:\Windows\System32\KERNEL32.DLL
0x00007ffd659b0000 - 0x00007ffd65c79000 	C:\Windows\System32\KERNELBASE.dll
0x00007ffd655e0000 - 0x00007ffd656e0000 	C:\Windows\System32\ucrtbase.dll
0x00007ffd4d620000 - 0x00007ffd4d638000 	C:\Program Files\Java\jdk-19\bin\jli.dll
0x00007ffd47f10000 - 0x00007ffd47f2b000 	C:\Program Files\Java\jdk-19\bin\VCRUNTIME140.dll
0x00007ffd65db0000 - 0x00007ffd65e5c000 	C:\Windows\System32\ADVAPI32.dll
0x00007ffd67660000 - 0x00007ffd676fe000 	C:\Windows\System32\msvcrt.dll
0x00007ffd67a80000 - 0x00007ffd67b1b000 	C:\Windows\System32\sechost.dll
0x00007ffd65c80000 - 0x00007ffd65daa000 	C:\Windows\System32\RPCRT4.dll
0x00007ffd66e10000 - 0x00007ffd66fb1000 	C:\Windows\System32\USER32.dll
0x00007ffd65980000 - 0x00007ffd659a2000 	C:\Windows\System32\win32u.dll
0x00007ffd4d340000 - 0x00007ffd4d5da000 	C:\Windows\WinSxS\amd64_microsoft.windows.common-controls_6595b64144ccf1df_6.0.19041.1110_none_60b5254171f9507e\COMCTL32.dll
0x00007ffd671e0000 - 0x00007ffd6720b000 	C:\Windows\System32\GDI32.dll
0x00007ffd65350000 - 0x00007ffd6545b000 	C:\Windows\System32\gdi32full.dll
0x00007ffd654f0000 - 0x00007ffd6558d000 	C:\Windows\System32\msvcp_win.dll
0x00007ffd5e9a0000 - 0x00007ffd5e9aa000 	C:\Windows\SYSTEM32\VERSION.dll
0x00007ffd671b0000 - 0x00007ffd671e0000 	C:\Windows\System32\IMM32.DLL
0x00007ffd60b40000 - 0x00007ffd60b4c000 	C:\Program Files\Java\jdk-19\bin\vcruntime140_1.dll
0x00007ffd21b90000 - 0x00007ffd21c1e000 	C:\Program Files\Java\jdk-19\bin\msvcp140.dll
0x00007ffd022f0000 - 0x00007ffd02fb0000 	C:\Program Files\Java\jdk-19\bin\server\jvm.dll
0x00007ffd4bf80000 - 0x00007ffd4bf89000 	C:\Windows\SYSTEM32\WSOCK32.dll
0x00007ffd67290000 - 0x00007ffd672fb000 	C:\Windows\System32\WS2_32.dll
0x00007ffd548a0000 - 0x00007ffd548c7000 	C:\Windows\SYSTEM32\WINMM.dll
0x00007ffd63c20000 - 0x00007ffd63c32000 	C:\Windows\SYSTEM32\kernel.appcore.dll
0x00007ffd60b00000 - 0x00007ffd60b0a000 	C:\Program Files\Java\jdk-19\bin\jimage.dll
0x00007ffd63140000 - 0x00007ffd63324000 	C:\Windows\SYSTEM32\DBGHELP.DLL
0x00007ffd4cc60000 - 0x00007ffd4cc8c000 	C:\Windows\SYSTEM32\dbgcore.DLL
0x00007ffd65460000 - 0x00007ffd654e3000 	C:\Windows\System32\bcryptPrimitives.dll
0x00007ffd38580000 - 0x00007ffd385bc000 	C:\Program Files\Java\jdk-19\bin\jdwp.dll
0x00007ffd53140000 - 0x00007ffd5314e000 	C:\Program Files\Java\jdk-19\bin\instrument.dll
0x00007ffd3aa10000 - 0x00007ffd3aa36000 	C:\Program Files\Java\jdk-19\bin\java.dll
0x00007ffd3af40000 - 0x00007ffd3af58000 	C:\Program Files\Java\jdk-19\bin\zip.dll
0x00007ffd1a8d0000 - 0x00007ffd1a9a7000 	C:\Program Files\Java\jdk-19\bin\jsvml.dll
0x00007ffd665c0000 - 0x00007ffd66cff000 	C:\Windows\System32\SHELL32.dll
0x00007ffd63430000 - 0x00007ffd63bc0000 	C:\Windows\SYSTEM32\windows.storage.dll
0x00007ffd67300000 - 0x00007ffd67655000 	C:\Windows\System32\combase.dll
0x00007ffd64da0000 - 0x00007ffd64dcc000 	C:\Windows\SYSTEM32\Wldp.dll
0x00007ffd65e60000 - 0x00007ffd65f0e000 	C:\Windows\System32\SHCORE.dll
0x00007ffd67940000 - 0x00007ffd67995000 	C:\Windows\System32\shlwapi.dll
0x00007ffd65290000 - 0x00007ffd652af000 	C:\Windows\SYSTEM32\profapi.dll
0x00007ffd438d0000 - 0x00007ffd438dc000 	C:\Program Files\Java\jdk-19\bin\dt_socket.dll
0x00007ffd64780000 - 0x00007ffd647bb000 	C:\Windows\SYSTEM32\IPHLPAPI.DLL
0x00007ffd64b00000 - 0x00007ffd64b6a000 	C:\Windows\system32\mswsock.dll
0x00007ffd43940000 - 0x00007ffd43953000 	C:\Program Files\Java\jdk-19\bin\net.dll
0x00007ffd52bb0000 - 0x00007ffd52cb8000 	C:\Windows\SYSTEM32\WINHTTP.dll
0x00007ffd410c0000 - 0x00007ffd410d6000 	C:\Program Files\Java\jdk-19\bin\nio.dll
0x00007ffd53280000 - 0x00007ffd53290000 	C:\Program Files\Java\jdk-19\bin\verify.dll
0x00007ffd64cf0000 - 0x00007ffd64d08000 	C:\Windows\SYSTEM32\CRYPTSP.dll
0x00007ffd64410000 - 0x00007ffd64444000 	C:\Windows\system32\rsaenh.dll
0x00007ffd658f0000 - 0x00007ffd65917000 	C:\Windows\System32\bcrypt.dll
0x00007ffd65210000 - 0x00007ffd6523e000 	C:\Windows\SYSTEM32\USERENV.dll
0x00007ffd64d10000 - 0x00007ffd64d1c000 	C:\Windows\SYSTEM32\CRYPTBASE.dll
0x00007ffd678d0000 - 0x00007ffd678d8000 	C:\Windows\System32\NSI.dll
0x00007ffd5b220000 - 0x00007ffd5b237000 	C:\Windows\SYSTEM32\dhcpcsvc6.DLL
0x00007ffd5b200000 - 0x00007ffd5b21d000 	C:\Windows\SYSTEM32\dhcpcsvc.DLL
0x00007ffd647c0000 - 0x00007ffd6488c000 	C:\Windows\SYSTEM32\DNSAPI.dll
0x00007ffd43920000 - 0x00007ffd4392e000 	C:\Program Files\Java\jdk-19\bin\sunmscapi.dll
0x00007ffd65790000 - 0x00007ffd658e6000 	C:\Windows\System32\CRYPT32.dll
0x00007ffd64e10000 - 0x00007ffd64e37000 	C:\Windows\SYSTEM32\ncrypt.dll
0x00007ffd64dd0000 - 0x00007ffd64e0b000 	C:\Windows\SYSTEM32\NTASN1.dll
0x00007ffd4ac00000 - 0x00007ffd4ac0a000 	C:\Program Files\Java\jdk-19\bin\management.dll
0x00007ffd47f00000 - 0x00007ffd47f0b000 	C:\Program Files\Java\jdk-19\bin\management_ext.dll
0x00007ffd67820000 - 0x00007ffd67828000 	C:\Windows\System32\PSAPI.DLL
0x00007ffd590b0000 - 0x00007ffd590ba000 	C:\Windows\System32\rasadhlp.dll
0x00007ffd52b30000 - 0x00007ffd52baf000 	C:\Windows\System32\fwpuclnt.dll
0x00007ffd60a20000 - 0x00007ffd60a28000 	C:\Program Files\Java\jdk-19\bin\extnet.dll

dbghelp: loaded successfully - version: 4.0.5 - missing functions: none
symbol engine: initialized successfully - sym options: 0x614 - pdb path: .;C:\Program Files\Java\jdk-19\bin;C:\Windows\SYSTEM32;C:\Windows\WinSxS\amd64_microsoft.windows.common-controls_6595b64144ccf1df_6.0.19041.1110_none_60b5254171f9507e;C:\Program Files\Java\jdk-19\bin\server

VM Arguments:
jvm_args: -agentlib:jdwp=transport=dt_socket,address=127.0.0.1:51309,suspend=y,server=n -javaagent:C:\Users\Жанарбай\AppData\Local\JetBrains\IdeaIC2022.3\captureAgent\debugger-agent.jar -Dfile.encoding=UTF-8 -Dsun.stdout.encoding=UTF-8 -Dsun.stderr.encoding=UTF-8 
java_command: com.example.demo1.Application
java_class_path (initial): C:\Users\Жанарбай\Desktop\frameworks\SPRING\demo1\demo1\target\classes;C:\Users\Жанарбай\.m2\repository\org\springframework\boot\spring-boot-starter-data-jpa\3.0.5\spring-boot-starter-data-jpa-3.0.5.jar;C:\Users\Жанарбай\.m2\repository\org\springframework\boot\spring-boot-starter-aop\3.0.5\spring-boot-starter-aop-3.0.5.jar;C:\Users\Жанарбай\.m2\repository\org\springframework\spring-aop\6.0.7\spring-aop-6.0.7.jar;C:\Users\Жанарбай\.m2\repository\org\aspectj\aspectjweaver\1.9.19\aspectjweaver-1.9.19.jar;C:\Users\Жанарбай\.m2\repository\org\springframework\boot\spring-boot-starter-jdbc\3.0.5\spring-boot-starter-jdbc-3.0.5.jar;C:\Users\Жанарбай\.m2\repository\com\zaxxer\HikariCP\5.0.1\HikariCP-5.0.1.jar;C:\Users\Жанарбай\.m2\repository\org\springframework\spring-jdbc\6.0.7\spring-jdbc-6.0.7.jar;C:\Users\Жанарбай\.m2\repository\org\hibernate\orm\hibernate-core\6.1.7.Final\hibernate-core-6.1.7.Final.jar;C:\Users\Жанарбай\.m2\repository\jakarta\persistence\jakarta.persistence-api\3.1.0\jakarta.persistence-api-3.1.0.jar;C:\Users\Жанарбай\.m2\repository\jakarta\transaction\jakarta.transaction-api\2.0.1\jakarta.transaction-api-2.0.1.jar;C:\Users\Жанарбай\.m2\repository\org\jboss\logging\jboss-logging\3.5.0.Final\jboss-logging-3.5.0.Final.jar;C:\Users\Жанарбай\.m2\repository\org\hibernate\common\hibernate-commons-annotations\6.0.6.Final\hibernate-commons-annotations-6.0.6.Final.jar;C:\Users\Жанарбай\.m2\repository\org\jboss\jandex\2.4.2.Final\jandex-2.4.2.Final.jar;C:\Users\Жанарбай\.m2\repository\com\fasterxml\classmate\1.5.1\classmate-1.5.1.jar;C:\Users\Жанарбай\.m2\repository\net\bytebuddy\byte-buddy\1.12.23\byte-buddy-1.12.23.jar;C:\Users\Жанарбай\.m2\repository\org\glassfish\jaxb\jaxb-runtime\4.0.2\jaxb-runtime-4.0.2.jar;C:\Users\Жанарбай\.m2\repository\org\glassfish\jaxb\jaxb-core\4.0.2\jaxb-core-4.0.2.jar;C:\Users\Жанарбай\.m2\repository\org\eclipse\angus\angus-activation\2.0.0\angus-activation-2.0.0.jar;C:\Users\Жанарбай\.m2\repository\org\glassfish\jaxb\txw2\4.0.2\txw2-4.0.2.jar;C:\Users\Жанарбай\.m2\repository\com\sun\istack\istack-commons-runtime\4.1.1\istack-commons-runtime-4.1.1.jar;C:\Users\Жанарбай\.m2\repository\jakarta\inject\jakarta.inject-api\2.0.0\jakarta.inject-api-2.0.0.jar;C:\Users\Жанарбай\.m2\repository\org\antlr\antlr4-runtime\4.10.1\antlr4-runtime-4.10.1.jar;C:\Users\Жанарбай\.m2\repository\org\springframework\data\spring-data-jpa\3.0.4\spring-data-jpa-3.0.4.jar;C:\Users\Жанарбай\.m2\repository\org\springframework\data\spring-data-commons\3.0.4\spring-data-commons-3.0.4.jar;C:\Users\Жанарбай\.m2\repository\org\springframework\spring-orm\6.0.7\spring-orm-6.0.7.jar;C:\Users\Жанарбай\.m2\repository\org\springframework\spring-context\6.0.7\spring-context-6.0.7.jar;C:\Users\Жанарбай\.m2\repository\org\springframework\spring-tx\6.0.7\spring-tx-6.0.7.jar;C:\Users\Жанарбай\.m2\repository\org\springframework\spring-beans\6.0.7\spring-beans-6.0.7.jar;C:\Users\Жанарбай\.m2\repository\jakarta\annotation\jakarta.annotation-api\2.1.1\jakarta.annotation-api-2.1.1.jar;C:\Users\Жанарбай\.m2\repository\org\slf4j\slf4j-api\2.0.7\slf4j-api-2.0.7.jar;C:\Users\Жанарбай\.m2\repository\org\springframework\spring-aspects\6.0.7\spring-aspects-6.0.7.jar;C:\Users\Жанарбай\.m2\repository\org\springframework\boot\spring-boot-starter-thymeleaf\3.0.5\spring-boot-starter-thymeleaf-3.0.5.jar;C:\Users\Жанарбай\.m2\repository\org\springframework\boot\spring-boot-starter\3.0.5\spring-boot-starter-3.0.5.jar;C:\Users\Жанарбай\.m2\repository\org\springframework\boot\spring-boot\3.0.5\spring-boot-3.0.5.jar;C:\Users\Жанарбай\.m2\repository\org\springframework\boot\spring-boot-autoconfigure\3.0.5\spring-boot-autoconfigure-3.0.5.jar;C:\Users\Жанарбай\.m2\repository\org\springframework\boot\spring-boot-starter-logging\3.0.5\spring-boot-starter-logging-3.0.5.jar;C:\Users\Жанарбай\.m2\repository\ch\qos\logback\logback-classic\1.4.6\logback-classic-1.4.6.jar;C:\Users\Жанарбай\.m2\repository\ch\qos\logback\logback-core\1.4.6\logback-core-1.4.6.jar;C:\Users\Жанарбай\.m2\repository\org\apache\logging\log4j\log4j-to-slf4j\2.19.0\log4j-to-slf4j-2.19.0.jar;C:\Users\Жанарбай\.m2\repository\org\apache\logging\log4j\log4j-api\2.19.0\log4j-api-2.19.0.jar;C:\Users\Жанарбай\.m2\repository\org\slf4j\jul-to-slf4j\2.0.7\jul-to-slf4j-2.0.7.jar;C:\Users\Жанарбай\.m2\repository\org\yaml\snakeyaml\1.33\snakeyaml-1.33.jar;C:\Users\Жанарбай\.m2\repository\org\thymeleaf\thymeleaf-spring6\3.1.1.RELEASE\thymeleaf-spring6-3.1.1.RELEASE.jar;C:\Users\Жанарбай\.m2\repository\org\thymeleaf\thymeleaf\3.1.1.RELEASE\thymeleaf-3.1.1.RELEASE.jar;C:\Users\Жанарбай\.m2\repository\org\attoparser\attoparser\2.0.6.RELEASE\attoparser-2.0.6.RELEASE.jar;C:\Users\Жанарбай\.m2\repository\org\unbescape\unbescape\1.1.6.RELEASE\unbescape-1.1.6.RELEASE.jar;C:\Users\Жанарбай\.m2\repository\org\springframework\boot\spring-boot-starter-web\3.0.5\spring-boot-starter-web-3.0.5.jar;C:\Users\Жанарбай\.m2\repository\org\springframework\boot\spring-boot-starter-json\3.0.5\spring-boot-starter-json-3.0.5.jar;C:\Users\Жанарбай\.m2\repository\com\fasterxml\jackson\core\jackson-databind\2.14.2\jackson-databind-2.14.2.jar;C:\Users\Жанарбай\.m2\repository\com\fasterxml\jackson\core\jackson-annotations\2.14.2\jackson-annotations-2.14.2.jar;C:\Users\Жанарбай\.m2\repository\com\fasterxml\jackson\core\jackson-core\2.14.2\jackson-core-2.14.2.jar;C:\Users\Жанарбай\.m2\repository\com\fasterxml\jackson\datatype\jackson-datatype-jdk8\2.14.2\jackson-datatype-jdk8-2.14.2.jar;C:\Users\Жанарбай\.m2\repository\com\fasterxml\jackson\datatype\jackson-datatype-jsr310\2.14.2\jackson-datatype-jsr310-2.14.2.jar;C:\Users\Жанарбай\.m2\repository\com\fasterxml\jackson\module\jackson-module-parameter-names\2.14.2\jackson-module-parameter-names-2.14.2.jar;C:\Users\Жанарбай\.m2\repository\org\springframework\boot\spring-boot-starter-tomcat\3.0.5\spring-boot-starter-tomcat-3.0.5.jar;C:\Users\Жанарбай\.m2\repository\org\apache\tomcat\embed\tomcat-embed-core\10.1.7\tomcat-embed-core-10.1.7.jar;C:\Users\Жанарбай\.m2\repository\org\apache\tomcat\embed\tomcat-embed-el\10.1.7\tomcat-embed-el-10.1.7.jar;C:\Users\Жанарбай\.m2\repository\org\apache\tomcat\embed\tomcat-embed-websocket\10.1.7\tomcat-embed-websocket-10.1.7.jar;C:\Users\Жанарбай\.m2\repository\org\springframework\spring-web\6.0.7\spring-web-6.0.7.jar;C:\Users\Жанарбай\.m2\repository\io\micrometer\micrometer-observation\1.10.5\micrometer-observation-1.10.5.jar;C:\Users\Жанарбай\.m2\repository\io\micrometer\micrometer-commons\1.10.5\micrometer-commons-1.10.5.jar;C:\Users\Жанарбай\.m2\repository\org\springframework\spring-webmvc\6.0.7\spring-webmvc-6.0.7.jar;C:\Users\Жанарбай\.m2\repository\org\springframework\spring-expression\6.0.7\spring-expression-6.0.7.jar;C:\Users\Жанарбай\.m2\repository\org\postgresql\postgresql\42.5.4\postgresql-42.5.4.jar;C:\Users\Жанарбай\.m2\repository\org\checkerframework\checker-qual\3.5.0\checker-qual-3.5.0.jar;C:\Users\Жанарбай\.m2\repository\jakarta\xml\bind\jakarta.xml.bind-api\4.0.0\jakarta.xml.bind-api-4.0.0.jar;C:\Users\Жанарбай\.m2\repository\jakarta\activation\jakarta.activation-api\2.1.1\jakarta.activation-api-2.1.1.jar;C:\Users\Жанарбай\.m2\repository\org\springframework\spring-core\6.0.7\spring-core-6.0.7.jar;C:\Users\Жанарбай\.m2\repository\org\springframework\spring-jcl\6.0.7\spring-jcl-6.0.7.jar;C:\Users\Жанарбай\AppData\Local\JetBrains\IntelliJ IDEA Community Edition 2022.3.2\lib\idea_rt.jar
Launcher Type: SUN_STANDARD

[Global flags]
     intx CICompilerCount                          = 4                                         {product} {ergonomic}
     uint ConcGCThreads                            = 2                                         {product} {ergonomic}
     uint G1ConcRefinementThreads                  = 8                                         {product} {ergonomic}
   size_t G1HeapRegionSize                         = 1048576                                   {product} {ergonomic}
    uintx GCDrainStackTargetSize                   = 64                                        {product} {ergonomic}
   size_t InitialHeapSize                          = 130023424                                 {product} {ergonomic}
   size_t MarkStackSize                            = 4194304                                   {product} {ergonomic}
   size_t MaxHeapSize                              = 2067791872                                {product} {ergonomic}
   size_t MaxNewSize                               = 1240465408                                {product} {ergonomic}
   size_t MinHeapDeltaBytes                        = 1048576                                   {product} {ergonomic}
   size_t MinHeapSize                              = 8388608                                   {product} {ergonomic}
    uintx NonNMethodCodeHeapSize                   = 5839372                                {pd product} {ergonomic}
    uintx NonProfiledCodeHeapSize                  = 122909434                              {pd product} {ergonomic}
    uintx ProfiledCodeHeapSize                     = 122909434                              {pd product} {ergonomic}
    uintx ReservedCodeCacheSize                    = 251658240                              {pd product} {ergonomic}
     bool SegmentedCodeCache                       = true                                      {product} {ergonomic}
   size_t SoftMaxHeapSize                          = 2067791872                             {manageable} {ergonomic}
     bool UseCompressedClassPointers               = true                           {product lp64_product} {ergonomic}
     bool UseCompressedOops                        = true                           {product lp64_product} {ergonomic}
     bool UseG1GC                                  = true                                      {product} {ergonomic}
     bool UseLargePagesIndividualAllocation        = false                                  {pd product} {ergonomic}

Logging:
Log output configuration:
 #0: stdout all=warning uptime,level,tags foldmultilines=false
 #1: stderr all=off uptime,level,tags foldmultilines=false

Environment Variables:
JAVA_HOME=C:\Program Files\Java\jdk-19
PATH=C:\Program Files\Common Files\Oracle\Java\javapath;C:\Windows\system32;C:\Windows;C:\Windows\System32\Wbem;C:\Windows\System32\WindowsPowerShell\v1.0\;C:\Program Files\Git\cmd;C:\Program Files\Java\jdk-19\bin;C:\Program Files\MySQL\MySQL Shell 8.0\bin\;C:\Users\Жанарбай\AppData\Local\Microsoft\WindowsApps;C:\Users\Жанарбай\AppData\Local\Programs\Microsoft VS Code\bin;C:\Program Files\JetBrains\PyCharm Community Edition 2022.2.3\bin;;C:\Users\Жанарбай\AppData\Local\GitHubDesktop\bin
USERNAME=Жанарбай
OS=Windows_NT
PROCESSOR_IDENTIFIER=Intel64 Family 6 Model 140 Stepping 1, GenuineIntel
TMP=C:\Users\46FB~1\AppData\Local\Temp
TEMP=C:\Users\46FB~1\AppData\Local\Temp



---------------  S Y S T E M  ---------------

OS:
 Windows 10 , 64 bit Build 19041 (10.0.19041.1202)
OS uptime: 0 days 7:41 hours

CPU: total 8 (initial active 8) (4 cores per cpu, 2 threads per core) family 6 model 140 stepping 1 microcode 0xa4, cx8, cmov, fxsr, ht, mmx, 3dnowpref, sse, sse2, sse3, ssse3, sse4.1, sse4.2, popcnt, lzcnt, tsc, tscinvbit, avx, avx2, aes, erms, clmul, bmi1, bmi2, adx, avx512f, avx512dq, avx512cd, avx512bw, avx512vl, sha, fma, vzeroupper, avx512_vpopcntdq, avx512_vpclmulqdq, avx512_vaes, avx512_vnni, clflush, clflushopt, clwb, avx512_vbmi2, avx512_vbmi, rdtscp, rdpid, fsrm, gfni, avx512_bitalg

Memory: 4k page, system-wide physical 7883M (383M free)
TotalPageFile size 7883M (AvailPageFile size 8M)
current process WorkingSet (physical memory assigned to process): 233M, peak: 238M
current process commit charge ("private bytes"): 272M, peak: 289M

vm_info: Java HotSpot(TM) 64-Bit Server VM (19.0.2+7-44) for windows-amd64 JRE (19.0.2+7-44), built on 2022-11-30T18:02:09Z by "mach5one" with MS VC++ 17.1 (VS2022)

END.
