#
# There is insufficient memory for the Java Runtime Environment to continue.
# Native memory allocation (malloc) failed to allocate 495856 bytes for Chunk::new
# Possible reasons:
#   The system is out of physical RAM or swap space
#   The process is running with CompressedOops enabled, and the Java Heap may be blocking the growth of the native heap
# Possible solutions:
#   Reduce memory load on the system
#   Increase physical memory or swap space
#   Check if swap backing store is full
#   Decrease Java heap size (-Xmx/-Xms)
#   Decrease number of Java threads
#   Decrease Java thread stack sizes (-Xss)
#   Set larger code cache with -XX:ReservedCodeCacheSize=
#   JVM is running with Unscaled Compressed Oops mode in which the Java heap is
#     placed in the first 4GB address space. The Java Heap base address is the
#     maximum limit for the native heap growth. Please use -XX:HeapBaseMinAddress
#     to set the Java Heap base and to place the Java Heap above 4GB virtual address.
# This output file may be truncated or incomplete.
#
#  Out of Memory Error (arena.cpp:184), pid=11940, tid=9052
#
# JRE version: Java(TM) SE Runtime Environment (19.0.2+7) (build 19.0.2+7-44)
# Java VM: Java HotSpot(TM) 64-Bit Server VM (19.0.2+7-44, mixed mode, sharing, tiered, compressed oops, compressed class ptrs, g1 gc, windows-amd64)
# No core dump will be written. Minidumps are not enabled by default on client versions of Windows
#

---------------  S U M M A R Y ------------

Command Line: -javaagent:C:\Users\Жанарбай\AppData\Local\JetBrains\IntelliJ IDEA Community Edition 2022.3.2\lib\idea_rt.jar=59365:C:\Users\Жанарбай\AppData\Local\JetBrains\IntelliJ IDEA Community Edition 2022.3.2\bin -Dfile.encoding=UTF-8 -Dsun.stdout.encoding=UTF-8 -Dsun.stderr.encoding=UTF-8 com.example.demo1.Application

Host: 11th Gen Intel(R) Core(TM) i7-1165G7 @ 2.80GHz, 8 cores, 7G,  Windows 10 , 64 bit Build 19041 (10.0.19041.1202)
Time: Sat Apr 15 20:56:29 2023  Windows 10 , 64 bit Build 19041 (10.0.19041.1202) elapsed time: 0.899123 seconds (0d 0h 0m 0s)

---------------  T H R E A D  ---------------

Current thread (0x000001a999ad29a0):  JavaThread "C2 CompilerThread2" daemon [_thread_in_native, id=9052, stack(0x00000089a7600000,0x00000089a7700000)]


Current CompileTask:
C2:    899 2092       4       java.util.HashSet::add (20 bytes)

Stack: [0x00000089a7600000,0x00000089a7700000]
Native frames: (J=compiled Java code, j=interpreted, Vv=VM code, C=native code)
V  [jvm.dll+0x6ee21a]
V  [jvm.dll+0x85765e]
V  [jvm.dll+0x85904e]
V  [jvm.dll+0x859703]
V  [jvm.dll+0x28298f]
V  [jvm.dll+0xc9adf]
V  [jvm.dll+0xc9e65]
V  [jvm.dll+0x3bca12]
V  [jvm.dll+0x3860e1]
V  [jvm.dll+0x38555a]
V  [jvm.dll+0x24c3d9]
V  [jvm.dll+0x24b781]
V  [jvm.dll+0x1d6ce1]
V  [jvm.dll+0x25b25a]
V  [jvm.dll+0x2596e8]
V  [jvm.dll+0x807588]
V  [jvm.dll+0x80125a]
V  [jvm.dll+0x6ecf0b]
C  [ucrtbase.dll+0x21bb2]
C  [KERNEL32.DLL+0x17034]
C  [ntdll.dll+0x52651]


---------------  P R O C E S S  ---------------

Threads class SMR info:
_java_thread_list=0x000001a99a551e70, length=15, elements={
0x000001a9f6ab5630, 0x000001a995164470, 0x000001a995166070, 0x000001a995168680,
0x000001a995168fb0, 0x000001a9951698e0, 0x000001a99516cd80, 0x000001a9951812f0,
0x000001a995182300, 0x000001a9951849d0, 0x000001a995135fd0, 0x000001a99954f550,
0x000001a9999d4e90, 0x000001a9998fc4d0, 0x000001a999ad29a0
}

Java Threads: ( => current thread )
  0x000001a9f6ab5630 JavaThread "main" [_thread_in_Java, id=4704, stack(0x00000089a6100000,0x00000089a6200000)]
  0x000001a995164470 JavaThread "Reference Handler" daemon [_thread_blocked, id=3048, stack(0x00000089a6800000,0x00000089a6900000)]
  0x000001a995166070 JavaThread "Finalizer" daemon [_thread_blocked, id=1272, stack(0x00000089a6900000,0x00000089a6a00000)]
  0x000001a995168680 JavaThread "Signal Dispatcher" daemon [_thread_blocked, id=2232, stack(0x00000089a6a00000,0x00000089a6b00000)]
  0x000001a995168fb0 JavaThread "Attach Listener" daemon [_thread_blocked, id=1032, stack(0x00000089a6b00000,0x00000089a6c00000)]
  0x000001a9951698e0 JavaThread "Service Thread" daemon [_thread_blocked, id=7584, stack(0x00000089a6c00000,0x00000089a6d00000)]
  0x000001a99516cd80 JavaThread "Monitor Deflation Thread" daemon [_thread_blocked, id=9340, stack(0x00000089a6d00000,0x00000089a6e00000)]
  0x000001a9951812f0 JavaThread "C2 CompilerThread0" daemon [_thread_in_native, id=9592, stack(0x00000089a6e00000,0x00000089a6f00000)]
  0x000001a995182300 JavaThread "C1 CompilerThread0" daemon [_thread_in_native, id=11980, stack(0x00000089a6f00000,0x00000089a7000000)]
  0x000001a9951849d0 JavaThread "Sweeper thread" daemon [_thread_blocked, id=8104, stack(0x00000089a7000000,0x00000089a7100000)]
  0x000001a995135fd0 JavaThread "Common-Cleaner" daemon [_thread_blocked, id=7040, stack(0x00000089a7100000,0x00000089a7200000)]
  0x000001a99954f550 JavaThread "C2 CompilerThread1" daemon [_thread_in_native, id=4896, stack(0x00000089a7200000,0x00000089a7300000)]
  0x000001a9999d4e90 JavaThread "Monitor Ctrl-Break" daemon [_thread_in_native, id=10068, stack(0x00000089a7300000,0x00000089a7400000)]
  0x000001a9998fc4d0 JavaThread "Notification Thread" daemon [_thread_blocked, id=6004, stack(0x00000089a7400000,0x00000089a7500000)]
=>0x000001a999ad29a0 JavaThread "C2 CompilerThread2" daemon [_thread_in_native, id=9052, stack(0x00000089a7600000,0x00000089a7700000)]

Other Threads:
  0x000001a995147660 VMThread "VM Thread" [stack: 0x00000089a6700000,0x00000089a6800000] [id=7188]
  0x000001a9998fd220 WatcherThread "VM Periodic Task Thread" [stack: 0x00000089a7500000,0x00000089a7600000] [id=7600]
  0x000001a9f6b138d0 WorkerThread "GC Thread#0" [stack: 0x00000089a6200000,0x00000089a6300000] [id=4744]
  0x000001a999b83b50 WorkerThread "GC Thread#1" [stack: 0x00000089a7700000,0x00000089a7800000] [id=3120]
  0x000001a999f70170 WorkerThread "GC Thread#2" [stack: 0x00000089a7800000,0x00000089a7900000] [id=3924]
  0x000001a999c46050 WorkerThread "GC Thread#3" [stack: 0x00000089a7900000,0x00000089a7a00000] [id=2456]
  0x000001a999c46320 WorkerThread "GC Thread#4" [stack: 0x00000089a7a00000,0x00000089a7b00000] [id=11364]
  0x000001a999d2ef90 WorkerThread "GC Thread#5" [stack: 0x00000089a7b00000,0x00000089a7c00000] [id=10396]
  0x000001a99a25f2c0 WorkerThread "GC Thread#6" [stack: 0x00000089a7d00000,0x00000089a7e00000] [id=1832]
  0x000001a99a25fb30 WorkerThread "GC Thread#7" [stack: 0x00000089a7e00000,0x00000089a7f00000] [id=1568]
  0x000001a9f6b24050 ConcurrentGCThread "G1 Main Marker" [stack: 0x00000089a6300000,0x00000089a6400000] [id=6612]
  0x000001a9f6b25e90 WorkerThread "G1 Conc#0" [stack: 0x00000089a6400000,0x00000089a6500000] [id=10136]
  0x000001a995001140 ConcurrentGCThread "G1 Refine#0" [stack: 0x00000089a6500000,0x00000089a6600000] [id=5176]
  0x000001a995004ab0 ConcurrentGCThread "G1 Service" [stack: 0x00000089a6600000,0x00000089a6700000] [id=4568]

Threads with active compile tasks:
C2 CompilerThread0      906 2126       4       jdk.internal.jimage.ImageLocation::verify (218 bytes)
C1 CompilerThread0      906 2150   !   3       org.springframework.core.io.DefaultResourceLoader::getResource (140 bytes)
C2 CompilerThread1      907 2094   !   4       java.net.URL::<init> (543 bytes)
C2 CompilerThread2      907 2092       4       java.util.HashSet::add (20 bytes)

VM state: not at safepoint (normal execution)

VM Mutex/Monitor currently owned by a thread: None

Heap address: 0x0000000084c00000, size: 1972 MB, Compressed Oops mode: 32-bit

CDS archive(s) mapped at: [0x0000000800000000-0x0000000800c40000-0x0000000800c40000), size 12845056, SharedBaseAddress: 0x0000000800000000, ArchiveRelocationMode: 0.
Compressed class space mapped at: 0x0000000801000000-0x0000000841000000, reserved size: 1073741824
Narrow klass base: 0x0000000800000000, Narrow klass shift: 0, Narrow klass range: 0x100000000

GC Precious Log:
 CardTable entry size: 512
 Card Set container configuration: InlinePtr #cards 5 size 8 Array Of Cards #cards 12 size 40 Howl #buckets 4 coarsen threshold 1843 Howl Bitmap #cards 512 size 80 coarsen threshold 460 Card regions per heap region 1 cards per card region 2048
 CPUs: 8 total, 8 available
 Memory: 7883M
 Large Page Support: Disabled
 NUMA Support: Disabled
 Compressed Oops: Enabled (32-bit)
 Heap Region Size: 1M
 Heap Min Capacity: 8M
 Heap Initial Capacity: 124M
 Heap Max Capacity: 1972M
 Pre-touch: Disabled
 Parallel Workers: 8
 Concurrent Workers: 2
 Concurrent Refinement Workers: 8
 Periodic GC: Disabled

Heap:
 garbage-first heap   total 126976K, used 20224K [0x0000000084c00000, 0x0000000100000000)
  region size 1024K, 15 young (15360K), 3 survivors (3072K)
 Metaspace       used 16434K, committed 16768K, reserved 1114112K
  class space    used 1932K, committed 2112K, reserved 1048576K

Heap Regions: E=young(eden), S=young(survivor), O=old, HS=humongous(starts), HC=humongous(continues), CS=collection set, F=free, OA=open archive, CA=closed archive, TAMS=top-at-mark-start (previous, next)
|   0|0x0000000084c00000, 0x0000000084d00000, 0x0000000084d00000|100%|HS|  |TAMS 0x0000000084c00000, 0x0000000084c00000| Complete 
|   1|0x0000000084d00000, 0x0000000084e00000, 0x0000000084e00000|100%| O|  |TAMS 0x0000000084d00000, 0x0000000084d00000| Untracked 
|   2|0x0000000084e00000, 0x0000000084f00000, 0x0000000084f00000|100%| O|  |TAMS 0x0000000084e00000, 0x0000000084e00000| Untracked 
|   3|0x0000000084f00000, 0x0000000085000000, 0x0000000085000000|100%| O|  |TAMS 0x0000000084f00000, 0x0000000084f00000| Untracked 
|   4|0x0000000085000000, 0x0000000085100000, 0x0000000085100000|100%| O|  |TAMS 0x0000000085000000, 0x0000000085000000| Untracked 
|   5|0x0000000085100000, 0x0000000085200000, 0x0000000085200000|100%| O|  |TAMS 0x0000000085100000, 0x0000000085100000| Untracked 
|   6|0x0000000085200000, 0x0000000085281600, 0x0000000085300000| 50%| O|  |TAMS 0x0000000085200000, 0x0000000085200000| Untracked 
|   7|0x0000000085300000, 0x0000000085300000, 0x0000000085400000|  0%| F|  |TAMS 0x0000000085300000, 0x0000000085300000| Untracked 
|   8|0x0000000085400000, 0x0000000085400000, 0x0000000085500000|  0%| F|  |TAMS 0x0000000085400000, 0x0000000085400000| Untracked 
|   9|0x0000000085500000, 0x0000000085500000, 0x0000000085600000|  0%| F|  |TAMS 0x0000000085500000, 0x0000000085500000| Untracked 
|  10|0x0000000085600000, 0x0000000085600000, 0x0000000085700000|  0%| F|  |TAMS 0x0000000085600000, 0x0000000085600000| Untracked 
|  11|0x0000000085700000, 0x0000000085700000, 0x0000000085800000|  0%| F|  |TAMS 0x0000000085700000, 0x0000000085700000| Untracked 
|  12|0x0000000085800000, 0x0000000085800000, 0x0000000085900000|  0%| F|  |TAMS 0x0000000085800000, 0x0000000085800000| Untracked 
|  13|0x0000000085900000, 0x0000000085900000, 0x0000000085a00000|  0%| F|  |TAMS 0x0000000085900000, 0x0000000085900000| Untracked 
|  14|0x0000000085a00000, 0x0000000085a00000, 0x0000000085b00000|  0%| F|  |TAMS 0x0000000085a00000, 0x0000000085a00000| Untracked 
|  15|0x0000000085b00000, 0x0000000085b00000, 0x0000000085c00000|  0%| F|  |TAMS 0x0000000085b00000, 0x0000000085b00000| Untracked 
|  16|0x0000000085c00000, 0x0000000085c00000, 0x0000000085d00000|  0%| F|  |TAMS 0x0000000085c00000, 0x0000000085c00000| Untracked 
|  17|0x0000000085d00000, 0x0000000085d00000, 0x0000000085e00000|  0%| F|  |TAMS 0x0000000085d00000, 0x0000000085d00000| Untracked 
|  18|0x0000000085e00000, 0x0000000085e00000, 0x0000000085f00000|  0%| F|  |TAMS 0x0000000085e00000, 0x0000000085e00000| Untracked 
|  19|0x0000000085f00000, 0x0000000085f00000, 0x0000000086000000|  0%| F|  |TAMS 0x0000000085f00000, 0x0000000085f00000| Untracked 
|  20|0x0000000086000000, 0x0000000086000000, 0x0000000086100000|  0%| F|  |TAMS 0x0000000086000000, 0x0000000086000000| Untracked 
|  21|0x0000000086100000, 0x0000000086100000, 0x0000000086200000|  0%| F|  |TAMS 0x0000000086100000, 0x0000000086100000| Untracked 
|  22|0x0000000086200000, 0x0000000086200000, 0x0000000086300000|  0%| F|  |TAMS 0x0000000086200000, 0x0000000086200000| Untracked 
|  23|0x0000000086300000, 0x0000000086300000, 0x0000000086400000|  0%| F|  |TAMS 0x0000000086300000, 0x0000000086300000| Untracked 
|  24|0x0000000086400000, 0x0000000086400000, 0x0000000086500000|  0%| F|  |TAMS 0x0000000086400000, 0x0000000086400000| Untracked 
|  25|0x0000000086500000, 0x0000000086500000, 0x0000000086600000|  0%| F|  |TAMS 0x0000000086500000, 0x0000000086500000| Untracked 
|  26|0x0000000086600000, 0x0000000086600000, 0x0000000086700000|  0%| F|  |TAMS 0x0000000086600000, 0x0000000086600000| Untracked 
|  27|0x0000000086700000, 0x0000000086700000, 0x0000000086800000|  0%| F|  |TAMS 0x0000000086700000, 0x0000000086700000| Untracked 
|  28|0x0000000086800000, 0x0000000086800000, 0x0000000086900000|  0%| F|  |TAMS 0x0000000086800000, 0x0000000086800000| Untracked 
|  29|0x0000000086900000, 0x0000000086900000, 0x0000000086a00000|  0%| F|  |TAMS 0x0000000086900000, 0x0000000086900000| Untracked 
|  30|0x0000000086a00000, 0x0000000086a00000, 0x0000000086b00000|  0%| F|  |TAMS 0x0000000086a00000, 0x0000000086a00000| Untracked 
|  31|0x0000000086b00000, 0x0000000086b00000, 0x0000000086c00000|  0%| F|  |TAMS 0x0000000086b00000, 0x0000000086b00000| Untracked 
|  32|0x0000000086c00000, 0x0000000086c00000, 0x0000000086d00000|  0%| F|  |TAMS 0x0000000086c00000, 0x0000000086c00000| Untracked 
|  33|0x0000000086d00000, 0x0000000086d00000, 0x0000000086e00000|  0%| F|  |TAMS 0x0000000086d00000, 0x0000000086d00000| Untracked 
|  34|0x0000000086e00000, 0x0000000086e00000, 0x0000000086f00000|  0%| F|  |TAMS 0x0000000086e00000, 0x0000000086e00000| Untracked 
|  35|0x0000000086f00000, 0x0000000086f00000, 0x0000000087000000|  0%| F|  |TAMS 0x0000000086f00000, 0x0000000086f00000| Untracked 
|  36|0x0000000087000000, 0x0000000087000000, 0x0000000087100000|  0%| F|  |TAMS 0x0000000087000000, 0x0000000087000000| Untracked 
|  37|0x0000000087100000, 0x0000000087100000, 0x0000000087200000|  0%| F|  |TAMS 0x0000000087100000, 0x0000000087100000| Untracked 
|  38|0x0000000087200000, 0x0000000087200000, 0x0000000087300000|  0%| F|  |TAMS 0x0000000087200000, 0x0000000087200000| Untracked 
|  39|0x0000000087300000, 0x0000000087300000, 0x0000000087400000|  0%| F|  |TAMS 0x0000000087300000, 0x0000000087300000| Untracked 
|  40|0x0000000087400000, 0x0000000087400000, 0x0000000087500000|  0%| F|  |TAMS 0x0000000087400000, 0x0000000087400000| Untracked 
|  41|0x0000000087500000, 0x0000000087500000, 0x0000000087600000|  0%| F|  |TAMS 0x0000000087500000, 0x0000000087500000| Untracked 
|  42|0x0000000087600000, 0x0000000087600000, 0x0000000087700000|  0%| F|  |TAMS 0x0000000087600000, 0x0000000087600000| Untracked 
|  43|0x0000000087700000, 0x0000000087700000, 0x0000000087800000|  0%| F|  |TAMS 0x0000000087700000, 0x0000000087700000| Untracked 
|  44|0x0000000087800000, 0x0000000087800000, 0x0000000087900000|  0%| F|  |TAMS 0x0000000087800000, 0x0000000087800000| Untracked 
|  45|0x0000000087900000, 0x0000000087900000, 0x0000000087a00000|  0%| F|  |TAMS 0x0000000087900000, 0x0000000087900000| Untracked 
|  46|0x0000000087a00000, 0x0000000087a00000, 0x0000000087b00000|  0%| F|  |TAMS 0x0000000087a00000, 0x0000000087a00000| Untracked 
|  47|0x0000000087b00000, 0x0000000087b00000, 0x0000000087c00000|  0%| F|  |TAMS 0x0000000087b00000, 0x0000000087b00000| Untracked 
|  48|0x0000000087c00000, 0x0000000087c00000, 0x0000000087d00000|  0%| F|  |TAMS 0x0000000087c00000, 0x0000000087c00000| Untracked 
|  49|0x0000000087d00000, 0x0000000087d00000, 0x0000000087e00000|  0%| F|  |TAMS 0x0000000087d00000, 0x0000000087d00000| Untracked 
|  50|0x0000000087e00000, 0x0000000087e00000, 0x0000000087f00000|  0%| F|  |TAMS 0x0000000087e00000, 0x0000000087e00000| Untracked 
|  51|0x0000000087f00000, 0x0000000087f00000, 0x0000000088000000|  0%| F|  |TAMS 0x0000000087f00000, 0x0000000087f00000| Untracked 
|  52|0x0000000088000000, 0x0000000088000000, 0x0000000088100000|  0%| F|  |TAMS 0x0000000088000000, 0x0000000088000000| Untracked 
|  53|0x0000000088100000, 0x0000000088100000, 0x0000000088200000|  0%| F|  |TAMS 0x0000000088100000, 0x0000000088100000| Untracked 
|  54|0x0000000088200000, 0x0000000088200000, 0x0000000088300000|  0%| F|  |TAMS 0x0000000088200000, 0x0000000088200000| Untracked 
|  55|0x0000000088300000, 0x0000000088300000, 0x0000000088400000|  0%| F|  |TAMS 0x0000000088300000, 0x0000000088300000| Untracked 
|  56|0x0000000088400000, 0x0000000088400000, 0x0000000088500000|  0%| F|  |TAMS 0x0000000088400000, 0x0000000088400000| Untracked 
|  57|0x0000000088500000, 0x0000000088500000, 0x0000000088600000|  0%| F|  |TAMS 0x0000000088500000, 0x0000000088500000| Untracked 
|  58|0x0000000088600000, 0x0000000088600000, 0x0000000088700000|  0%| F|  |TAMS 0x0000000088600000, 0x0000000088600000| Untracked 
|  59|0x0000000088700000, 0x0000000088700000, 0x0000000088800000|  0%| F|  |TAMS 0x0000000088700000, 0x0000000088700000| Untracked 
|  60|0x0000000088800000, 0x0000000088800000, 0x0000000088900000|  0%| F|  |TAMS 0x0000000088800000, 0x0000000088800000| Untracked 
|  61|0x0000000088900000, 0x0000000088900000, 0x0000000088a00000|  0%| F|  |TAMS 0x0000000088900000, 0x0000000088900000| Untracked 
|  62|0x0000000088a00000, 0x0000000088a00000, 0x0000000088b00000|  0%| F|  |TAMS 0x0000000088a00000, 0x0000000088a00000| Untracked 
|  63|0x0000000088b00000, 0x0000000088b00000, 0x0000000088c00000|  0%| F|  |TAMS 0x0000000088b00000, 0x0000000088b00000| Untracked 
|  64|0x0000000088c00000, 0x0000000088c00000, 0x0000000088d00000|  0%| F|  |TAMS 0x0000000088c00000, 0x0000000088c00000| Untracked 
|  65|0x0000000088d00000, 0x0000000088d00000, 0x0000000088e00000|  0%| F|  |TAMS 0x0000000088d00000, 0x0000000088d00000| Untracked 
|  66|0x0000000088e00000, 0x0000000088e00000, 0x0000000088f00000|  0%| F|  |TAMS 0x0000000088e00000, 0x0000000088e00000| Untracked 
|  67|0x0000000088f00000, 0x0000000088f00000, 0x0000000089000000|  0%| F|  |TAMS 0x0000000088f00000, 0x0000000088f00000| Untracked 
|  68|0x0000000089000000, 0x0000000089000000, 0x0000000089100000|  0%| F|  |TAMS 0x0000000089000000, 0x0000000089000000| Untracked 
|  69|0x0000000089100000, 0x0000000089100000, 0x0000000089200000|  0%| F|  |TAMS 0x0000000089100000, 0x0000000089100000| Untracked 
|  70|0x0000000089200000, 0x0000000089200000, 0x0000000089300000|  0%| F|  |TAMS 0x0000000089200000, 0x0000000089200000| Untracked 
|  71|0x0000000089300000, 0x0000000089300000, 0x0000000089400000|  0%| F|  |TAMS 0x0000000089300000, 0x0000000089300000| Untracked 
|  72|0x0000000089400000, 0x0000000089400000, 0x0000000089500000|  0%| F|  |TAMS 0x0000000089400000, 0x0000000089400000| Untracked 
|  73|0x0000000089500000, 0x0000000089500000, 0x0000000089600000|  0%| F|  |TAMS 0x0000000089500000, 0x0000000089500000| Untracked 
|  74|0x0000000089600000, 0x0000000089600000, 0x0000000089700000|  0%| F|  |TAMS 0x0000000089600000, 0x0000000089600000| Untracked 
|  75|0x0000000089700000, 0x0000000089700000, 0x0000000089800000|  0%| F|  |TAMS 0x0000000089700000, 0x0000000089700000| Untracked 
|  76|0x0000000089800000, 0x0000000089800000, 0x0000000089900000|  0%| F|  |TAMS 0x0000000089800000, 0x0000000089800000| Untracked 
|  77|0x0000000089900000, 0x0000000089900000, 0x0000000089a00000|  0%| F|  |TAMS 0x0000000089900000, 0x0000000089900000| Untracked 
|  78|0x0000000089a00000, 0x0000000089a00000, 0x0000000089b00000|  0%| F|  |TAMS 0x0000000089a00000, 0x0000000089a00000| Untracked 
|  79|0x0000000089b00000, 0x0000000089b00000, 0x0000000089c00000|  0%| F|  |TAMS 0x0000000089b00000, 0x0000000089b00000| Untracked 
|  80|0x0000000089c00000, 0x0000000089c00000, 0x0000000089d00000|  0%| F|  |TAMS 0x0000000089c00000, 0x0000000089c00000| Untracked 
|  81|0x0000000089d00000, 0x0000000089d00000, 0x0000000089e00000|  0%| F|  |TAMS 0x0000000089d00000, 0x0000000089d00000| Untracked 
|  82|0x0000000089e00000, 0x0000000089e00000, 0x0000000089f00000|  0%| F|  |TAMS 0x0000000089e00000, 0x0000000089e00000| Untracked 
|  83|0x0000000089f00000, 0x0000000089f00000, 0x000000008a000000|  0%| F|  |TAMS 0x0000000089f00000, 0x0000000089f00000| Untracked 
|  84|0x000000008a000000, 0x000000008a000000, 0x000000008a100000|  0%| F|  |TAMS 0x000000008a000000, 0x000000008a000000| Untracked 
|  85|0x000000008a100000, 0x000000008a100000, 0x000000008a200000|  0%| F|  |TAMS 0x000000008a100000, 0x000000008a100000| Untracked 
|  86|0x000000008a200000, 0x000000008a200000, 0x000000008a300000|  0%| F|  |TAMS 0x000000008a200000, 0x000000008a200000| Untracked 
|  87|0x000000008a300000, 0x000000008a300000, 0x000000008a400000|  0%| F|  |TAMS 0x000000008a300000, 0x000000008a300000| Untracked 
|  88|0x000000008a400000, 0x000000008a400000, 0x000000008a500000|  0%| F|  |TAMS 0x000000008a400000, 0x000000008a400000| Untracked 
|  89|0x000000008a500000, 0x000000008a53ecd0, 0x000000008a600000| 24%| S|CS|TAMS 0x000000008a500000, 0x000000008a500000| Complete 
|  90|0x000000008a600000, 0x000000008a700000, 0x000000008a700000|100%| S|CS|TAMS 0x000000008a600000, 0x000000008a600000| Complete 
|  91|0x000000008a700000, 0x000000008a800000, 0x000000008a800000|100%| S|CS|TAMS 0x000000008a700000, 0x000000008a700000| Complete 
|  92|0x000000008a800000, 0x000000008a800000, 0x000000008a900000|  0%| F|  |TAMS 0x000000008a800000, 0x000000008a800000| Untracked 
|  93|0x000000008a900000, 0x000000008a900000, 0x000000008aa00000|  0%| F|  |TAMS 0x000000008a900000, 0x000000008a900000| Untracked 
|  94|0x000000008aa00000, 0x000000008aa00000, 0x000000008ab00000|  0%| F|  |TAMS 0x000000008aa00000, 0x000000008aa00000| Untracked 
|  95|0x000000008ab00000, 0x000000008ab00000, 0x000000008ac00000|  0%| F|  |TAMS 0x000000008ab00000, 0x000000008ab00000| Untracked 
|  96|0x000000008ac00000, 0x000000008ac00000, 0x000000008ad00000|  0%| F|  |TAMS 0x000000008ac00000, 0x000000008ac00000| Untracked 
|  97|0x000000008ad00000, 0x000000008ad00000, 0x000000008ae00000|  0%| F|  |TAMS 0x000000008ad00000, 0x000000008ad00000| Untracked 
|  98|0x000000008ae00000, 0x000000008ae00000, 0x000000008af00000|  0%| F|  |TAMS 0x000000008ae00000, 0x000000008ae00000| Untracked 
|  99|0x000000008af00000, 0x000000008af00000, 0x000000008b000000|  0%| F|  |TAMS 0x000000008af00000, 0x000000008af00000| Untracked 
| 100|0x000000008b000000, 0x000000008b000000, 0x000000008b100000|  0%| F|  |TAMS 0x000000008b000000, 0x000000008b000000| Untracked 
| 101|0x000000008b100000, 0x000000008b100000, 0x000000008b200000|  0%| F|  |TAMS 0x000000008b100000, 0x000000008b100000| Untracked 
| 102|0x000000008b200000, 0x000000008b200000, 0x000000008b300000|  0%| F|  |TAMS 0x000000008b200000, 0x000000008b200000| Untracked 
| 103|0x000000008b300000, 0x000000008b300000, 0x000000008b400000|  0%| F|  |TAMS 0x000000008b300000, 0x000000008b300000| Untracked 
| 104|0x000000008b400000, 0x000000008b400000, 0x000000008b500000|  0%| F|  |TAMS 0x000000008b400000, 0x000000008b400000| Untracked 
| 105|0x000000008b500000, 0x000000008b500000, 0x000000008b600000|  0%| F|  |TAMS 0x000000008b500000, 0x000000008b500000| Untracked 
| 106|0x000000008b600000, 0x000000008b600000, 0x000000008b700000|  0%| F|  |TAMS 0x000000008b600000, 0x000000008b600000| Untracked 
| 107|0x000000008b700000, 0x000000008b700000, 0x000000008b800000|  0%| F|  |TAMS 0x000000008b700000, 0x000000008b700000| Untracked 
| 108|0x000000008b800000, 0x000000008b800000, 0x000000008b900000|  0%| F|  |TAMS 0x000000008b800000, 0x000000008b800000| Untracked 
| 109|0x000000008b900000, 0x000000008b900000, 0x000000008ba00000|  0%| F|  |TAMS 0x000000008b900000, 0x000000008b900000| Untracked 
| 110|0x000000008ba00000, 0x000000008ba00000, 0x000000008bb00000|  0%| F|  |TAMS 0x000000008ba00000, 0x000000008ba00000| Untracked 
| 111|0x000000008bb00000, 0x000000008bb00000, 0x000000008bc00000|  0%| F|  |TAMS 0x000000008bb00000, 0x000000008bb00000| Untracked 
| 112|0x000000008bc00000, 0x000000008bc7fe80, 0x000000008bd00000| 49%| E|  |TAMS 0x000000008bc00000, 0x000000008bc00000| Complete 
| 113|0x000000008bd00000, 0x000000008be00000, 0x000000008be00000|100%| E|CS|TAMS 0x000000008bd00000, 0x000000008bd00000| Complete 
| 114|0x000000008be00000, 0x000000008bf00000, 0x000000008bf00000|100%| E|CS|TAMS 0x000000008be00000, 0x000000008be00000| Complete 
| 115|0x000000008bf00000, 0x000000008c000000, 0x000000008c000000|100%| E|CS|TAMS 0x000000008bf00000, 0x000000008bf00000| Complete 
| 116|0x000000008c000000, 0x000000008c100000, 0x000000008c100000|100%| E|CS|TAMS 0x000000008c000000, 0x000000008c000000| Complete 
| 117|0x000000008c100000, 0x000000008c200000, 0x000000008c200000|100%| E|CS|TAMS 0x000000008c100000, 0x000000008c100000| Complete 
| 118|0x000000008c200000, 0x000000008c300000, 0x000000008c300000|100%| E|CS|TAMS 0x000000008c200000, 0x000000008c200000| Complete 
| 119|0x000000008c300000, 0x000000008c400000, 0x000000008c400000|100%| E|CS|TAMS 0x000000008c300000, 0x000000008c300000| Complete 
| 120|0x000000008c400000, 0x000000008c500000, 0x000000008c500000|100%| E|CS|TAMS 0x000000008c400000, 0x000000008c400000| Complete 
| 121|0x000000008c500000, 0x000000008c600000, 0x000000008c600000|100%| E|CS|TAMS 0x000000008c500000, 0x000000008c500000| Complete 
| 122|0x000000008c600000, 0x000000008c700000, 0x000000008c700000|100%| E|CS|TAMS 0x000000008c600000, 0x000000008c600000| Complete 
| 123|0x000000008c700000, 0x000000008c800000, 0x000000008c800000|100%| E|CS|TAMS 0x000000008c700000, 0x000000008c700000| Complete 

Card table byte_map: [0x000001a9ff130000,0x000001a9ff510000] _byte_map_base: 0x000001a9fed0a000

Marking Bits (Prev, Next): (CMBitMap*) 0x000001a9f6b13f00, (CMBitMap*) 0x000001a9f6b13f40
 Prev Bits: [0x000001a98f000000, 0x000001a990ed0000)
 Next Bits: [0x000001a990ed0000, 0x000001a992da0000)

Polling page: 0x000001a9f6280000

Metaspace:

Usage:
  Non-class:     14.16 MB used.
      Class:      1.89 MB used.
       Both:     16.05 MB used.

Virtual space:
  Non-class space:       64.00 MB reserved,      14.31 MB ( 22%) committed,  1 nodes.
      Class space:        1.00 GB reserved,       2.06 MB ( <1%) committed,  1 nodes.
             Both:        1.06 GB reserved,      16.38 MB (  2%) committed. 

Chunk freelists:
   Non-Class:  800.00 KB
       Class:  1.92 MB
        Both:  2.70 MB

MaxMetaspaceSize: unlimited
CompressedClassSpaceSize: 1.00 GB
Initial GC threshold: 21.00 MB
Current GC threshold: 21.00 MB
CDS: on
MetaspaceReclaimPolicy: balanced
 - commit_granule_bytes: 65536.
 - commit_granule_words: 8192.
 - virtual_space_node_default_size: 8388608.
 - enlarge_chunks_in_place: 1.
 - new_chunks_are_fully_committed: 0.
 - uncommit_free_chunks: 1.
 - use_allocation_guard: 0.


Internal statistics:

num_allocs_failed_limit: 0.
num_arena_births: 220.
num_arena_deaths: 0.
num_vsnodes_births: 2.
num_vsnodes_deaths: 0.
num_space_committed: 262.
num_space_uncommitted: 0.
num_chunks_returned_to_freelist: 0.
num_chunks_taken_from_freelist: 753.
num_chunk_merges: 0.
num_chunk_splits: 516.
num_chunks_enlarged: 423.
num_inconsistent_stats: 0.

CodeHeap 'non-profiled nmethods': size=120000Kb used=801Kb max_used=801Kb free=119198Kb
 bounds [0x000001a987ad0000, 0x000001a987d40000, 0x000001a98f000000]
CodeHeap 'profiled nmethods': size=120000Kb used=4040Kb max_used=4040Kb free=115959Kb
 bounds [0x000001a980000000, 0x000001a980400000, 0x000001a987530000]
CodeHeap 'non-nmethods': size=5760Kb used=1293Kb max_used=1324Kb free=4466Kb
 bounds [0x000001a987530000, 0x000001a9877a0000, 0x000001a987ad0000]
 total_blobs=2644 nmethods=2152 adapters=402
 compilation: enabled
              stopped_count=0, restarted_count=0
 full_count=0

Compilation events (20 events):
Event: 0.891 Thread 0x000001a995182300 2115       3       org.springframework.util.StringUtils::cleanPath (322 bytes)
Event: 0.893 Thread 0x000001a9951812f0 2121       4       org.springframework.asm.ClassReader::readUtf (161 bytes)
Event: 0.894 Thread 0x000001a995182300 nmethod 2115 0x000001a9803d2f10 code [0x000001a9803d3620, 0x000001a9803d76b8]
Event: 0.894 Thread 0x000001a995182300 2116       3       org.springframework.util.ConcurrentReferenceHashMap$ReferenceManager::createReference (43 bytes)
Event: 0.894 Thread 0x000001a995182300 nmethod 2116 0x000001a9803d8c10 code [0x000001a9803d8e00, 0x000001a9803d9388]
Event: 0.894 Thread 0x000001a995182300 2117       3       org.springframework.util.ConcurrentReferenceHashMap$SoftEntryReference::<init> (18 bytes)
Event: 0.894 Thread 0x000001a995182300 nmethod 2117 0x000001a9803d9590 code [0x000001a9803d9760, 0x000001a9803d9af8]
Event: 0.894 Thread 0x000001a995182300 2118       3       java.util.Collections$EmptyMap::values (4 bytes)
Event: 0.894 Thread 0x000001a995182300 nmethod 2118 0x000001a9803d9c10 code [0x000001a9803d9dc0, 0x000001a9803d9f38]
Event: 0.894 Thread 0x000001a995182300 2119       3       java.util.Collections$EmptySet::toArray (11 bytes)
Event: 0.894 Thread 0x000001a995182300 nmethod 2119 0x000001a9803da010 code [0x000001a9803da1c0, 0x000001a9803da4b8]
Event: 0.894 Thread 0x000001a995182300 2120       1       org.springframework.core.type.classreading.SimpleMetadataReader::getAnnotationMetadata (5 bytes)
Event: 0.895 Thread 0x000001a995182300 nmethod 2120 0x000001a987b96790 code [0x000001a987b96920, 0x000001a987b969d8]
Event: 0.895 Thread 0x000001a995182300 2122       1       org.springframework.core.annotation.TypeMappedAnnotation::getAggregateIndex (5 bytes)
Event: 0.895 Thread 0x000001a995182300 nmethod 2122 0x000001a987b96a90 code [0x000001a987b96c20, 0x000001a987b96cd8]
Event: 0.895 Thread 0x000001a995182300 2124       3       jdk.internal.loader.BuiltinClassLoader::checkURL (5 bytes)
Event: 0.895 Thread 0x000001a995182300 nmethod 2124 0x000001a9803da590 code [0x000001a9803da740, 0x000001a9803da928]
Event: 0.895 Thread 0x000001a995182300 2123       1       java.net.URLConnection::getUseCaches (5 bytes)
Event: 0.895 Thread 0x000001a995182300 nmethod 2123 0x000001a987b96d90 code [0x000001a987b96f20, 0x000001a987b96ff8]
Event: 0.895 Thread 0x000001a995182300 2125       3       org.springframework.asm.ClassReader::readElementValue (1237 bytes)

GC Heap History (4 events):
Event: 0.473 GC heap before
{Heap before GC invocations=0 (full 0):
 garbage-first heap   total 126976K, used 23552K [0x0000000084c00000, 0x0000000100000000)
  region size 1024K, 23 young (23552K), 0 survivors (0K)
 Metaspace       used 6700K, committed 6912K, reserved 1114112K
  class space    used 769K, committed 896K, reserved 1048576K
}
Event: 0.478 GC heap after
{Heap after GC invocations=1 (full 0):
 garbage-first heap   total 126976K, used 6667K [0x0000000084c00000, 0x0000000100000000)
  region size 1024K, 3 young (3072K), 3 survivors (3072K)
 Metaspace       used 6700K, committed 6912K, reserved 1114112K
  class space    used 769K, committed 896K, reserved 1048576K
}
Event: 0.745 GC heap before
{Heap before GC invocations=1 (full 0):
 garbage-first heap   total 126976K, used 35339K [0x0000000084c00000, 0x0000000100000000)
  region size 1024K, 32 young (32768K), 3 survivors (3072K)
 Metaspace       used 14468K, committed 14720K, reserved 1114112K
  class space    used 1708K, committed 1792K, reserved 1048576K
}
Event: 0.749 GC heap after
{Heap after GC invocations=2 (full 0):
 garbage-first heap   total 126976K, used 8960K [0x0000000084c00000, 0x0000000100000000)
  region size 1024K, 3 young (3072K), 3 survivors (3072K)
 Metaspace       used 14468K, committed 14720K, reserved 1114112K
  class space    used 1708K, committed 1792K, reserved 1048576K
}

Dll operation events (10 events):
Event: 0.004 Loaded shared library C:\Program Files\Java\jdk-19\bin\java.dll
Event: 0.012 Loaded shared library C:\Program Files\Java\jdk-19\bin\jsvml.dll
Event: 0.068 Loaded shared library C:\Program Files\Java\jdk-19\bin\zip.dll
Event: 0.069 Loaded shared library C:\Program Files\Java\jdk-19\bin\instrument.dll
Event: 0.074 Loaded shared library C:\Program Files\Java\jdk-19\bin\net.dll
Event: 0.075 Loaded shared library C:\Program Files\Java\jdk-19\bin\nio.dll
Event: 0.077 Loaded shared library C:\Program Files\Java\jdk-19\bin\zip.dll
Event: 0.123 Loaded shared library C:\Program Files\Java\jdk-19\bin\extnet.dll
Event: 0.139 Loaded shared library C:\Program Files\Java\jdk-19\bin\jimage.dll
Event: 0.617 Loaded shared library C:\Program Files\Java\jdk-19\bin\verify.dll

Deoptimization events (20 events):
Event: 0.863 Thread 0x000001a9f6ab5630 Uncommon trap: trap_request=0xffffffde fr.pc=0x000001a987b6eef8 relative=0x00000000000002b8
Event: 0.863 Thread 0x000001a9f6ab5630 Uncommon trap: reason=class_check action=maybe_recompile pc=0x000001a987b6eef8 method=java.util.HashMap.getNode(Ljava/lang/Object;)Ljava/util/HashMap$Node; @ 128 c2
Event: 0.863 Thread 0x000001a9f6ab5630 DEOPT PACKING pc=0x000001a987b6eef8 sp=0x00000089a61fdfd0
Event: 0.863 Thread 0x000001a9f6ab5630 DEOPT UNPACKING pc=0x000001a98759a5a3 sp=0x00000089a61fded8 mode 2
Event: 0.871 Thread 0x000001a9f6ab5630 Uncommon trap: trap_request=0xffffffde fr.pc=0x000001a987b77b38 relative=0x0000000000000818
Event: 0.871 Thread 0x000001a9f6ab5630 Uncommon trap: reason=class_check action=maybe_recompile pc=0x000001a987b77b38 method=java.util.HashMap.putVal(ILjava/lang/Object;Ljava/lang/Object;ZZ)Ljava/lang/Object; @ 203 c2
Event: 0.871 Thread 0x000001a9f6ab5630 DEOPT PACKING pc=0x000001a987b77b38 sp=0x00000089a61fe930
Event: 0.871 Thread 0x000001a9f6ab5630 DEOPT UNPACKING pc=0x000001a98759a5a3 sp=0x00000089a61fe8b0 mode 2
Event: 0.875 Thread 0x000001a9f6ab5630 Uncommon trap: trap_request=0xffffff45 fr.pc=0x000001a987b44680 relative=0x0000000000000d80
Event: 0.875 Thread 0x000001a9f6ab5630 Uncommon trap: reason=unstable_if action=reinterpret pc=0x000001a987b44680 method=jdk.internal.org.objectweb.asm.SymbolTable.put(Ljdk/internal/org/objectweb/asm/SymbolTable$Entry;)Ljdk/internal/org/objectweb/asm/SymbolTable$Entry; @ 13 c2
Event: 0.875 Thread 0x000001a9f6ab5630 DEOPT PACKING pc=0x000001a987b44680 sp=0x00000089a61fd1c0
Event: 0.875 Thread 0x000001a9f6ab5630 DEOPT UNPACKING pc=0x000001a98759a5a3 sp=0x00000089a61fd0e8 mode 2
Event: 0.879 Thread 0x000001a9f6ab5630 Uncommon trap: trap_request=0xffffffde fr.pc=0x000001a987b77b38 relative=0x0000000000000818
Event: 0.879 Thread 0x000001a9f6ab5630 Uncommon trap: reason=class_check action=maybe_recompile pc=0x000001a987b77b38 method=java.util.HashMap.putVal(ILjava/lang/Object;Ljava/lang/Object;ZZ)Ljava/lang/Object; @ 203 c2
Event: 0.879 Thread 0x000001a9f6ab5630 DEOPT PACKING pc=0x000001a987b77b38 sp=0x00000089a61fe930
Event: 0.879 Thread 0x000001a9f6ab5630 DEOPT UNPACKING pc=0x000001a98759a5a3 sp=0x00000089a61fe8b0 mode 2
Event: 0.884 Thread 0x000001a9f6ab5630 Uncommon trap: trap_request=0xffffffc6 fr.pc=0x000001a987b77b60 relative=0x0000000000000840
Event: 0.884 Thread 0x000001a9f6ab5630 Uncommon trap: reason=bimorphic_or_optimized_type_check action=maybe_recompile pc=0x000001a987b77b60 method=java.util.HashMap.putVal(ILjava/lang/Object;Ljava/lang/Object;ZZ)Ljava/lang/Object; @ 91 c2
Event: 0.884 Thread 0x000001a9f6ab5630 DEOPT PACKING pc=0x000001a987b77b60 sp=0x00000089a61fe720
Event: 0.884 Thread 0x000001a9f6ab5630 DEOPT UNPACKING pc=0x000001a98759a5a3 sp=0x00000089a61fe6a0 mode 2

Classes loaded (20 events):
Event: 0.745 Loading class java/util/StringTokenizer
Event: 0.745 Loading class java/util/StringTokenizer done
Event: 0.750 Loading class java/util/regex/Pattern$LazyLoop
Event: 0.750 Loading class java/util/regex/Pattern$Loop
Event: 0.750 Loading class java/util/regex/Pattern$Loop done
Event: 0.750 Loading class java/util/regex/Pattern$LazyLoop done
Event: 0.750 Loading class java/util/regex/Pattern$Prolog
Event: 0.750 Loading class java/util/regex/Pattern$Prolog done
Event: 0.754 Loading class java/util/regex/Pattern$BnM
Event: 0.754 Loading class java/util/regex/Pattern$BnM done
Event: 0.755 Loading class java/util/regex/Pattern$Pos
Event: 0.755 Loading class java/util/regex/Pattern$Pos done
Event: 0.755 Loading class java/lang/AssertionError
Event: 0.755 Loading class java/lang/AssertionError done
Event: 0.803 Loading class java/lang/Thread$ThreadNumbering
Event: 0.804 Loading class java/lang/Thread$ThreadNumbering done
Event: 0.812 Loading class javax/naming/ldap/LdapContext
Event: 0.812 Loading class javax/naming/directory/DirContext
Event: 0.813 Loading class javax/naming/directory/DirContext done
Event: 0.813 Loading class javax/naming/ldap/LdapContext done

Classes unloaded (0 events):
No events

Classes redefined (0 events):
No events

Internal exceptions (20 events):
Event: 0.536 Thread 0x000001a9f6ab5630 Exception <a 'java/lang/NoSuchMethodError'{0x000000008c439c48}: 'void java.lang.invoke.DirectMethodHandle$Holder.invokeStaticInit(java.lang.Object, java.lang.Object, java.lang.Object)'> (0x000000008c439c48) 
thrown [s\open\src\hotspot\share\interpreter\linkResolver.cpp, line 774]
Event: 0.539 Thread 0x000001a9f6ab5630 Exception <a 'java/lang/NoSuchMethodError'{0x000000008c4760a8}: 'java.lang.Object java.lang.invoke.DirectMethodHandle$Holder.invokeStatic(java.lang.Object, long, java.lang.Object)'> (0x000000008c4760a8) 
thrown [s\open\src\hotspot\share\interpreter\linkResolver.cpp, line 774]
Event: 0.539 Thread 0x000001a9f6ab5630 Exception <a 'java/lang/NoSuchMethodError'{0x000000008c4799a8}: 'java.lang.Object java.lang.invoke.DirectMethodHandle$Holder.invokeStaticInit(java.lang.Object, long, java.lang.Object)'> (0x000000008c4799a8) 
thrown [s\open\src\hotspot\share\interpreter\linkResolver.cpp, line 774]
Event: 0.539 Thread 0x000001a9f6ab5630 Exception <a 'java/lang/NoSuchMethodError'{0x000000008c47f9d8}: 'java.lang.Object java.lang.invoke.DirectMethodHandle$Holder.newInvokeSpecial(java.lang.Object, long)'> (0x000000008c47f9d8) 
thrown [s\open\src\hotspot\share\interpreter\linkResolver.cpp, line 774]
Event: 0.547 Thread 0x000001a9f6ab5630 Exception <a 'java/lang/NoSuchMethodError'{0x000000008c4c13c0}: 'void java.lang.invoke.DirectMethodHandle$Holder.invokeVirtual(java.lang.Object, java.lang.Object, java.lang.Object, java.lang.Object)'> (0x000000008c4c13c0) 
thrown [s\open\src\hotspot\share\interpreter\linkResolver.cpp, line 774]
Event: 0.566 Thread 0x000001a9f6ab5630 Exception <a 'java/lang/NoSuchMethodError'{0x000000008c20f0a8}: 'void java.lang.invoke.DirectMethodHandle$Holder.invokeSpecial(java.lang.Object, java.lang.Object, java.lang.Object)'> (0x000000008c20f0a8) 
thrown [s\open\src\hotspot\share\interpreter\linkResolver.cpp, line 774]
Event: 0.567 Thread 0x000001a9f6ab5630 Exception <a 'java/lang/NoSuchMethodError'{0x000000008c215650}: 'void java.lang.invoke.DirectMethodHandle$Holder.invokeSpecial(java.lang.Object, java.lang.Object, java.lang.Object, java.lang.Object, java.lang.Object)'> (0x000000008c215650) 
thrown [s\open\src\hotspot\share\interpreter\linkResolver.cpp, line 774]
Event: 0.571 Thread 0x000001a99a202f30 Exception <a 'java/lang/NoClassDefFoundError'{0x000000008c27aba0}: jakarta/validation/Validation> (0x000000008c27aba0) 
thrown [s\open\src\hotspot\share\classfile\systemDictionary.cpp, line 244]
Event: 0.571 Thread 0x000001a9f6ab5630 Exception <a 'java/lang/IncompatibleClassChangeError'{0x000000008c2435e8}: Found class java.lang.Object, but interface was expected> (0x000000008c2435e8) 
thrown [s\open\src\hotspot\share\interpreter\linkResolver.cpp, line 841]
Event: 0.636 Thread 0x000001a9f6ab5630 Exception <a 'java/lang/NoSuchMethodError'{0x000000008b83cd90}: 'int java.lang.invoke.Invokers$Holder.invokeExact_MT(java.lang.Object, java.lang.Object)'> (0x000000008b83cd90) 
thrown [s\open\src\hotspot\share\interpreter\linkResolver.cpp, line 774]
Event: 0.741 Thread 0x000001a9f6ab5630 Exception <a 'java/lang/NoSuchMethodError'{0x000000008a98b070}: 'int java.lang.invoke.DirectMethodHandle$Holder.invokeSpecial(java.lang.Object, java.lang.Object, java.lang.Object, java.lang.Object, java.lang.Object)'> (0x000000008a98b070) 
thrown [s\open\src\hotspot\share\interpreter\linkResolver.cpp, line 774]
Event: 0.743 Thread 0x000001a9f6ab5630 Exception <a 'java/lang/NoSuchMethodError'{0x000000008a854198}: 'void java.lang.invoke.DirectMethodHandle$Holder.invokeVirtual(java.lang.Object, java.lang.Object)'> (0x000000008a854198) 
thrown [s\open\src\hotspot\share\interpreter\linkResolver.cpp, line 774]
Event: 0.761 Thread 0x000001a99a202f30 Exception <a 'java/lang/NoSuchMethodError'{0x000000008c6d7320}: 'long java.lang.invoke.DirectMethodHandle$Holder.invokeSpecial(java.lang.Object, java.lang.Object)'> (0x000000008c6d7320) 
thrown [s\open\src\hotspot\share\interpreter\linkResolver.cpp, line 774]
Event: 0.763 Thread 0x000001a99a202f30 Exception <a 'java/lang/NoSuchMethodError'{0x000000008c6e26f8}: 'long java.lang.invoke.DirectMethodHandle$Holder.invokeStatic(java.lang.Object, java.lang.Object)'> (0x000000008c6e26f8) 
thrown [s\open\src\hotspot\share\interpreter\linkResolver.cpp, line 774]
Event: 0.763 Thread 0x000001a99a202f30 Exception <a 'java/lang/NoSuchMethodError'{0x000000008c6e5d00}: 'long java.lang.invoke.DirectMethodHandle$Holder.invokeStaticInit(java.lang.Object, java.lang.Object)'> (0x000000008c6e5d00) 
thrown [s\open\src\hotspot\share\interpreter\linkResolver.cpp, line 774]
Event: 0.764 Thread 0x000001a99a202f30 Exception <a 'java/lang/NoSuchMethodError'{0x000000008c6f4120}: 'long java.lang.invoke.DirectMethodHandle$Holder.invokeInterface(java.lang.Object, java.lang.Object)'> (0x000000008c6f4120) 
thrown [s\open\src\hotspot\share\interpreter\linkResolver.cpp, line 774]
Event: 0.764 Thread 0x000001a99a202f30 Exception <a 'java/lang/IncompatibleClassChangeError'{0x000000008c6f76b8}: Found class java.lang.Object, but interface was expected> (0x000000008c6f76b8) 
thrown [s\open\src\hotspot\share\interpreter\linkResolver.cpp, line 841]
Event: 0.772 Thread 0x000001a99a202f30 Exception <a 'java/lang/NoSuchMethodError'{0x000000008c5d5248}: 'java.lang.Object java.lang.invoke.DirectMethodHandle$Holder.invokeVirtual(java.lang.Object, java.lang.Object, java.lang.Object, java.lang.Object)'> (0x000000008c5d5248) 
thrown [s\open\src\hotspot\share\interpreter\linkResolver.cpp, line 774]
Event: 0.834 Thread 0x000001a9f6ab5630 Exception <a 'java/lang/IncompatibleClassChangeError'{0x000000008c01df30}: Found class java.lang.Object, but interface was expected> (0x000000008c01df30) 
thrown [s\open\src\hotspot\share\interpreter\linkResolver.cpp, line 841]
Event: 0.859 Thread 0x000001a9f6ab5630 Exception <a 'java/lang/NoSuchMethodError'{0x000000008bf4d628}: 'void java.lang.invoke.DirectMethodHandle$Holder.invokeInterface(java.lang.Object, java.lang.Object, java.lang.Object, java.lang.Object)'> (0x000000008bf4d628) 
thrown [s\open\src\hotspot\share\interpreter\linkResolver.cpp, line 774]

VM Operations (20 events):
Event: 0.406 Executing VM operation: ICBufferFull
Event: 0.406 Executing VM operation: ICBufferFull done
Event: 0.473 Executing VM operation: G1CollectForAllocation
Event: 0.478 Executing VM operation: G1CollectForAllocation done
Event: 0.478 Executing VM operation: HandshakeAllThreads
Event: 0.478 Executing VM operation: HandshakeAllThreads done
Event: 0.493 Executing VM operation: HandshakeAllThreads
Event: 0.493 Executing VM operation: HandshakeAllThreads done
Event: 0.562 Executing VM operation: HandshakeAllThreads
Event: 0.562 Executing VM operation: HandshakeAllThreads done
Event: 0.565 Executing VM operation: HandshakeAllThreads
Event: 0.565 Executing VM operation: HandshakeAllThreads done
Event: 0.565 Executing VM operation: HandshakeAllThreads
Event: 0.565 Executing VM operation: HandshakeAllThreads done
Event: 0.692 Executing VM operation: ICBufferFull
Event: 0.693 Executing VM operation: ICBufferFull done
Event: 0.730 Executing VM operation: HandshakeAllThreads
Event: 0.730 Executing VM operation: HandshakeAllThreads done
Event: 0.745 Executing VM operation: G1CollectForAllocation
Event: 0.749 Executing VM operation: G1CollectForAllocation done

Events (19 events):
Event: 0.013 Thread 0x000001a9f6ab5630 Thread added: 0x000001a9f6ab5630
Event: 0.024 Thread 0x000001a995164470 Thread added: 0x000001a995164470
Event: 0.024 Thread 0x000001a995166070 Thread added: 0x000001a995166070
Event: 0.024 Thread 0x000001a995168680 Thread added: 0x000001a995168680
Event: 0.024 Thread 0x000001a995168fb0 Thread added: 0x000001a995168fb0
Event: 0.024 Thread 0x000001a9951698e0 Thread added: 0x000001a9951698e0
Event: 0.024 Thread 0x000001a99516cd80 Thread added: 0x000001a99516cd80
Event: 0.024 Thread 0x000001a9951812f0 Thread added: 0x000001a9951812f0
Event: 0.024 Thread 0x000001a995182300 Thread added: 0x000001a995182300
Event: 0.024 Thread 0x000001a9951849d0 Thread added: 0x000001a9951849d0
Event: 0.055 Thread 0x000001a995135fd0 Thread added: 0x000001a995135fd0
Event: 0.068 Thread 0x000001a99954f550 Thread added: 0x000001a99954f550
Event: 0.118 Thread 0x000001a9999d4e90 Thread added: 0x000001a9999d4e90
Event: 0.118 Thread 0x000001a9998fc4d0 Thread added: 0x000001a9998fc4d0
Event: 0.196 Thread 0x000001a999ad29a0 Thread added: 0x000001a999ad29a0
Event: 0.569 Thread 0x000001a99a202f30 Thread added: 0x000001a99a202f30
Event: 0.776 Thread 0x000001a99a202f30 Thread exited: 0x000001a99a202f30
Event: 0.804 Thread 0x000001a99a6d1fd0 Thread added: 0x000001a99a6d1fd0
Event: 0.817 Thread 0x000001a99a6d1fd0 Thread exited: 0x000001a99a6d1fd0


Dynamic libraries:
0x00007ff6c5150000 - 0x00007ff6c5160000 	C:\Program Files\Java\jdk-19\bin\java.exe
0x00007ffd67c30000 - 0x00007ffd67e25000 	C:\Windows\SYSTEM32\ntdll.dll
0x00007ffd670f0000 - 0x00007ffd671ae000 	C:\Windows\System32\KERNEL32.DLL
0x00007ffd659b0000 - 0x00007ffd65c79000 	C:\Windows\System32\KERNELBASE.dll
0x00007ffd655e0000 - 0x00007ffd656e0000 	C:\Windows\System32\ucrtbase.dll
0x00007ffd47f10000 - 0x00007ffd47f2b000 	C:\Program Files\Java\jdk-19\bin\VCRUNTIME140.dll
0x00007ffd4d620000 - 0x00007ffd4d638000 	C:\Program Files\Java\jdk-19\bin\jli.dll
0x00007ffd65db0000 - 0x00007ffd65e5c000 	C:\Windows\System32\ADVAPI32.dll
0x00007ffd67660000 - 0x00007ffd676fe000 	C:\Windows\System32\msvcrt.dll
0x00007ffd67a80000 - 0x00007ffd67b1b000 	C:\Windows\System32\sechost.dll
0x00007ffd65c80000 - 0x00007ffd65daa000 	C:\Windows\System32\RPCRT4.dll
0x00007ffd66e10000 - 0x00007ffd66fb1000 	C:\Windows\System32\USER32.dll
0x00007ffd4d340000 - 0x00007ffd4d5da000 	C:\Windows\WinSxS\amd64_microsoft.windows.common-controls_6595b64144ccf1df_6.0.19041.1110_none_60b5254171f9507e\COMCTL32.dll
0x00007ffd65980000 - 0x00007ffd659a2000 	C:\Windows\System32\win32u.dll
0x00007ffd671e0000 - 0x00007ffd6720b000 	C:\Windows\System32\GDI32.dll
0x00007ffd65350000 - 0x00007ffd6545b000 	C:\Windows\System32\gdi32full.dll
0x00007ffd654f0000 - 0x00007ffd6558d000 	C:\Windows\System32\msvcp_win.dll
0x00007ffd5e9a0000 - 0x00007ffd5e9aa000 	C:\Windows\SYSTEM32\VERSION.dll
0x00007ffd671b0000 - 0x00007ffd671e0000 	C:\Windows\System32\IMM32.DLL
0x00007ffd60b40000 - 0x00007ffd60b4c000 	C:\Program Files\Java\jdk-19\bin\vcruntime140_1.dll
0x00007ffd21b90000 - 0x00007ffd21c1e000 	C:\Program Files\Java\jdk-19\bin\msvcp140.dll
0x00007ffd022f0000 - 0x00007ffd02fb0000 	C:\Program Files\Java\jdk-19\bin\server\jvm.dll
0x00007ffd548a0000 - 0x00007ffd548c7000 	C:\Windows\SYSTEM32\WINMM.dll
0x00007ffd4bf80000 - 0x00007ffd4bf89000 	C:\Windows\SYSTEM32\WSOCK32.dll
0x00007ffd67290000 - 0x00007ffd672fb000 	C:\Windows\System32\WS2_32.dll
0x00007ffd63c20000 - 0x00007ffd63c32000 	C:\Windows\SYSTEM32\kernel.appcore.dll
0x00007ffd60b00000 - 0x00007ffd60b0a000 	C:\Program Files\Java\jdk-19\bin\jimage.dll
0x00007ffd63140000 - 0x00007ffd63324000 	C:\Windows\SYSTEM32\DBGHELP.DLL
0x00007ffd4cc60000 - 0x00007ffd4cc8c000 	C:\Windows\SYSTEM32\dbgcore.DLL
0x00007ffd65460000 - 0x00007ffd654e3000 	C:\Windows\System32\bcryptPrimitives.dll
0x00007ffd53140000 - 0x00007ffd5314e000 	C:\Program Files\Java\jdk-19\bin\instrument.dll
0x00007ffd3aa10000 - 0x00007ffd3aa36000 	C:\Program Files\Java\jdk-19\bin\java.dll
0x00007ffd1a8d0000 - 0x00007ffd1a9a7000 	C:\Program Files\Java\jdk-19\bin\jsvml.dll
0x00007ffd665c0000 - 0x00007ffd66cff000 	C:\Windows\System32\SHELL32.dll
0x00007ffd63430000 - 0x00007ffd63bc0000 	C:\Windows\SYSTEM32\windows.storage.dll
0x00007ffd67300000 - 0x00007ffd67655000 	C:\Windows\System32\combase.dll
0x00007ffd64da0000 - 0x00007ffd64dcc000 	C:\Windows\SYSTEM32\Wldp.dll
0x00007ffd65e60000 - 0x00007ffd65f0e000 	C:\Windows\System32\SHCORE.dll
0x00007ffd67940000 - 0x00007ffd67995000 	C:\Windows\System32\shlwapi.dll
0x00007ffd65290000 - 0x00007ffd652af000 	C:\Windows\SYSTEM32\profapi.dll
0x00007ffd3af40000 - 0x00007ffd3af58000 	C:\Program Files\Java\jdk-19\bin\zip.dll
0x00007ffd43940000 - 0x00007ffd43953000 	C:\Program Files\Java\jdk-19\bin\net.dll
0x00007ffd52bb0000 - 0x00007ffd52cb8000 	C:\Windows\SYSTEM32\WINHTTP.dll
0x00007ffd64b00000 - 0x00007ffd64b6a000 	C:\Windows\system32\mswsock.dll
0x00007ffd410c0000 - 0x00007ffd410d6000 	C:\Program Files\Java\jdk-19\bin\nio.dll
0x00007ffd60a20000 - 0x00007ffd60a28000 	C:\Program Files\Java\jdk-19\bin\extnet.dll
0x00007ffd53280000 - 0x00007ffd53290000 	C:\Program Files\Java\jdk-19\bin\verify.dll

dbghelp: loaded successfully - version: 4.0.5 - missing functions: none
symbol engine: initialized successfully - sym options: 0x614 - pdb path: .;C:\Program Files\Java\jdk-19\bin;C:\Windows\SYSTEM32;C:\Windows\WinSxS\amd64_microsoft.windows.common-controls_6595b64144ccf1df_6.0.19041.1110_none_60b5254171f9507e;C:\Program Files\Java\jdk-19\bin\server

VM Arguments:
jvm_args: -javaagent:C:\Users\Жанарбай\AppData\Local\JetBrains\IntelliJ IDEA Community Edition 2022.3.2\lib\idea_rt.jar=59365:C:\Users\Жанарбай\AppData\Local\JetBrains\IntelliJ IDEA Community Edition 2022.3.2\bin -Dfile.encoding=UTF-8 -Dsun.stdout.encoding=UTF-8 -Dsun.stderr.encoding=UTF-8 
java_command: com.example.demo1.Application
java_class_path (initial): C:\Users\Жанарбай\Desktop\frameworks\SPRING\demo1\demo1\target\classes;C:\Users\Жанарбай\.m2\repository\org\springframework\boot\spring-boot-starter-data-jpa\3.0.5\spring-boot-starter-data-jpa-3.0.5.jar;C:\Users\Жанарбай\.m2\repository\org\springframework\boot\spring-boot-starter-aop\3.0.5\spring-boot-starter-aop-3.0.5.jar;C:\Users\Жанарбай\.m2\repository\org\springframework\spring-aop\6.0.7\spring-aop-6.0.7.jar;C:\Users\Жанарбай\.m2\repository\org\aspectj\aspectjweaver\1.9.19\aspectjweaver-1.9.19.jar;C:\Users\Жанарбай\.m2\repository\org\springframework\boot\spring-boot-starter-jdbc\3.0.5\spring-boot-starter-jdbc-3.0.5.jar;C:\Users\Жанарбай\.m2\repository\com\zaxxer\HikariCP\5.0.1\HikariCP-5.0.1.jar;C:\Users\Жанарбай\.m2\repository\org\springframework\spring-jdbc\6.0.7\spring-jdbc-6.0.7.jar;C:\Users\Жанарбай\.m2\repository\org\hibernate\orm\hibernate-core\6.1.7.Final\hibernate-core-6.1.7.Final.jar;C:\Users\Жанарбай\.m2\repository\jakarta\persistence\jakarta.persistence-api\3.1.0\jakarta.persistence-api-3.1.0.jar;C:\Users\Жанарбай\.m2\repository\jakarta\transaction\jakarta.transaction-api\2.0.1\jakarta.transaction-api-2.0.1.jar;C:\Users\Жанарбай\.m2\repository\org\jboss\logging\jboss-logging\3.5.0.Final\jboss-logging-3.5.0.Final.jar;C:\Users\Жанарбай\.m2\repository\org\hibernate\common\hibernate-commons-annotations\6.0.6.Final\hibernate-commons-annotations-6.0.6.Final.jar;C:\Users\Жанарбай\.m2\repository\org\jboss\jandex\2.4.2.Final\jandex-2.4.2.Final.jar;C:\Users\Жанарбай\.m2\repository\com\fasterxml\classmate\1.5.1\classmate-1.5.1.jar;C:\Users\Жанарбай\.m2\repository\net\bytebuddy\byte-buddy\1.12.23\byte-buddy-1.12.23.jar;C:\Users\Жанарбай\.m2\repository\org\glassfish\jaxb\jaxb-runtime\4.0.2\jaxb-runtime-4.0.2.jar;C:\Users\Жанарбай\.m2\repository\org\glassfish\jaxb\jaxb-core\4.0.2\jaxb-core-4.0.2.jar;C:\Users\Жанарбай\.m2\repository\org\eclipse\angus\angus-activation\2.0.0\angus-activation-2.0.0.jar;C:\Users\Жанарбай\.m2\repository\org\glassfish\jaxb\txw2\4.0.2\txw2-4.0.2.jar;C:\Users\Жанарбай\.m2\repository\com\sun\istack\istack-commons-runtime\4.1.1\istack-commons-runtime-4.1.1.jar;C:\Users\Жанарбай\.m2\repository\jakarta\inject\jakarta.inject-api\2.0.0\jakarta.inject-api-2.0.0.jar;C:\Users\Жанарбай\.m2\repository\org\antlr\antlr4-runtime\4.10.1\antlr4-runtime-4.10.1.jar;C:\Users\Жанарбай\.m2\repository\org\springframework\data\spring-data-jpa\3.0.4\spring-data-jpa-3.0.4.jar;C:\Users\Жанарбай\.m2\repository\org\springframework\data\spring-data-commons\3.0.4\spring-data-commons-3.0.4.jar;C:\Users\Жанарбай\.m2\repository\org\springframework\spring-orm\6.0.7\spring-orm-6.0.7.jar;C:\Users\Жанарбай\.m2\repository\org\springframework\spring-context\6.0.7\spring-context-6.0.7.jar;C:\Users\Жанарбай\.m2\repository\org\springframework\spring-tx\6.0.7\spring-tx-6.0.7.jar;C:\Users\Жанарбай\.m2\repository\org\springframework\spring-beans\6.0.7\spring-beans-6.0.7.jar;C:\Users\Жанарбай\.m2\repository\jakarta\annotation\jakarta.annotation-api\2.1.1\jakarta.annotation-api-2.1.1.jar;C:\Users\Жанарбай\.m2\repository\org\slf4j\slf4j-api\2.0.7\slf4j-api-2.0.7.jar;C:\Users\Жанарбай\.m2\repository\org\springframework\spring-aspects\6.0.7\spring-aspects-6.0.7.jar;C:\Users\Жанарбай\.m2\repository\org\springframework\boot\spring-boot-starter-thymeleaf\3.0.5\spring-boot-starter-thymeleaf-3.0.5.jar;C:\Users\Жанарбай\.m2\repository\org\springframework\boot\spring-boot-starter\3.0.5\spring-boot-starter-3.0.5.jar;C:\Users\Жанарбай\.m2\repository\org\springframework\boot\spring-boot\3.0.5\spring-boot-3.0.5.jar;C:\Users\Жанарбай\.m2\repository\org\springframework\boot\spring-boot-autoconfigure\3.0.5\spring-boot-autoconfigure-3.0.5.jar;C:\Users\Жанарбай\.m2\repository\org\springframework\boot\spring-boot-starter-logging\3.0.5\spring-boot-starter-logging-3.0.5.jar;C:\Users\Жанарбай\.m2\repository\ch\qos\logback\logback-classic\1.4.6\logback-classic-1.4.6.jar;C:\Users\Жанарбай\.m2\repository\ch\qos\logback\logback-core\1.4.6\logback-core-1.4.6.jar;C:\Users\Жанарбай\.m2\repository\org\apache\logging\log4j\log4j-to-slf4j\2.19.0\log4j-to-slf4j-2.19.0.jar;C:\Users\Жанарбай\.m2\repository\org\apache\logging\log4j\log4j-api\2.19.0\log4j-api-2.19.0.jar;C:\Users\Жанарбай\.m2\repository\org\slf4j\jul-to-slf4j\2.0.7\jul-to-slf4j-2.0.7.jar;C:\Users\Жанарбай\.m2\repository\org\yaml\snakeyaml\1.33\snakeyaml-1.33.jar;C:\Users\Жанарбай\.m2\repository\org\thymeleaf\thymeleaf-spring6\3.1.1.RELEASE\thymeleaf-spring6-3.1.1.RELEASE.jar;C:\Users\Жанарбай\.m2\repository\org\thymeleaf\thymeleaf\3.1.1.RELEASE\thymeleaf-3.1.1.RELEASE.jar;C:\Users\Жанарбай\.m2\repository\org\attoparser\attoparser\2.0.6.RELEASE\attoparser-2.0.6.RELEASE.jar;C:\Users\Жанарбай\.m2\repository\org\unbescape\unbescape\1.1.6.RELEASE\unbescape-1.1.6.RELEASE.jar;C:\Users\Жанарбай\.m2\repository\org\springframework\boot\spring-boot-starter-web\3.0.5\spring-boot-starter-web-3.0.5.jar;C:\Users\Жанарбай\.m2\repository\org\springframework\boot\spring-boot-starter-json\3.0.5\spring-boot-starter-json-3.0.5.jar;C:\Users\Жанарбай\.m2\repository\com\fasterxml\jackson\core\jackson-databind\2.14.2\jackson-databind-2.14.2.jar;C:\Users\Жанарбай\.m2\repository\com\fasterxml\jackson\core\jackson-annotations\2.14.2\jackson-annotations-2.14.2.jar;C:\Users\Жанарбай\.m2\repository\com\fasterxml\jackson\core\jackson-core\2.14.2\jackson-core-2.14.2.jar;C:\Users\Жанарбай\.m2\repository\com\fasterxml\jackson\datatype\jackson-datatype-jdk8\2.14.2\jackson-datatype-jdk8-2.14.2.jar;C:\Users\Жанарбай\.m2\repository\com\fasterxml\jackson\datatype\jackson-datatype-jsr310\2.14.2\jackson-datatype-jsr310-2.14.2.jar;C:\Users\Жанарбай\.m2\repository\com\fasterxml\jackson\module\jackson-module-parameter-names\2.14.2\jackson-module-parameter-names-2.14.2.jar;C:\Users\Жанарбай\.m2\repository\org\springframework\boot\spring-boot-starter-tomcat\3.0.5\spring-boot-starter-tomcat-3.0.5.jar;C:\Users\Жанарбай\.m2\repository\org\apache\tomcat\embed\tomcat-embed-core\10.1.7\tomcat-embed-core-10.1.7.jar;C:\Users\Жанарбай\.m2\repository\org\apache\tomcat\embed\tomcat-embed-el\10.1.7\tomcat-embed-el-10.1.7.jar;C:\Users\Жанарбай\.m2\repository\org\apache\tomcat\embed\tomcat-embed-websocket\10.1.7\tomcat-embed-websocket-10.1.7.jar;C:\Users\Жанарбай\.m2\repository\org\springframework\spring-web\6.0.7\spring-web-6.0.7.jar;C:\Users\Жанарбай\.m2\repository\io\micrometer\micrometer-observation\1.10.5\micrometer-observation-1.10.5.jar;C:\Users\Жанарбай\.m2\repository\io\micrometer\micrometer-commons\1.10.5\micrometer-commons-1.10.5.jar;C:\Users\Жанарбай\.m2\repository\org\springframework\spring-webmvc\6.0.7\spring-webmvc-6.0.7.jar;C:\Users\Жанарбай\.m2\repository\org\springframework\spring-expression\6.0.7\spring-expression-6.0.7.jar;C:\Users\Жанарбай\.m2\repository\org\postgresql\postgresql\42.5.4\postgresql-42.5.4.jar;C:\Users\Жанарбай\.m2\repository\org\checkerframework\checker-qual\3.5.0\checker-qual-3.5.0.jar;C:\Users\Жанарбай\.m2\repository\jakarta\xml\bind\jakarta.xml.bind-api\4.0.0\jakarta.xml.bind-api-4.0.0.jar;C:\Users\Жанарбай\.m2\repository\jakarta\activation\jakarta.activation-api\2.1.1\jakarta.activation-api-2.1.1.jar;C:\Users\Жанарбай\.m2\repository\org\springframework\spring-core\6.0.7\spring-core-6.0.7.jar;C:\Users\Жанарбай\.m2\repository\org\springframework\spring-jcl\6.0.7\spring-jcl-6.0.7.jar
Launcher Type: SUN_STANDARD

[Global flags]
     intx CICompilerCount                          = 4                                         {product} {ergonomic}
     uint ConcGCThreads                            = 2                                         {product} {ergonomic}
     uint G1ConcRefinementThreads                  = 8                                         {product} {ergonomic}
   size_t G1HeapRegionSize                         = 1048576                                   {product} {ergonomic}
    uintx GCDrainStackTargetSize                   = 64                                        {product} {ergonomic}
   size_t InitialHeapSize                          = 130023424                                 {product} {ergonomic}
   size_t MarkStackSize                            = 4194304                                   {product} {ergonomic}
   size_t MaxHeapSize                              = 2067791872                                {product} {ergonomic}
   size_t MaxNewSize                               = 1240465408                                {product} {ergonomic}
   size_t MinHeapDeltaBytes                        = 1048576                                   {product} {ergonomic}
   size_t MinHeapSize                              = 8388608                                   {product} {ergonomic}
    uintx NonNMethodCodeHeapSize                   = 5839372                                {pd product} {ergonomic}
    uintx NonProfiledCodeHeapSize                  = 122909434                              {pd product} {ergonomic}
    uintx ProfiledCodeHeapSize                     = 122909434                              {pd product} {ergonomic}
    uintx ReservedCodeCacheSize                    = 251658240                              {pd product} {ergonomic}
     bool SegmentedCodeCache                       = true                                      {product} {ergonomic}
   size_t SoftMaxHeapSize                          = 2067791872                             {manageable} {ergonomic}
     bool UseCompressedClassPointers               = true                           {product lp64_product} {ergonomic}
     bool UseCompressedOops                        = true                           {product lp64_product} {ergonomic}
     bool UseG1GC                                  = true                                      {product} {ergonomic}
     bool UseLargePagesIndividualAllocation        = false                                  {pd product} {ergonomic}

Logging:
Log output configuration:
 #0: stdout all=warning uptime,level,tags foldmultilines=false
 #1: stderr all=off uptime,level,tags foldmultilines=false

Environment Variables:
JAVA_HOME=C:\Program Files\Java\jdk-19
PATH=C:\Program Files\Common Files\Oracle\Java\javapath;C:\Windows\system32;C:\Windows;C:\Windows\System32\Wbem;C:\Windows\System32\WindowsPowerShell\v1.0\;C:\Program Files\Git\cmd;C:\Program Files\Java\jdk-19\bin;C:\Program Files\MySQL\MySQL Shell 8.0\bin\;C:\Users\Жанарбай\AppData\Local\Microsoft\WindowsApps;C:\Users\Жанарбай\AppData\Local\Programs\Microsoft VS Code\bin;C:\Program Files\JetBrains\PyCharm Community Edition 2022.2.3\bin;;C:\Users\Жанарбай\AppData\Local\GitHubDesktop\bin
USERNAME=Жанарбай
OS=Windows_NT
PROCESSOR_IDENTIFIER=Intel64 Family 6 Model 140 Stepping 1, GenuineIntel
TMP=C:\Users\46FB~1\AppData\Local\Temp
TEMP=C:\Users\46FB~1\AppData\Local\Temp



---------------  S Y S T E M  ---------------

OS:
 Windows 10 , 64 bit Build 19041 (10.0.19041.1202)
OS uptime: 0 days 7:00 hours

CPU: total 8 (initial active 8) (4 cores per cpu, 2 threads per core) family 6 model 140 stepping 1 microcode 0xa4, cx8, cmov, fxsr, ht, mmx, 3dnowpref, sse, sse2, sse3, ssse3, sse4.1, sse4.2, popcnt, lzcnt, tsc, tscinvbit, avx, avx2, aes, erms, clmul, bmi1, bmi2, adx, avx512f, avx512dq, avx512cd, avx512bw, avx512vl, sha, fma, vzeroupper, avx512_vpopcntdq, avx512_vpclmulqdq, avx512_vaes, avx512_vnni, clflush, clflushopt, clwb, avx512_vbmi2, avx512_vbmi, rdtscp, rdpid, fsrm, gfni, avx512_bitalg

Memory: 4k page, system-wide physical 7883M (509M free)
TotalPageFile size 7883M (AvailPageFile size 3M)
current process WorkingSet (physical memory assigned to process): 116M, peak: 116M
current process commit charge ("private bytes"): 245M, peak: 246M

vm_info: Java HotSpot(TM) 64-Bit Server VM (19.0.2+7-44) for windows-amd64 JRE (19.0.2+7-44), built on 2022-11-30T18:02:09Z by "mach5one" with MS VC++ 17.1 (VS2022)

END.
