#
# There is insufficient memory for the Java Runtime Environment to continue.
# Native memory allocation (mmap) failed to map 65536 bytes for Failed to commit metaspace.
# Possible reasons:
#   The system is out of physical RAM or swap space
#   The process is running with CompressedOops enabled, and the Java Heap may be blocking the growth of the native heap
# Possible solutions:
#   Reduce memory load on the system
#   Increase physical memory or swap space
#   Check if swap backing store is full
#   Decrease Java heap size (-Xmx/-Xms)
#   Decrease number of Java threads
#   Decrease Java thread stack sizes (-Xss)
#   Set larger code cache with -XX:ReservedCodeCacheSize=
#   JVM is running with Unscaled Compressed Oops mode in which the Java heap is
#     placed in the first 4GB address space. The Java Heap base address is the
#     maximum limit for the native heap growth. Please use -XX:HeapBaseMinAddress
#     to set the Java Heap base and to place the Java Heap above 4GB virtual address.
# This output file may be truncated or incomplete.
#
#  Out of Memory Error (virtualSpaceNode.cpp:110), pid=8908, tid=3796
#
# JRE version: Java(TM) SE Runtime Environment (19.0.2+7) (build 19.0.2+7-44)
# Java VM: Java HotSpot(TM) 64-Bit Server VM (19.0.2+7-44, mixed mode, sharing, tiered, compressed oops, compressed class ptrs, g1 gc, windows-amd64)
# No core dump will be written. Minidumps are not enabled by default on client versions of Windows
#

---------------  S U M M A R Y ------------

Command Line: -javaagent:C:\Users\Жанарбай\AppData\Local\JetBrains\IntelliJ IDEA Community Edition 2022.3.2\lib\idea_rt.jar=56296:C:\Users\Жанарбай\AppData\Local\JetBrains\IntelliJ IDEA Community Edition 2022.3.2\bin -Dfile.encoding=UTF-8 -Dsun.stdout.encoding=UTF-8 -Dsun.stderr.encoding=UTF-8 com.example.demo1.Application

Host: 11th Gen Intel(R) Core(TM) i7-1165G7 @ 2.80GHz, 8 cores, 7G,  Windows 10 , 64 bit Build 19041 (10.0.19041.1202)
Time: Sat Apr 15 13:55:13 2023  Windows 10 , 64 bit Build 19041 (10.0.19041.1202) elapsed time: 0.804876 seconds (0d 0h 0m 0s)

---------------  T H R E A D  ---------------

Current thread (0x000002359a9b6600):  JavaThread "main" [_thread_in_vm, id=3796, stack(0x000000f0c8800000,0x000000f0c8900000)]

Stack: [0x000000f0c8800000,0x000000f0c8900000]
Native frames: (J=compiled Java code, j=interpreted, Vv=VM code, C=native code)
V  [jvm.dll+0x6ee21a]
V  [jvm.dll+0x85765e]
V  [jvm.dll+0x85904e]
V  [jvm.dll+0x859703]
V  [jvm.dll+0x28298f]
V  [jvm.dll+0x8532db]
V  [jvm.dll+0x692cb6]
V  [jvm.dll+0x692d1a]
V  [jvm.dll+0x695613]
V  [jvm.dll+0x6954de]
V  [jvm.dll+0x6936de]
V  [jvm.dll+0x26f591]
V  [jvm.dll+0x21ea57]
V  [jvm.dll+0x2146a1]
V  [jvm.dll+0x5a9cb6]
V  [jvm.dll+0x2257aa]
V  [jvm.dll+0x7cc802]
V  [jvm.dll+0x7cdc4a]
V  [jvm.dll+0x7cdf78]
V  [jvm.dll+0x271e1b]
V  [jvm.dll+0x3da25e]
C  0x00000235ab65dc07

Java frames: (J=compiled Java code, j=interpreted, Vv=VM code)
j  java.nio.file.FileTreeWalker.visit(Ljava/nio/file/Path;ZZ)Ljava/nio/file/FileTreeWalker$Event;+190 java.base@19.0.2
j  java.nio.file.FileTreeWalker.walk(Ljava/nio/file/Path;)Ljava/nio/file/FileTreeWalker$Event;+21 java.base@19.0.2
j  java.nio.file.FileTreeIterator.<init>(Ljava/nio/file/Path;I[Ljava/nio/file/FileVisitOption;)V+26 java.base@19.0.2
j  java.nio.file.Files.walk(Ljava/nio/file/Path;I[Ljava/nio/file/FileVisitOption;)Ljava/util/stream/Stream;+7 java.base@19.0.2
j  java.nio.file.Files.walk(Ljava/nio/file/Path;[Ljava/nio/file/FileVisitOption;)Ljava/util/stream/Stream;+5 java.base@19.0.2
j  org.springframework.core.io.support.PathMatchingResourcePatternResolver.doFindPathMatchingFileResources(Lorg/springframework/core/io/Resource;Ljava/lang/String;)Ljava/util/Set;+284
j  org.springframework.web.context.support.ServletContextResourcePatternResolver.doFindPathMatchingFileResources(Lorg/springframework/core/io/Resource;Ljava/lang/String;)Ljava/util/Set;+61
j  org.springframework.core.io.support.PathMatchingResourcePatternResolver.findPathMatchingResources(Ljava/lang/String;)[Lorg/springframework/core/io/Resource;+215
j  org.springframework.core.io.support.PathMatchingResourcePatternResolver.getResources(Ljava/lang/String;)[Lorg/springframework/core/io/Resource;+47
j  org.springframework.context.support.AbstractApplicationContext.getResources(Ljava/lang/String;)[Lorg/springframework/core/io/Resource;+5
j  org.springframework.context.support.GenericApplicationContext.getResources(Ljava/lang/String;)[Lorg/springframework/core/io/Resource;+27
j  org.springframework.context.annotation.ClassPathScanningCandidateComponentProvider.scanCandidateComponents(Ljava/lang/String;)Ljava/util/Set;+28
j  org.springframework.context.annotation.ClassPathScanningCandidateComponentProvider.findCandidateComponents(Ljava/lang/String;)Ljava/util/Set;+26
j  org.springframework.context.annotation.ClassPathBeanDefinitionScanner.doScan([Ljava/lang/String;)Ljava/util/Set;+39
j  org.springframework.context.annotation.ComponentScanAnnotationParser.parse(Lorg/springframework/core/annotation/AnnotationAttributes;Ljava/lang/String;)Ljava/util/Set;+508
j  org.springframework.context.annotation.ConfigurationClassParser.doProcessConfigurationClass(Lorg/springframework/context/annotation/ConfigurationClass;Lorg/springframework/context/annotation/ConfigurationClassParser$SourceClass;Ljava/util/function/Predicate;)Lorg/springframework/context/annotation/ConfigurationClassParser$SourceClass;+200
j  org.springframework.context.annotation.ConfigurationClassParser.processConfigurationClass(Lorg/springframework/context/annotation/ConfigurationClass;Ljava/util/function/Predicate;)V+106
j  org.springframework.context.annotation.ConfigurationClassParser.parse(Lorg/springframework/core/type/AnnotationMetadata;Ljava/lang/String;)V+13
j  org.springframework.context.annotation.ConfigurationClassParser.parse(Ljava/util/Set;)V+59
j  org.springframework.context.annotation.ConfigurationClassPostProcessor.processConfigBeanDefinitions(Lorg/springframework/beans/factory/support/BeanDefinitionRegistry;)V+301
j  org.springframework.context.annotation.ConfigurationClassPostProcessor.postProcessBeanDefinitionRegistry(Lorg/springframework/beans/factory/support/BeanDefinitionRegistry;)V+81
j  org.springframework.context.support.PostProcessorRegistrationDelegate.invokeBeanDefinitionRegistryPostProcessors(Ljava/util/Collection;Lorg/springframework/beans/factory/support/BeanDefinitionRegistry;Lorg/springframework/core/metrics/ApplicationStartup;)V+59
j  org.springframework.context.support.PostProcessorRegistrationDelegate.invokeBeanFactoryPostProcessors(Lorg/springframework/beans/factory/config/ConfigurableListableBeanFactory;Ljava/util/List;)V+238
j  org.springframework.context.support.AbstractApplicationContext.invokeBeanFactoryPostProcessors(Lorg/springframework/beans/factory/config/ConfigurableListableBeanFactory;)V+5
j  org.springframework.context.support.AbstractApplicationContext.refresh()V+53
j  org.springframework.boot.web.servlet.context.ServletWebServerApplicationContext.refresh()V+1
j  org.springframework.boot.SpringApplication.refresh(Lorg/springframework/context/ConfigurableApplicationContext;)V+1
j  org.springframework.boot.SpringApplication.refreshContext(Lorg/springframework/context/ConfigurableApplicationContext;)V+16
j  org.springframework.boot.SpringApplication.run([Ljava/lang/String;)Lorg/springframework/context/ConfigurableApplicationContext;+101
j  org.springframework.boot.SpringApplication.run([Ljava/lang/Class;[Ljava/lang/String;)Lorg/springframework/context/ConfigurableApplicationContext;+9
j  org.springframework.boot.SpringApplication.run(Ljava/lang/Class;[Ljava/lang/String;)Lorg/springframework/context/ConfigurableApplicationContext;+9
j  com.example.demo1.Application.main([Ljava/lang/String;)V+3
v  ~StubRoutines::call_stub 0x00000235ab6310e8

---------------  P R O C E S S  ---------------

Threads class SMR info:
_java_thread_list=0x00000235bff9f510, length=15, elements={
0x000002359a9b6600, 0x00000235baf50cc0, 0x00000235baf51db0, 0x00000235baf546f0,
0x00000235baf564e0, 0x00000235baf56f00, 0x00000235baf58980, 0x00000235baf61b40,
0x00000235baf6e410, 0x00000235baf72670, 0x00000235baf22970, 0x00000235baf6f4c0,
0x00000235bf3de040, 0x00000235bf3de580, 0x00000235bff707e0
}

Java Threads: ( => current thread )
=>0x000002359a9b6600 JavaThread "main" [_thread_in_vm, id=3796, stack(0x000000f0c8800000,0x000000f0c8900000)]
  0x00000235baf50cc0 JavaThread "Reference Handler" daemon [_thread_blocked, id=10560, stack(0x000000f0c8f00000,0x000000f0c9000000)]
  0x00000235baf51db0 JavaThread "Finalizer" daemon [_thread_blocked, id=7252, stack(0x000000f0c9000000,0x000000f0c9100000)]
  0x00000235baf546f0 JavaThread "Signal Dispatcher" daemon [_thread_blocked, id=2212, stack(0x000000f0c9100000,0x000000f0c9200000)]
  0x00000235baf564e0 JavaThread "Attach Listener" daemon [_thread_blocked, id=7096, stack(0x000000f0c9200000,0x000000f0c9300000)]
  0x00000235baf56f00 JavaThread "Service Thread" daemon [_thread_blocked, id=7016, stack(0x000000f0c9300000,0x000000f0c9400000)]
  0x00000235baf58980 JavaThread "Monitor Deflation Thread" daemon [_thread_blocked, id=7372, stack(0x000000f0c9400000,0x000000f0c9500000)]
  0x00000235baf61b40 JavaThread "C2 CompilerThread0" daemon [_thread_blocked, id=9940, stack(0x000000f0c9500000,0x000000f0c9600000)]
  0x00000235baf6e410 JavaThread "C1 CompilerThread0" daemon [_thread_blocked, id=2440, stack(0x000000f0c9600000,0x000000f0c9700000)]
  0x00000235baf72670 JavaThread "Sweeper thread" daemon [_thread_blocked, id=10364, stack(0x000000f0c9700000,0x000000f0c9800000)]
  0x00000235baf22970 JavaThread "Common-Cleaner" daemon [_thread_blocked, id=11664, stack(0x000000f0c9800000,0x000000f0c9900000)]
  0x00000235baf6f4c0 JavaThread "C2 CompilerThread1" daemon [_thread_blocked, id=2204, stack(0x000000f0c9900000,0x000000f0c9a00000)]
  0x00000235bf3de040 JavaThread "Monitor Ctrl-Break" daemon [_thread_in_native, id=4936, stack(0x000000f0c9a00000,0x000000f0c9b00000)]
  0x00000235bf3de580 JavaThread "Notification Thread" daemon [_thread_blocked, id=11436, stack(0x000000f0c9b00000,0x000000f0c9c00000)]
  0x00000235bff707e0 JavaThread "background-preinit" [_thread_in_vm, id=6400, stack(0x000000f0ca200000,0x000000f0ca300000)]

Other Threads:
  0x00000235baf33d10 VMThread "VM Thread" [stack: 0x000000f0c8e00000,0x000000f0c8f00000] [id=2028]
  0x00000235bf2d2010 WatcherThread "VM Periodic Task Thread" [stack: 0x000000f0c9c00000,0x000000f0c9d00000] [id=8792]
  0x000002359aa12e70 WorkerThread "GC Thread#0" [stack: 0x000000f0c8900000,0x000000f0c8a00000] [id=11204]
  0x00000235bf82c990 WorkerThread "GC Thread#1" [stack: 0x000000f0c9d00000,0x000000f0c9e00000] [id=7928]
  0x00000235bfcf9330 WorkerThread "GC Thread#2" [stack: 0x000000f0c9e00000,0x000000f0c9f00000] [id=9240]
  0x00000235bfadeeb0 WorkerThread "GC Thread#3" [stack: 0x000000f0c9f00000,0x000000f0ca000000] [id=4080]
  0x00000235bff6b440 WorkerThread "GC Thread#4" [stack: 0x000000f0ca000000,0x000000f0ca100000] [id=5812]
  0x00000235bff6aea0 WorkerThread "GC Thread#5" [stack: 0x000000f0ca100000,0x000000f0ca200000] [id=6680]
  0x00000235bff6b9e0 WorkerThread "GC Thread#6" [stack: 0x000000f0ca300000,0x000000f0ca400000] [id=5912]
  0x00000235bff6bcb0 WorkerThread "GC Thread#7" [stack: 0x000000f0ca400000,0x000000f0ca500000] [id=1532]
  0x000002359aa235f0 ConcurrentGCThread "G1 Main Marker" [stack: 0x000000f0c8a00000,0x000000f0c8b00000] [id=4792]
  0x000002359aa24020 WorkerThread "G1 Conc#0" [stack: 0x000000f0c8b00000,0x000000f0c8c00000] [id=3932]
  0x000002359aa7dff0 ConcurrentGCThread "G1 Refine#0" [stack: 0x000000f0c8c00000,0x000000f0c8d00000] [id=748]
  0x000002359aa7eb30 ConcurrentGCThread "G1 Service" [stack: 0x000000f0c8d00000,0x000000f0c8e00000] [id=11176]

Threads with active compile tasks:

VM state: not at safepoint (normal execution)

VM Mutex/Monitor currently owned by a thread:  ([mutex/lock_event])
[0x000002359a9af3f0] Metaspace_lock - owner thread: 0x000002359a9b6600

Heap address: 0x0000000084c00000, size: 1972 MB, Compressed Oops mode: 32-bit

CDS archive(s) mapped at: [0x0000000800000000-0x0000000800c40000-0x0000000800c40000), size 12845056, SharedBaseAddress: 0x0000000800000000, ArchiveRelocationMode: 0.
Compressed class space mapped at: 0x0000000801000000-0x0000000841000000, reserved size: 1073741824
Narrow klass base: 0x0000000800000000, Narrow klass shift: 0, Narrow klass range: 0x100000000

GC Precious Log:
 CardTable entry size: 512
 Card Set container configuration: InlinePtr #cards 5 size 8 Array Of Cards #cards 12 size 40 Howl #buckets 4 coarsen threshold 1843 Howl Bitmap #cards 512 size 80 coarsen threshold 460 Card regions per heap region 1 cards per card region 2048
 CPUs: 8 total, 8 available
 Memory: 7883M
 Large Page Support: Disabled
 NUMA Support: Disabled
 Compressed Oops: Enabled (32-bit)
 Heap Region Size: 1M
 Heap Min Capacity: 8M
 Heap Initial Capacity: 124M
 Heap Max Capacity: 1972M
 Pre-touch: Disabled
 Parallel Workers: 8
 Concurrent Workers: 2
 Concurrent Refinement Workers: 8
 Periodic GC: Disabled

Heap:
 garbage-first heap   total 126976K, used 9893K [0x0000000084c00000, 0x0000000100000000)
  region size 1024K, 5 young (5120K), 3 survivors (3072K)
 Metaspace       used 14509K, committed 14720K, reserved 1114112K
  class space    used 1709K, committed 1792K, reserved 1048576K

Heap Regions: E=young(eden), S=young(survivor), O=old, HS=humongous(starts), HC=humongous(continues), CS=collection set, F=free, OA=open archive, CA=closed archive, TAMS=top-at-mark-start (previous, next)
|   0|0x0000000084c00000, 0x0000000084d00000, 0x0000000084d00000|100%|HS|  |TAMS 0x0000000084c00000, 0x0000000084c00000| Complete 
|   1|0x0000000084d00000, 0x0000000084e00000, 0x0000000084e00000|100%| O|  |TAMS 0x0000000084d00000, 0x0000000084d00000| Untracked 
|   2|0x0000000084e00000, 0x0000000084f00000, 0x0000000084f00000|100%| O|  |TAMS 0x0000000084e00000, 0x0000000084e00000| Untracked 
|   3|0x0000000084f00000, 0x0000000085000000, 0x0000000085000000|100%| O|  |TAMS 0x0000000084f00000, 0x0000000084f00000| Untracked 
|   4|0x0000000085000000, 0x0000000085100000, 0x0000000085100000|100%| O|  |TAMS 0x0000000085000000, 0x0000000085000000| Untracked 
|   5|0x0000000085100000, 0x0000000085200000, 0x0000000085200000|100%| O|  |TAMS 0x0000000085100000, 0x0000000085100000| Untracked 
|   6|0x0000000085200000, 0x0000000085293c00, 0x0000000085300000| 57%| O|  |TAMS 0x0000000085200000, 0x0000000085200000| Untracked 
|   7|0x0000000085300000, 0x0000000085300000, 0x0000000085400000|  0%| F|  |TAMS 0x0000000085300000, 0x0000000085300000| Untracked 
|   8|0x0000000085400000, 0x0000000085400000, 0x0000000085500000|  0%| F|  |TAMS 0x0000000085400000, 0x0000000085400000| Untracked 
|   9|0x0000000085500000, 0x0000000085500000, 0x0000000085600000|  0%| F|  |TAMS 0x0000000085500000, 0x0000000085500000| Untracked 
|  10|0x0000000085600000, 0x0000000085600000, 0x0000000085700000|  0%| F|  |TAMS 0x0000000085600000, 0x0000000085600000| Untracked 
|  11|0x0000000085700000, 0x0000000085700000, 0x0000000085800000|  0%| F|  |TAMS 0x0000000085700000, 0x0000000085700000| Untracked 
|  12|0x0000000085800000, 0x0000000085800000, 0x0000000085900000|  0%| F|  |TAMS 0x0000000085800000, 0x0000000085800000| Untracked 
|  13|0x0000000085900000, 0x0000000085900000, 0x0000000085a00000|  0%| F|  |TAMS 0x0000000085900000, 0x0000000085900000| Untracked 
|  14|0x0000000085a00000, 0x0000000085a00000, 0x0000000085b00000|  0%| F|  |TAMS 0x0000000085a00000, 0x0000000085a00000| Untracked 
|  15|0x0000000085b00000, 0x0000000085b00000, 0x0000000085c00000|  0%| F|  |TAMS 0x0000000085b00000, 0x0000000085b00000| Untracked 
|  16|0x0000000085c00000, 0x0000000085c00000, 0x0000000085d00000|  0%| F|  |TAMS 0x0000000085c00000, 0x0000000085c00000| Untracked 
|  17|0x0000000085d00000, 0x0000000085d00000, 0x0000000085e00000|  0%| F|  |TAMS 0x0000000085d00000, 0x0000000085d00000| Untracked 
|  18|0x0000000085e00000, 0x0000000085e00000, 0x0000000085f00000|  0%| F|  |TAMS 0x0000000085e00000, 0x0000000085e00000| Untracked 
|  19|0x0000000085f00000, 0x0000000085f00000, 0x0000000086000000|  0%| F|  |TAMS 0x0000000085f00000, 0x0000000085f00000| Untracked 
|  20|0x0000000086000000, 0x0000000086000000, 0x0000000086100000|  0%| F|  |TAMS 0x0000000086000000, 0x0000000086000000| Untracked 
|  21|0x0000000086100000, 0x0000000086100000, 0x0000000086200000|  0%| F|  |TAMS 0x0000000086100000, 0x0000000086100000| Untracked 
|  22|0x0000000086200000, 0x0000000086200000, 0x0000000086300000|  0%| F|  |TAMS 0x0000000086200000, 0x0000000086200000| Untracked 
|  23|0x0000000086300000, 0x0000000086300000, 0x0000000086400000|  0%| F|  |TAMS 0x0000000086300000, 0x0000000086300000| Untracked 
|  24|0x0000000086400000, 0x0000000086400000, 0x0000000086500000|  0%| F|  |TAMS 0x0000000086400000, 0x0000000086400000| Untracked 
|  25|0x0000000086500000, 0x0000000086500000, 0x0000000086600000|  0%| F|  |TAMS 0x0000000086500000, 0x0000000086500000| Untracked 
|  26|0x0000000086600000, 0x0000000086600000, 0x0000000086700000|  0%| F|  |TAMS 0x0000000086600000, 0x0000000086600000| Untracked 
|  27|0x0000000086700000, 0x0000000086700000, 0x0000000086800000|  0%| F|  |TAMS 0x0000000086700000, 0x0000000086700000| Untracked 
|  28|0x0000000086800000, 0x0000000086800000, 0x0000000086900000|  0%| F|  |TAMS 0x0000000086800000, 0x0000000086800000| Untracked 
|  29|0x0000000086900000, 0x0000000086900000, 0x0000000086a00000|  0%| F|  |TAMS 0x0000000086900000, 0x0000000086900000| Untracked 
|  30|0x0000000086a00000, 0x0000000086a00000, 0x0000000086b00000|  0%| F|  |TAMS 0x0000000086a00000, 0x0000000086a00000| Untracked 
|  31|0x0000000086b00000, 0x0000000086b00000, 0x0000000086c00000|  0%| F|  |TAMS 0x0000000086b00000, 0x0000000086b00000| Untracked 
|  32|0x0000000086c00000, 0x0000000086c00000, 0x0000000086d00000|  0%| F|  |TAMS 0x0000000086c00000, 0x0000000086c00000| Untracked 
|  33|0x0000000086d00000, 0x0000000086d00000, 0x0000000086e00000|  0%| F|  |TAMS 0x0000000086d00000, 0x0000000086d00000| Untracked 
|  34|0x0000000086e00000, 0x0000000086e00000, 0x0000000086f00000|  0%| F|  |TAMS 0x0000000086e00000, 0x0000000086e00000| Untracked 
|  35|0x0000000086f00000, 0x0000000086f00000, 0x0000000087000000|  0%| F|  |TAMS 0x0000000086f00000, 0x0000000086f00000| Untracked 
|  36|0x0000000087000000, 0x0000000087000000, 0x0000000087100000|  0%| F|  |TAMS 0x0000000087000000, 0x0000000087000000| Untracked 
|  37|0x0000000087100000, 0x0000000087100000, 0x0000000087200000|  0%| F|  |TAMS 0x0000000087100000, 0x0000000087100000| Untracked 
|  38|0x0000000087200000, 0x0000000087200000, 0x0000000087300000|  0%| F|  |TAMS 0x0000000087200000, 0x0000000087200000| Untracked 
|  39|0x0000000087300000, 0x0000000087300000, 0x0000000087400000|  0%| F|  |TAMS 0x0000000087300000, 0x0000000087300000| Untracked 
|  40|0x0000000087400000, 0x0000000087400000, 0x0000000087500000|  0%| F|  |TAMS 0x0000000087400000, 0x0000000087400000| Untracked 
|  41|0x0000000087500000, 0x0000000087500000, 0x0000000087600000|  0%| F|  |TAMS 0x0000000087500000, 0x0000000087500000| Untracked 
|  42|0x0000000087600000, 0x0000000087600000, 0x0000000087700000|  0%| F|  |TAMS 0x0000000087600000, 0x0000000087600000| Untracked 
|  43|0x0000000087700000, 0x0000000087700000, 0x0000000087800000|  0%| F|  |TAMS 0x0000000087700000, 0x0000000087700000| Untracked 
|  44|0x0000000087800000, 0x0000000087800000, 0x0000000087900000|  0%| F|  |TAMS 0x0000000087800000, 0x0000000087800000| Untracked 
|  45|0x0000000087900000, 0x0000000087900000, 0x0000000087a00000|  0%| F|  |TAMS 0x0000000087900000, 0x0000000087900000| Untracked 
|  46|0x0000000087a00000, 0x0000000087a00000, 0x0000000087b00000|  0%| F|  |TAMS 0x0000000087a00000, 0x0000000087a00000| Untracked 
|  47|0x0000000087b00000, 0x0000000087b00000, 0x0000000087c00000|  0%| F|  |TAMS 0x0000000087b00000, 0x0000000087b00000| Untracked 
|  48|0x0000000087c00000, 0x0000000087c00000, 0x0000000087d00000|  0%| F|  |TAMS 0x0000000087c00000, 0x0000000087c00000| Untracked 
|  49|0x0000000087d00000, 0x0000000087d00000, 0x0000000087e00000|  0%| F|  |TAMS 0x0000000087d00000, 0x0000000087d00000| Untracked 
|  50|0x0000000087e00000, 0x0000000087e00000, 0x0000000087f00000|  0%| F|  |TAMS 0x0000000087e00000, 0x0000000087e00000| Untracked 
|  51|0x0000000087f00000, 0x0000000087f00000, 0x0000000088000000|  0%| F|  |TAMS 0x0000000087f00000, 0x0000000087f00000| Untracked 
|  52|0x0000000088000000, 0x0000000088000000, 0x0000000088100000|  0%| F|  |TAMS 0x0000000088000000, 0x0000000088000000| Untracked 
|  53|0x0000000088100000, 0x0000000088100000, 0x0000000088200000|  0%| F|  |TAMS 0x0000000088100000, 0x0000000088100000| Untracked 
|  54|0x0000000088200000, 0x0000000088200000, 0x0000000088300000|  0%| F|  |TAMS 0x0000000088200000, 0x0000000088200000| Untracked 
|  55|0x0000000088300000, 0x0000000088300000, 0x0000000088400000|  0%| F|  |TAMS 0x0000000088300000, 0x0000000088300000| Untracked 
|  56|0x0000000088400000, 0x0000000088400000, 0x0000000088500000|  0%| F|  |TAMS 0x0000000088400000, 0x0000000088400000| Untracked 
|  57|0x0000000088500000, 0x0000000088500000, 0x0000000088600000|  0%| F|  |TAMS 0x0000000088500000, 0x0000000088500000| Untracked 
|  58|0x0000000088600000, 0x0000000088600000, 0x0000000088700000|  0%| F|  |TAMS 0x0000000088600000, 0x0000000088600000| Untracked 
|  59|0x0000000088700000, 0x0000000088700000, 0x0000000088800000|  0%| F|  |TAMS 0x0000000088700000, 0x0000000088700000| Untracked 
|  60|0x0000000088800000, 0x0000000088800000, 0x0000000088900000|  0%| F|  |TAMS 0x0000000088800000, 0x0000000088800000| Untracked 
|  61|0x0000000088900000, 0x0000000088900000, 0x0000000088a00000|  0%| F|  |TAMS 0x0000000088900000, 0x0000000088900000| Untracked 
|  62|0x0000000088a00000, 0x0000000088a00000, 0x0000000088b00000|  0%| F|  |TAMS 0x0000000088a00000, 0x0000000088a00000| Untracked 
|  63|0x0000000088b00000, 0x0000000088b00000, 0x0000000088c00000|  0%| F|  |TAMS 0x0000000088b00000, 0x0000000088b00000| Untracked 
|  64|0x0000000088c00000, 0x0000000088c00000, 0x0000000088d00000|  0%| F|  |TAMS 0x0000000088c00000, 0x0000000088c00000| Untracked 
|  65|0x0000000088d00000, 0x0000000088d00000, 0x0000000088e00000|  0%| F|  |TAMS 0x0000000088d00000, 0x0000000088d00000| Untracked 
|  66|0x0000000088e00000, 0x0000000088e00000, 0x0000000088f00000|  0%| F|  |TAMS 0x0000000088e00000, 0x0000000088e00000| Untracked 
|  67|0x0000000088f00000, 0x0000000088f00000, 0x0000000089000000|  0%| F|  |TAMS 0x0000000088f00000, 0x0000000088f00000| Untracked 
|  68|0x0000000089000000, 0x0000000089000000, 0x0000000089100000|  0%| F|  |TAMS 0x0000000089000000, 0x0000000089000000| Untracked 
|  69|0x0000000089100000, 0x0000000089100000, 0x0000000089200000|  0%| F|  |TAMS 0x0000000089100000, 0x0000000089100000| Untracked 
|  70|0x0000000089200000, 0x0000000089200000, 0x0000000089300000|  0%| F|  |TAMS 0x0000000089200000, 0x0000000089200000| Untracked 
|  71|0x0000000089300000, 0x0000000089300000, 0x0000000089400000|  0%| F|  |TAMS 0x0000000089300000, 0x0000000089300000| Untracked 
|  72|0x0000000089400000, 0x0000000089400000, 0x0000000089500000|  0%| F|  |TAMS 0x0000000089400000, 0x0000000089400000| Untracked 
|  73|0x0000000089500000, 0x0000000089500000, 0x0000000089600000|  0%| F|  |TAMS 0x0000000089500000, 0x0000000089500000| Untracked 
|  74|0x0000000089600000, 0x0000000089600000, 0x0000000089700000|  0%| F|  |TAMS 0x0000000089600000, 0x0000000089600000| Untracked 
|  75|0x0000000089700000, 0x0000000089700000, 0x0000000089800000|  0%| F|  |TAMS 0x0000000089700000, 0x0000000089700000| Untracked 
|  76|0x0000000089800000, 0x0000000089800000, 0x0000000089900000|  0%| F|  |TAMS 0x0000000089800000, 0x0000000089800000| Untracked 
|  77|0x0000000089900000, 0x0000000089900000, 0x0000000089a00000|  0%| F|  |TAMS 0x0000000089900000, 0x0000000089900000| Untracked 
|  78|0x0000000089a00000, 0x0000000089a00000, 0x0000000089b00000|  0%| F|  |TAMS 0x0000000089a00000, 0x0000000089a00000| Untracked 
|  79|0x0000000089b00000, 0x0000000089b00000, 0x0000000089c00000|  0%| F|  |TAMS 0x0000000089b00000, 0x0000000089b00000| Untracked 
|  80|0x0000000089c00000, 0x0000000089c00000, 0x0000000089d00000|  0%| F|  |TAMS 0x0000000089c00000, 0x0000000089c00000| Untracked 
|  81|0x0000000089d00000, 0x0000000089d00000, 0x0000000089e00000|  0%| F|  |TAMS 0x0000000089d00000, 0x0000000089d00000| Untracked 
|  82|0x0000000089e00000, 0x0000000089e00000, 0x0000000089f00000|  0%| F|  |TAMS 0x0000000089e00000, 0x0000000089e00000| Untracked 
|  83|0x0000000089f00000, 0x0000000089f00000, 0x000000008a000000|  0%| F|  |TAMS 0x0000000089f00000, 0x0000000089f00000| Untracked 
|  84|0x000000008a000000, 0x000000008a000000, 0x000000008a100000|  0%| F|  |TAMS 0x000000008a000000, 0x000000008a000000| Untracked 
|  85|0x000000008a100000, 0x000000008a100000, 0x000000008a200000|  0%| F|  |TAMS 0x000000008a100000, 0x000000008a100000| Untracked 
|  86|0x000000008a200000, 0x000000008a200000, 0x000000008a300000|  0%| F|  |TAMS 0x000000008a200000, 0x000000008a200000| Untracked 
|  87|0x000000008a300000, 0x000000008a300000, 0x000000008a400000|  0%| F|  |TAMS 0x000000008a300000, 0x000000008a300000| Untracked 
|  88|0x000000008a400000, 0x000000008a400000, 0x000000008a500000|  0%| F|  |TAMS 0x000000008a400000, 0x000000008a400000| Untracked 
|  89|0x000000008a500000, 0x000000008a515a28, 0x000000008a600000|  8%| S|CS|TAMS 0x000000008a500000, 0x000000008a500000| Complete 
|  90|0x000000008a600000, 0x000000008a700000, 0x000000008a700000|100%| S|CS|TAMS 0x000000008a600000, 0x000000008a600000| Complete 
|  91|0x000000008a700000, 0x000000008a800000, 0x000000008a800000|100%| S|CS|TAMS 0x000000008a700000, 0x000000008a700000| Complete 
|  92|0x000000008a800000, 0x000000008a800000, 0x000000008a900000|  0%| F|  |TAMS 0x000000008a800000, 0x000000008a800000| Untracked 
|  93|0x000000008a900000, 0x000000008a900000, 0x000000008aa00000|  0%| F|  |TAMS 0x000000008a900000, 0x000000008a900000| Untracked 
|  94|0x000000008aa00000, 0x000000008aa00000, 0x000000008ab00000|  0%| F|  |TAMS 0x000000008aa00000, 0x000000008aa00000| Untracked 
|  95|0x000000008ab00000, 0x000000008ab00000, 0x000000008ac00000|  0%| F|  |TAMS 0x000000008ab00000, 0x000000008ab00000| Untracked 
|  96|0x000000008ac00000, 0x000000008ac00000, 0x000000008ad00000|  0%| F|  |TAMS 0x000000008ac00000, 0x000000008ac00000| Untracked 
|  97|0x000000008ad00000, 0x000000008ad00000, 0x000000008ae00000|  0%| F|  |TAMS 0x000000008ad00000, 0x000000008ad00000| Untracked 
|  98|0x000000008ae00000, 0x000000008ae00000, 0x000000008af00000|  0%| F|  |TAMS 0x000000008ae00000, 0x000000008ae00000| Untracked 
|  99|0x000000008af00000, 0x000000008af00000, 0x000000008b000000|  0%| F|  |TAMS 0x000000008af00000, 0x000000008af00000| Untracked 
| 100|0x000000008b000000, 0x000000008b000000, 0x000000008b100000|  0%| F|  |TAMS 0x000000008b000000, 0x000000008b000000| Untracked 
| 101|0x000000008b100000, 0x000000008b100000, 0x000000008b200000|  0%| F|  |TAMS 0x000000008b100000, 0x000000008b100000| Untracked 
| 102|0x000000008b200000, 0x000000008b200000, 0x000000008b300000|  0%| F|  |TAMS 0x000000008b200000, 0x000000008b200000| Untracked 
| 103|0x000000008b300000, 0x000000008b300000, 0x000000008b400000|  0%| F|  |TAMS 0x000000008b300000, 0x000000008b300000| Untracked 
| 104|0x000000008b400000, 0x000000008b400000, 0x000000008b500000|  0%| F|  |TAMS 0x000000008b400000, 0x000000008b400000| Untracked 
| 105|0x000000008b500000, 0x000000008b500000, 0x000000008b600000|  0%| F|  |TAMS 0x000000008b500000, 0x000000008b500000| Untracked 
| 106|0x000000008b600000, 0x000000008b600000, 0x000000008b700000|  0%| F|  |TAMS 0x000000008b600000, 0x000000008b600000| Untracked 
| 107|0x000000008b700000, 0x000000008b700000, 0x000000008b800000|  0%| F|  |TAMS 0x000000008b700000, 0x000000008b700000| Untracked 
| 108|0x000000008b800000, 0x000000008b800000, 0x000000008b900000|  0%| F|  |TAMS 0x000000008b800000, 0x000000008b800000| Untracked 
| 109|0x000000008b900000, 0x000000008b900000, 0x000000008ba00000|  0%| F|  |TAMS 0x000000008b900000, 0x000000008b900000| Untracked 
| 110|0x000000008ba00000, 0x000000008ba00000, 0x000000008bb00000|  0%| F|  |TAMS 0x000000008ba00000, 0x000000008ba00000| Untracked 
| 111|0x000000008bb00000, 0x000000008bb00000, 0x000000008bc00000|  0%| F|  |TAMS 0x000000008bb00000, 0x000000008bb00000| Untracked 
| 112|0x000000008bc00000, 0x000000008bc00000, 0x000000008bd00000|  0%| F|  |TAMS 0x000000008bc00000, 0x000000008bc00000| Untracked 
| 113|0x000000008bd00000, 0x000000008bd00000, 0x000000008be00000|  0%| F|  |TAMS 0x000000008bd00000, 0x000000008bd00000| Untracked 
| 114|0x000000008be00000, 0x000000008be00000, 0x000000008bf00000|  0%| F|  |TAMS 0x000000008be00000, 0x000000008be00000| Untracked 
| 115|0x000000008bf00000, 0x000000008bf00000, 0x000000008c000000|  0%| F|  |TAMS 0x000000008bf00000, 0x000000008bf00000| Untracked 
| 116|0x000000008c000000, 0x000000008c000000, 0x000000008c100000|  0%| F|  |TAMS 0x000000008c000000, 0x000000008c000000| Untracked 
| 117|0x000000008c100000, 0x000000008c100000, 0x000000008c200000|  0%| F|  |TAMS 0x000000008c100000, 0x000000008c100000| Untracked 
| 118|0x000000008c200000, 0x000000008c200000, 0x000000008c300000|  0%| F|  |TAMS 0x000000008c200000, 0x000000008c200000| Untracked 
| 119|0x000000008c300000, 0x000000008c300000, 0x000000008c400000|  0%| F|  |TAMS 0x000000008c300000, 0x000000008c300000| Untracked 
| 120|0x000000008c400000, 0x000000008c400000, 0x000000008c500000|  0%| F|  |TAMS 0x000000008c400000, 0x000000008c400000| Untracked 
| 121|0x000000008c500000, 0x000000008c500000, 0x000000008c600000|  0%| F|  |TAMS 0x000000008c500000, 0x000000008c500000| Untracked 
| 122|0x000000008c600000, 0x000000008c600800, 0x000000008c700000|  0%| E|  |TAMS 0x000000008c600000, 0x000000008c600000| Complete 
| 123|0x000000008c700000, 0x000000008c800000, 0x000000008c800000|100%| E|CS|TAMS 0x000000008c700000, 0x000000008c700000| Complete 

Card table byte_map: [0x00000235b3f40000,0x00000235b4320000] _byte_map_base: 0x00000235b3b1a000

Marking Bits (Prev, Next): (CMBitMap*) 0x000002359aa134a0, (CMBitMap*) 0x000002359aa134e0
 Prev Bits: [0x00000235b4700000, 0x00000235b65d0000)
 Next Bits: [0x00000235b65d0000, 0x00000235b84a0000)

Polling page: 0x000002359aa80000

Metaspace:

Usage:
  Non-class:     12.50 MB used.
      Class:      1.67 MB used.
       Both:     14.17 MB used.

Virtual space:
  Non-class space:       64.00 MB reserved,      12.62 MB ( 20%) committed,  1 nodes.
      Class space:        1.00 GB reserved,       1.75 MB ( <1%) committed,  1 nodes.
             Both:        1.06 GB reserved,      14.38 MB (  1%) committed. 

Chunk freelists:
   Non-Class:  3.24 MB
       Class:  2.14 MB
        Both:  5.38 MB

MaxMetaspaceSize: unlimited
CompressedClassSpaceSize: 1.00 GB
Initial GC threshold: 21.00 MB
Current GC threshold: 21.00 MB
CDS: on
MetaspaceReclaimPolicy: balanced
 - commit_granule_bytes: 65536.
 - commit_granule_words: 8192.
 - virtual_space_node_default_size: 8388608.
 - enlarge_chunks_in_place: 1.
 - new_chunks_are_fully_committed: 0.
 - uncommit_free_chunks: 1.
 - use_allocation_guard: 0.


Internal statistics:

num_allocs_failed_limit: 0.
num_arena_births: 206.
num_arena_deaths: 0.
num_vsnodes_births: 2.
num_vsnodes_deaths: 0.
num_space_committed: 230.
num_space_uncommitted: 0.
num_chunks_returned_to_freelist: 0.
num_chunks_taken_from_freelist: 651.
num_chunk_merges: 0.
num_chunk_splits: 455.
num_chunks_enlarged: 373.
num_inconsistent_stats: 0.

CodeHeap 'non-profiled nmethods': size=120000Kb used=649Kb max_used=649Kb free=119350Kb
 bounds [0x00000235abbd0000, 0x00000235abe40000, 0x00000235b3100000]
CodeHeap 'profiled nmethods': size=120000Kb used=3258Kb max_used=3258Kb free=116741Kb
 bounds [0x00000235a4100000, 0x00000235a4430000, 0x00000235ab630000]
CodeHeap 'non-nmethods': size=5760Kb used=1293Kb max_used=1311Kb free=4466Kb
 bounds [0x00000235ab630000, 0x00000235ab8a0000, 0x00000235abbd0000]
 total_blobs=2292 nmethods=1802 adapters=400
 compilation: enabled
              stopped_count=0, restarted_count=0
 full_count=0

Compilation events (20 events):
Event: 0.800 Thread 0x00000235baf6e410 nmethod 1793 0x00000235a4427f10 code [0x00000235a44280c0, 0x00000235a44282e8]
Event: 0.800 Thread 0x00000235baf6e410 1794       3       java.lang.ref.NativeReferenceQueue::signal (8 bytes)
Event: 0.800 Thread 0x00000235baf6e410 nmethod 1794 0x00000235a4428410 code [0x00000235a44285c0, 0x00000235a4428708]
Event: 0.800 Thread 0x00000235baf6e410 1790       3       java.util.concurrent.locks.ReentrantLock$Sync::isHeldExclusively (16 bytes)
Event: 0.800 Thread 0x00000235baf6e410 nmethod 1790 0x00000235a4428810 code [0x00000235a44289c0, 0x00000235a4428b58]
Event: 0.800 Thread 0x00000235baf6e410 1792   !   3       jdk.internal.ref.PhantomCleanable::isListEmpty (34 bytes)
Event: 0.800 Thread 0x00000235baf6e410 nmethod 1792 0x00000235a4428c10 code [0x00000235a4428dc0, 0x00000235a4429018]
Event: 0.800 Thread 0x00000235baf6e410 1796       3       java.util.HashSet::contains (9 bytes)
Event: 0.800 Thread 0x00000235baf6e410 nmethod 1796 0x00000235a4429110 code [0x00000235a44292c0, 0x00000235a4429488]
Event: 0.801 Thread 0x00000235baf61b40 nmethod 1795 0x00000235abc71c90 code [0x00000235abc71e20, 0x00000235abc720c8]
Event: 0.801 Thread 0x00000235baf6e410 1797   !   3       java.util.zip.ZipFile::getEntry (59 bytes)
Event: 0.801 Thread 0x00000235baf6e410 nmethod 1797 0x00000235a4429590 code [0x00000235a4429780, 0x00000235a4429bf8]
Event: 0.801 Thread 0x00000235baf6e410 1799   !   3       java.util.zip.ZipFile$Source::getEntryPos (195 bytes)
Event: 0.802 Thread 0x00000235baf6e410 nmethod 1799 0x00000235a4429e90 code [0x00000235a442a1a0, 0x00000235a442b338]
Event: 0.802 Thread 0x00000235baf6e410 1801       3       java.io.WinNTFileSystem::normalize (143 bytes)
Event: 0.803 Thread 0x00000235baf6e410 nmethod 1801 0x00000235a442bd90 code [0x00000235a442c020, 0x00000235a442cb18]
Event: 0.803 Thread 0x00000235baf6e410 1798   !   3       jdk.internal.loader.URLClassPath$JarLoader::getResource (65 bytes)
Event: 0.803 Thread 0x00000235baf6e410 nmethod 1798 0x00000235a442cf10 code [0x00000235a442d180, 0x00000235a442dbe8]
Event: 0.803 Thread 0x00000235baf6e410 1800       3       java.util.zip.ZipCoder::hash (36 bytes)
Event: 0.804 Thread 0x00000235baf6e410 nmethod 1800 0x00000235a442df10 code [0x00000235a442e120, 0x00000235a442e868]

GC Heap History (4 events):
Event: 0.520 GC heap before
{Heap before GC invocations=0 (full 0):
 garbage-first heap   total 126976K, used 23552K [0x0000000084c00000, 0x0000000100000000)
  region size 1024K, 23 young (23552K), 0 survivors (0K)
 Metaspace       used 6715K, committed 6912K, reserved 1114112K
  class space    used 769K, committed 896K, reserved 1048576K
}
Event: 0.526 GC heap after
{Heap after GC invocations=1 (full 0):
 garbage-first heap   total 126976K, used 6611K [0x0000000084c00000, 0x0000000100000000)
  region size 1024K, 3 young (3072K), 3 survivors (3072K)
 Metaspace       used 6715K, committed 6912K, reserved 1114112K
  class space    used 769K, committed 896K, reserved 1048576K
}
Event: 0.795 GC heap before
{Heap before GC invocations=1 (full 0):
 garbage-first heap   total 126976K, used 35283K [0x0000000084c00000, 0x0000000100000000)
  region size 1024K, 32 young (32768K), 3 survivors (3072K)
 Metaspace       used 14395K, committed 14656K, reserved 1114112K
  class space    used 1692K, committed 1792K, reserved 1048576K
}
Event: 0.799 GC heap after
{Heap after GC invocations=2 (full 0):
 garbage-first heap   total 126976K, used 8869K [0x0000000084c00000, 0x0000000100000000)
  region size 1024K, 3 young (3072K), 3 survivors (3072K)
 Metaspace       used 14395K, committed 14656K, reserved 1114112K
  class space    used 1692K, committed 1792K, reserved 1048576K
}

Dll operation events (10 events):
Event: 0.008 Loaded shared library C:\Program Files\Java\jdk-19\bin\java.dll
Event: 0.015 Loaded shared library C:\Program Files\Java\jdk-19\bin\jsvml.dll
Event: 0.076 Loaded shared library C:\Program Files\Java\jdk-19\bin\zip.dll
Event: 0.078 Loaded shared library C:\Program Files\Java\jdk-19\bin\instrument.dll
Event: 0.083 Loaded shared library C:\Program Files\Java\jdk-19\bin\net.dll
Event: 0.084 Loaded shared library C:\Program Files\Java\jdk-19\bin\nio.dll
Event: 0.087 Loaded shared library C:\Program Files\Java\jdk-19\bin\zip.dll
Event: 0.141 Loaded shared library C:\Program Files\Java\jdk-19\bin\extnet.dll
Event: 0.165 Loaded shared library C:\Program Files\Java\jdk-19\bin\jimage.dll
Event: 0.675 Loaded shared library C:\Program Files\Java\jdk-19\bin\verify.dll

Deoptimization events (20 events):
Event: 0.801 Thread 0x000002359a9b6600 Uncommon trap: trap_request=0xffffff45 fr.pc=0x00000235abc0c7b8 relative=0x00000000000005b8
Event: 0.801 Thread 0x000002359a9b6600 Uncommon trap: reason=unstable_if action=reinterpret pc=0x00000235abc0c7b8 method=java.util.zip.ZipCoder.hash(Ljava/lang/String;)I @ 23 c2
Event: 0.801 Thread 0x000002359a9b6600 DEOPT PACKING pc=0x00000235abc0c7b8 sp=0x000000f0c88fe380
Event: 0.801 Thread 0x000002359a9b6600 DEOPT UNPACKING pc=0x00000235ab69a5a3 sp=0x000000f0c88fe298 mode 2
Event: 0.801 Thread 0x000002359a9b6600 Uncommon trap: trap_request=0xffffff45 fr.pc=0x00000235abc05204 relative=0x00000000000002e4
Event: 0.801 Thread 0x000002359a9b6600 Uncommon trap: reason=unstable_if action=reinterpret pc=0x00000235abc05204 method=java.util.zip.ZipCoder.hash(Ljava/lang/String;)I @ 23 c2
Event: 0.801 Thread 0x000002359a9b6600 DEOPT PACKING pc=0x00000235abc05204 sp=0x000000f0c88fe310
Event: 0.801 Thread 0x000002359a9b6600 DEOPT UNPACKING pc=0x00000235ab69a5a3 sp=0x000000f0c88fe298 mode 2
Event: 0.802 Thread 0x000002359a9b6600 Uncommon trap: trap_request=0xffffff45 fr.pc=0x00000235abbeddc0 relative=0x0000000000000040
Event: 0.802 Thread 0x000002359a9b6600 Uncommon trap: reason=unstable_if action=reinterpret pc=0x00000235abbeddc0 method=sun.nio.fs.WindowsPathParser.isSlash(C)Z @ 9 c2
Event: 0.802 Thread 0x000002359a9b6600 DEOPT PACKING pc=0x00000235abbeddc0 sp=0x000000f0c88fe5a0
Event: 0.802 Thread 0x000002359a9b6600 DEOPT UNPACKING pc=0x00000235ab69a5a3 sp=0x000000f0c88fe528 mode 2
Event: 0.803 Thread 0x000002359a9b6600 Uncommon trap: trap_request=0xffffff45 fr.pc=0x00000235abc4df6c relative=0x000000000000024c
Event: 0.803 Thread 0x000002359a9b6600 Uncommon trap: reason=unstable_if action=reinterpret pc=0x00000235abc4df6c method=java.lang.StringConcatHelper.prepend(J[BLjava/lang/String;)J @ 13 c2
Event: 0.803 Thread 0x000002359a9b6600 DEOPT PACKING pc=0x00000235abc4df6c sp=0x000000f0c88fe630
Event: 0.803 Thread 0x000002359a9b6600 DEOPT UNPACKING pc=0x00000235ab69a5a3 sp=0x000000f0c88fe5e0 mode 2
Event: 0.803 Thread 0x000002359a9b6600 Uncommon trap: trap_request=0xffffff45 fr.pc=0x00000235abc6dccc relative=0x00000000000000ac
Event: 0.803 Thread 0x000002359a9b6600 Uncommon trap: reason=unstable_if action=reinterpret pc=0x00000235abc6dccc method=java.lang.StringConcatHelper.newString([BJ)Ljava/lang/String; @ 3 c2
Event: 0.803 Thread 0x000002359a9b6600 DEOPT PACKING pc=0x00000235abc6dccc sp=0x000000f0c88fe660
Event: 0.803 Thread 0x000002359a9b6600 DEOPT UNPACKING pc=0x00000235ab69a5a3 sp=0x000000f0c88fe5e8 mode 2

Classes loaded (20 events):
Event: 0.804 Loading class java/nio/file/FileTreeIterator done
Event: 0.804 Loading class java/nio/file/FileTreeWalker
Event: 0.804 Loading class java/nio/file/FileTreeWalker done
Event: 0.804 Loading class java/nio/file/Files$AcceptAllFilter
Event: 0.804 Loading class java/nio/file/DirectoryStream$Filter
Event: 0.804 Loading class java/nio/file/DirectoryStream$Filter done
Event: 0.804 Loading class java/nio/file/Files$AcceptAllFilter done
Event: 0.804 Loading class sun/nio/fs/WindowsDirectoryStream
Event: 0.804 Loading class java/nio/file/DirectoryStream
Event: 0.804 Loading class java/nio/file/DirectoryStream done
Event: 0.804 Loading class sun/nio/fs/WindowsDirectoryStream done
Event: 0.804 Loading class java/util/regex/Pattern$BnM
Event: 0.804 Loading class java/nio/file/FileTreeWalker$DirectoryNode
Event: 0.804 Loading class java/nio/file/FileTreeWalker$DirectoryNode done
Event: 0.804 Loading class java/util/regex/Pattern$BnM done
Event: 0.804 Loading class sun/nio/fs/WindowsDirectoryStream$WindowsDirectoryIterator
Event: 0.804 Loading class java/util/regex/Pattern$Pos
Event: 0.804 Loading class sun/nio/fs/WindowsDirectoryStream$WindowsDirectoryIterator done
Event: 0.804 Loading class java/util/regex/Pattern$Pos done
Event: 0.804 Loading class java/nio/file/FileTreeWalker$Event

Classes unloaded (0 events):
No events

Classes redefined (0 events):
No events

Internal exceptions (20 events):
Event: 0.503 Thread 0x000002359a9b6600 Exception <a 'java/lang/NoSuchMethodError'{0x000000008b2ff460}: 'java.lang.Object java.lang.invoke.DirectMethodHandle$Holder.invokeSpecial(java.lang.Object, java.lang.Object, java.lang.Object, java.lang.Object, java.lang.Object, java.lang.Object, java.lang.Object, int)'> (0x000000008b2ff460) 
thrown [s\open\src\hotspot\share\interpreter\linkResolver.cpp, line 774]
Event: 0.531 Thread 0x000002359a9b6600 Exception <a 'java/lang/NoSuchMethodError'{0x000000008c78c310}: 'int java.lang.invoke.DirectMethodHandle$Holder.invokeInterface(java.lang.Object, java.lang.Object)'> (0x000000008c78c310) 
thrown [s\open\src\hotspot\share\interpreter\linkResolver.cpp, line 774]
Event: 0.557 Thread 0x000002359a9b6600 Exception <a 'java/lang/NoSuchMethodError'{0x000000008c6ad658}: 'java.lang.Object java.lang.invoke.DirectMethodHandle$Holder.invokeSpecial(java.lang.Object, java.lang.Object, java.lang.Object, int, java.lang.Object)'> (0x000000008c6ad658) 
thrown [s\open\src\hotspot\share\interpreter\linkResolver.cpp, line 774]
Event: 0.558 Thread 0x000002359a9b6600 Exception <a 'java/lang/NoSuchMethodError'{0x000000008c6b5cc8}: 'java.lang.Object java.lang.invoke.DirectMethodHandle$Holder.newInvokeSpecial(java.lang.Object, java.lang.Object, java.lang.Object, int, java.lang.Object)'> (0x000000008c6b5cc8) 
thrown [s\open\src\hotspot\share\interpreter\linkResolver.cpp, line 774]
Event: 0.558 Thread 0x000002359a9b6600 Exception <a 'java/lang/NoSuchMethodError'{0x000000008c6bd6b8}: 'java.lang.Object java.lang.invoke.Invokers$Holder.linkToTargetMethod(java.lang.Object, java.lang.Object, int, java.lang.Object, java.lang.Object)'> (0x000000008c6bd6b8) 
thrown [s\open\src\hotspot\share\interpreter\linkResolver.cpp, line 774]
Event: 0.559 Thread 0x000002359a9b6600 Exception <a 'java/lang/NoSuchMethodError'{0x000000008c6ffab8}: 'java.lang.Object java.lang.invoke.DirectMethodHandle$Holder.newInvokeSpecial(java.lang.Object, int, java.lang.Object)'> (0x000000008c6ffab8) 
thrown [s\open\src\hotspot\share\interpreter\linkResolver.cpp, line 774]
Event: 0.559 Thread 0x000002359a9b6600 Exception <a 'java/lang/NoSuchMethodError'{0x000000008c504d28}: 'int java.lang.invoke.DirectMethodHandle$Holder.invokeSpecialIFC(java.lang.Object, java.lang.Object, java.lang.Object, java.lang.Object)'> (0x000000008c504d28) 
thrown [s\open\src\hotspot\share\interpreter\linkResolver.cpp, line 774]
Event: 0.572 Thread 0x000002359a9b6600 Exception <a 'java/lang/NoSuchMethodError'{0x000000008c5be610}: 'void java.lang.invoke.DirectMethodHandle$Holder.invokeInterface(java.lang.Object, java.lang.Object, java.lang.Object)'> (0x000000008c5be610) 
thrown [s\open\src\hotspot\share\interpreter\linkResolver.cpp, line 774]
Event: 0.582 Thread 0x000002359a9b6600 Exception <a 'java/lang/NoSuchMethodError'{0x000000008c42ce00}: 'void java.lang.invoke.DirectMethodHandle$Holder.invokeStaticInit(java.lang.Object, java.lang.Object)'> (0x000000008c42ce00) 
thrown [s\open\src\hotspot\share\interpreter\linkResolver.cpp, line 774]
Event: 0.583 Thread 0x000002359a9b6600 Exception <a 'java/lang/NoSuchMethodError'{0x000000008c439568}: 'void java.lang.invoke.DirectMethodHandle$Holder.invokeStaticInit(java.lang.Object, java.lang.Object, java.lang.Object)'> (0x000000008c439568) 
thrown [s\open\src\hotspot\share\interpreter\linkResolver.cpp, line 774]
Event: 0.586 Thread 0x000002359a9b6600 Exception <a 'java/lang/NoSuchMethodError'{0x000000008c4760c8}: 'java.lang.Object java.lang.invoke.DirectMethodHandle$Holder.invokeStatic(java.lang.Object, long, java.lang.Object)'> (0x000000008c4760c8) 
thrown [s\open\src\hotspot\share\interpreter\linkResolver.cpp, line 774]
Event: 0.586 Thread 0x000002359a9b6600 Exception <a 'java/lang/NoSuchMethodError'{0x000000008c4799c8}: 'java.lang.Object java.lang.invoke.DirectMethodHandle$Holder.invokeStaticInit(java.lang.Object, long, java.lang.Object)'> (0x000000008c4799c8) 
thrown [s\open\src\hotspot\share\interpreter\linkResolver.cpp, line 774]
Event: 0.586 Thread 0x000002359a9b6600 Exception <a 'java/lang/NoSuchMethodError'{0x000000008c47f9f8}: 'java.lang.Object java.lang.invoke.DirectMethodHandle$Holder.newInvokeSpecial(java.lang.Object, long)'> (0x000000008c47f9f8) 
thrown [s\open\src\hotspot\share\interpreter\linkResolver.cpp, line 774]
Event: 0.593 Thread 0x000002359a9b6600 Exception <a 'java/lang/NoSuchMethodError'{0x000000008c4c13e0}: 'void java.lang.invoke.DirectMethodHandle$Holder.invokeVirtual(java.lang.Object, java.lang.Object, java.lang.Object, java.lang.Object)'> (0x000000008c4c13e0) 
thrown [s\open\src\hotspot\share\interpreter\linkResolver.cpp, line 774]
Event: 0.616 Thread 0x000002359a9b6600 Exception <a 'java/lang/NoSuchMethodError'{0x000000008c20e860}: 'void java.lang.invoke.DirectMethodHandle$Holder.invokeSpecial(java.lang.Object, java.lang.Object, java.lang.Object)'> (0x000000008c20e860) 
thrown [s\open\src\hotspot\share\interpreter\linkResolver.cpp, line 774]
Event: 0.616 Thread 0x000002359a9b6600 Exception <a 'java/lang/NoSuchMethodError'{0x000000008c214e08}: 'void java.lang.invoke.DirectMethodHandle$Holder.invokeSpecial(java.lang.Object, java.lang.Object, java.lang.Object, java.lang.Object, java.lang.Object)'> (0x000000008c214e08) 
thrown [s\open\src\hotspot\share\interpreter\linkResolver.cpp, line 774]
Event: 0.621 Thread 0x00000235bff707e0 Exception <a 'java/lang/NoClassDefFoundError'{0x000000008c27ad98}: jakarta/validation/Validation> (0x000000008c27ad98) 
thrown [s\open\src\hotspot\share\classfile\systemDictionary.cpp, line 244]
Event: 0.621 Thread 0x000002359a9b6600 Exception <a 'java/lang/IncompatibleClassChangeError'{0x000000008c2433d0}: Found class java.lang.Object, but interface was expected> (0x000000008c2433d0) 
thrown [s\open\src\hotspot\share\interpreter\linkResolver.cpp, line 841]
Event: 0.695 Thread 0x000002359a9b6600 Exception <a 'java/lang/NoSuchMethodError'{0x000000008b8645d0}: 'int java.lang.invoke.Invokers$Holder.invokeExact_MT(java.lang.Object, java.lang.Object)'> (0x000000008b8645d0) 
thrown [s\open\src\hotspot\share\interpreter\linkResolver.cpp, line 774]
Event: 0.803 Thread 0x000002359a9b6600 Exception <a 'java/lang/NoSuchMethodError'{0x000000008c774390}: 'int java.lang.invoke.DirectMethodHandle$Holder.invokeSpecial(java.lang.Object, java.lang.Object, java.lang.Object, java.lang.Object, java.lang.Object)'> (0x000000008c774390) 
thrown [s\open\src\hotspot\share\interpreter\linkResolver.cpp, line 774]

VM Operations (20 events):
Event: 0.464 Executing VM operation: ICBufferFull
Event: 0.464 Executing VM operation: ICBufferFull done
Event: 0.520 Executing VM operation: G1CollectForAllocation
Event: 0.526 Executing VM operation: G1CollectForAllocation done
Event: 0.526 Executing VM operation: HandshakeAllThreads
Event: 0.526 Executing VM operation: HandshakeAllThreads done
Event: 0.541 Executing VM operation: HandshakeAllThreads
Event: 0.541 Executing VM operation: HandshakeAllThreads done
Event: 0.610 Executing VM operation: HandshakeAllThreads
Event: 0.610 Executing VM operation: HandshakeAllThreads done
Event: 0.614 Executing VM operation: HandshakeAllThreads
Event: 0.614 Executing VM operation: HandshakeAllThreads done
Event: 0.614 Executing VM operation: HandshakeAllThreads
Event: 0.614 Executing VM operation: HandshakeAllThreads done
Event: 0.714 Executing VM operation: ICBufferFull
Event: 0.715 Executing VM operation: ICBufferFull done
Event: 0.787 Executing VM operation: HandshakeAllThreads
Event: 0.787 Executing VM operation: HandshakeAllThreads done
Event: 0.794 Executing VM operation: G1CollectForAllocation
Event: 0.799 Executing VM operation: G1CollectForAllocation done

Events (15 events):
Event: 0.015 Thread 0x000002359a9b6600 Thread added: 0x000002359a9b6600
Event: 0.024 Thread 0x00000235baf50cc0 Thread added: 0x00000235baf50cc0
Event: 0.024 Thread 0x00000235baf51db0 Thread added: 0x00000235baf51db0
Event: 0.025 Thread 0x00000235baf546f0 Thread added: 0x00000235baf546f0
Event: 0.025 Thread 0x00000235baf564e0 Thread added: 0x00000235baf564e0
Event: 0.025 Thread 0x00000235baf56f00 Thread added: 0x00000235baf56f00
Event: 0.025 Thread 0x00000235baf58980 Thread added: 0x00000235baf58980
Event: 0.025 Thread 0x00000235baf61b40 Thread added: 0x00000235baf61b40
Event: 0.025 Thread 0x00000235baf6e410 Thread added: 0x00000235baf6e410
Event: 0.025 Thread 0x00000235baf72670 Thread added: 0x00000235baf72670
Event: 0.059 Thread 0x00000235baf22970 Thread added: 0x00000235baf22970
Event: 0.077 Thread 0x00000235baf6f4c0 Thread added: 0x00000235baf6f4c0
Event: 0.136 Thread 0x00000235bf3de040 Thread added: 0x00000235bf3de040
Event: 0.136 Thread 0x00000235bf3de580 Thread added: 0x00000235bf3de580
Event: 0.618 Thread 0x00000235bff707e0 Thread added: 0x00000235bff707e0


Dynamic libraries:
0x00007ff7afb10000 - 0x00007ff7afb20000 	C:\Program Files\Java\jdk-19\bin\java.exe
0x00007fff12970000 - 0x00007fff12b65000 	C:\Windows\SYSTEM32\ntdll.dll
0x00007fff10c60000 - 0x00007fff10d1e000 	C:\Windows\System32\KERNEL32.DLL
0x00007fff10550000 - 0x00007fff10819000 	C:\Windows\System32\KERNELBASE.dll
0x00007fff101f0000 - 0x00007fff102f0000 	C:\Windows\System32\ucrtbase.dll
0x00007fff09950000 - 0x00007fff0996b000 	C:\Program Files\Java\jdk-19\bin\VCRUNTIME140.dll
0x00007fff03e40000 - 0x00007fff03e58000 	C:\Program Files\Java\jdk-19\bin\jli.dll
0x00007fff115e0000 - 0x00007fff1168c000 	C:\Windows\System32\ADVAPI32.dll
0x00007fff11a90000 - 0x00007fff11b2e000 	C:\Windows\System32\msvcrt.dll
0x00007fff10d20000 - 0x00007fff10dbb000 	C:\Windows\System32\sechost.dll
0x00007fff12800000 - 0x00007fff1292a000 	C:\Windows\System32\RPCRT4.dll
0x00007fff10eb0000 - 0x00007fff11051000 	C:\Windows\System32\USER32.dll
0x00007fff10820000 - 0x00007fff10842000 	C:\Windows\System32\win32u.dll
0x00007ffef92a0000 - 0x00007ffef953a000 	C:\Windows\WinSxS\amd64_microsoft.windows.common-controls_6595b64144ccf1df_6.0.19041.1110_none_60b5254171f9507e\COMCTL32.dll
0x00007fff10e70000 - 0x00007fff10e9b000 	C:\Windows\System32\GDI32.dll
0x00007fff10850000 - 0x00007fff1095b000 	C:\Windows\System32\gdi32full.dll
0x00007fff10090000 - 0x00007fff1012d000 	C:\Windows\System32\msvcp_win.dll
0x00007fff06300000 - 0x00007fff0630a000 	C:\Windows\SYSTEM32\VERSION.dll
0x00007fff11760000 - 0x00007fff11790000 	C:\Windows\System32\IMM32.DLL
0x00007fff09940000 - 0x00007fff0994c000 	C:\Program Files\Java\jdk-19\bin\vcruntime140_1.dll
0x00007ffeefa80000 - 0x00007ffeefb0e000 	C:\Program Files\Java\jdk-19\bin\msvcp140.dll
0x00007ffea7600000 - 0x00007ffea82c0000 	C:\Program Files\Java\jdk-19\bin\server\jvm.dll
0x00007ffef4c10000 - 0x00007ffef4c37000 	C:\Windows\SYSTEM32\WINMM.dll
0x00007ffef37b0000 - 0x00007ffef37b9000 	C:\Windows\SYSTEM32\WSOCK32.dll
0x00007fff11690000 - 0x00007fff116fb000 	C:\Windows\System32\WS2_32.dll
0x00007fff0e960000 - 0x00007fff0e972000 	C:\Windows\SYSTEM32\kernel.appcore.dll
0x00007fff02c60000 - 0x00007fff02c6a000 	C:\Program Files\Java\jdk-19\bin\jimage.dll
0x00007fff0de80000 - 0x00007fff0e064000 	C:\Windows\SYSTEM32\DBGHELP.DLL
0x00007ffef5fc0000 - 0x00007ffef5fec000 	C:\Windows\SYSTEM32\dbgcore.DLL
0x00007fff10160000 - 0x00007fff101e3000 	C:\Windows\System32\bcryptPrimitives.dll
0x00007ffef6050000 - 0x00007ffef605e000 	C:\Program Files\Java\jdk-19\bin\instrument.dll
0x00007ffef95b0000 - 0x00007ffef95d6000 	C:\Program Files\Java\jdk-19\bin\java.dll
0x00007ffee7680000 - 0x00007ffee7757000 	C:\Program Files\Java\jdk-19\bin\jsvml.dll
0x00007fff120c0000 - 0x00007fff127ff000 	C:\Windows\System32\SHELL32.dll
0x00007fff0e070000 - 0x00007fff0e800000 	C:\Windows\SYSTEM32\windows.storage.dll
0x00007fff11200000 - 0x00007fff11555000 	C:\Windows\System32\combase.dll
0x00007fff0fae0000 - 0x00007fff0fb0c000 	C:\Windows\SYSTEM32\Wldp.dll
0x00007fff10dc0000 - 0x00007fff10e6e000 	C:\Windows\System32\SHCORE.dll
0x00007fff11190000 - 0x00007fff111e5000 	C:\Windows\System32\shlwapi.dll
0x00007fff0ffd0000 - 0x00007fff0ffef000 	C:\Windows\SYSTEM32\profapi.dll
0x00007ffef9560000 - 0x00007ffef9578000 	C:\Program Files\Java\jdk-19\bin\zip.dll
0x00007ffefbdb0000 - 0x00007ffefbdc3000 	C:\Program Files\Java\jdk-19\bin\net.dll
0x00007fff09390000 - 0x00007fff09498000 	C:\Windows\SYSTEM32\WINHTTP.dll
0x00007fff0f7d0000 - 0x00007fff0f83a000 	C:\Windows\system32\mswsock.dll
0x00007ffefbbc0000 - 0x00007ffefbbd6000 	C:\Program Files\Java\jdk-19\bin\nio.dll
0x00007fff02c50000 - 0x00007fff02c58000 	C:\Program Files\Java\jdk-19\bin\extnet.dll
0x00007ffef8800000 - 0x00007ffef8810000 	C:\Program Files\Java\jdk-19\bin\verify.dll

dbghelp: loaded successfully - version: 4.0.5 - missing functions: none
symbol engine: initialized successfully - sym options: 0x614 - pdb path: .;C:\Program Files\Java\jdk-19\bin;C:\Windows\SYSTEM32;C:\Windows\WinSxS\amd64_microsoft.windows.common-controls_6595b64144ccf1df_6.0.19041.1110_none_60b5254171f9507e;C:\Program Files\Java\jdk-19\bin\server

VM Arguments:
jvm_args: -javaagent:C:\Users\Жанарбай\AppData\Local\JetBrains\IntelliJ IDEA Community Edition 2022.3.2\lib\idea_rt.jar=56296:C:\Users\Жанарбай\AppData\Local\JetBrains\IntelliJ IDEA Community Edition 2022.3.2\bin -Dfile.encoding=UTF-8 -Dsun.stdout.encoding=UTF-8 -Dsun.stderr.encoding=UTF-8 
java_command: com.example.demo1.Application
java_class_path (initial): C:\Users\Жанарбай\Desktop\frameworks\SPRING\demo1\demo1\target\classes;C:\Users\Жанарбай\.m2\repository\org\springframework\boot\spring-boot-starter-data-jpa\3.0.5\spring-boot-starter-data-jpa-3.0.5.jar;C:\Users\Жанарбай\.m2\repository\org\springframework\boot\spring-boot-starter-aop\3.0.5\spring-boot-starter-aop-3.0.5.jar;C:\Users\Жанарбай\.m2\repository\org\springframework\spring-aop\6.0.7\spring-aop-6.0.7.jar;C:\Users\Жанарбай\.m2\repository\org\aspectj\aspectjweaver\1.9.19\aspectjweaver-1.9.19.jar;C:\Users\Жанарбай\.m2\repository\org\springframework\boot\spring-boot-starter-jdbc\3.0.5\spring-boot-starter-jdbc-3.0.5.jar;C:\Users\Жанарбай\.m2\repository\com\zaxxer\HikariCP\5.0.1\HikariCP-5.0.1.jar;C:\Users\Жанарбай\.m2\repository\org\springframework\spring-jdbc\6.0.7\spring-jdbc-6.0.7.jar;C:\Users\Жанарбай\.m2\repository\org\hibernate\orm\hibernate-core\6.1.7.Final\hibernate-core-6.1.7.Final.jar;C:\Users\Жанарбай\.m2\repository\jakarta\persistence\jakarta.persistence-api\3.1.0\jakarta.persistence-api-3.1.0.jar;C:\Users\Жанарбай\.m2\repository\jakarta\transaction\jakarta.transaction-api\2.0.1\jakarta.transaction-api-2.0.1.jar;C:\Users\Жанарбай\.m2\repository\org\jboss\logging\jboss-logging\3.5.0.Final\jboss-logging-3.5.0.Final.jar;C:\Users\Жанарбай\.m2\repository\org\hibernate\common\hibernate-commons-annotations\6.0.6.Final\hibernate-commons-annotations-6.0.6.Final.jar;C:\Users\Жанарбай\.m2\repository\org\jboss\jandex\2.4.2.Final\jandex-2.4.2.Final.jar;C:\Users\Жанарбай\.m2\repository\com\fasterxml\classmate\1.5.1\classmate-1.5.1.jar;C:\Users\Жанарбай\.m2\repository\net\bytebuddy\byte-buddy\1.12.23\byte-buddy-1.12.23.jar;C:\Users\Жанарбай\.m2\repository\org\glassfish\jaxb\jaxb-runtime\4.0.2\jaxb-runtime-4.0.2.jar;C:\Users\Жанарбай\.m2\repository\org\glassfish\jaxb\jaxb-core\4.0.2\jaxb-core-4.0.2.jar;C:\Users\Жанарбай\.m2\repository\org\eclipse\angus\angus-activation\2.0.0\angus-activation-2.0.0.jar;C:\Users\Жанарбай\.m2\repository\org\glassfish\jaxb\txw2\4.0.2\txw2-4.0.2.jar;C:\Users\Жанарбай\.m2\repository\com\sun\istack\istack-commons-runtime\4.1.1\istack-commons-runtime-4.1.1.jar;C:\Users\Жанарбай\.m2\repository\jakarta\inject\jakarta.inject-api\2.0.0\jakarta.inject-api-2.0.0.jar;C:\Users\Жанарбай\.m2\repository\org\antlr\antlr4-runtime\4.10.1\antlr4-runtime-4.10.1.jar;C:\Users\Жанарбай\.m2\repository\org\springframework\data\spring-data-jpa\3.0.4\spring-data-jpa-3.0.4.jar;C:\Users\Жанарбай\.m2\repository\org\springframework\data\spring-data-commons\3.0.4\spring-data-commons-3.0.4.jar;C:\Users\Жанарбай\.m2\repository\org\springframework\spring-orm\6.0.7\spring-orm-6.0.7.jar;C:\Users\Жанарбай\.m2\repository\org\springframework\spring-context\6.0.7\spring-context-6.0.7.jar;C:\Users\Жанарбай\.m2\repository\org\springframework\spring-tx\6.0.7\spring-tx-6.0.7.jar;C:\Users\Жанарбай\.m2\repository\org\springframework\spring-beans\6.0.7\spring-beans-6.0.7.jar;C:\Users\Жанарбай\.m2\repository\jakarta\annotation\jakarta.annotation-api\2.1.1\jakarta.annotation-api-2.1.1.jar;C:\Users\Жанарбай\.m2\repository\org\slf4j\slf4j-api\2.0.7\slf4j-api-2.0.7.jar;C:\Users\Жанарбай\.m2\repository\org\springframework\spring-aspects\6.0.7\spring-aspects-6.0.7.jar;C:\Users\Жанарбай\.m2\repository\org\springframework\boot\spring-boot-starter-thymeleaf\3.0.5\spring-boot-starter-thymeleaf-3.0.5.jar;C:\Users\Жанарбай\.m2\repository\org\springframework\boot\spring-boot-starter\3.0.5\spring-boot-starter-3.0.5.jar;C:\Users\Жанарбай\.m2\repository\org\springframework\boot\spring-boot\3.0.5\spring-boot-3.0.5.jar;C:\Users\Жанарбай\.m2\repository\org\springframework\boot\spring-boot-autoconfigure\3.0.5\spring-boot-autoconfigure-3.0.5.jar;C:\Users\Жанарбай\.m2\repository\org\springframework\boot\spring-boot-starter-logging\3.0.5\spring-boot-starter-logging-3.0.5.jar;C:\Users\Жанарбай\.m2\repository\ch\qos\logback\logback-classic\1.4.6\logback-classic-1.4.6.jar;C:\Users\Жанарбай\.m2\repository\ch\qos\logback\logback-core\1.4.6\logback-core-1.4.6.jar;C:\Users\Жанарбай\.m2\repository\org\apache\logging\log4j\log4j-to-slf4j\2.19.0\log4j-to-slf4j-2.19.0.jar;C:\Users\Жанарбай\.m2\repository\org\apache\logging\log4j\log4j-api\2.19.0\log4j-api-2.19.0.jar;C:\Users\Жанарбай\.m2\repository\org\slf4j\jul-to-slf4j\2.0.7\jul-to-slf4j-2.0.7.jar;C:\Users\Жанарбай\.m2\repository\org\yaml\snakeyaml\1.33\snakeyaml-1.33.jar;C:\Users\Жанарбай\.m2\repository\org\thymeleaf\thymeleaf-spring6\3.1.1.RELEASE\thymeleaf-spring6-3.1.1.RELEASE.jar;C:\Users\Жанарбай\.m2\repository\org\thymeleaf\thymeleaf\3.1.1.RELEASE\thymeleaf-3.1.1.RELEASE.jar;C:\Users\Жанарбай\.m2\repository\org\attoparser\attoparser\2.0.6.RELEASE\attoparser-2.0.6.RELEASE.jar;C:\Users\Жанарбай\.m2\repository\org\unbescape\unbescape\1.1.6.RELEASE\unbescape-1.1.6.RELEASE.jar;C:\Users\Жанарбай\.m2\repository\org\springframework\boot\spring-boot-starter-web\3.0.5\spring-boot-starter-web-3.0.5.jar;C:\Users\Жанарбай\.m2\repository\org\springframework\boot\spring-boot-starter-json\3.0.5\spring-boot-starter-json-3.0.5.jar;C:\Users\Жанарбай\.m2\repository\com\fasterxml\jackson\core\jackson-databind\2.14.2\jackson-databind-2.14.2.jar;C:\Users\Жанарбай\.m2\repository\com\fasterxml\jackson\core\jackson-annotations\2.14.2\jackson-annotations-2.14.2.jar;C:\Users\Жанарбай\.m2\repository\com\fasterxml\jackson\core\jackson-core\2.14.2\jackson-core-2.14.2.jar;C:\Users\Жанарбай\.m2\repository\com\fasterxml\jackson\datatype\jackson-datatype-jdk8\2.14.2\jackson-datatype-jdk8-2.14.2.jar;C:\Users\Жанарбай\.m2\repository\com\fasterxml\jackson\datatype\jackson-datatype-jsr310\2.14.2\jackson-datatype-jsr310-2.14.2.jar;C:\Users\Жанарбай\.m2\repository\com\fasterxml\jackson\module\jackson-module-parameter-names\2.14.2\jackson-module-parameter-names-2.14.2.jar;C:\Users\Жанарбай\.m2\repository\org\springframework\boot\spring-boot-starter-tomcat\3.0.5\spring-boot-starter-tomcat-3.0.5.jar;C:\Users\Жанарбай\.m2\repository\org\apache\tomcat\embed\tomcat-embed-core\10.1.7\tomcat-embed-core-10.1.7.jar;C:\Users\Жанарбай\.m2\repository\org\apache\tomcat\embed\tomcat-embed-el\10.1.7\tomcat-embed-el-10.1.7.jar;C:\Users\Жанарбай\.m2\repository\org\apache\tomcat\embed\tomcat-embed-websocket\10.1.7\tomcat-embed-websocket-10.1.7.jar;C:\Users\Жанарбай\.m2\repository\org\springframework\spring-web\6.0.7\spring-web-6.0.7.jar;C:\Users\Жанарбай\.m2\repository\io\micrometer\micrometer-observation\1.10.5\micrometer-observation-1.10.5.jar;C:\Users\Жанарбай\.m2\repository\io\micrometer\micrometer-commons\1.10.5\micrometer-commons-1.10.5.jar;C:\Users\Жанарбай\.m2\repository\org\springframework\spring-webmvc\6.0.7\spring-webmvc-6.0.7.jar;C:\Users\Жанарбай\.m2\repository\org\springframework\spring-expression\6.0.7\spring-expression-6.0.7.jar;C:\Users\Жанарбай\.m2\repository\org\postgresql\postgresql\42.5.4\postgresql-42.5.4.jar;C:\Users\Жанарбай\.m2\repository\org\checkerframework\checker-qual\3.5.0\checker-qual-3.5.0.jar;C:\Users\Жанарбай\.m2\repository\jakarta\xml\bind\jakarta.xml.bind-api\4.0.0\jakarta.xml.bind-api-4.0.0.jar;C:\Users\Жанарбай\.m2\repository\jakarta\activation\jakarta.activation-api\2.1.1\jakarta.activation-api-2.1.1.jar;C:\Users\Жанарбай\.m2\repository\org\springframework\spring-core\6.0.7\spring-core-6.0.7.jar;C:\Users\Жанарбай\.m2\repository\org\springframework\spring-jcl\6.0.7\spring-jcl-6.0.7.jar
Launcher Type: SUN_STANDARD

[Global flags]
     intx CICompilerCount                          = 4                                         {product} {ergonomic}
     uint ConcGCThreads                            = 2                                         {product} {ergonomic}
     uint G1ConcRefinementThreads                  = 8                                         {product} {ergonomic}
   size_t G1HeapRegionSize                         = 1048576                                   {product} {ergonomic}
    uintx GCDrainStackTargetSize                   = 64                                        {product} {ergonomic}
   size_t InitialHeapSize                          = 130023424                                 {product} {ergonomic}
   size_t MarkStackSize                            = 4194304                                   {product} {ergonomic}
   size_t MaxHeapSize                              = 2067791872                                {product} {ergonomic}
   size_t MaxNewSize                               = 1240465408                                {product} {ergonomic}
   size_t MinHeapDeltaBytes                        = 1048576                                   {product} {ergonomic}
   size_t MinHeapSize                              = 8388608                                   {product} {ergonomic}
    uintx NonNMethodCodeHeapSize                   = 5839372                                {pd product} {ergonomic}
    uintx NonProfiledCodeHeapSize                  = 122909434                              {pd product} {ergonomic}
    uintx ProfiledCodeHeapSize                     = 122909434                              {pd product} {ergonomic}
    uintx ReservedCodeCacheSize                    = 251658240                              {pd product} {ergonomic}
     bool SegmentedCodeCache                       = true                                      {product} {ergonomic}
   size_t SoftMaxHeapSize                          = 2067791872                             {manageable} {ergonomic}
     bool UseCompressedClassPointers               = true                           {product lp64_product} {ergonomic}
     bool UseCompressedOops                        = true                           {product lp64_product} {ergonomic}
     bool UseG1GC                                  = true                                      {product} {ergonomic}
     bool UseLargePagesIndividualAllocation        = false                                  {pd product} {ergonomic}

Logging:
Log output configuration:
 #0: stdout all=warning uptime,level,tags foldmultilines=false
 #1: stderr all=off uptime,level,tags foldmultilines=false

Environment Variables:
JAVA_HOME=C:\Program Files\Java\jdk-19
PATH=C:\Program Files\Common Files\Oracle\Java\javapath;C:\Windows\system32;C:\Windows;C:\Windows\System32\Wbem;C:\Windows\System32\WindowsPowerShell\v1.0\;C:\Program Files\Git\cmd;C:\Program Files\Java\jdk-19\bin;C:\Program Files\MySQL\MySQL Shell 8.0\bin\;C:\Users\Жанарбай\AppData\Local\Microsoft\WindowsApps;C:\Users\Жанарбай\AppData\Local\Programs\Microsoft VS Code\bin;C:\Program Files\JetBrains\PyCharm Community Edition 2022.2.3\bin;;C:\Users\Жанарбай\AppData\Local\GitHubDesktop\bin
USERNAME=Жанарбай
OS=Windows_NT
PROCESSOR_IDENTIFIER=Intel64 Family 6 Model 140 Stepping 1, GenuineIntel
TMP=C:\Users\46FB~1\AppData\Local\Temp
TEMP=C:\Users\46FB~1\AppData\Local\Temp



---------------  S Y S T E M  ---------------

OS:
 Windows 10 , 64 bit Build 19041 (10.0.19041.1202)
OS uptime: 0 days 1:52 hours

CPU: total 8 (initial active 8) (4 cores per cpu, 2 threads per core) family 6 model 140 stepping 1 microcode 0xa4, cx8, cmov, fxsr, ht, mmx, 3dnowpref, sse, sse2, sse3, ssse3, sse4.1, sse4.2, popcnt, lzcnt, tsc, tscinvbit, avx, avx2, aes, erms, clmul, bmi1, bmi2, adx, avx512f, avx512dq, avx512cd, avx512bw, avx512vl, sha, fma, vzeroupper, avx512_vpopcntdq, avx512_vpclmulqdq, avx512_vaes, avx512_vnni, clflush, clflushopt, clwb, avx512_vbmi2, avx512_vbmi, rdtscp, rdpid, fsrm, gfni, avx512_bitalg

Memory: 4k page, system-wide physical 7883M (577M free)
TotalPageFile size 7883M (AvailPageFile size 4M)
current process WorkingSet (physical memory assigned to process): 108M, peak: 108M
current process commit charge ("private bytes"): 237M, peak: 238M

vm_info: Java HotSpot(TM) 64-Bit Server VM (19.0.2+7-44) for windows-amd64 JRE (19.0.2+7-44), built on 2022-11-30T18:02:09Z by "mach5one" with MS VC++ 17.1 (VS2022)

END.
