#
# There is insufficient memory for the Java Runtime Environment to continue.
# Native memory allocation (malloc) failed to allocate 1038768 bytes for Chunk::new
# Possible reasons:
#   The system is out of physical RAM or swap space
#   The process is running with CompressedOops enabled, and the Java Heap may be blocking the growth of the native heap
# Possible solutions:
#   Reduce memory load on the system
#   Increase physical memory or swap space
#   Check if swap backing store is full
#   Decrease Java heap size (-Xmx/-Xms)
#   Decrease number of Java threads
#   Decrease Java thread stack sizes (-Xss)
#   Set larger code cache with -XX:ReservedCodeCacheSize=
#   JVM is running with Unscaled Compressed Oops mode in which the Java heap is
#     placed in the first 4GB address space. The Java Heap base address is the
#     maximum limit for the native heap growth. Please use -XX:HeapBaseMinAddress
#     to set the Java Heap base and to place the Java Heap above 4GB virtual address.
# This output file may be truncated or incomplete.
#
#  Out of Memory Error (arena.cpp:184), pid=660, tid=1956
#
# JRE version: Java(TM) SE Runtime Environment (19.0.2+7) (build 19.0.2+7-44)
# Java VM: Java HotSpot(TM) 64-Bit Server VM (19.0.2+7-44, mixed mode, sharing, tiered, compressed oops, compressed class ptrs, g1 gc, windows-amd64)
# No core dump will be written. Minidumps are not enabled by default on client versions of Windows
#

---------------  S U M M A R Y ------------

Command Line: -javaagent:C:\Users\Жанарбай\AppData\Local\JetBrains\IntelliJ IDEA Community Edition 2022.3.2\lib\idea_rt.jar=51261:C:\Users\Жанарбай\AppData\Local\JetBrains\IntelliJ IDEA Community Edition 2022.3.2\bin -Dfile.encoding=UTF-8 -Dsun.stdout.encoding=UTF-8 -Dsun.stderr.encoding=UTF-8 com.example.demo1.Application

Host: 11th Gen Intel(R) Core(TM) i7-1165G7 @ 2.80GHz, 8 cores, 7G,  Windows 10 , 64 bit Build 19041 (10.0.19041.1202)
Time: Sat Apr 15 21:37:43 2023  Windows 10 , 64 bit Build 19041 (10.0.19041.1202) elapsed time: 8.148484 seconds (0d 0h 0m 8s)

---------------  T H R E A D  ---------------

Current thread (0x0000017143242030):  JavaThread "C2 CompilerThread1" daemon [_thread_in_native, id=1956, stack(0x00000066fd700000,0x00000066fd800000)]


Current CompileTask:
C2:   8148 4760   !   4       jdk.internal.loader.BuiltinClassLoader::findClassOnClassPathOrNull (64 bytes)

Stack: [0x00000066fd700000,0x00000066fd800000]
Native frames: (J=compiled Java code, j=interpreted, Vv=VM code, C=native code)
V  [jvm.dll+0x6ee21a]
V  [jvm.dll+0x85765e]
V  [jvm.dll+0x85904e]
V  [jvm.dll+0x859703]
V  [jvm.dll+0x28298f]
V  [jvm.dll+0xc9adf]
V  [jvm.dll+0xc9e65]
V  [jvm.dll+0x3bca4c]
V  [jvm.dll+0x1ee29a]
V  [jvm.dll+0x24c52b]
V  [jvm.dll+0x24b781]
V  [jvm.dll+0x1d6ce1]
V  [jvm.dll+0x25b25a]
V  [jvm.dll+0x2596e8]
V  [jvm.dll+0x807588]
V  [jvm.dll+0x80125a]
V  [jvm.dll+0x6ecf0b]
C  [ucrtbase.dll+0x21bb2]
C  [KERNEL32.DLL+0x17034]
C  [ntdll.dll+0x52651]


---------------  P R O C E S S  ---------------

Threads class SMR info:
_java_thread_list=0x0000017146a52ab0, length=30, elements={
0x000001713eebfa00, 0x000001713eec0790, 0x000001713eec2230, 0x000001713eec44d0,
0x000001713eee65a0, 0x000001713eee9760, 0x000001713eeeda90, 0x000001713eefcfd0,
0x000001713eeec730, 0x000001713eeea200, 0x0000017143242030, 0x000001713eeeaca0,
0x000001713eeeb1f0, 0x000001713eeea750, 0x000001713eeeb740, 0x000001713eeebc90,
0x000001713eee9cb0, 0x00000171481b19c0, 0x00000171481af490, 0x00000171481b09d0,
0x00000171481b2460, 0x00000171481b0480, 0x00000171481aff30, 0x00000171481b0f20,
0x00000171481b1470, 0x00000171481af9e0, 0x00000171481b29b0, 0x00000171481b1f10,
0x000001714711b070, 0x0000017147117600
}

Java Threads: ( => current thread )
  0x000001713eebfa00 JavaThread "Reference Handler" daemon [_thread_blocked, id=8936, stack(0x00000066fcd00000,0x00000066fce00000)]
  0x000001713eec0790 JavaThread "Finalizer" daemon [_thread_blocked, id=7840, stack(0x00000066fce00000,0x00000066fcf00000)]
  0x000001713eec2230 JavaThread "Signal Dispatcher" daemon [_thread_blocked, id=7324, stack(0x00000066fcf00000,0x00000066fd000000)]
  0x000001713eec44d0 JavaThread "Attach Listener" daemon [_thread_blocked, id=8860, stack(0x00000066fd000000,0x00000066fd100000)]
  0x000001713eee65a0 JavaThread "Service Thread" daemon [_thread_blocked, id=6084, stack(0x00000066fd100000,0x00000066fd200000)]
  0x000001713eee9760 JavaThread "Monitor Deflation Thread" daemon [_thread_blocked, id=8120, stack(0x00000066fd200000,0x00000066fd300000)]
  0x000001713eeeda90 JavaThread "C2 CompilerThread0" daemon [_thread_in_native, id=3600, stack(0x00000066fd300000,0x00000066fd400000)]
  0x000001713eefcfd0 JavaThread "C1 CompilerThread0" daemon [_thread_blocked, id=10068, stack(0x00000066fd400000,0x00000066fd500000)]
  0x000001713eeec730 JavaThread "Sweeper thread" daemon [_thread_blocked, id=4700, stack(0x00000066fd500000,0x00000066fd600000)]
  0x000001713eeea200 JavaThread "Common-Cleaner" daemon [_thread_blocked, id=11832, stack(0x00000066fd600000,0x00000066fd700000)]
=>0x0000017143242030 JavaThread "C2 CompilerThread1" daemon [_thread_in_native, id=1956, stack(0x00000066fd700000,0x00000066fd800000)]
  0x000001713eeeaca0 JavaThread "Monitor Ctrl-Break" daemon [_thread_in_native, id=6596, stack(0x00000066fd800000,0x00000066fd900000)]
  0x000001713eeeb1f0 JavaThread "Notification Thread" daemon [_thread_blocked, id=6844, stack(0x00000066fd900000,0x00000066fda00000)]
  0x000001713eeea750 JavaThread "Catalina-utility-1" [_thread_blocked, id=10092, stack(0x00000066fe300000,0x00000066fe400000)]
  0x000001713eeeb740 JavaThread "Catalina-utility-2" [_thread_blocked, id=8548, stack(0x00000066fe400000,0x00000066fe500000)]
  0x000001713eeebc90 JavaThread "container-0" [_thread_blocked, id=6148, stack(0x00000066fe500000,0x00000066fe600000)]
  0x000001713eee9cb0 JavaThread "HikariPool-1 housekeeper" daemon [_thread_blocked, id=3588, stack(0x00000066fe700000,0x00000066fe800000)]
  0x00000171481b19c0 JavaThread "http-nio-9991-exec-1" daemon [_thread_blocked, id=10744, stack(0x00000066fe900000,0x00000066fea00000)]
  0x00000171481af490 JavaThread "http-nio-9991-exec-2" daemon [_thread_blocked, id=10636, stack(0x00000066fea00000,0x00000066feb00000)]
  0x00000171481b09d0 JavaThread "http-nio-9991-exec-3" daemon [_thread_blocked, id=5444, stack(0x00000066feb00000,0x00000066fec00000)]
  0x00000171481b2460 JavaThread "http-nio-9991-exec-4" daemon [_thread_blocked, id=6612, stack(0x00000066fec00000,0x00000066fed00000)]
  0x00000171481b0480 JavaThread "http-nio-9991-exec-5" daemon [_thread_blocked, id=6528, stack(0x00000066fed00000,0x00000066fee00000)]
  0x00000171481aff30 JavaThread "http-nio-9991-exec-6" daemon [_thread_blocked, id=10592, stack(0x00000066fee00000,0x00000066fef00000)]
  0x00000171481b0f20 JavaThread "http-nio-9991-exec-7" daemon [_thread_blocked, id=7404, stack(0x00000066fef00000,0x00000066ff000000)]
  0x00000171481b1470 JavaThread "http-nio-9991-exec-8" daemon [_thread_blocked, id=1172, stack(0x00000066ff000000,0x00000066ff100000)]
  0x00000171481af9e0 JavaThread "http-nio-9991-exec-9" daemon [_thread_blocked, id=4668, stack(0x00000066ff100000,0x00000066ff200000)]
  0x00000171481b29b0 JavaThread "http-nio-9991-exec-10" daemon [_thread_blocked, id=11244, stack(0x00000066ff200000,0x00000066ff300000)]
  0x00000171481b1f10 JavaThread "http-nio-9991-Poller" daemon [_thread_in_native, id=7684, stack(0x00000066ff300000,0x00000066ff400000)]
  0x000001714711b070 JavaThread "http-nio-9991-Acceptor" daemon [_thread_in_native, id=11144, stack(0x00000066ff400000,0x00000066ff500000)]
  0x0000017147117600 JavaThread "DestroyJavaVM" [_thread_blocked, id=6272, stack(0x00000066fc600000,0x00000066fc700000)]

Other Threads:
  0x000001713eea4a70 VMThread "VM Thread" [stack: 0x00000066fcc00000,0x00000066fcd00000] [id=7692]
  0x0000017143462f80 WatcherThread "VM Periodic Task Thread" [stack: 0x00000066fda00000,0x00000066fdb00000] [id=10732]
  0x000001711e9456f0 WorkerThread "GC Thread#0" [stack: 0x00000066fc700000,0x00000066fc800000] [id=9124]
  0x0000017143cf2120 WorkerThread "GC Thread#1" [stack: 0x00000066fdb00000,0x00000066fdc00000] [id=12040]
  0x0000017143cbeff0 WorkerThread "GC Thread#2" [stack: 0x00000066fdc00000,0x00000066fdd00000] [id=3508]
  0x0000017143cf1de0 WorkerThread "GC Thread#3" [stack: 0x00000066fdd00000,0x00000066fde00000] [id=284]
  0x0000017143cb2780 WorkerThread "GC Thread#4" [stack: 0x00000066fde00000,0x00000066fdf00000] [id=11112]
  0x0000017143cb40d0 WorkerThread "GC Thread#5" [stack: 0x00000066fdf00000,0x00000066fe000000] [id=8092]
  0x0000017143cb3590 WorkerThread "GC Thread#6" [stack: 0x00000066fe100000,0x00000066fe200000] [id=2124]
  0x0000017143cb2a50 WorkerThread "GC Thread#7" [stack: 0x00000066fe200000,0x00000066fe300000] [id=6156]
  0x000001711e955d80 ConcurrentGCThread "G1 Main Marker" [stack: 0x00000066fc800000,0x00000066fc900000] [id=3768]
  0x000001711e9576d0 WorkerThread "G1 Conc#0" [stack: 0x00000066fc900000,0x00000066fca00000] [id=4268]
  0x0000017143cb2d20 WorkerThread "G1 Conc#1" [stack: 0x00000066fe000000,0x00000066fe100000] [id=8952]
  0x000001713ed62550 ConcurrentGCThread "G1 Refine#0" [stack: 0x00000066fca00000,0x00000066fcb00000] [id=10868]
  0x000001713ed62ea0 ConcurrentGCThread "G1 Service" [stack: 0x00000066fcb00000,0x00000066fcc00000] [id=4500]

Threads with active compile tasks:
C2 CompilerThread0     8160 4758       4       org.springframework.beans.factory.support.AbstractBeanFactory::isTypeMatch (619 bytes)
C2 CompilerThread1     8160 4760   !   4       jdk.internal.loader.BuiltinClassLoader::findClassOnClassPathOrNull (64 bytes)

VM state: not at safepoint (normal execution)

VM Mutex/Monitor currently owned by a thread: None

Heap address: 0x0000000084c00000, size: 1972 MB, Compressed Oops mode: 32-bit

CDS archive(s) mapped at: [0x0000000800000000-0x0000000800c40000-0x0000000800c40000), size 12845056, SharedBaseAddress: 0x0000000800000000, ArchiveRelocationMode: 0.
Compressed class space mapped at: 0x0000000801000000-0x0000000841000000, reserved size: 1073741824
Narrow klass base: 0x0000000800000000, Narrow klass shift: 0, Narrow klass range: 0x100000000

GC Precious Log:
 CardTable entry size: 512
 Card Set container configuration: InlinePtr #cards 5 size 8 Array Of Cards #cards 12 size 40 Howl #buckets 4 coarsen threshold 1843 Howl Bitmap #cards 512 size 80 coarsen threshold 460 Card regions per heap region 1 cards per card region 2048
 CPUs: 8 total, 8 available
 Memory: 7883M
 Large Page Support: Disabled
 NUMA Support: Disabled
 Compressed Oops: Enabled (32-bit)
 Heap Region Size: 1M
 Heap Min Capacity: 8M
 Heap Initial Capacity: 124M
 Heap Max Capacity: 1972M
 Pre-touch: Disabled
 Parallel Workers: 8
 Concurrent Workers: 2
 Concurrent Refinement Workers: 8
 Periodic GC: Disabled

Heap:
 garbage-first heap   total 58368K, used 37334K [0x0000000084c00000, 0x0000000100000000)
  region size 1024K, 20 young (20480K), 4 survivors (4096K)
 Metaspace       used 56759K, committed 57408K, reserved 1114112K
  class space    used 7430K, committed 7744K, reserved 1048576K

Heap Regions: E=young(eden), S=young(survivor), O=old, HS=humongous(starts), HC=humongous(continues), CS=collection set, F=free, OA=open archive, CA=closed archive, TAMS=top-at-mark-start (previous, next)
|   0|0x0000000084c00000, 0x0000000084d00000, 0x0000000084d00000|100%|HS|  |TAMS 0x0000000084d00000, 0x0000000084c00000| Complete 
|   1|0x0000000084d00000, 0x0000000084e00000, 0x0000000084e00000|100%| O|  |TAMS 0x0000000084e00000, 0x0000000084d00000| Untracked 
|   2|0x0000000084e00000, 0x0000000084f00000, 0x0000000084f00000|100%| O|  |TAMS 0x0000000084f00000, 0x0000000084e00000| Untracked 
|   3|0x0000000084f00000, 0x0000000085000000, 0x0000000085000000|100%| O|  |TAMS 0x0000000085000000, 0x0000000084f00000| Untracked 
|   4|0x0000000085000000, 0x0000000085100000, 0x0000000085100000|100%| O|  |TAMS 0x0000000085100000, 0x0000000085000000| Untracked 
|   5|0x0000000085100000, 0x0000000085200000, 0x0000000085200000|100%| O|  |TAMS 0x0000000085200000, 0x0000000085100000| Untracked 
|   6|0x0000000085200000, 0x0000000085300000, 0x0000000085300000|100%| O|  |TAMS 0x0000000085200000, 0x0000000085200000| Untracked 
|   7|0x0000000085300000, 0x0000000085400000, 0x0000000085400000|100%| O|  |TAMS 0x0000000085400000, 0x0000000085300000| Untracked 
|   8|0x0000000085400000, 0x0000000085500000, 0x0000000085500000|100%| O|  |TAMS 0x0000000085500000, 0x0000000085400000| Untracked 
|   9|0x0000000085500000, 0x0000000085600000, 0x0000000085600000|100%| O|  |TAMS 0x0000000085600000, 0x0000000085500000| Untracked 
|  10|0x0000000085600000, 0x0000000085700000, 0x0000000085700000|100%| O|  |TAMS 0x0000000085700000, 0x0000000085600000| Untracked 
|  11|0x0000000085700000, 0x0000000085800000, 0x0000000085800000|100%| O|  |TAMS 0x0000000085800000, 0x0000000085700000| Untracked 
|  12|0x0000000085800000, 0x0000000085900000, 0x0000000085900000|100%| O|  |TAMS 0x0000000085900000, 0x0000000085800000| Untracked 
|  13|0x0000000085900000, 0x0000000085a00000, 0x0000000085a00000|100%| O|  |TAMS 0x0000000085a00000, 0x0000000085900000| Untracked 
|  14|0x0000000085a00000, 0x0000000085b00000, 0x0000000085b00000|100%| O|  |TAMS 0x0000000085b00000, 0x0000000085a00000| Untracked 
|  15|0x0000000085b00000, 0x0000000085c00000, 0x0000000085c00000|100%| O|  |TAMS 0x0000000085bc0c00, 0x0000000085b00000| Untracked 
|  16|0x0000000085c00000, 0x0000000085d00000, 0x0000000085d00000|100%| O|  |TAMS 0x0000000085c00000, 0x0000000085c00000| Untracked 
|  17|0x0000000085d00000, 0x0000000085e00000, 0x0000000085e00000|100%| O|  |TAMS 0x0000000085d00000, 0x0000000085d00000| Untracked 
|  18|0x0000000085e00000, 0x0000000085e75800, 0x0000000085f00000| 45%| O|  |TAMS 0x0000000085e00000, 0x0000000085e00000| Untracked 
|  19|0x0000000085f00000, 0x0000000085f00000, 0x0000000086000000|  0%| F|  |TAMS 0x0000000085f00000, 0x0000000085f00000| Untracked 
|  20|0x0000000086000000, 0x0000000086000000, 0x0000000086100000|  0%| F|  |TAMS 0x0000000086000000, 0x0000000086000000| Untracked 
|  21|0x0000000086100000, 0x0000000086100000, 0x0000000086200000|  0%| F|  |TAMS 0x0000000086100000, 0x0000000086100000| Untracked 
|  22|0x0000000086200000, 0x0000000086200000, 0x0000000086300000|  0%| F|  |TAMS 0x0000000086200000, 0x0000000086200000| Untracked 
|  23|0x0000000086300000, 0x0000000086300000, 0x0000000086400000|  0%| F|  |TAMS 0x0000000086300000, 0x0000000086300000| Untracked 
|  24|0x0000000086400000, 0x0000000086400000, 0x0000000086500000|  0%| F|  |TAMS 0x0000000086400000, 0x0000000086400000| Untracked 
|  25|0x0000000086500000, 0x0000000086500000, 0x0000000086600000|  0%| F|  |TAMS 0x0000000086500000, 0x0000000086500000| Untracked 
|  26|0x0000000086600000, 0x0000000086600000, 0x0000000086700000|  0%| F|  |TAMS 0x0000000086600000, 0x0000000086600000| Untracked 
|  27|0x0000000086700000, 0x0000000086800000, 0x0000000086800000|100%| S|CS|TAMS 0x0000000086700000, 0x0000000086700000| Complete 
|  28|0x0000000086800000, 0x0000000086900000, 0x0000000086900000|100%| S|CS|TAMS 0x0000000086800000, 0x0000000086800000| Complete 
|  29|0x0000000086900000, 0x0000000086900000, 0x0000000086a00000|  0%| F|  |TAMS 0x0000000086900000, 0x0000000086900000| Untracked 
|  30|0x0000000086a00000, 0x0000000086a00000, 0x0000000086b00000|  0%| F|  |TAMS 0x0000000086a00000, 0x0000000086a00000| Untracked 
|  31|0x0000000086b00000, 0x0000000086b00000, 0x0000000086c00000|  0%| F|  |TAMS 0x0000000086b00000, 0x0000000086b00000| Untracked 
|  32|0x0000000086c00000, 0x0000000086d00000, 0x0000000086d00000|100%| S|CS|TAMS 0x0000000086c00000, 0x0000000086c00000| Complete 
|  33|0x0000000086d00000, 0x0000000086e00000, 0x0000000086e00000|100%| S|CS|TAMS 0x0000000086d00000, 0x0000000086d00000| Complete 
|  34|0x0000000086e00000, 0x0000000086e00000, 0x0000000086f00000|  0%| F|  |TAMS 0x0000000086e00000, 0x0000000086e00000| Untracked 
|  35|0x0000000086f00000, 0x0000000086f00000, 0x0000000087000000|  0%| F|  |TAMS 0x0000000086f00000, 0x0000000086f00000| Untracked 
|  36|0x0000000087000000, 0x0000000087000000, 0x0000000087100000|  0%| F|  |TAMS 0x0000000087000000, 0x0000000087000000| Untracked 
|  37|0x0000000087100000, 0x0000000087100000, 0x0000000087200000|  0%| F|  |TAMS 0x0000000087100000, 0x0000000087100000| Untracked 
|  38|0x0000000087200000, 0x0000000087200000, 0x0000000087300000|  0%| F|  |TAMS 0x0000000087200000, 0x0000000087200000| Untracked 
|  39|0x0000000087300000, 0x0000000087300000, 0x0000000087400000|  0%| F|  |TAMS 0x0000000087300000, 0x0000000087300000| Untracked 
|  40|0x0000000087400000, 0x0000000087400000, 0x0000000087500000|  0%| F|  |TAMS 0x0000000087400000, 0x0000000087400000| Untracked 
|  41|0x0000000087500000, 0x00000000875f4680, 0x0000000087600000| 95%| E|  |TAMS 0x0000000087500000, 0x0000000087500000| Complete 
|  42|0x0000000087600000, 0x0000000087700000, 0x0000000087700000|100%| E|CS|TAMS 0x0000000087600000, 0x0000000087600000| Complete 
|  43|0x0000000087700000, 0x0000000087800000, 0x0000000087800000|100%| E|CS|TAMS 0x0000000087700000, 0x0000000087700000| Complete 
|  44|0x0000000087800000, 0x0000000087900000, 0x0000000087900000|100%| E|CS|TAMS 0x0000000087800000, 0x0000000087800000| Complete 
|  45|0x0000000087900000, 0x0000000087a00000, 0x0000000087a00000|100%| E|  |TAMS 0x0000000087900000, 0x0000000087900000| Complete 
|  46|0x0000000087a00000, 0x0000000087b00000, 0x0000000087b00000|100%| E|CS|TAMS 0x0000000087a00000, 0x0000000087a00000| Complete 
|  47|0x0000000087b00000, 0x0000000087c00000, 0x0000000087c00000|100%| E|CS|TAMS 0x0000000087b00000, 0x0000000087b00000| Complete 
|  48|0x0000000087c00000, 0x0000000087d00000, 0x0000000087d00000|100%| E|CS|TAMS 0x0000000087c00000, 0x0000000087c00000| Complete 
|  49|0x0000000087d00000, 0x0000000087e00000, 0x0000000087e00000|100%| E|CS|TAMS 0x0000000087d00000, 0x0000000087d00000| Complete 
|  74|0x0000000089600000, 0x0000000089700000, 0x0000000089700000|100%| E|CS|TAMS 0x0000000089600000, 0x0000000089600000| Complete 
|  75|0x0000000089700000, 0x0000000089800000, 0x0000000089800000|100%| E|CS|TAMS 0x0000000089700000, 0x0000000089700000| Complete 
|  76|0x0000000089800000, 0x0000000089900000, 0x0000000089900000|100%| E|CS|TAMS 0x0000000089800000, 0x0000000089800000| Complete 
|  77|0x0000000089900000, 0x0000000089a00000, 0x0000000089a00000|100%| E|CS|TAMS 0x0000000089900000, 0x0000000089900000| Complete 
|  78|0x0000000089a00000, 0x0000000089b00000, 0x0000000089b00000|100%| E|CS|TAMS 0x0000000089a00000, 0x0000000089a00000| Complete 
|  79|0x0000000089b00000, 0x0000000089c00000, 0x0000000089c00000|100%| E|CS|TAMS 0x0000000089b00000, 0x0000000089b00000| Complete 
| 123|0x000000008c700000, 0x000000008c800000, 0x000000008c800000|100%| E|CS|TAMS 0x000000008c700000, 0x000000008c700000| Complete 

Card table byte_map: [0x0000017137ec0000,0x00000171382a0000] _byte_map_base: 0x0000017137a9a000

Marking Bits (Prev, Next): (CMBitMap*) 0x000001711e945c30, (CMBitMap*) 0x000001711e945c70
 Prev Bits: [0x0000017138680000, 0x000001713a550000)
 Next Bits: [0x000001713a550000, 0x000001713c420000)

Polling page: 0x000001711e9b0000

Metaspace:

Usage:
  Non-class:     48.17 MB used.
      Class:      7.26 MB used.
       Both:     55.43 MB used.

Virtual space:
  Non-class space:       64.00 MB reserved,      48.50 MB ( 76%) committed,  1 nodes.
      Class space:        1.00 GB reserved,       7.56 MB ( <1%) committed,  1 nodes.
             Both:        1.06 GB reserved,      56.06 MB (  5%) committed. 

Chunk freelists:
   Non-Class:  3.34 MB
       Class:  303.00 KB
        Both:  3.64 MB

MaxMetaspaceSize: unlimited
CompressedClassSpaceSize: 1.00 GB
Initial GC threshold: 21.00 MB
Current GC threshold: 58.88 MB
CDS: on
MetaspaceReclaimPolicy: balanced
 - commit_granule_bytes: 65536.
 - commit_granule_words: 8192.
 - virtual_space_node_default_size: 8388608.
 - enlarge_chunks_in_place: 1.
 - new_chunks_are_fully_committed: 0.
 - uncommit_free_chunks: 1.
 - use_allocation_guard: 0.


Internal statistics:

num_allocs_failed_limit: 6.
num_arena_births: 842.
num_arena_deaths: 0.
num_vsnodes_births: 2.
num_vsnodes_deaths: 0.
num_space_committed: 897.
num_space_uncommitted: 0.
num_chunks_returned_to_freelist: 6.
num_chunks_taken_from_freelist: 2844.
num_chunk_merges: 6.
num_chunk_splits: 2080.
num_chunks_enlarged: 1703.
num_inconsistent_stats: 0.

CodeHeap 'non-profiled nmethods': size=120000Kb used=3012Kb max_used=3012Kb free=116987Kb
 bounds [0x000001712fb50000, 0x000001712fe50000, 0x0000017137080000]
CodeHeap 'profiled nmethods': size=120000Kb used=9712Kb max_used=9712Kb free=110287Kb
 bounds [0x0000017128080000, 0x0000017128a00000, 0x000001712f5b0000]
CodeHeap 'non-nmethods': size=5760Kb used=1412Kb max_used=1450Kb free=4347Kb
 bounds [0x000001712f5b0000, 0x000001712f820000, 0x000001712fb50000]
 total_blobs=5432 nmethods=4791 adapters=551
 compilation: enabled
              stopped_count=0, restarted_count=0
 full_count=0

Compilation events (20 events):
Event: 8.122 Thread 0x000001713eefcfd0 4793       3       sun.net.www.MessageHeader::grow (92 bytes)
Event: 8.122 Thread 0x000001713eefcfd0 nmethod 4793 0x00000171289f7f10 code [0x00000171289f80e0, 0x00000171289f8678]
Event: 8.123 Thread 0x000001713eefcfd0 4795       3       java.util.Locale::getCountry (8 bytes)
Event: 8.123 Thread 0x000001713eefcfd0 nmethod 4795 0x00000171289f8790 code [0x00000171289f8920, 0x00000171289f8a58]
Event: 8.124 Thread 0x000001713eefcfd0 4796       1       org.springframework.util.MimeType::getSubtype (5 bytes)
Event: 8.124 Thread 0x000001713eefcfd0 nmethod 4796 0x000001712fe40910 code [0x000001712fe40aa0, 0x000001712fe40b58]
Event: 8.125 Thread 0x000001713eefcfd0 4797       1       org.springframework.core.MethodParameter::initParameterNameDiscovery (6 bytes)
Event: 8.125 Thread 0x000001713eefcfd0 nmethod 4797 0x000001712fe40c10 code [0x000001712fe40da0, 0x000001712fe40eb8]
Event: 8.137 Thread 0x000001713eefcfd0 4798       1       org.springframework.util.MimeType::getType (5 bytes)
Event: 8.137 Thread 0x000001713eefcfd0 nmethod 4798 0x000001712fe40f10 code [0x000001712fe410a0, 0x000001712fe41158]
Event: 8.140 Thread 0x000001713eefcfd0 4799       3       java.util.LinkedHashMap::entrySet (27 bytes)
Event: 8.141 Thread 0x000001713eefcfd0 nmethod 4799 0x00000171289f8b10 code [0x00000171289f8ce0, 0x00000171289f90f8]
Event: 8.142 Thread 0x000001713eefcfd0 4800 %     3       java.util.Properties::load0 @ 8 (249 bytes)
Event: 8.143 Thread 0x000001713eefcfd0 nmethod 4800% 0x00000171289f9290 code [0x00000171289f94e0, 0x00000171289f9fe8]
Event: 8.143 Thread 0x000001713eefcfd0 4801  s    3       java.util.Hashtable::put (104 bytes)
Event: 8.143 Thread 0x000001713eefcfd0 nmethod 4801 0x00000171289fa390 code [0x00000171289fa5a0, 0x00000171289facb8]
Event: 8.143 Thread 0x000001713eefcfd0 4803       3       java.lang.StringConcatHelper::newArrayWithSuffix (40 bytes)
Event: 8.143 Thread 0x000001713eefcfd0 nmethod 4803 0x00000171289faf10 code [0x00000171289fb100, 0x00000171289fb5a8]
Event: 8.143 Thread 0x000001713eefcfd0 4802       3       java.util.Hashtable::addEntry (87 bytes)
Event: 8.143 Thread 0x000001713eefcfd0 nmethod 4802 0x00000171289fb790 code [0x00000171289fb980, 0x00000171289fc0d8]

GC Heap History (20 events):
Event: 0.512 GC heap before
{Heap before GC invocations=0 (full 0):
 garbage-first heap   total 126976K, used 23552K [0x0000000084c00000, 0x0000000100000000)
  region size 1024K, 23 young (23552K), 0 survivors (0K)
 Metaspace       used 6705K, committed 6912K, reserved 1114112K
  class space    used 769K, committed 896K, reserved 1048576K
}
Event: 0.519 GC heap after
{Heap after GC invocations=1 (full 0):
 garbage-first heap   total 126976K, used 6571K [0x0000000084c00000, 0x0000000100000000)
  region size 1024K, 3 young (3072K), 3 survivors (3072K)
 Metaspace       used 6705K, committed 6912K, reserved 1114112K
  class space    used 769K, committed 896K, reserved 1048576K
}
Event: 0.804 GC heap before
{Heap before GC invocations=1 (full 0):
 garbage-first heap   total 126976K, used 35243K [0x0000000084c00000, 0x0000000100000000)
  region size 1024K, 32 young (32768K), 3 survivors (3072K)
 Metaspace       used 14539K, committed 14720K, reserved 1114112K
  class space    used 1708K, committed 1792K, reserved 1048576K
}
Event: 0.809 GC heap after
{Heap after GC invocations=2 (full 0):
 garbage-first heap   total 126976K, used 9119K [0x0000000084c00000, 0x0000000100000000)
  region size 1024K, 3 young (3072K), 3 survivors (3072K)
 Metaspace       used 14539K, committed 14720K, reserved 1114112K
  class space    used 1708K, committed 1792K, reserved 1048576K
}
Event: 1.415 GC heap before
{Heap before GC invocations=2 (full 0):
 garbage-first heap   total 126976K, used 49055K [0x0000000084c00000, 0x0000000100000000)
  region size 1024K, 44 young (45056K), 3 survivors (3072K)
 Metaspace       used 21192K, committed 21504K, reserved 1114112K
  class space    used 2524K, committed 2688K, reserved 1048576K
}
Event: 1.419 GC heap after
{Heap after GC invocations=3 (full 0):
 garbage-first heap   total 126976K, used 12192K [0x0000000084c00000, 0x0000000100000000)
  region size 1024K, 6 young (6144K), 6 survivors (6144K)
 Metaspace       used 21192K, committed 21504K, reserved 1114112K
  class space    used 2524K, committed 2688K, reserved 1048576K
}
Event: 1.797 GC heap before
{Heap before GC invocations=4 (full 0):
 garbage-first heap   total 48128K, used 34720K [0x0000000084c00000, 0x0000000100000000)
  region size 1024K, 28 young (28672K), 6 survivors (6144K)
 Metaspace       used 26384K, committed 26880K, reserved 1114112K
  class space    used 3196K, committed 3392K, reserved 1048576K
}
Event: 1.806 GC heap after
{Heap after GC invocations=5 (full 0):
 garbage-first heap   total 48128K, used 14862K [0x0000000084c00000, 0x0000000100000000)
  region size 1024K, 3 young (3072K), 3 survivors (3072K)
 Metaspace       used 26384K, committed 26880K, reserved 1114112K
  class space    used 3196K, committed 3392K, reserved 1048576K
}
Event: 1.823 GC heap before
{Heap before GC invocations=5 (full 0):
 garbage-first heap   total 48128K, used 15886K [0x0000000084c00000, 0x0000000100000000)
  region size 1024K, 4 young (4096K), 3 survivors (3072K)
 Metaspace       used 26736K, committed 27200K, reserved 1114112K
  class space    used 3245K, committed 3456K, reserved 1048576K
}
Event: 1.827 GC heap after
{Heap after GC invocations=6 (full 0):
 garbage-first heap   total 58368K, used 15765K [0x0000000084c00000, 0x0000000100000000)
  region size 1024K, 1 young (1024K), 1 survivors (1024K)
 Metaspace       used 26736K, committed 27200K, reserved 1114112K
  class space    used 3245K, committed 3456K, reserved 1048576K
}
Event: 2.188 GC heap before
{Heap before GC invocations=6 (full 0):
 garbage-first heap   total 58368K, used 39317K [0x0000000084c00000, 0x0000000100000000)
  region size 1024K, 25 young (25600K), 1 survivors (1024K)
 Metaspace       used 32155K, committed 32640K, reserved 1114112K
  class space    used 4033K, committed 4224K, reserved 1048576K
}
Event: 2.190 GC heap after
{Heap after GC invocations=7 (full 0):
 garbage-first heap   total 58368K, used 16703K [0x0000000084c00000, 0x0000000100000000)
  region size 1024K, 2 young (2048K), 2 survivors (2048K)
 Metaspace       used 32155K, committed 32640K, reserved 1114112K
  class space    used 4033K, committed 4224K, reserved 1048576K
}
Event: 2.377 GC heap before
{Heap before GC invocations=7 (full 0):
 garbage-first heap   total 58368K, used 25919K [0x0000000084c00000, 0x0000000100000000)
  region size 1024K, 12 young (12288K), 2 survivors (2048K)
 Metaspace       used 35454K, committed 35968K, reserved 1114112K
  class space    used 4451K, committed 4736K, reserved 1048576K
}
Event: 2.379 GC heap after
{Heap after GC invocations=8 (full 0):
 garbage-first heap   total 58368K, used 17457K [0x0000000084c00000, 0x0000000100000000)
  region size 1024K, 3 young (3072K), 3 survivors (3072K)
 Metaspace       used 35454K, committed 35968K, reserved 1114112K
  class space    used 4451K, committed 4736K, reserved 1048576K
}
Event: 2.739 GC heap before
{Heap before GC invocations=9 (full 0):
 garbage-first heap   total 58368K, used 43057K [0x0000000084c00000, 0x0000000100000000)
  region size 1024K, 28 young (28672K), 3 survivors (3072K)
 Metaspace       used 43669K, committed 44160K, reserved 1114112K
  class space    used 5590K, committed 5824K, reserved 1048576K
}
Event: 2.743 GC heap after
{Heap after GC invocations=10 (full 0):
 garbage-first heap   total 58368K, used 19049K [0x0000000084c00000, 0x0000000100000000)
  region size 1024K, 4 young (4096K), 4 survivors (4096K)
 Metaspace       used 43669K, committed 44160K, reserved 1114112K
  class space    used 5590K, committed 5824K, reserved 1048576K
}
Event: 3.128 GC heap before
{Heap before GC invocations=10 (full 0):
 garbage-first heap   total 58368K, used 43625K [0x0000000084c00000, 0x0000000100000000)
  region size 1024K, 29 young (29696K), 4 survivors (4096K)
 Metaspace       used 49626K, committed 50176K, reserved 1114112K
  class space    used 6462K, committed 6720K, reserved 1048576K
}
Event: 3.131 GC heap after
{Heap after GC invocations=11 (full 0):
 garbage-first heap   total 58368K, used 20877K [0x0000000084c00000, 0x0000000100000000)
  region size 1024K, 4 young (4096K), 4 survivors (4096K)
 Metaspace       used 49626K, committed 50176K, reserved 1114112K
  class space    used 6462K, committed 6720K, reserved 1048576K
}
Event: 3.463 GC heap before
{Heap before GC invocations=11 (full 0):
 garbage-first heap   total 58368K, used 43405K [0x0000000084c00000, 0x0000000100000000)
  region size 1024K, 27 young (27648K), 4 survivors (4096K)
 Metaspace       used 53566K, committed 54144K, reserved 1114112K
  class space    used 7005K, committed 7232K, reserved 1048576K
}
Event: 3.467 GC heap after
{Heap after GC invocations=12 (full 0):
 garbage-first heap   total 58368K, used 22998K [0x0000000084c00000, 0x0000000100000000)
  region size 1024K, 4 young (4096K), 4 survivors (4096K)
 Metaspace       used 53566K, committed 54144K, reserved 1114112K
  class space    used 7005K, committed 7232K, reserved 1048576K
}

Dll operation events (13 events):
Event: 0.005 Loaded shared library C:\Program Files\Java\jdk-19\bin\java.dll
Event: 0.014 Loaded shared library C:\Program Files\Java\jdk-19\bin\jsvml.dll
Event: 0.076 Loaded shared library C:\Program Files\Java\jdk-19\bin\zip.dll
Event: 0.078 Loaded shared library C:\Program Files\Java\jdk-19\bin\instrument.dll
Event: 0.083 Loaded shared library C:\Program Files\Java\jdk-19\bin\net.dll
Event: 0.085 Loaded shared library C:\Program Files\Java\jdk-19\bin\nio.dll
Event: 0.088 Loaded shared library C:\Program Files\Java\jdk-19\bin\zip.dll
Event: 0.140 Loaded shared library C:\Program Files\Java\jdk-19\bin\extnet.dll
Event: 0.159 Loaded shared library C:\Program Files\Java\jdk-19\bin\jimage.dll
Event: 0.673 Loaded shared library C:\Program Files\Java\jdk-19\bin\verify.dll
Event: 1.784 Loaded shared library C:\Program Files\Java\jdk-19\bin\sunmscapi.dll
Event: 1.814 Loaded shared library C:\Program Files\Java\jdk-19\bin\management.dll
Event: 1.815 Loaded shared library C:\Program Files\Java\jdk-19\bin\management_ext.dll

Deoptimization events (20 events):
Event: 3.573 Thread 0x000001711e8e5f40 Uncommon trap: trap_request=0xffffff45 fr.pc=0x000001712fbb6d80 relative=0x0000000000000060
Event: 3.573 Thread 0x000001711e8e5f40 Uncommon trap: reason=unstable_if action=reinterpret pc=0x000001712fbb6d80 method=org.springframework.util.ConcurrentReferenceHashMap$Segment.clear()V @ 7 c2
Event: 3.573 Thread 0x000001711e8e5f40 DEOPT PACKING pc=0x000001712fbb6d80 sp=0x00000066fc6fe970
Event: 3.573 Thread 0x000001711e8e5f40 DEOPT UNPACKING pc=0x000001712f61a5a3 sp=0x00000066fc6fe900 mode 2
Event: 8.020 Thread 0x00000171481b0480 Uncommon trap: trap_request=0xffffffbe fr.pc=0x000001712fd46a7c relative=0x0000000000000abc
Event: 8.020 Thread 0x00000171481b0480 Uncommon trap: reason=profile_predicate action=maybe_recompile pc=0x000001712fd46a7c method=sun.util.locale.LocaleUtils.toLowerString(Ljava/lang/String;)Ljava/lang/String; @ 49 c2
Event: 8.020 Thread 0x00000171481b0480 DEOPT PACKING pc=0x000001712fd46a7c sp=0x00000066fedfdd30
Event: 8.020 Thread 0x00000171481b0480 DEOPT UNPACKING pc=0x000001712f61a5a3 sp=0x00000066fedfdce8 mode 2
Event: 8.020 Thread 0x00000171481b0480 Uncommon trap: trap_request=0xffffffbe fr.pc=0x000001712fd46a7c relative=0x0000000000000abc
Event: 8.020 Thread 0x00000171481b0480 Uncommon trap: reason=profile_predicate action=maybe_recompile pc=0x000001712fd46a7c method=sun.util.locale.LocaleUtils.toLowerString(Ljava/lang/String;)Ljava/lang/String; @ 49 c2
Event: 8.020 Thread 0x00000171481b0480 DEOPT PACKING pc=0x000001712fd46a7c sp=0x00000066fedfdd30
Event: 8.020 Thread 0x00000171481b0480 DEOPT UNPACKING pc=0x000001712f61a5a3 sp=0x00000066fedfdce8 mode 2
Event: 8.057 Thread 0x00000171481b0480 Uncommon trap: trap_request=0xfffffff4 fr.pc=0x000001712fe3a854 relative=0x00000000000002b4
Event: 8.057 Thread 0x00000171481b0480 Uncommon trap: reason=null_check action=make_not_entrant pc=0x000001712fe3a854 method=sun.invoke.util.VerifyType.isNullConversion(Ljava/lang/Class;Ljava/lang/Class;Z)Z @ 67 c2
Event: 8.057 Thread 0x00000171481b0480 DEOPT PACKING pc=0x000001712fe3a854 sp=0x00000066fedfcd90
Event: 8.057 Thread 0x00000171481b0480 DEOPT UNPACKING pc=0x000001712f61a5a3 sp=0x00000066fedfcd10 mode 2
Event: 8.142 Thread 0x00000171481b0480 Uncommon trap: trap_request=0xffffff45 fr.pc=0x000001712fcc7d28 relative=0x0000000000000528
Event: 8.142 Thread 0x00000171481b0480 Uncommon trap: reason=unstable_if action=reinterpret pc=0x000001712fcc7d28 method=java.util.Properties.load0(Ljava/util/Properties$LineReader;)V @ 79 c2
Event: 8.142 Thread 0x00000171481b0480 DEOPT PACKING pc=0x000001712fcc7d28 sp=0x00000066fedfcc90
Event: 8.142 Thread 0x00000171481b0480 DEOPT UNPACKING pc=0x000001712f61a5a3 sp=0x00000066fedfcc38 mode 2

Classes loaded (20 events):
Event: 7.937 Loading class java/util/concurrent/Semaphore$Sync done
Event: 7.937 Loading class java/util/concurrent/Semaphore$NonfairSync done
Event: 7.937 Loading class sun/nio/ch/SocketAdaptor
Event: 7.938 Loading class sun/nio/ch/SocketAdaptor done
Event: 7.938 Loading class sun/nio/ch/SocketChannelImpl$DefaultOptionsHolder
Event: 7.938 Loading class sun/nio/ch/SocketChannelImpl$DefaultOptionsHolder done
Event: 7.939 Loading class sun/nio/ch/SelectionKeyImpl
Event: 7.939 Loading class java/nio/channels/spi/AbstractSelectionKey
Event: 7.939 Loading class java/nio/channels/SelectionKey
Event: 7.939 Loading class java/nio/channels/SelectionKey done
Event: 7.939 Loading class java/nio/channels/spi/AbstractSelectionKey done
Event: 7.939 Loading class sun/nio/ch/SelectionKeyImpl done
Event: 7.939 Loading class java/lang/invoke/ConstantBootstraps
Event: 7.940 Loading class java/lang/invoke/ConstantBootstraps done
Event: 8.114 Loading class jdk/internal/loader/BootLoader$PackageHelper
Event: 8.117 Loading class jdk/internal/loader/BootLoader$PackageHelper done
Event: 8.143 Loading class java/io/PrintWriter$1
Event: 8.143 Loading class jdk/internal/access/JavaIOPrintWriterAccess
Event: 8.143 Loading class jdk/internal/access/JavaIOPrintWriterAccess done
Event: 8.143 Loading class java/io/PrintWriter$1 done

Classes unloaded (0 events):
No events

Classes redefined (0 events):
No events

Internal exceptions (20 events):
Event: 3.217 Thread 0x000001711e8e5f40 Exception <a 'java/lang/IncompatibleClassChangeError'{0x000000008960b140}: Found class java.lang.Object, but interface was expected> (0x000000008960b140) 
thrown [s\open\src\hotspot\share\interpreter\linkResolver.cpp, line 841]
Event: 3.218 Thread 0x000001711e8e5f40 Exception <a 'java/lang/IncompatibleClassChangeError'{0x0000000089611780}: Found class java.lang.Object, but interface was expected> (0x0000000089611780) 
thrown [s\open\src\hotspot\share\interpreter\linkResolver.cpp, line 841]
Event: 3.284 Thread 0x000001711e8e5f40 Exception <a 'java/lang/NoSuchMethodError'{0x0000000087b6a0b8}: 'java.lang.Object java.lang.invoke.DirectMethodHandle$Holder.newInvokeSpecial(java.lang.Object, java.lang.Object, java.lang.Object, java.lang.Object, java.lang.Object, java.lang.Object, java.lang.Object, java.lang.Object)'> (0x0000000087b6a0b8) 
thrown [s\open\src\hotspot\share\interpreter\linkResolver.cpp, line 774]
Event: 3.368 Thread 0x000001711e8e5f40 Exception <a 'java/lang/NoSuchMethodError'{0x00000000875c9aa8}: 'void java.lang.invoke.DirectMethodHandle$Holder.invokeVirtual(java.lang.Object, java.lang.Object, long)'> (0x00000000875c9aa8) 
thrown [s\open\src\hotspot\share\interpreter\linkResolver.cpp, line 774]
Event: 3.433 Thread 0x000001711e8e5f40 Exception <a 'java/lang/IncompatibleClassChangeError'{0x0000000086f11728}: Found class java.lang.Object, but interface was expected> (0x0000000086f11728) 
thrown [s\open\src\hotspot\share\interpreter\linkResolver.cpp, line 841]
Event: 3.514 Thread 0x000001711e8e5f40 Implicit null exception at 0x000001712fc4b6da to 0x000001712fc4b90c
Event: 3.554 Thread 0x000001711e8e5f40 Exception <a 'java/lang/NoSuchMethodError'{0x00000000897b4b88}: 'java.lang.Object java.lang.invoke.DirectMethodHandle$Holder.newInvokeSpecial(java.lang.Object, java.lang.Object, int, java.lang.Object, java.lang.Object)'> (0x00000000897b4b88) 
thrown [s\open\src\hotspot\share\interpreter\linkResolver.cpp, line 774]
Event: 3.555 Thread 0x000001711e8e5f40 Exception <a 'java/lang/NoSuchMethodError'{0x00000000897c0218}: 'java.lang.Object java.lang.invoke.DirectMethodHandle$Holder.invokeSpecial(java.lang.Object, java.lang.Object, int, java.lang.Object, int, java.lang.Object)'> (0x00000000897c0218) 
thrown [s\open\src\hotspot\share\interpreter\linkResolver.cpp, line 774]
Event: 3.555 Thread 0x000001711e8e5f40 Exception <a 'java/lang/NoSuchMethodError'{0x00000000897c8000}: 'java.lang.Object java.lang.invoke.DirectMethodHandle$Holder.newInvokeSpecial(java.lang.Object, java.lang.Object, int, java.lang.Object, int)'> (0x00000000897c8000) 
thrown [s\open\src\hotspot\share\interpreter\linkResolver.cpp, line 774]
Event: 3.555 Thread 0x000001711e8e5f40 Exception <a 'java/lang/NoSuchMethodError'{0x00000000897cc118}: 'java.lang.Object java.lang.invoke.DirectMethodHandle$Holder.invokeSpecial(java.lang.Object, java.lang.Object, java.lang.Object, int, java.lang.Object, int)'> (0x00000000897cc118) 
thrown [s\open\src\hotspot\share\interpreter\linkResolver.cpp, line 774]
Event: 7.984 Thread 0x00000171481b0480 Exception <a 'java/lang/NoSuchMethodError'{0x0000000087b597c0}: 'java.lang.Object java.lang.invoke.DirectMethodHandle$Holder.invokeSpecial(java.lang.Object, java.lang.Object, java.lang.Object, java.lang.Object, java.lang.Object, long)'> (0x0000000087b597c0) 
thrown [s\open\src\hotspot\share\interpreter\linkResolver.cpp, line 774]
Event: 7.984 Thread 0x00000171481b0480 Exception <a 'java/lang/NoSuchMethodError'{0x0000000087b5d210}: 'java.lang.Object java.lang.invoke.Invokers$Holder.linkToTargetMethod(java.lang.Object, java.lang.Object, java.lang.Object, long, java.lang.Object)'> (0x0000000087b5d210) 
thrown [s\open\src\hotspot\share\interpreter\linkResolver.cpp, line 774]
Event: 8.056 Thread 0x00000171481b0480 Exception <a 'java/lang/NoSuchMethodError'{0x000000008782c2a8}: 'java.lang.Object java.lang.invoke.DirectMethodHandle$Holder.invokeVirtual(java.lang.Object, java.lang.Object, long, java.lang.Object)'> (0x000000008782c2a8) 
thrown [s\open\src\hotspot\share\interpreter\linkResolver.cpp, line 774]
Event: 8.057 Thread 0x00000171481b0480 Implicit null exception at 0x000001712fe3a64b to 0x000001712fe3a840
Event: 8.057 Thread 0x00000171481b0480 Exception <a 'java/lang/NoSuchMethodError'{0x0000000087830210}: 'long java.lang.invoke.DirectMethodHandle$Holder.invokeStatic(java.lang.Object, java.lang.Object, int)'> (0x0000000087830210) 
thrown [s\open\src\hotspot\share\interpreter\linkResolver.cpp, line 774]
Event: 8.057 Thread 0x00000171481b0480 Exception <a 'java/lang/NoSuchMethodError'{0x00000000878376a0}: 'java.lang.Object java.lang.invoke.DirectMethodHandle$Holder.invokeSpecial(java.lang.Object, java.lang.Object, java.lang.Object, long, java.lang.Object)'> (0x00000000878376a0) 
thrown [s\open\src\hotspot\share\interpreter\linkResolver.cpp, line 774]
Event: 8.057 Thread 0x00000171481b0480 Exception <a 'java/lang/NoSuchMethodError'{0x000000008783b6a8}: 'java.lang.Object java.lang.invoke.DelegatingMethodHandle$Holder.reinvoke_L(java.lang.Object, java.lang.Object, long, java.lang.Object)'> (0x000000008783b6a8) 
thrown [s\open\src\hotspot\share\interpreter\linkResolver.cpp, line 774]
Event: 8.074 Thread 0x00000171481b0480 Exception <a 'java/lang/NoSuchMethodError'{0x00000000878e3ed0}: 'java.lang.Object java.lang.invoke.DirectMethodHandle$Holder.invokeInterface(java.lang.Object, java.lang.Object, java.lang.Object, java.lang.Object)'> (0x00000000878e3ed0) 
thrown [s\open\src\hotspot\share\interpreter\linkResolver.cpp, line 774]
Event: 8.075 Thread 0x00000171481b0480 Exception <a 'java/lang/NoSuchMethodError'{0x00000000878f8ea0}: 'java.lang.Object java.lang.invoke.DirectMethodHandle$Holder.invokeInterface(java.lang.Object, java.lang.Object, java.lang.Object, java.lang.Object, java.lang.Object)'> (0x00000000878f8ea0) 
thrown [s\open\src\hotspot\share\interpreter\linkResolver.cpp, line 774]
Event: 8.094 Thread 0x00000171481b0480 Exception <a 'java/lang/IncompatibleClassChangeError'{0x00000000877da780}: Found class java.lang.Object, but interface was expected> (0x00000000877da780) 
thrown [s\open\src\hotspot\share\interpreter\linkResolver.cpp, line 841]

VM Operations (20 events):
Event: 3.180 Executing VM operation: HandshakeAllThreads
Event: 3.180 Executing VM operation: HandshakeAllThreads done
Event: 3.318 Executing VM operation: HandshakeAllThreads
Event: 3.319 Executing VM operation: HandshakeAllThreads done
Event: 3.378 Executing VM operation: HandshakeAllThreads
Event: 3.378 Executing VM operation: HandshakeAllThreads done
Event: 3.423 Executing VM operation: HandshakeAllThreads
Event: 3.423 Executing VM operation: HandshakeAllThreads done
Event: 3.463 Executing VM operation: G1CollectForAllocation
Event: 3.468 Executing VM operation: G1CollectForAllocation done
Event: 4.481 Executing VM operation: Cleanup
Event: 4.481 Executing VM operation: Cleanup done
Event: 7.995 Executing VM operation: HandshakeAllThreads
Event: 7.995 Executing VM operation: HandshakeAllThreads done
Event: 7.995 Executing VM operation: Cleanup
Event: 7.995 Executing VM operation: Cleanup done
Event: 8.134 Executing VM operation: HandshakeAllThreads
Event: 8.134 Executing VM operation: HandshakeAllThreads done
Event: 8.140 Executing VM operation: HandshakeAllThreads
Event: 8.140 Executing VM operation: HandshakeAllThreads done

Events (20 events):
Event: 1.879 Thread 0x000001713eeea750 Thread added: 0x000001713eeea750
Event: 1.879 Thread 0x000001713eeeb740 Thread added: 0x000001713eeeb740
Event: 1.881 Thread 0x000001713eeebc90 Thread added: 0x000001713eeebc90
Event: 2.390 Thread 0x000001713eee9cb0 Thread added: 0x000001713eee9cb0
Event: 2.493 Thread 0x000001713eeec1e0 Thread added: 0x000001713eeec1e0
Event: 3.561 Thread 0x00000171481b19c0 Thread added: 0x00000171481b19c0
Event: 3.561 Thread 0x00000171481af490 Thread added: 0x00000171481af490
Event: 3.561 Thread 0x00000171481b09d0 Thread added: 0x00000171481b09d0
Event: 3.561 Thread 0x00000171481b2460 Thread added: 0x00000171481b2460
Event: 3.561 Thread 0x00000171481b0480 Thread added: 0x00000171481b0480
Event: 3.561 Thread 0x00000171481aff30 Thread added: 0x00000171481aff30
Event: 3.562 Thread 0x00000171481b0f20 Thread added: 0x00000171481b0f20
Event: 3.562 Thread 0x00000171481b1470 Thread added: 0x00000171481b1470
Event: 3.562 Thread 0x00000171481af9e0 Thread added: 0x00000171481af9e0
Event: 3.562 Thread 0x00000171481b29b0 Thread added: 0x00000171481b29b0
Event: 3.567 Thread 0x00000171481b1f10 Thread added: 0x00000171481b1f10
Event: 3.567 Thread 0x000001714711b070 Thread added: 0x000001714711b070
Event: 3.576 Thread 0x000001711e8e5f40 Thread exited: 0x000001711e8e5f40
Event: 3.576 Thread 0x0000017147117600 Thread added: 0x0000017147117600
Event: 8.136 Thread 0x000001713eeec1e0 Thread exited: 0x000001713eeec1e0


Dynamic libraries:
0x00007ff6c5150000 - 0x00007ff6c5160000 	C:\Program Files\Java\jdk-19\bin\java.exe
0x00007ffd67c30000 - 0x00007ffd67e25000 	C:\Windows\SYSTEM32\ntdll.dll
0x00007ffd670f0000 - 0x00007ffd671ae000 	C:\Windows\System32\KERNEL32.DLL
0x00007ffd659b0000 - 0x00007ffd65c79000 	C:\Windows\System32\KERNELBASE.dll
0x00007ffd655e0000 - 0x00007ffd656e0000 	C:\Windows\System32\ucrtbase.dll
0x00007ffd4d620000 - 0x00007ffd4d638000 	C:\Program Files\Java\jdk-19\bin\jli.dll
0x00007ffd47f10000 - 0x00007ffd47f2b000 	C:\Program Files\Java\jdk-19\bin\VCRUNTIME140.dll
0x00007ffd65db0000 - 0x00007ffd65e5c000 	C:\Windows\System32\ADVAPI32.dll
0x00007ffd67660000 - 0x00007ffd676fe000 	C:\Windows\System32\msvcrt.dll
0x00007ffd67a80000 - 0x00007ffd67b1b000 	C:\Windows\System32\sechost.dll
0x00007ffd65c80000 - 0x00007ffd65daa000 	C:\Windows\System32\RPCRT4.dll
0x00007ffd66e10000 - 0x00007ffd66fb1000 	C:\Windows\System32\USER32.dll
0x00007ffd65980000 - 0x00007ffd659a2000 	C:\Windows\System32\win32u.dll
0x00007ffd4d340000 - 0x00007ffd4d5da000 	C:\Windows\WinSxS\amd64_microsoft.windows.common-controls_6595b64144ccf1df_6.0.19041.1110_none_60b5254171f9507e\COMCTL32.dll
0x00007ffd671e0000 - 0x00007ffd6720b000 	C:\Windows\System32\GDI32.dll
0x00007ffd65350000 - 0x00007ffd6545b000 	C:\Windows\System32\gdi32full.dll
0x00007ffd654f0000 - 0x00007ffd6558d000 	C:\Windows\System32\msvcp_win.dll
0x00007ffd5e9a0000 - 0x00007ffd5e9aa000 	C:\Windows\SYSTEM32\VERSION.dll
0x00007ffd671b0000 - 0x00007ffd671e0000 	C:\Windows\System32\IMM32.DLL
0x00007ffd60b40000 - 0x00007ffd60b4c000 	C:\Program Files\Java\jdk-19\bin\vcruntime140_1.dll
0x00007ffd21b90000 - 0x00007ffd21c1e000 	C:\Program Files\Java\jdk-19\bin\msvcp140.dll
0x00007ffd022f0000 - 0x00007ffd02fb0000 	C:\Program Files\Java\jdk-19\bin\server\jvm.dll
0x00007ffd4bf80000 - 0x00007ffd4bf89000 	C:\Windows\SYSTEM32\WSOCK32.dll
0x00007ffd67290000 - 0x00007ffd672fb000 	C:\Windows\System32\WS2_32.dll
0x00007ffd548a0000 - 0x00007ffd548c7000 	C:\Windows\SYSTEM32\WINMM.dll
0x00007ffd63c20000 - 0x00007ffd63c32000 	C:\Windows\SYSTEM32\kernel.appcore.dll
0x00007ffd60b00000 - 0x00007ffd60b0a000 	C:\Program Files\Java\jdk-19\bin\jimage.dll
0x00007ffd63140000 - 0x00007ffd63324000 	C:\Windows\SYSTEM32\DBGHELP.DLL
0x00007ffd4cc60000 - 0x00007ffd4cc8c000 	C:\Windows\SYSTEM32\dbgcore.DLL
0x00007ffd65460000 - 0x00007ffd654e3000 	C:\Windows\System32\bcryptPrimitives.dll
0x00007ffd53140000 - 0x00007ffd5314e000 	C:\Program Files\Java\jdk-19\bin\instrument.dll
0x00007ffd3aa10000 - 0x00007ffd3aa36000 	C:\Program Files\Java\jdk-19\bin\java.dll
0x00007ffd1a8d0000 - 0x00007ffd1a9a7000 	C:\Program Files\Java\jdk-19\bin\jsvml.dll
0x00007ffd665c0000 - 0x00007ffd66cff000 	C:\Windows\System32\SHELL32.dll
0x00007ffd63430000 - 0x00007ffd63bc0000 	C:\Windows\SYSTEM32\windows.storage.dll
0x00007ffd67300000 - 0x00007ffd67655000 	C:\Windows\System32\combase.dll
0x00007ffd64da0000 - 0x00007ffd64dcc000 	C:\Windows\SYSTEM32\Wldp.dll
0x00007ffd65e60000 - 0x00007ffd65f0e000 	C:\Windows\System32\SHCORE.dll
0x00007ffd67940000 - 0x00007ffd67995000 	C:\Windows\System32\shlwapi.dll
0x00007ffd65290000 - 0x00007ffd652af000 	C:\Windows\SYSTEM32\profapi.dll
0x00007ffd3af40000 - 0x00007ffd3af58000 	C:\Program Files\Java\jdk-19\bin\zip.dll
0x00007ffd43940000 - 0x00007ffd43953000 	C:\Program Files\Java\jdk-19\bin\net.dll
0x00007ffd52bb0000 - 0x00007ffd52cb8000 	C:\Windows\SYSTEM32\WINHTTP.dll
0x00007ffd64b00000 - 0x00007ffd64b6a000 	C:\Windows\system32\mswsock.dll
0x00007ffd410c0000 - 0x00007ffd410d6000 	C:\Program Files\Java\jdk-19\bin\nio.dll
0x00007ffd60a20000 - 0x00007ffd60a28000 	C:\Program Files\Java\jdk-19\bin\extnet.dll
0x00007ffd53280000 - 0x00007ffd53290000 	C:\Program Files\Java\jdk-19\bin\verify.dll
0x00007ffd64cf0000 - 0x00007ffd64d08000 	C:\Windows\SYSTEM32\CRYPTSP.dll
0x00007ffd64410000 - 0x00007ffd64444000 	C:\Windows\system32\rsaenh.dll
0x00007ffd658f0000 - 0x00007ffd65917000 	C:\Windows\System32\bcrypt.dll
0x00007ffd65210000 - 0x00007ffd6523e000 	C:\Windows\SYSTEM32\USERENV.dll
0x00007ffd64d10000 - 0x00007ffd64d1c000 	C:\Windows\SYSTEM32\CRYPTBASE.dll
0x00007ffd64780000 - 0x00007ffd647bb000 	C:\Windows\SYSTEM32\IPHLPAPI.DLL
0x00007ffd678d0000 - 0x00007ffd678d8000 	C:\Windows\System32\NSI.dll
0x00007ffd5b220000 - 0x00007ffd5b237000 	C:\Windows\SYSTEM32\dhcpcsvc6.DLL
0x00007ffd5b200000 - 0x00007ffd5b21d000 	C:\Windows\SYSTEM32\dhcpcsvc.DLL
0x00007ffd647c0000 - 0x00007ffd6488c000 	C:\Windows\SYSTEM32\DNSAPI.dll
0x00007ffd43920000 - 0x00007ffd4392e000 	C:\Program Files\Java\jdk-19\bin\sunmscapi.dll
0x00007ffd65790000 - 0x00007ffd658e6000 	C:\Windows\System32\CRYPT32.dll
0x00007ffd64e10000 - 0x00007ffd64e37000 	C:\Windows\SYSTEM32\ncrypt.dll
0x00007ffd64dd0000 - 0x00007ffd64e0b000 	C:\Windows\SYSTEM32\NTASN1.dll
0x00007ffd4ac00000 - 0x00007ffd4ac0a000 	C:\Program Files\Java\jdk-19\bin\management.dll
0x00007ffd47f00000 - 0x00007ffd47f0b000 	C:\Program Files\Java\jdk-19\bin\management_ext.dll
0x00007ffd67820000 - 0x00007ffd67828000 	C:\Windows\System32\PSAPI.DLL
0x00007ffd590b0000 - 0x00007ffd590ba000 	C:\Windows\System32\rasadhlp.dll
0x00007ffd52b30000 - 0x00007ffd52baf000 	C:\Windows\System32\fwpuclnt.dll
0x00007ffd15e70000 - 0x00007ffd15e77000 	C:\Windows\system32\wshunix.dll

dbghelp: loaded successfully - version: 4.0.5 - missing functions: none
symbol engine: initialized successfully - sym options: 0x614 - pdb path: .;C:\Program Files\Java\jdk-19\bin;C:\Windows\SYSTEM32;C:\Windows\WinSxS\amd64_microsoft.windows.common-controls_6595b64144ccf1df_6.0.19041.1110_none_60b5254171f9507e;C:\Program Files\Java\jdk-19\bin\server

VM Arguments:
jvm_args: -javaagent:C:\Users\Жанарбай\AppData\Local\JetBrains\IntelliJ IDEA Community Edition 2022.3.2\lib\idea_rt.jar=51261:C:\Users\Жанарбай\AppData\Local\JetBrains\IntelliJ IDEA Community Edition 2022.3.2\bin -Dfile.encoding=UTF-8 -Dsun.stdout.encoding=UTF-8 -Dsun.stderr.encoding=UTF-8 
java_command: com.example.demo1.Application
java_class_path (initial): C:\Users\Жанарбай\Desktop\frameworks\SPRING\demo1\demo1\target\classes;C:\Users\Жанарбай\.m2\repository\org\springframework\boot\spring-boot-starter-data-jpa\3.0.5\spring-boot-starter-data-jpa-3.0.5.jar;C:\Users\Жанарбай\.m2\repository\org\springframework\boot\spring-boot-starter-aop\3.0.5\spring-boot-starter-aop-3.0.5.jar;C:\Users\Жанарбай\.m2\repository\org\springframework\spring-aop\6.0.7\spring-aop-6.0.7.jar;C:\Users\Жанарбай\.m2\repository\org\aspectj\aspectjweaver\1.9.19\aspectjweaver-1.9.19.jar;C:\Users\Жанарбай\.m2\repository\org\springframework\boot\spring-boot-starter-jdbc\3.0.5\spring-boot-starter-jdbc-3.0.5.jar;C:\Users\Жанарбай\.m2\repository\com\zaxxer\HikariCP\5.0.1\HikariCP-5.0.1.jar;C:\Users\Жанарбай\.m2\repository\org\springframework\spring-jdbc\6.0.7\spring-jdbc-6.0.7.jar;C:\Users\Жанарбай\.m2\repository\org\hibernate\orm\hibernate-core\6.1.7.Final\hibernate-core-6.1.7.Final.jar;C:\Users\Жанарбай\.m2\repository\jakarta\persistence\jakarta.persistence-api\3.1.0\jakarta.persistence-api-3.1.0.jar;C:\Users\Жанарбай\.m2\repository\jakarta\transaction\jakarta.transaction-api\2.0.1\jakarta.transaction-api-2.0.1.jar;C:\Users\Жанарбай\.m2\repository\org\jboss\logging\jboss-logging\3.5.0.Final\jboss-logging-3.5.0.Final.jar;C:\Users\Жанарбай\.m2\repository\org\hibernate\common\hibernate-commons-annotations\6.0.6.Final\hibernate-commons-annotations-6.0.6.Final.jar;C:\Users\Жанарбай\.m2\repository\org\jboss\jandex\2.4.2.Final\jandex-2.4.2.Final.jar;C:\Users\Жанарбай\.m2\repository\com\fasterxml\classmate\1.5.1\classmate-1.5.1.jar;C:\Users\Жанарбай\.m2\repository\net\bytebuddy\byte-buddy\1.12.23\byte-buddy-1.12.23.jar;C:\Users\Жанарбай\.m2\repository\org\glassfish\jaxb\jaxb-runtime\4.0.2\jaxb-runtime-4.0.2.jar;C:\Users\Жанарбай\.m2\repository\org\glassfish\jaxb\jaxb-core\4.0.2\jaxb-core-4.0.2.jar;C:\Users\Жанарбай\.m2\repository\org\eclipse\angus\angus-activation\2.0.0\angus-activation-2.0.0.jar;C:\Users\Жанарбай\.m2\repository\org\glassfish\jaxb\txw2\4.0.2\txw2-4.0.2.jar;C:\Users\Жанарбай\.m2\repository\com\sun\istack\istack-commons-runtime\4.1.1\istack-commons-runtime-4.1.1.jar;C:\Users\Жанарбай\.m2\repository\jakarta\inject\jakarta.inject-api\2.0.0\jakarta.inject-api-2.0.0.jar;C:\Users\Жанарбай\.m2\repository\org\antlr\antlr4-runtime\4.10.1\antlr4-runtime-4.10.1.jar;C:\Users\Жанарбай\.m2\repository\org\springframework\data\spring-data-jpa\3.0.4\spring-data-jpa-3.0.4.jar;C:\Users\Жанарбай\.m2\repository\org\springframework\data\spring-data-commons\3.0.4\spring-data-commons-3.0.4.jar;C:\Users\Жанарбай\.m2\repository\org\springframework\spring-orm\6.0.7\spring-orm-6.0.7.jar;C:\Users\Жанарбай\.m2\repository\org\springframework\spring-context\6.0.7\spring-context-6.0.7.jar;C:\Users\Жанарбай\.m2\repository\org\springframework\spring-tx\6.0.7\spring-tx-6.0.7.jar;C:\Users\Жанарбай\.m2\repository\org\springframework\spring-beans\6.0.7\spring-beans-6.0.7.jar;C:\Users\Жанарбай\.m2\repository\jakarta\annotation\jakarta.annotation-api\2.1.1\jakarta.annotation-api-2.1.1.jar;C:\Users\Жанарбай\.m2\repository\org\slf4j\slf4j-api\2.0.7\slf4j-api-2.0.7.jar;C:\Users\Жанарбай\.m2\repository\org\springframework\spring-aspects\6.0.7\spring-aspects-6.0.7.jar;C:\Users\Жанарбай\.m2\repository\org\springframework\boot\spring-boot-starter-thymeleaf\3.0.5\spring-boot-starter-thymeleaf-3.0.5.jar;C:\Users\Жанарбай\.m2\repository\org\springframework\boot\spring-boot-starter\3.0.5\spring-boot-starter-3.0.5.jar;C:\Users\Жанарбай\.m2\repository\org\springframework\boot\spring-boot\3.0.5\spring-boot-3.0.5.jar;C:\Users\Жанарбай\.m2\repository\org\springframework\boot\spring-boot-autoconfigure\3.0.5\spring-boot-autoconfigure-3.0.5.jar;C:\Users\Жанарбай\.m2\repository\org\springframework\boot\spring-boot-starter-logging\3.0.5\spring-boot-starter-logging-3.0.5.jar;C:\Users\Жанарбай\.m2\repository\ch\qos\logback\logback-classic\1.4.6\logback-classic-1.4.6.jar;C:\Users\Жанарбай\.m2\repository\ch\qos\logback\logback-core\1.4.6\logback-core-1.4.6.jar;C:\Users\Жанарбай\.m2\repository\org\apache\logging\log4j\log4j-to-slf4j\2.19.0\log4j-to-slf4j-2.19.0.jar;C:\Users\Жанарбай\.m2\repository\org\apache\logging\log4j\log4j-api\2.19.0\log4j-api-2.19.0.jar;C:\Users\Жанарбай\.m2\repository\org\slf4j\jul-to-slf4j\2.0.7\jul-to-slf4j-2.0.7.jar;C:\Users\Жанарбай\.m2\repository\org\yaml\snakeyaml\1.33\snakeyaml-1.33.jar;C:\Users\Жанарбай\.m2\repository\org\thymeleaf\thymeleaf-spring6\3.1.1.RELEASE\thymeleaf-spring6-3.1.1.RELEASE.jar;C:\Users\Жанарбай\.m2\repository\org\thymeleaf\thymeleaf\3.1.1.RELEASE\thymeleaf-3.1.1.RELEASE.jar;C:\Users\Жанарбай\.m2\repository\org\attoparser\attoparser\2.0.6.RELEASE\attoparser-2.0.6.RELEASE.jar;C:\Users\Жанарбай\.m2\repository\org\unbescape\unbescape\1.1.6.RELEASE\unbescape-1.1.6.RELEASE.jar;C:\Users\Жанарбай\.m2\repository\org\springframework\boot\spring-boot-starter-web\3.0.5\spring-boot-starter-web-3.0.5.jar;C:\Users\Жанарбай\.m2\repository\org\springframework\boot\spring-boot-starter-json\3.0.5\spring-boot-starter-json-3.0.5.jar;C:\Users\Жанарбай\.m2\repository\com\fasterxml\jackson\core\jackson-databind\2.14.2\jackson-databind-2.14.2.jar;C:\Users\Жанарбай\.m2\repository\com\fasterxml\jackson\core\jackson-annotations\2.14.2\jackson-annotations-2.14.2.jar;C:\Users\Жанарбай\.m2\repository\com\fasterxml\jackson\core\jackson-core\2.14.2\jackson-core-2.14.2.jar;C:\Users\Жанарбай\.m2\repository\com\fasterxml\jackson\datatype\jackson-datatype-jdk8\2.14.2\jackson-datatype-jdk8-2.14.2.jar;C:\Users\Жанарбай\.m2\repository\com\fasterxml\jackson\datatype\jackson-datatype-jsr310\2.14.2\jackson-datatype-jsr310-2.14.2.jar;C:\Users\Жанарбай\.m2\repository\com\fasterxml\jackson\module\jackson-module-parameter-names\2.14.2\jackson-module-parameter-names-2.14.2.jar;C:\Users\Жанарбай\.m2\repository\org\springframework\boot\spring-boot-starter-tomcat\3.0.5\spring-boot-starter-tomcat-3.0.5.jar;C:\Users\Жанарбай\.m2\repository\org\apache\tomcat\embed\tomcat-embed-core\10.1.7\tomcat-embed-core-10.1.7.jar;C:\Users\Жанарбай\.m2\repository\org\apache\tomcat\embed\tomcat-embed-el\10.1.7\tomcat-embed-el-10.1.7.jar;C:\Users\Жанарбай\.m2\repository\org\apache\tomcat\embed\tomcat-embed-websocket\10.1.7\tomcat-embed-websocket-10.1.7.jar;C:\Users\Жанарбай\.m2\repository\org\springframework\spring-web\6.0.7\spring-web-6.0.7.jar;C:\Users\Жанарбай\.m2\repository\io\micrometer\micrometer-observation\1.10.5\micrometer-observation-1.10.5.jar;C:\Users\Жанарбай\.m2\repository\io\micrometer\micrometer-commons\1.10.5\micrometer-commons-1.10.5.jar;C:\Users\Жанарбай\.m2\repository\org\springframework\spring-webmvc\6.0.7\spring-webmvc-6.0.7.jar;C:\Users\Жанарбай\.m2\repository\org\springframework\spring-expression\6.0.7\spring-expression-6.0.7.jar;C:\Users\Жанарбай\.m2\repository\org\postgresql\postgresql\42.5.4\postgresql-42.5.4.jar;C:\Users\Жанарбай\.m2\repository\org\checkerframework\checker-qual\3.5.0\checker-qual-3.5.0.jar;C:\Users\Жанарбай\.m2\repository\jakarta\xml\bind\jakarta.xml.bind-api\4.0.0\jakarta.xml.bind-api-4.0.0.jar;C:\Users\Жанарбай\.m2\repository\jakarta\activation\jakarta.activation-api\2.1.1\jakarta.activation-api-2.1.1.jar;C:\Users\Жанарбай\.m2\repository\org\springframework\spring-core\6.0.7\spring-core-6.0.7.jar;C:\Users\Жанарбай\.m2\repository\org\springframework\spring-jcl\6.0.7\spring-jcl-6.0.7.jar
Launcher Type: SUN_STANDARD

[Global flags]
     intx CICompilerCount                          = 4                                         {product} {ergonomic}
     uint ConcGCThreads                            = 2                                         {product} {ergonomic}
     uint G1ConcRefinementThreads                  = 8                                         {product} {ergonomic}
   size_t G1HeapRegionSize                         = 1048576                                   {product} {ergonomic}
    uintx GCDrainStackTargetSize                   = 64                                        {product} {ergonomic}
   size_t InitialHeapSize                          = 130023424                                 {product} {ergonomic}
   size_t MarkStackSize                            = 4194304                                   {product} {ergonomic}
   size_t MaxHeapSize                              = 2067791872                                {product} {ergonomic}
   size_t MaxNewSize                               = 1240465408                                {product} {ergonomic}
   size_t MinHeapDeltaBytes                        = 1048576                                   {product} {ergonomic}
   size_t MinHeapSize                              = 8388608                                   {product} {ergonomic}
    uintx NonNMethodCodeHeapSize                   = 5839372                                {pd product} {ergonomic}
    uintx NonProfiledCodeHeapSize                  = 122909434                              {pd product} {ergonomic}
    uintx ProfiledCodeHeapSize                     = 122909434                              {pd product} {ergonomic}
    uintx ReservedCodeCacheSize                    = 251658240                              {pd product} {ergonomic}
     bool SegmentedCodeCache                       = true                                      {product} {ergonomic}
   size_t SoftMaxHeapSize                          = 2067791872                             {manageable} {ergonomic}
     bool UseCompressedClassPointers               = true                           {product lp64_product} {ergonomic}
     bool UseCompressedOops                        = true                           {product lp64_product} {ergonomic}
     bool UseG1GC                                  = true                                      {product} {ergonomic}
     bool UseLargePagesIndividualAllocation        = false                                  {pd product} {ergonomic}

Logging:
Log output configuration:
 #0: stdout all=warning uptime,level,tags foldmultilines=false
 #1: stderr all=off uptime,level,tags foldmultilines=false

Environment Variables:
JAVA_HOME=C:\Program Files\Java\jdk-19
PATH=C:\Program Files\Common Files\Oracle\Java\javapath;C:\Windows\system32;C:\Windows;C:\Windows\System32\Wbem;C:\Windows\System32\WindowsPowerShell\v1.0\;C:\Program Files\Git\cmd;C:\Program Files\Java\jdk-19\bin;C:\Program Files\MySQL\MySQL Shell 8.0\bin\;C:\Users\Жанарбай\AppData\Local\Microsoft\WindowsApps;C:\Users\Жанарбай\AppData\Local\Programs\Microsoft VS Code\bin;C:\Program Files\JetBrains\PyCharm Community Edition 2022.2.3\bin;;C:\Users\Жанарбай\AppData\Local\GitHubDesktop\bin
USERNAME=Жанарбай
OS=Windows_NT
PROCESSOR_IDENTIFIER=Intel64 Family 6 Model 140 Stepping 1, GenuineIntel
TMP=C:\Users\46FB~1\AppData\Local\Temp
TEMP=C:\Users\46FB~1\AppData\Local\Temp



---------------  S Y S T E M  ---------------

OS:
 Windows 10 , 64 bit Build 19041 (10.0.19041.1202)
OS uptime: 0 days 7:41 hours

CPU: total 8 (initial active 8) (4 cores per cpu, 2 threads per core) family 6 model 140 stepping 1 microcode 0xa4, cx8, cmov, fxsr, ht, mmx, 3dnowpref, sse, sse2, sse3, ssse3, sse4.1, sse4.2, popcnt, lzcnt, tsc, tscinvbit, avx, avx2, aes, erms, clmul, bmi1, bmi2, adx, avx512f, avx512dq, avx512cd, avx512bw, avx512vl, sha, fma, vzeroupper, avx512_vpopcntdq, avx512_vpclmulqdq, avx512_vaes, avx512_vnni, clflush, clflushopt, clwb, avx512_vbmi2, avx512_vbmi, rdtscp, rdpid, fsrm, gfni, avx512_bitalg

Memory: 4k page, system-wide physical 7883M (384M free)
TotalPageFile size 7883M (AvailPageFile size 4M)
current process WorkingSet (physical memory assigned to process): 226M, peak: 234M
current process commit charge ("private bytes"): 265M, peak: 274M

vm_info: Java HotSpot(TM) 64-Bit Server VM (19.0.2+7-44) for windows-amd64 JRE (19.0.2+7-44), built on 2022-11-30T18:02:09Z by "mach5one" with MS VC++ 17.1 (VS2022)

END.
