#
# There is insufficient memory for the Java Runtime Environment to continue.
# Native memory allocation (malloc) failed to allocate 700096 bytes for Chunk::new
# Possible reasons:
#   The system is out of physical RAM or swap space
#   The process is running with CompressedOops enabled, and the Java Heap may be blocking the growth of the native heap
# Possible solutions:
#   Reduce memory load on the system
#   Increase physical memory or swap space
#   Check if swap backing store is full
#   Decrease Java heap size (-Xmx/-Xms)
#   Decrease number of Java threads
#   Decrease Java thread stack sizes (-Xss)
#   Set larger code cache with -XX:ReservedCodeCacheSize=
#   JVM is running with Unscaled Compressed Oops mode in which the Java heap is
#     placed in the first 4GB address space. The Java Heap base address is the
#     maximum limit for the native heap growth. Please use -XX:HeapBaseMinAddress
#     to set the Java Heap base and to place the Java Heap above 4GB virtual address.
# This output file may be truncated or incomplete.
#
#  Out of Memory Error (arena.cpp:184), pid=7656, tid=11800
#
# JRE version: Java(TM) SE Runtime Environment (19.0.2+7) (build 19.0.2+7-44)
# Java VM: Java HotSpot(TM) 64-Bit Server VM (19.0.2+7-44, mixed mode, sharing, tiered, compressed oops, compressed class ptrs, g1 gc, windows-amd64)
# No core dump will be written. Minidumps are not enabled by default on client versions of Windows
#

---------------  S U M M A R Y ------------

Command Line: -javaagent:C:\Users\Жанарбай\AppData\Local\JetBrains\IntelliJ IDEA Community Edition 2022.3.2\lib\idea_rt.jar=51264:C:\Users\Жанарбай\AppData\Local\JetBrains\IntelliJ IDEA Community Edition 2022.3.2\bin -Dfile.encoding=UTF-8 -Dsun.stdout.encoding=UTF-8 -Dsun.stderr.encoding=UTF-8 com.example.demo1.Application

Host: 11th Gen Intel(R) Core(TM) i7-1165G7 @ 2.80GHz, 8 cores, 7G,  Windows 10 , 64 bit Build 19041 (10.0.19041.1202)
Time: Sat Apr 15 20:23:38 2023  Windows 10 , 64 bit Build 19041 (10.0.19041.1202) elapsed time: 4723.929723 seconds (0d 1h 18m 43s)

---------------  T H R E A D  ---------------

Current thread (0x000002637b8fd2e0):  JavaThread "C2 CompilerThread0" daemon [_thread_in_native, id=11800, stack(0x000000a772100000,0x000000a772200000)]


Current CompileTask:
C2:4723929 5288 %     4       org.springframework.util.ReflectionUtils::findMethod @ 14 (109 bytes)

Stack: [0x000000a772100000,0x000000a772200000]
Native frames: (J=compiled Java code, j=interpreted, Vv=VM code, C=native code)
V  [jvm.dll+0x6ee21a]
V  [jvm.dll+0x85765e]
V  [jvm.dll+0x85904e]
V  [jvm.dll+0x859703]
V  [jvm.dll+0x28298f]
V  [jvm.dll+0xc9adf]
V  [jvm.dll+0xc9e65]
V  [jvm.dll+0x2f7caf]
V  [jvm.dll+0x5f076b]
V  [jvm.dll+0x25590c]
V  [jvm.dll+0x24e1a7]
V  [jvm.dll+0x24b673]
V  [jvm.dll+0x1d6ce1]
V  [jvm.dll+0x25b25a]
V  [jvm.dll+0x2596e8]
V  [jvm.dll+0x807588]
V  [jvm.dll+0x80125a]
V  [jvm.dll+0x6ecf0b]
C  [ucrtbase.dll+0x21bb2]
C  [KERNEL32.DLL+0x17034]
C  [ntdll.dll+0x52651]


---------------  P R O C E S S  ---------------

Threads class SMR info:
_java_thread_list=0x00000263133f0e90, length=29, elements={
0x000002637b8ed370, 0x000002637b8edca0, 0x000002637b8eff80, 0x000002637b8f23d0,
0x000002637b8f34a0, 0x000002637b8f85d0, 0x000002637b8fd2e0, 0x000002637b924d60,
0x000002637b92a1b0, 0x000002637b929c60, 0x000002637b928c70, 0x000002637b929710,
0x000002637b927730, 0x000002637b92ac50, 0x000002637b927c80, 0x0000026312a5c050,
0x0000026312a5d040, 0x0000026312a58090, 0x0000026312a595d0, 0x0000026312a5bb00,
0x0000026312a585e0, 0x0000026312a575f0, 0x0000026312a570a0, 0x0000026312a58b30,
0x0000026312a5c5a0, 0x0000026312a59080, 0x0000026312a59b20, 0x0000026312a5a070,
0x000002631166cf40
}

Java Threads: ( => current thread )
  0x000002637b8ed370 JavaThread "Reference Handler" daemon [_thread_blocked, id=5640, stack(0x000000a771b00000,0x000000a771c00000)]
  0x000002637b8edca0 JavaThread "Finalizer" daemon [_thread_blocked, id=244, stack(0x000000a771c00000,0x000000a771d00000)]
  0x000002637b8eff80 JavaThread "Signal Dispatcher" daemon [_thread_blocked, id=6136, stack(0x000000a771d00000,0x000000a771e00000)]
  0x000002637b8f23d0 JavaThread "Attach Listener" daemon [_thread_blocked, id=10724, stack(0x000000a771e00000,0x000000a771f00000)]
  0x000002637b8f34a0 JavaThread "Service Thread" daemon [_thread_blocked, id=11364, stack(0x000000a771f00000,0x000000a772000000)]
  0x000002637b8f85d0 JavaThread "Monitor Deflation Thread" daemon [_thread_blocked, id=6188, stack(0x000000a772000000,0x000000a772100000)]
=>0x000002637b8fd2e0 JavaThread "C2 CompilerThread0" daemon [_thread_in_native, id=11800, stack(0x000000a772100000,0x000000a772200000)]
  0x000002637b924d60 JavaThread "C1 CompilerThread0" daemon [_thread_blocked, id=2284, stack(0x000000a772200000,0x000000a772300000)]
  0x000002637b92a1b0 JavaThread "Sweeper thread" daemon [_thread_blocked, id=9168, stack(0x000000a772300000,0x000000a772400000)]
  0x000002637b929c60 JavaThread "Common-Cleaner" daemon [_thread_blocked, id=7812, stack(0x000000a772400000,0x000000a772500000)]
  0x000002637b928c70 JavaThread "Notification Thread" daemon [_thread_blocked, id=3176, stack(0x000000a772800000,0x000000a772900000)]
  0x000002637b929710 JavaThread "Catalina-utility-1" [_thread_blocked, id=8928, stack(0x000000a773200000,0x000000a773300000)]
  0x000002637b927730 JavaThread "Catalina-utility-2" [_thread_blocked, id=5972, stack(0x000000a773300000,0x000000a773400000)]
  0x000002637b92ac50 JavaThread "container-0" [_thread_blocked, id=7884, stack(0x000000a773400000,0x000000a773500000)]
  0x000002637b927c80 JavaThread "HikariPool-1 housekeeper" daemon [_thread_blocked, id=4888, stack(0x000000a773600000,0x000000a773700000)]
  0x0000026312a5c050 JavaThread "http-nio-9999-exec-1" daemon [_thread_blocked, id=2764, stack(0x000000a773800000,0x000000a773900000)]
  0x0000026312a5d040 JavaThread "http-nio-9999-exec-2" daemon [_thread_blocked, id=4420, stack(0x000000a773900000,0x000000a773a00000)]
  0x0000026312a58090 JavaThread "http-nio-9999-exec-3" daemon [_thread_blocked, id=3008, stack(0x000000a773a00000,0x000000a773b00000)]
  0x0000026312a595d0 JavaThread "http-nio-9999-exec-4" daemon [_thread_in_Java, id=8832, stack(0x000000a773b00000,0x000000a773c00000)]
  0x0000026312a5bb00 JavaThread "http-nio-9999-exec-5" daemon [_thread_blocked, id=10020, stack(0x000000a773c00000,0x000000a773d00000)]
  0x0000026312a585e0 JavaThread "http-nio-9999-exec-6" daemon [_thread_blocked, id=2796, stack(0x000000a773d00000,0x000000a773e00000)]
  0x0000026312a575f0 JavaThread "http-nio-9999-exec-7" daemon [_thread_blocked, id=5412, stack(0x000000a773e00000,0x000000a773f00000)]
  0x0000026312a570a0 JavaThread "http-nio-9999-exec-8" daemon [_thread_blocked, id=11604, stack(0x000000a773f00000,0x000000a774000000)]
  0x0000026312a58b30 JavaThread "http-nio-9999-exec-9" daemon [_thread_blocked, id=11500, stack(0x000000a774000000,0x000000a774100000)]
  0x0000026312a5c5a0 JavaThread "http-nio-9999-exec-10" daemon [_thread_blocked, id=11148, stack(0x000000a774100000,0x000000a774200000)]
  0x0000026312a59080 JavaThread "http-nio-9999-Poller" daemon [_thread_in_native, id=9252, stack(0x000000a774200000,0x000000a774300000)]
  0x0000026312a59b20 JavaThread "http-nio-9999-Acceptor" daemon [_thread_in_native, id=11588, stack(0x000000a774300000,0x000000a774400000)]
  0x0000026312a5a070 JavaThread "DestroyJavaVM" [_thread_blocked, id=8608, stack(0x000000a771400000,0x000000a771500000)]
  0x000002631166cf40 JavaThread "C2 CompilerThread1" daemon [_thread_in_native, id=2576, stack(0x000000a771100000,0x000000a771200000)]

Other Threads:
  0x000002637b8d1ff0 VMThread "VM Thread" [stack: 0x000000a771a00000,0x000000a771b00000] [id=4028]
  0x000002630f126700 WatcherThread "VM Periodic Task Thread" [stack: 0x000000a772900000,0x000000a772a00000] [id=4348]
  0x000002636c353db0 WorkerThread "GC Thread#0" [stack: 0x000000a771500000,0x000000a771600000] [id=376]
  0x000002630f5c9e80 WorkerThread "GC Thread#1" [stack: 0x000000a772a00000,0x000000a772b00000] [id=10108]
  0x000002630f8a9030 WorkerThread "GC Thread#2" [stack: 0x000000a772b00000,0x000000a772c00000] [id=8708]
  0x000002630f41ccb0 WorkerThread "GC Thread#3" [stack: 0x000000a772c00000,0x000000a772d00000] [id=11504]
  0x000002630f94fe00 WorkerThread "GC Thread#4" [stack: 0x000000a772d00000,0x000000a772e00000] [id=10472]
  0x000002630f9500d0 WorkerThread "GC Thread#5" [stack: 0x000000a772e00000,0x000000a772f00000] [id=10512]
  0x000002630f9503a0 WorkerThread "GC Thread#6" [stack: 0x000000a773000000,0x000000a773100000] [id=11332]
  0x000002630f94fb30 WorkerThread "GC Thread#7" [stack: 0x000000a773100000,0x000000a773200000] [id=11756]
  0x000002636c364440 ConcurrentGCThread "G1 Main Marker" [stack: 0x000000a771600000,0x000000a771700000] [id=11540]
  0x000002636c365d90 WorkerThread "G1 Conc#0" [stack: 0x000000a771700000,0x000000a771800000] [id=5456]
  0x000002630f94eff0 WorkerThread "G1 Conc#1" [stack: 0x000000a772f00000,0x000000a773000000] [id=9752]
  0x000002636c3be660 ConcurrentGCThread "G1 Refine#0" [stack: 0x000000a771800000,0x000000a771900000] [id=196]
  0x000002637b790140 ConcurrentGCThread "G1 Service" [stack: 0x000000a771900000,0x000000a771a00000] [id=11972]

Threads with active compile tasks:
C2 CompilerThread0  4723939 5288 %     4       org.springframework.util.ReflectionUtils::findMethod @ 14 (109 bytes)
C2 CompilerThread1  4723939 5322       4       org.thymeleaf.util.ProcessorComparators$ProcessorPrecedenceComparator::compare (13 bytes)

VM state: not at safepoint (normal execution)

VM Mutex/Monitor currently owned by a thread: None

Heap address: 0x0000000084c00000, size: 1972 MB, Compressed Oops mode: 32-bit

CDS archive(s) mapped at: [0x0000000800000000-0x0000000800c40000-0x0000000800c40000), size 12845056, SharedBaseAddress: 0x0000000800000000, ArchiveRelocationMode: 0.
Compressed class space mapped at: 0x0000000801000000-0x0000000841000000, reserved size: 1073741824
Narrow klass base: 0x0000000800000000, Narrow klass shift: 0, Narrow klass range: 0x100000000

GC Precious Log:
 CardTable entry size: 512
 Card Set container configuration: InlinePtr #cards 5 size 8 Array Of Cards #cards 12 size 40 Howl #buckets 4 coarsen threshold 1843 Howl Bitmap #cards 512 size 80 coarsen threshold 460 Card regions per heap region 1 cards per card region 2048
 CPUs: 8 total, 8 available
 Memory: 7883M
 Large Page Support: Disabled
 NUMA Support: Disabled
 Compressed Oops: Enabled (32-bit)
 Heap Region Size: 1M
 Heap Min Capacity: 8M
 Heap Initial Capacity: 124M
 Heap Max Capacity: 1972M
 Pre-touch: Disabled
 Parallel Workers: 8
 Concurrent Workers: 2
 Concurrent Refinement Workers: 8
 Periodic GC: Disabled

Heap:
 garbage-first heap   total 68608K, used 26256K [0x0000000084c00000, 0x0000000100000000)
  region size 1024K, 6 young (6144K), 4 survivors (4096K)
 Metaspace       used 57108K, committed 57728K, reserved 1114112K
  class space    used 7435K, committed 7744K, reserved 1048576K

Heap Regions: E=young(eden), S=young(survivor), O=old, HS=humongous(starts), HC=humongous(continues), CS=collection set, F=free, OA=open archive, CA=closed archive, TAMS=top-at-mark-start (previous, next)
|   0|0x0000000084c00000, 0x0000000084d00000, 0x0000000084d00000|100%|HS|  |TAMS 0x0000000084d00000, 0x0000000084c00000| Complete 
|   1|0x0000000084d00000, 0x0000000084e00000, 0x0000000084e00000|100%| O|  |TAMS 0x0000000084e00000, 0x0000000084d00000| Untracked 
|   2|0x0000000084e00000, 0x0000000084f00000, 0x0000000084f00000|100%| O|  |TAMS 0x0000000084f00000, 0x0000000084e00000| Untracked 
|   3|0x0000000084f00000, 0x0000000085000000, 0x0000000085000000|100%| O|  |TAMS 0x0000000085000000, 0x0000000084f00000| Untracked 
|   4|0x0000000085000000, 0x0000000085100000, 0x0000000085100000|100%| O|  |TAMS 0x0000000085100000, 0x0000000085000000| Untracked 
|   5|0x0000000085100000, 0x0000000085200000, 0x0000000085200000|100%| O|  |TAMS 0x0000000085200000, 0x0000000085100000| Untracked 
|   6|0x0000000085200000, 0x0000000085300000, 0x0000000085300000|100%| O|  |TAMS 0x0000000085200000, 0x0000000085200000| Untracked 
|   7|0x0000000085300000, 0x0000000085400000, 0x0000000085400000|100%| O|  |TAMS 0x0000000085400000, 0x0000000085300000| Untracked 
|   8|0x0000000085400000, 0x0000000085500000, 0x0000000085500000|100%| O|  |TAMS 0x0000000085500000, 0x0000000085400000| Untracked 
|   9|0x0000000085500000, 0x0000000085600000, 0x0000000085600000|100%| O|  |TAMS 0x0000000085600000, 0x0000000085500000| Untracked 
|  10|0x0000000085600000, 0x0000000085700000, 0x0000000085700000|100%| O|  |TAMS 0x0000000085700000, 0x0000000085600000| Untracked 
|  11|0x0000000085700000, 0x0000000085800000, 0x0000000085800000|100%| O|  |TAMS 0x0000000085800000, 0x0000000085700000| Untracked 
|  12|0x0000000085800000, 0x0000000085900000, 0x0000000085900000|100%| O|  |TAMS 0x0000000085900000, 0x0000000085800000| Untracked 
|  13|0x0000000085900000, 0x0000000085a00000, 0x0000000085a00000|100%| O|  |TAMS 0x0000000085a00000, 0x0000000085900000| Untracked 
|  14|0x0000000085a00000, 0x0000000085b00000, 0x0000000085b00000|100%| O|  |TAMS 0x0000000085b00000, 0x0000000085a00000| Untracked 
|  15|0x0000000085b00000, 0x0000000085c00000, 0x0000000085c00000|100%| O|  |TAMS 0x0000000085b00000, 0x0000000085b00000| Untracked 
|  16|0x0000000085c00000, 0x0000000085d00000, 0x0000000085d00000|100%| O|  |TAMS 0x0000000085c00000, 0x0000000085c00000| Untracked 
|  17|0x0000000085d00000, 0x0000000085e00000, 0x0000000085e00000|100%| O|  |TAMS 0x0000000085d00000, 0x0000000085d00000| Untracked 
|  18|0x0000000085e00000, 0x0000000085f00000, 0x0000000085f00000|100%| O|  |TAMS 0x0000000085e00000, 0x0000000085e00000| Untracked 
|  19|0x0000000085f00000, 0x0000000086000000, 0x0000000086000000|100%| O|  |TAMS 0x0000000085f00000, 0x0000000085f00000| Untracked 
|  20|0x0000000086000000, 0x0000000086100000, 0x0000000086100000|100%| O|  |TAMS 0x0000000086000000, 0x0000000086000000| Untracked 
|  21|0x0000000086100000, 0x0000000086185400, 0x0000000086200000| 52%| O|  |TAMS 0x0000000086100000, 0x0000000086100000| Untracked 
|  22|0x0000000086200000, 0x0000000086200000, 0x0000000086300000|  0%| F|  |TAMS 0x0000000086200000, 0x0000000086200000| Untracked 
|  23|0x0000000086300000, 0x0000000086300000, 0x0000000086400000|  0%| F|  |TAMS 0x0000000086300000, 0x0000000086300000| Untracked 
|  24|0x0000000086400000, 0x0000000086400000, 0x0000000086500000|  0%| F|  |TAMS 0x0000000086400000, 0x0000000086400000| Untracked 
|  25|0x0000000086500000, 0x0000000086500000, 0x0000000086600000|  0%| F|  |TAMS 0x0000000086500000, 0x0000000086500000| Untracked 
|  26|0x0000000086600000, 0x0000000086600000, 0x0000000086700000|  0%| F|  |TAMS 0x0000000086600000, 0x0000000086600000| Untracked 
|  27|0x0000000086700000, 0x0000000086700000, 0x0000000086800000|  0%| F|  |TAMS 0x0000000086700000, 0x0000000086700000| Untracked 
|  28|0x0000000086800000, 0x0000000086800000, 0x0000000086900000|  0%| F|  |TAMS 0x0000000086800000, 0x0000000086800000| Untracked 
|  29|0x0000000086900000, 0x0000000086900000, 0x0000000086a00000|  0%| F|  |TAMS 0x0000000086900000, 0x0000000086900000| Untracked 
|  30|0x0000000086a00000, 0x0000000086a00000, 0x0000000086b00000|  0%| F|  |TAMS 0x0000000086a00000, 0x0000000086a00000| Untracked 
|  31|0x0000000086b00000, 0x0000000086b1eee0, 0x0000000086c00000| 12%| S|CS|TAMS 0x0000000086b00000, 0x0000000086b00000| Complete 
|  32|0x0000000086c00000, 0x0000000086c00000, 0x0000000086d00000|  0%| F|  |TAMS 0x0000000086c00000, 0x0000000086c00000| Untracked 
|  33|0x0000000086d00000, 0x0000000086d00000, 0x0000000086e00000|  0%| F|  |TAMS 0x0000000086d00000, 0x0000000086d00000| Untracked 
|  34|0x0000000086e00000, 0x0000000086e00000, 0x0000000086f00000|  0%| F|  |TAMS 0x0000000086e00000, 0x0000000086e00000| Untracked 
|  35|0x0000000086f00000, 0x0000000087000000, 0x0000000087000000|100%| S|CS|TAMS 0x0000000086f00000, 0x0000000086f00000| Complete 
|  36|0x0000000087000000, 0x0000000087100000, 0x0000000087100000|100%| S|CS|TAMS 0x0000000087000000, 0x0000000087000000| Complete 
|  37|0x0000000087100000, 0x0000000087200000, 0x0000000087200000|100%| S|CS|TAMS 0x0000000087100000, 0x0000000087100000| Complete 
|  38|0x0000000087200000, 0x0000000087200000, 0x0000000087300000|  0%| F|  |TAMS 0x0000000087200000, 0x0000000087200000| Untracked 
|  39|0x0000000087300000, 0x0000000087300000, 0x0000000087400000|  0%| F|  |TAMS 0x0000000087300000, 0x0000000087300000| Untracked 
|  40|0x0000000087400000, 0x0000000087400000, 0x0000000087500000|  0%| F|  |TAMS 0x0000000087400000, 0x0000000087400000| Untracked 
|  41|0x0000000087500000, 0x0000000087500000, 0x0000000087600000|  0%| F|  |TAMS 0x0000000087500000, 0x0000000087500000| Untracked 
|  42|0x0000000087600000, 0x0000000087600000, 0x0000000087700000|  0%| F|  |TAMS 0x0000000087600000, 0x0000000087600000| Untracked 
|  43|0x0000000087700000, 0x0000000087700000, 0x0000000087800000|  0%| F|  |TAMS 0x0000000087700000, 0x0000000087700000| Untracked 
|  44|0x0000000087800000, 0x0000000087800000, 0x0000000087900000|  0%| F|  |TAMS 0x0000000087800000, 0x0000000087800000| Untracked 
|  45|0x0000000087900000, 0x0000000087900000, 0x0000000087a00000|  0%| F|  |TAMS 0x0000000087900000, 0x0000000087900000| Untracked 
|  46|0x0000000087a00000, 0x0000000087a00000, 0x0000000087b00000|  0%| F|  |TAMS 0x0000000087a00000, 0x0000000087a00000| Untracked 
|  47|0x0000000087b00000, 0x0000000087b00000, 0x0000000087c00000|  0%| F|  |TAMS 0x0000000087b00000, 0x0000000087b00000| Untracked 
|  48|0x0000000087c00000, 0x0000000087c00000, 0x0000000087d00000|  0%| F|  |TAMS 0x0000000087c00000, 0x0000000087c00000| Untracked 
|  49|0x0000000087d00000, 0x0000000087d00000, 0x0000000087e00000|  0%| F|  |TAMS 0x0000000087d00000, 0x0000000087d00000| Untracked 
|  50|0x0000000087e00000, 0x0000000087e00000, 0x0000000087f00000|  0%| F|  |TAMS 0x0000000087e00000, 0x0000000087e00000| Untracked 
|  51|0x0000000087f00000, 0x0000000087f00000, 0x0000000088000000|  0%| F|  |TAMS 0x0000000087f00000, 0x0000000087f00000| Untracked 
|  52|0x0000000088000000, 0x0000000088000000, 0x0000000088100000|  0%| F|  |TAMS 0x0000000088000000, 0x0000000088000000| Untracked 
|  53|0x0000000088100000, 0x0000000088100000, 0x0000000088200000|  0%| F|  |TAMS 0x0000000088100000, 0x0000000088100000| Untracked 
|  54|0x0000000088200000, 0x0000000088200000, 0x0000000088300000|  0%| F|  |TAMS 0x0000000088200000, 0x0000000088200000| Untracked 
|  55|0x0000000088300000, 0x0000000088300000, 0x0000000088400000|  0%| F|  |TAMS 0x0000000088300000, 0x0000000088300000| Untracked 
|  56|0x0000000088400000, 0x0000000088400000, 0x0000000088500000|  0%| F|  |TAMS 0x0000000088400000, 0x0000000088400000| Untracked 
|  57|0x0000000088500000, 0x0000000088500000, 0x0000000088600000|  0%| F|  |TAMS 0x0000000088500000, 0x0000000088500000| Untracked 
|  58|0x0000000088600000, 0x0000000088600000, 0x0000000088700000|  0%| F|  |TAMS 0x0000000088600000, 0x0000000088600000| Untracked 
|  59|0x0000000088700000, 0x0000000088700000, 0x0000000088800000|  0%| F|  |TAMS 0x0000000088700000, 0x0000000088700000| Untracked 
|  60|0x0000000088800000, 0x0000000088800000, 0x0000000088900000|  0%| F|  |TAMS 0x0000000088800000, 0x0000000088800000| Untracked 
|  61|0x0000000088900000, 0x0000000088900000, 0x0000000088a00000|  0%| F|  |TAMS 0x0000000088900000, 0x0000000088900000| Untracked 
|  62|0x0000000088a00000, 0x0000000088a00000, 0x0000000088b00000|  0%| F|  |TAMS 0x0000000088a00000, 0x0000000088a00000| Untracked 
|  63|0x0000000088b00000, 0x0000000088b00000, 0x0000000088c00000|  0%| F|  |TAMS 0x0000000088b00000, 0x0000000088b00000| Untracked 
|  64|0x0000000088c00000, 0x0000000088c00000, 0x0000000088d00000|  0%| F|  |TAMS 0x0000000088c00000, 0x0000000088c00000| Untracked 
|  80|0x0000000089c00000, 0x0000000089cc3940, 0x0000000089d00000| 76%| E|  |TAMS 0x0000000089c00000, 0x0000000089c00000| Complete 
| 123|0x000000008c700000, 0x000000008c800000, 0x000000008c800000|100%| E|CS|TAMS 0x000000008c700000, 0x000000008c700000| Complete 

Card table byte_map: [0x0000026374970000,0x0000026374d50000] _byte_map_base: 0x000002637454a000

Marking Bits (Prev, Next): (CMBitMap*) 0x000002636c3542f0, (CMBitMap*) 0x000002636c354330
 Prev Bits: [0x0000026375130000, 0x0000026377000000)
 Next Bits: [0x0000026377000000, 0x0000026378ed0000)

Polling page: 0x000002636bac0000

Metaspace:

Usage:
  Non-class:     48.52 MB used.
      Class:      7.26 MB used.
       Both:     55.78 MB used.

Virtual space:
  Non-class space:       64.00 MB reserved,      48.81 MB ( 76%) committed,  1 nodes.
      Class space:        1.00 GB reserved,       7.56 MB ( <1%) committed,  1 nodes.
             Both:        1.06 GB reserved,      56.38 MB (  5%) committed. 

Chunk freelists:
   Non-Class:  2.97 MB
       Class:  304.00 KB
        Both:  3.27 MB

MaxMetaspaceSize: unlimited
CompressedClassSpaceSize: 1.00 GB
Initial GC threshold: 21.00 MB
Current GC threshold: 59.06 MB
CDS: on
MetaspaceReclaimPolicy: balanced
 - commit_granule_bytes: 65536.
 - commit_granule_words: 8192.
 - virtual_space_node_default_size: 8388608.
 - enlarge_chunks_in_place: 1.
 - new_chunks_are_fully_committed: 0.
 - uncommit_free_chunks: 1.
 - use_allocation_guard: 0.


Internal statistics:

num_allocs_failed_limit: 6.
num_arena_births: 824.
num_arena_deaths: 0.
num_vsnodes_births: 2.
num_vsnodes_deaths: 0.
num_space_committed: 902.
num_space_uncommitted: 0.
num_chunks_returned_to_freelist: 6.
num_chunks_taken_from_freelist: 2842.
num_chunk_merges: 6.
num_chunk_splits: 2060.
num_chunks_enlarged: 1684.
num_inconsistent_stats: 0.

CodeHeap 'non-profiled nmethods': size=120000Kb used=3055Kb max_used=3150Kb free=116944Kb
 bounds [0x0000026307ad0000, 0x0000026307e00000, 0x000002630f000000]
CodeHeap 'profiled nmethods': size=120000Kb used=8449Kb max_used=9273Kb free=111550Kb
 bounds [0x0000026300000000, 0x0000026300910000, 0x0000026307530000]
CodeHeap 'non-nmethods': size=5760Kb used=1417Kb max_used=1464Kb free=4342Kb
 bounds [0x0000026307530000, 0x00000263077a0000, 0x0000026307ad0000]
 total_blobs=5139 nmethods=4493 adapters=556
 compilation: enabled
              stopped_count=0, restarted_count=0
 full_count=0

Compilation events (20 events):
Event: 4723.909 Thread 0x000002637b924d60 5299       2       java.util.concurrent.locks.AbstractQueuedSynchronizer::acquireShared (20 bytes)
Event: 4723.909 Thread 0x000002637b924d60 nmethod 5299 0x00000263000ecb10 code [0x00000263000eccc0, 0x00000263000ece58]
Event: 4723.909 Thread 0x000002637b924d60 5300       2       java.util.concurrent.locks.ReentrantReadWriteLock$Sync::tryReleaseShared (146 bytes)
Event: 4723.909 Thread 0x000002637b924d60 nmethod 5300 0x000002630015e510 code [0x000002630015e720, 0x000002630015ec38]
Event: 4723.910 Thread 0x000002637b924d60 5303       3       org.thymeleaf.engine.AttributeNames$AttributeNamesRepository::binarySearch (287 bytes)
Event: 4723.911 Thread 0x000002637b924d60 nmethod 5303 0x0000026300371010 code [0x0000026300371440, 0x0000026300373178]
Event: 4723.911 Thread 0x000002637b924d60 5305       3       org.thymeleaf.engine.AttributeNames$AttributeNamesRepository::binarySearch (83 bytes)
Event: 4723.911 Thread 0x000002637b924d60 nmethod 5305 0x00000263000ec190 code [0x00000263000ec380, 0x00000263000ec928]
Event: 4723.911 Thread 0x000002637b924d60 5301       3       java.util.concurrent.locks.AbstractQueuedSynchronizer::hasQueuedPredecessors (58 bytes)
Event: 4723.911 Thread 0x000002637b924d60 nmethod 5301 0x000002630015dd90 code [0x000002630015df40, 0x000002630015e248]
Event: 4723.911 Thread 0x000002637b924d60 5302       1       org.thymeleaf.templatemode.TemplateMode::isText (5 bytes)
Event: 4723.911 Thread 0x000002637b924d60 nmethod 5302 0x0000026307b8aa10 code [0x0000026307b8aba0, 0x0000026307b8ac78]
Event: 4723.920 Thread 0x000002637b924d60 5306       3       java.util.concurrent.locks.ReentrantReadWriteLock$WriteLock::lock (9 bytes)
Event: 4723.920 Thread 0x000002637b924d60 nmethod 5306 0x0000026300191710 code [0x00000263001918c0, 0x0000026300191a08]
Event: 4723.920 Thread 0x000002637b924d60 5307       3       java.util.concurrent.locks.ReentrantReadWriteLock$Sync::tryAcquire (92 bytes)
Event: 4723.921 Thread 0x000002637b924d60 nmethod 5307 0x0000026300190d10 code [0x0000026300190f20, 0x00000263001915a8]
Event: 4723.921 Thread 0x000002637b924d60 5308       3       org.thymeleaf.processor.AbstractProcessor::<init> (21 bytes)
Event: 4723.921 Thread 0x000002637b924d60 nmethod 5308 0x00000263005bd790 code [0x00000263005bd960, 0x00000263005bdca8]
Event: 4723.921 Thread 0x000002637b924d60 5309       3       org.thymeleaf.processor.element.AbstractElementTagProcessor::<init> (83 bytes)
Event: 4723.921 Thread 0x000002637b924d60 nmethod 5309 0x00000263005bcc10 code [0x00000263005bce40, 0x00000263005bd568]

GC Heap History (20 events):
Event: 0.705 GC heap before
{Heap before GC invocations=1 (full 0):
 garbage-first heap   total 126976K, used 35411K [0x0000000084c00000, 0x0000000100000000)
  region size 1024K, 32 young (32768K), 3 survivors (3072K)
 Metaspace       used 14483K, committed 14720K, reserved 1114112K
  class space    used 1699K, committed 1792K, reserved 1048576K
}
Event: 0.709 GC heap after
{Heap after GC invocations=2 (full 0):
 garbage-first heap   total 126976K, used 9148K [0x0000000084c00000, 0x0000000100000000)
  region size 1024K, 3 young (3072K), 3 survivors (3072K)
 Metaspace       used 14483K, committed 14720K, reserved 1114112K
  class space    used 1699K, committed 1792K, reserved 1048576K
}
Event: 1.268 GC heap before
{Heap before GC invocations=2 (full 0):
 garbage-first heap   total 126976K, used 49084K [0x0000000084c00000, 0x0000000100000000)
  region size 1024K, 43 young (44032K), 3 survivors (3072K)
 Metaspace       used 21135K, committed 21504K, reserved 1114112K
  class space    used 2515K, committed 2688K, reserved 1048576K
}
Event: 1.273 GC heap after
{Heap after GC invocations=3 (full 0):
 garbage-first heap   total 126976K, used 12341K [0x0000000084c00000, 0x0000000100000000)
  region size 1024K, 6 young (6144K), 6 survivors (6144K)
 Metaspace       used 21135K, committed 21504K, reserved 1114112K
  class space    used 2515K, committed 2688K, reserved 1048576K
}
Event: 1.644 GC heap before
{Heap before GC invocations=4 (full 0):
 garbage-first heap   total 48128K, used 34869K [0x0000000084c00000, 0x0000000100000000)
  region size 1024K, 28 young (28672K), 6 survivors (6144K)
 Metaspace       used 26171K, committed 26624K, reserved 1114112K
  class space    used 3170K, committed 3392K, reserved 1048576K
}
Event: 1.652 GC heap after
{Heap after GC invocations=5 (full 0):
 garbage-first heap   total 48128K, used 14861K [0x0000000084c00000, 0x0000000100000000)
  region size 1024K, 3 young (3072K), 3 survivors (3072K)
 Metaspace       used 26171K, committed 26624K, reserved 1114112K
  class space    used 3170K, committed 3392K, reserved 1048576K
}
Event: 1.671 GC heap before
{Heap before GC invocations=5 (full 0):
 garbage-first heap   total 48128K, used 15885K [0x0000000084c00000, 0x0000000100000000)
  region size 1024K, 4 young (4096K), 3 survivors (3072K)
 Metaspace       used 26377K, committed 26816K, reserved 1114112K
  class space    used 3196K, committed 3392K, reserved 1048576K
}
Event: 1.674 GC heap after
{Heap after GC invocations=6 (full 0):
 garbage-first heap   total 48128K, used 15717K [0x0000000084c00000, 0x0000000100000000)
  region size 1024K, 1 young (1024K), 1 survivors (1024K)
 Metaspace       used 26377K, committed 26816K, reserved 1114112K
  class space    used 3196K, committed 3392K, reserved 1048576K
}
Event: 1.952 GC heap before
{Heap before GC invocations=6 (full 0):
 garbage-first heap   total 48128K, used 33125K [0x0000000084c00000, 0x0000000100000000)
  region size 1024K, 19 young (19456K), 1 survivors (1024K)
 Metaspace       used 30326K, committed 30848K, reserved 1114112K
  class space    used 3735K, committed 3968K, reserved 1048576K
}
Event: 1.957 GC heap after
{Heap after GC invocations=7 (full 0):
 garbage-first heap   total 76800K, used 16705K [0x0000000084c00000, 0x0000000100000000)
  region size 1024K, 2 young (2048K), 2 survivors (2048K)
 Metaspace       used 30326K, committed 30848K, reserved 1114112K
  class space    used 3735K, committed 3968K, reserved 1048576K
}
Event: 2.365 GC heap before
{Heap before GC invocations=7 (full 0):
 garbage-first heap   total 76800K, used 31041K [0x0000000084c00000, 0x0000000100000000)
  region size 1024K, 18 young (18432K), 2 survivors (2048K)
 Metaspace       used 35455K, committed 35968K, reserved 1114112K
  class space    used 4453K, committed 4736K, reserved 1048576K
}
Event: 2.368 GC heap after
{Heap after GC invocations=8 (full 0):
 garbage-first heap   total 76800K, used 17746K [0x0000000084c00000, 0x0000000100000000)
  region size 1024K, 3 young (3072K), 3 survivors (3072K)
 Metaspace       used 35455K, committed 35968K, reserved 1114112K
  class space    used 4453K, committed 4736K, reserved 1048576K
}
Event: 3.039 GC heap before
{Heap before GC invocations=9 (full 0):
 garbage-first heap   total 68608K, used 54610K [0x0000000084c00000, 0x0000000100000000)
  region size 1024K, 40 young (40960K), 3 survivors (3072K)
 Metaspace       used 46432K, committed 46976K, reserved 1114112K
  class space    used 6082K, committed 6336K, reserved 1048576K
}
Event: 3.043 GC heap after
{Heap after GC invocations=10 (full 0):
 garbage-first heap   total 68608K, used 19909K [0x0000000084c00000, 0x0000000100000000)
  region size 1024K, 5 young (5120K), 5 survivors (5120K)
 Metaspace       used 46432K, committed 46976K, reserved 1114112K
  class space    used 6082K, committed 6336K, reserved 1048576K
}
Event: 3.049 GC heap before
{Heap before GC invocations=10 (full 0):
 garbage-first heap   total 68608K, used 19909K [0x0000000084c00000, 0x0000000100000000)
  region size 1024K, 6 young (6144K), 5 survivors (5120K)
 Metaspace       used 46532K, committed 47040K, reserved 1114112K
  class space    used 6102K, committed 6336K, reserved 1048576K
}
Event: 3.052 GC heap after
{Heap after GC invocations=11 (full 0):
 garbage-first heap   total 68608K, used 19823K [0x0000000084c00000, 0x0000000100000000)
  region size 1024K, 1 young (1024K), 1 survivors (1024K)
 Metaspace       used 46532K, committed 47040K, reserved 1114112K
  class space    used 6102K, committed 6336K, reserved 1048576K
}
Event: 3.441 GC heap before
{Heap before GC invocations=11 (full 0):
 garbage-first heap   total 68608K, used 50543K [0x0000000084c00000, 0x0000000100000000)
  region size 1024K, 32 young (32768K), 1 survivors (1024K)
 Metaspace       used 52775K, committed 53312K, reserved 1114112K
  class space    used 6916K, committed 7168K, reserved 1048576K
}
Event: 3.443 GC heap after
{Heap after GC invocations=12 (full 0):
 garbage-first heap   total 68608K, used 22194K [0x0000000084c00000, 0x0000000100000000)
  region size 1024K, 3 young (3072K), 3 survivors (3072K)
 Metaspace       used 52775K, committed 53312K, reserved 1114112K
  class space    used 6916K, committed 7168K, reserved 1048576K
}
Event: 4723.897 GC heap before
{Heap before GC invocations=12 (full 0):
 garbage-first heap   total 68608K, used 51890K [0x0000000084c00000, 0x0000000100000000)
  region size 1024K, 32 young (32768K), 3 survivors (3072K)
 Metaspace       used 56734K, committed 57344K, reserved 1114112K
  class space    used 7371K, committed 7680K, reserved 1048576K
}
Event: 4723.902 GC heap after
{Heap after GC invocations=13 (full 0):
 garbage-first heap   total 68608K, used 25232K [0x0000000084c00000, 0x0000000100000000)
  region size 1024K, 4 young (4096K), 4 survivors (4096K)
 Metaspace       used 56734K, committed 57344K, reserved 1114112K
  class space    used 7371K, committed 7680K, reserved 1048576K
}

Dll operation events (13 events):
Event: 0.004 Loaded shared library C:\Program Files\Java\jdk-19\bin\java.dll
Event: 0.012 Loaded shared library C:\Program Files\Java\jdk-19\bin\jsvml.dll
Event: 0.063 Loaded shared library C:\Program Files\Java\jdk-19\bin\zip.dll
Event: 0.065 Loaded shared library C:\Program Files\Java\jdk-19\bin\instrument.dll
Event: 0.068 Loaded shared library C:\Program Files\Java\jdk-19\bin\net.dll
Event: 0.069 Loaded shared library C:\Program Files\Java\jdk-19\bin\nio.dll
Event: 0.071 Loaded shared library C:\Program Files\Java\jdk-19\bin\zip.dll
Event: 0.119 Loaded shared library C:\Program Files\Java\jdk-19\bin\extnet.dll
Event: 0.140 Loaded shared library C:\Program Files\Java\jdk-19\bin\jimage.dll
Event: 0.591 Loaded shared library C:\Program Files\Java\jdk-19\bin\verify.dll
Event: 1.659 Loaded shared library C:\Program Files\Java\jdk-19\bin\sunmscapi.dll
Event: 1.682 Loaded shared library C:\Program Files\Java\jdk-19\bin\management.dll
Event: 1.683 Loaded shared library C:\Program Files\Java\jdk-19\bin\management_ext.dll

Deoptimization events (20 events):
Event: 3835.071 Thread 0x000002637b929710 Uncommon trap: trap_request=0xffffffd6 fr.pc=0x0000026307b3f980 relative=0x00000000000005e0
Event: 3835.071 Thread 0x000002637b929710 Uncommon trap: reason=array_check action=maybe_recompile pc=0x0000026307b3f980 method=java.util.HashMap.valuesToArray([Ljava/lang/Object;)[Ljava/lang/Object; @ 62 c2
Event: 3835.071 Thread 0x000002637b929710 DEOPT PACKING pc=0x0000026307b3f980 sp=0x000000a7732fecf0
Event: 3835.071 Thread 0x000002637b929710 DEOPT UNPACKING pc=0x000002630759a5a3 sp=0x000000a7732fec88 mode 2
Event: 3835.071 Thread 0x000002637b929710 Uncommon trap: trap_request=0xffffffd6 fr.pc=0x0000026307b3f980 relative=0x00000000000005e0
Event: 3835.071 Thread 0x000002637b929710 Uncommon trap: reason=array_check action=maybe_recompile pc=0x0000026307b3f980 method=java.util.HashMap.valuesToArray([Ljava/lang/Object;)[Ljava/lang/Object; @ 62 c2
Event: 3835.071 Thread 0x000002637b929710 DEOPT PACKING pc=0x0000026307b3f980 sp=0x000000a7732fec10
Event: 3835.071 Thread 0x000002637b929710 DEOPT UNPACKING pc=0x000002630759a5a3 sp=0x000000a7732feba8 mode 2
Event: 3835.071 Thread 0x000002637b929710 Uncommon trap: trap_request=0xffffffd6 fr.pc=0x0000026307b3f980 relative=0x00000000000005e0
Event: 3835.071 Thread 0x000002637b929710 Uncommon trap: reason=array_check action=maybe_recompile pc=0x0000026307b3f980 method=java.util.HashMap.valuesToArray([Ljava/lang/Object;)[Ljava/lang/Object; @ 62 c2
Event: 3835.071 Thread 0x000002637b929710 DEOPT PACKING pc=0x0000026307b3f980 sp=0x000000a7732feb30
Event: 3835.071 Thread 0x000002637b929710 DEOPT UNPACKING pc=0x000002630759a5a3 sp=0x000000a7732feac8 mode 2
Event: 3845.078 Thread 0x000002637b929710 Uncommon trap: trap_request=0xffffffd6 fr.pc=0x0000026307b3f980 relative=0x00000000000005e0
Event: 3845.078 Thread 0x000002637b929710 Uncommon trap: reason=array_check action=maybe_recompile pc=0x0000026307b3f980 method=java.util.HashMap.valuesToArray([Ljava/lang/Object;)[Ljava/lang/Object; @ 62 c2
Event: 3845.078 Thread 0x000002637b929710 DEOPT PACKING pc=0x0000026307b3f980 sp=0x000000a7732fecf0
Event: 3845.078 Thread 0x000002637b929710 DEOPT UNPACKING pc=0x000002630759a5a3 sp=0x000000a7732fec88 mode 2
Event: 4723.829 Thread 0x0000026312a59080 Uncommon trap: trap_request=0xffffff45 fr.pc=0x0000026307b1a3f0 relative=0x00000000000001d0
Event: 4723.829 Thread 0x0000026312a59080 Uncommon trap: reason=unstable_if action=reinterpret pc=0x0000026307b1a3f0 method=org.apache.tomcat.util.net.NioEndpoint$Poller.events()Z @ 18 c2
Event: 4723.829 Thread 0x0000026312a59080 DEOPT PACKING pc=0x0000026307b1a3f0 sp=0x000000a7742ff4e0
Event: 4723.829 Thread 0x0000026312a59080 DEOPT UNPACKING pc=0x000002630759a5a3 sp=0x000000a7742ff468 mode 2

Classes loaded (20 events):
Event: 11.273 Loading class java/nio/channels/spi/AbstractSelectionKey done
Event: 11.273 Loading class sun/nio/ch/SelectionKeyImpl done
Event: 11.274 Loading class java/lang/invoke/ConstantBootstraps
Event: 11.274 Loading class java/lang/invoke/ConstantBootstraps done
Event: 11.455 Loading class java/time/format/DateTimeFormatterBuilder$ZoneTextPrinterParser
Event: 11.456 Loading class java/time/format/DateTimeFormatterBuilder$ZoneTextPrinterParser done
Event: 11.456 Loading class java/time/format/DateTimeFormatterBuilder$ReducedPrinterParser
Event: 11.456 Loading class java/time/format/DateTimeFormatterBuilder$ReducedPrinterParser done
Event: 11.513 Loading class java/io/PrintWriter$1
Event: 11.513 Loading class jdk/internal/access/JavaIOPrintWriterAccess
Event: 11.514 Loading class jdk/internal/access/JavaIOPrintWriterAccess done
Event: 11.514 Loading class java/io/PrintWriter$1 done
Event: 11.763 Loading class java/util/Collections$ReverseComparator
Event: 11.763 Loading class java/util/Collections$ReverseComparator done
Event: 11.763 Loading class java/util/Collections$ReverseComparator2
Event: 11.763 Loading class java/util/Collections$ReverseComparator2 done
Event: 67.878 Loading class sun/net/ConnectionResetException
Event: 67.879 Loading class sun/net/ConnectionResetException done
Event: 4723.887 Loading class java/util/concurrent/locks/ReentrantReadWriteLock$FairSync
Event: 4723.887 Loading class java/util/concurrent/locks/ReentrantReadWriteLock$FairSync done

Classes unloaded (0 events):
No events

Classes redefined (0 events):
No events

Internal exceptions (20 events):
Event: 3.083 Thread 0x000002636c2f5510 Exception <a 'java/lang/NoSuchMethodError'{0x0000000088b42798}: 'java.lang.Object java.lang.invoke.DirectMethodHandle$Holder.newInvokeSpecial(java.lang.Object, java.lang.Object, java.lang.Object, java.lang.Object, java.lang.Object, java.lang.Object, java.lang.Object)'> (0x0000000088b42798) 
thrown [s\open\src\hotspot\share\interpreter\linkResolver.cpp, line 774]
Event: 3.116 Thread 0x000002636c2f5510 Exception <a 'java/lang/NoSuchMethodError'{0x000000008890be48}: 'void java.lang.invoke.Invokers$Holder.invokeExact_MT(java.lang.Object, java.lang.Object, java.lang.Object, java.lang.Object)'> (0x000000008890be48) 
thrown [s\open\src\hotspot\share\interpreter\linkResolver.cpp, line 774]
Event: 3.131 Thread 0x000002636c2f5510 Implicit null exception at 0x0000026307d3bd4b to 0x0000026307d3bf44
Event: 3.151 Thread 0x000002636c2f5510 Implicit null exception at 0x0000026307d6878e to 0x0000026307d69eb0
Event: 3.155 Thread 0x000002636c2f5510 Exception <a 'java/lang/IncompatibleClassChangeError'{0x000000008865f4d0}: Found class java.lang.Object, but interface was expected> (0x000000008865f4d0) 
thrown [s\open\src\hotspot\share\interpreter\linkResolver.cpp, line 841]
Event: 3.173 Thread 0x000002636c2f5510 Exception <a 'java/lang/IncompatibleClassChangeError'{0x00000000885c6988}: Found class java.lang.Object, but interface was expected> (0x00000000885c6988) 
thrown [s\open\src\hotspot\share\interpreter\linkResolver.cpp, line 841]
Event: 3.242 Thread 0x000002636c2f5510 Exception <a 'java/lang/IncompatibleClassChangeError'{0x0000000087e2eb58}: Found class java.lang.Object, but interface was expected> (0x0000000087e2eb58) 
thrown [s\open\src\hotspot\share\interpreter\linkResolver.cpp, line 841]
Event: 3.279 Thread 0x000002636c2f5510 Exception <a 'java/lang/IncompatibleClassChangeError'{0x0000000087b6db70}: Found class java.lang.Object, but interface was expected> (0x0000000087b6db70) 
thrown [s\open\src\hotspot\share\interpreter\linkResolver.cpp, line 841]
Event: 3.279 Thread 0x000002636c2f5510 Exception <a 'java/lang/IncompatibleClassChangeError'{0x0000000087b741b0}: Found class java.lang.Object, but interface was expected> (0x0000000087b741b0) 
thrown [s\open\src\hotspot\share\interpreter\linkResolver.cpp, line 841]
Event: 3.330 Thread 0x000002636c2f5510 Exception <a 'java/lang/NoSuchMethodError'{0x00000000878dccc0}: 'java.lang.Object java.lang.invoke.DirectMethodHandle$Holder.newInvokeSpecial(java.lang.Object, java.lang.Object, java.lang.Object, java.lang.Object, java.lang.Object, java.lang.Object, java.lang.Object, java.lang.Object)'> (0x00000000878dccc0) 
thrown [s\open\src\hotspot\share\interpreter\linkResolver.cpp, line 774]
Event: 3.408 Thread 0x000002636c2f5510 Exception <a 'java/lang/NoSuchMethodError'{0x0000000087157820}: 'void java.lang.invoke.DirectMethodHandle$Holder.invokeVirtual(java.lang.Object, java.lang.Object, long)'> (0x0000000087157820) 
thrown [s\open\src\hotspot\share\interpreter\linkResolver.cpp, line 774]
Event: 3.485 Thread 0x000002636c2f5510 Exception <a 'java/lang/IncompatibleClassChangeError'{0x0000000088cd20b8}: Found class java.lang.Object, but interface was expected> (0x0000000088cd20b8) 
thrown [s\open\src\hotspot\share\interpreter\linkResolver.cpp, line 841]
Event: 3.550 Thread 0x000002636c2f5510 Implicit null exception at 0x0000026307be3dda to 0x0000026307be400c
Event: 3.581 Thread 0x000002636c2f5510 Exception <a 'java/lang/NoSuchMethodError'{0x000000008847bd28}: 'java.lang.Object java.lang.invoke.DirectMethodHandle$Holder.newInvokeSpecial(java.lang.Object, java.lang.Object, int, java.lang.Object, java.lang.Object)'> (0x000000008847bd28) 
thrown [s\open\src\hotspot\share\interpreter\linkResolver.cpp, line 774]
Event: 3.581 Thread 0x000002636c2f5510 Exception <a 'java/lang/NoSuchMethodError'{0x0000000088487628}: 'java.lang.Object java.lang.invoke.DirectMethodHandle$Holder.invokeSpecial(java.lang.Object, java.lang.Object, int, java.lang.Object, int, java.lang.Object)'> (0x0000000088487628) 
thrown [s\open\src\hotspot\share\interpreter\linkResolver.cpp, line 774]
Event: 3.582 Thread 0x000002636c2f5510 Exception <a 'java/lang/NoSuchMethodError'{0x000000008848f410}: 'java.lang.Object java.lang.invoke.DirectMethodHandle$Holder.newInvokeSpecial(java.lang.Object, java.lang.Object, int, java.lang.Object, int)'> (0x000000008848f410) 
thrown [s\open\src\hotspot\share\interpreter\linkResolver.cpp, line 774]
Event: 3.582 Thread 0x000002636c2f5510 Exception <a 'java/lang/NoSuchMethodError'{0x0000000088493528}: 'java.lang.Object java.lang.invoke.DirectMethodHandle$Holder.invokeSpecial(java.lang.Object, java.lang.Object, java.lang.Object, int, java.lang.Object, int)'> (0x0000000088493528) 
thrown [s\open\src\hotspot\share\interpreter\linkResolver.cpp, line 774]
Event: 11.330 Thread 0x0000026312a5d040 Exception <a 'java/lang/NoSuchMethodError'{0x0000000088081260}: 'java.lang.Object java.lang.invoke.DirectMethodHandle$Holder.invokeSpecial(java.lang.Object, java.lang.Object, java.lang.Object, java.lang.Object, java.lang.Object, long)'> (0x0000000088081260) 
thrown [s\open\src\hotspot\share\interpreter\linkResolver.cpp, line 774]
Event: 11.330 Thread 0x0000026312a5d040 Exception <a 'java/lang/NoSuchMethodError'{0x0000000088084cb0}: 'java.lang.Object java.lang.invoke.Invokers$Holder.linkToTargetMethod(java.lang.Object, java.lang.Object, java.lang.Object, long, java.lang.Object)'> (0x0000000088084cb0) 
thrown [s\open\src\hotspot\share\interpreter\linkResolver.cpp, line 774]
Event: 67.879 Thread 0x000002637b928720 Exception <a 'sun/net/ConnectionResetException'{0x0000000087ca79d8}: Connection reset> (0x0000000087ca79d8) 
thrown [s\open\src\hotspot\share\prims\jni.cpp, line 536]

VM Operations (20 events):
Event: 3725.682 Executing VM operation: Cleanup
Event: 3725.682 Executing VM operation: Cleanup done
Event: 3835.926 Executing VM operation: Cleanup
Event: 3835.926 Executing VM operation: Cleanup done
Event: 3846.045 Executing VM operation: Cleanup
Event: 3846.045 Executing VM operation: Cleanup done
Event: 3915.839 Executing VM operation: Cleanup
Event: 3915.839 Executing VM operation: Cleanup done
Event: 4175.706 Executing VM operation: Cleanup
Event: 4175.706 Executing VM operation: Cleanup done
Event: 4180.770 Executing VM operation: Cleanup
Event: 4180.770 Executing VM operation: Cleanup done
Event: 4182.799 Executing VM operation: Cleanup
Event: 4182.799 Executing VM operation: Cleanup done
Event: 4723.888 Executing VM operation: HandshakeAllThreads
Event: 4723.888 Executing VM operation: HandshakeAllThreads done
Event: 4723.888 Executing VM operation: Cleanup
Event: 4723.888 Executing VM operation: Cleanup done
Event: 4723.897 Executing VM operation: G1CollectForAllocation
Event: 4723.903 Executing VM operation: G1CollectForAllocation done

Events (20 events):
Event: 3528.611 Thread 0x0000026312a5ab10 Thread added: 0x0000026312a5ab10
Event: 3528.611 Thread 0x0000026312a5b060 Thread added: 0x0000026312a5b060
Event: 3533.623 Thread 0x0000026312a5ab10 Thread exited: 0x0000026312a5ab10
Event: 3533.701 Thread 0x0000026312a5b060 Thread exited: 0x0000026312a5b060
Event: 3539.684 Thread 0x0000026312a5caf0 Thread added: 0x0000026312a5caf0
Event: 3539.684 Thread 0x0000026312a5dae0 Thread added: 0x0000026312a5dae0
Event: 3550.985 Thread 0x0000026312a5caf0 Thread exited: 0x0000026312a5caf0
Event: 3551.157 Thread 0x0000026312a5dae0 Thread exited: 0x0000026312a5dae0
Event: 3553.981 Thread 0x0000026312a5e580 Thread added: 0x0000026312a5e580
Event: 3553.982 Thread 0x0000026312a5caf0 Thread added: 0x0000026312a5caf0
Event: 3558.995 Thread 0x0000026312a5e580 Thread exited: 0x0000026312a5e580
Event: 3559.056 Thread 0x0000026312a5caf0 Thread exited: 0x0000026312a5caf0
Event: 3560.942 Thread 0x0000026312a5ead0 Thread added: 0x0000026312a5ead0
Event: 3560.942 Thread 0x0000026312a5ab10 Thread added: 0x0000026312a5ab10
Event: 3566.694 Thread 0x0000026312a5ead0 Thread exited: 0x0000026312a5ead0
Event: 3566.772 Thread 0x0000026312a5ab10 Thread exited: 0x0000026312a5ab10
Event: 3567.456 Thread 0x0000026312a5b060 Thread added: 0x0000026312a5b060
Event: 3567.456 Thread 0x0000026312a5ab10 Thread added: 0x0000026312a5ab10
Event: 3573.382 Thread 0x0000026312a5b060 Thread exited: 0x0000026312a5b060
Event: 3573.444 Thread 0x0000026312a5ab10 Thread exited: 0x0000026312a5ab10


Dynamic libraries:
0x00007ff6c5150000 - 0x00007ff6c5160000 	C:\Program Files\Java\jdk-19\bin\java.exe
0x00007ffd67c30000 - 0x00007ffd67e25000 	C:\Windows\SYSTEM32\ntdll.dll
0x00007ffd670f0000 - 0x00007ffd671ae000 	C:\Windows\System32\KERNEL32.DLL
0x00007ffd659b0000 - 0x00007ffd65c79000 	C:\Windows\System32\KERNELBASE.dll
0x00007ffd655e0000 - 0x00007ffd656e0000 	C:\Windows\System32\ucrtbase.dll
0x00007ffd38e80000 - 0x00007ffd38e98000 	C:\Program Files\Java\jdk-19\bin\jli.dll
0x00007ffd39020000 - 0x00007ffd3903b000 	C:\Program Files\Java\jdk-19\bin\VCRUNTIME140.dll
0x00007ffd65db0000 - 0x00007ffd65e5c000 	C:\Windows\System32\ADVAPI32.dll
0x00007ffd67660000 - 0x00007ffd676fe000 	C:\Windows\System32\msvcrt.dll
0x00007ffd67a80000 - 0x00007ffd67b1b000 	C:\Windows\System32\sechost.dll
0x00007ffd65c80000 - 0x00007ffd65daa000 	C:\Windows\System32\RPCRT4.dll
0x00007ffd66e10000 - 0x00007ffd66fb1000 	C:\Windows\System32\USER32.dll
0x00007ffd65980000 - 0x00007ffd659a2000 	C:\Windows\System32\win32u.dll
0x00007ffd4d340000 - 0x00007ffd4d5da000 	C:\Windows\WinSxS\amd64_microsoft.windows.common-controls_6595b64144ccf1df_6.0.19041.1110_none_60b5254171f9507e\COMCTL32.dll
0x00007ffd671e0000 - 0x00007ffd6720b000 	C:\Windows\System32\GDI32.dll
0x00007ffd65350000 - 0x00007ffd6545b000 	C:\Windows\System32\gdi32full.dll
0x00007ffd654f0000 - 0x00007ffd6558d000 	C:\Windows\System32\msvcp_win.dll
0x00007ffd5e9a0000 - 0x00007ffd5e9aa000 	C:\Windows\SYSTEM32\VERSION.dll
0x00007ffd671b0000 - 0x00007ffd671e0000 	C:\Windows\System32\IMM32.DLL
0x00007ffd38e70000 - 0x00007ffd38e7c000 	C:\Program Files\Java\jdk-19\bin\vcruntime140_1.dll
0x00007ffd02e20000 - 0x00007ffd02eae000 	C:\Program Files\Java\jdk-19\bin\msvcp140.dll
0x00007ffd02160000 - 0x00007ffd02e20000 	C:\Program Files\Java\jdk-19\bin\server\jvm.dll
0x00007ffd548a0000 - 0x00007ffd548c7000 	C:\Windows\SYSTEM32\WINMM.dll
0x00007ffd4bf80000 - 0x00007ffd4bf89000 	C:\Windows\SYSTEM32\WSOCK32.dll
0x00007ffd67290000 - 0x00007ffd672fb000 	C:\Windows\System32\WS2_32.dll
0x00007ffd63c20000 - 0x00007ffd63c32000 	C:\Windows\SYSTEM32\kernel.appcore.dll
0x00007ffd38e60000 - 0x00007ffd38e6a000 	C:\Program Files\Java\jdk-19\bin\jimage.dll
0x00007ffd63140000 - 0x00007ffd63324000 	C:\Windows\SYSTEM32\DBGHELP.DLL
0x00007ffd4cc60000 - 0x00007ffd4cc8c000 	C:\Windows\SYSTEM32\dbgcore.DLL
0x00007ffd65460000 - 0x00007ffd654e3000 	C:\Windows\System32\bcryptPrimitives.dll
0x00007ffd60b40000 - 0x00007ffd60b4e000 	C:\Program Files\Java\jdk-19\bin\instrument.dll
0x00007ffd22880000 - 0x00007ffd228a6000 	C:\Program Files\Java\jdk-19\bin\java.dll
0x00007ffd02080000 - 0x00007ffd02157000 	C:\Program Files\Java\jdk-19\bin\jsvml.dll
0x00007ffd665c0000 - 0x00007ffd66cff000 	C:\Windows\System32\SHELL32.dll
0x00007ffd63430000 - 0x00007ffd63bc0000 	C:\Windows\SYSTEM32\windows.storage.dll
0x00007ffd67300000 - 0x00007ffd67655000 	C:\Windows\System32\combase.dll
0x00007ffd64da0000 - 0x00007ffd64dcc000 	C:\Windows\SYSTEM32\Wldp.dll
0x00007ffd65e60000 - 0x00007ffd65f0e000 	C:\Windows\System32\SHCORE.dll
0x00007ffd67940000 - 0x00007ffd67995000 	C:\Windows\System32\shlwapi.dll
0x00007ffd65290000 - 0x00007ffd652af000 	C:\Windows\SYSTEM32\profapi.dll
0x00007ffd21730000 - 0x00007ffd21748000 	C:\Program Files\Java\jdk-19\bin\zip.dll
0x00007ffd22860000 - 0x00007ffd22873000 	C:\Program Files\Java\jdk-19\bin\net.dll
0x00007ffd52bb0000 - 0x00007ffd52cb8000 	C:\Windows\SYSTEM32\WINHTTP.dll
0x00007ffd64b00000 - 0x00007ffd64b6a000 	C:\Windows\system32\mswsock.dll
0x00007ffd223c0000 - 0x00007ffd223d6000 	C:\Program Files\Java\jdk-19\bin\nio.dll
0x00007ffd223b0000 - 0x00007ffd223b8000 	C:\Program Files\Java\jdk-19\bin\extnet.dll
0x00007ffd223f0000 - 0x00007ffd22400000 	C:\Program Files\Java\jdk-19\bin\verify.dll
0x00007ffd64cf0000 - 0x00007ffd64d08000 	C:\Windows\SYSTEM32\CRYPTSP.dll
0x00007ffd64410000 - 0x00007ffd64444000 	C:\Windows\system32\rsaenh.dll
0x00007ffd658f0000 - 0x00007ffd65917000 	C:\Windows\System32\bcrypt.dll
0x00007ffd65210000 - 0x00007ffd6523e000 	C:\Windows\SYSTEM32\USERENV.dll
0x00007ffd64d10000 - 0x00007ffd64d1c000 	C:\Windows\SYSTEM32\CRYPTBASE.dll
0x00007ffd64780000 - 0x00007ffd647bb000 	C:\Windows\SYSTEM32\IPHLPAPI.DLL
0x00007ffd678d0000 - 0x00007ffd678d8000 	C:\Windows\System32\NSI.dll
0x00007ffd5b220000 - 0x00007ffd5b237000 	C:\Windows\SYSTEM32\dhcpcsvc6.DLL
0x00007ffd5b200000 - 0x00007ffd5b21d000 	C:\Windows\SYSTEM32\dhcpcsvc.DLL
0x00007ffd647c0000 - 0x00007ffd6488c000 	C:\Windows\SYSTEM32\DNSAPI.dll
0x00007ffd534e0000 - 0x00007ffd534ee000 	C:\Program Files\Java\jdk-19\bin\sunmscapi.dll
0x00007ffd65790000 - 0x00007ffd658e6000 	C:\Windows\System32\CRYPT32.dll
0x00007ffd64e10000 - 0x00007ffd64e37000 	C:\Windows\SYSTEM32\ncrypt.dll
0x00007ffd64dd0000 - 0x00007ffd64e0b000 	C:\Windows\SYSTEM32\NTASN1.dll
0x00007ffd60b00000 - 0x00007ffd60b0a000 	C:\Program Files\Java\jdk-19\bin\management.dll
0x00007ffd60a20000 - 0x00007ffd60a2b000 	C:\Program Files\Java\jdk-19\bin\management_ext.dll
0x00007ffd67820000 - 0x00007ffd67828000 	C:\Windows\System32\PSAPI.DLL
0x00007ffd590b0000 - 0x00007ffd590ba000 	C:\Windows\System32\rasadhlp.dll
0x00007ffd52b30000 - 0x00007ffd52baf000 	C:\Windows\System32\fwpuclnt.dll
0x00007ffd15e70000 - 0x00007ffd15e77000 	C:\Windows\system32\wshunix.dll

dbghelp: loaded successfully - version: 4.0.5 - missing functions: none
symbol engine: initialized successfully - sym options: 0x614 - pdb path: .;C:\Program Files\Java\jdk-19\bin;C:\Windows\SYSTEM32;C:\Windows\WinSxS\amd64_microsoft.windows.common-controls_6595b64144ccf1df_6.0.19041.1110_none_60b5254171f9507e;C:\Program Files\Java\jdk-19\bin\server

VM Arguments:
jvm_args: -javaagent:C:\Users\Жанарбай\AppData\Local\JetBrains\IntelliJ IDEA Community Edition 2022.3.2\lib\idea_rt.jar=51264:C:\Users\Жанарбай\AppData\Local\JetBrains\IntelliJ IDEA Community Edition 2022.3.2\bin -Dfile.encoding=UTF-8 -Dsun.stdout.encoding=UTF-8 -Dsun.stderr.encoding=UTF-8 
java_command: com.example.demo1.Application
java_class_path (initial): C:\Users\Жанарбай\Desktop\frameworks\SPRING\demo1\demo1\target\classes;C:\Users\Жанарбай\.m2\repository\org\springframework\boot\spring-boot-starter-data-jpa\3.0.5\spring-boot-starter-data-jpa-3.0.5.jar;C:\Users\Жанарбай\.m2\repository\org\springframework\boot\spring-boot-starter-aop\3.0.5\spring-boot-starter-aop-3.0.5.jar;C:\Users\Жанарбай\.m2\repository\org\springframework\spring-aop\6.0.7\spring-aop-6.0.7.jar;C:\Users\Жанарбай\.m2\repository\org\aspectj\aspectjweaver\1.9.19\aspectjweaver-1.9.19.jar;C:\Users\Жанарбай\.m2\repository\org\springframework\boot\spring-boot-starter-jdbc\3.0.5\spring-boot-starter-jdbc-3.0.5.jar;C:\Users\Жанарбай\.m2\repository\com\zaxxer\HikariCP\5.0.1\HikariCP-5.0.1.jar;C:\Users\Жанарбай\.m2\repository\org\springframework\spring-jdbc\6.0.7\spring-jdbc-6.0.7.jar;C:\Users\Жанарбай\.m2\repository\org\hibernate\orm\hibernate-core\6.1.7.Final\hibernate-core-6.1.7.Final.jar;C:\Users\Жанарбай\.m2\repository\jakarta\persistence\jakarta.persistence-api\3.1.0\jakarta.persistence-api-3.1.0.jar;C:\Users\Жанарбай\.m2\repository\jakarta\transaction\jakarta.transaction-api\2.0.1\jakarta.transaction-api-2.0.1.jar;C:\Users\Жанарбай\.m2\repository\org\jboss\logging\jboss-logging\3.5.0.Final\jboss-logging-3.5.0.Final.jar;C:\Users\Жанарбай\.m2\repository\org\hibernate\common\hibernate-commons-annotations\6.0.6.Final\hibernate-commons-annotations-6.0.6.Final.jar;C:\Users\Жанарбай\.m2\repository\org\jboss\jandex\2.4.2.Final\jandex-2.4.2.Final.jar;C:\Users\Жанарбай\.m2\repository\com\fasterxml\classmate\1.5.1\classmate-1.5.1.jar;C:\Users\Жанарбай\.m2\repository\net\bytebuddy\byte-buddy\1.12.23\byte-buddy-1.12.23.jar;C:\Users\Жанарбай\.m2\repository\org\glassfish\jaxb\jaxb-runtime\4.0.2\jaxb-runtime-4.0.2.jar;C:\Users\Жанарбай\.m2\repository\org\glassfish\jaxb\jaxb-core\4.0.2\jaxb-core-4.0.2.jar;C:\Users\Жанарбай\.m2\repository\org\eclipse\angus\angus-activation\2.0.0\angus-activation-2.0.0.jar;C:\Users\Жанарбай\.m2\repository\org\glassfish\jaxb\txw2\4.0.2\txw2-4.0.2.jar;C:\Users\Жанарбай\.m2\repository\com\sun\istack\istack-commons-runtime\4.1.1\istack-commons-runtime-4.1.1.jar;C:\Users\Жанарбай\.m2\repository\jakarta\inject\jakarta.inject-api\2.0.0\jakarta.inject-api-2.0.0.jar;C:\Users\Жанарбай\.m2\repository\org\antlr\antlr4-runtime\4.10.1\antlr4-runtime-4.10.1.jar;C:\Users\Жанарбай\.m2\repository\org\springframework\data\spring-data-jpa\3.0.4\spring-data-jpa-3.0.4.jar;C:\Users\Жанарбай\.m2\repository\org\springframework\data\spring-data-commons\3.0.4\spring-data-commons-3.0.4.jar;C:\Users\Жанарбай\.m2\repository\org\springframework\spring-orm\6.0.7\spring-orm-6.0.7.jar;C:\Users\Жанарбай\.m2\repository\org\springframework\spring-context\6.0.7\spring-context-6.0.7.jar;C:\Users\Жанарбай\.m2\repository\org\springframework\spring-tx\6.0.7\spring-tx-6.0.7.jar;C:\Users\Жанарбай\.m2\repository\org\springframework\spring-beans\6.0.7\spring-beans-6.0.7.jar;C:\Users\Жанарбай\.m2\repository\jakarta\annotation\jakarta.annotation-api\2.1.1\jakarta.annotation-api-2.1.1.jar;C:\Users\Жанарбай\.m2\repository\org\slf4j\slf4j-api\2.0.7\slf4j-api-2.0.7.jar;C:\Users\Жанарбай\.m2\repository\org\springframework\spring-aspects\6.0.7\spring-aspects-6.0.7.jar;C:\Users\Жанарбай\.m2\repository\org\springframework\boot\spring-boot-starter-thymeleaf\3.0.5\spring-boot-starter-thymeleaf-3.0.5.jar;C:\Users\Жанарбай\.m2\repository\org\springframework\boot\spring-boot-starter\3.0.5\spring-boot-starter-3.0.5.jar;C:\Users\Жанарбай\.m2\repository\org\springframework\boot\spring-boot\3.0.5\spring-boot-3.0.5.jar;C:\Users\Жанарбай\.m2\repository\org\springframework\boot\spring-boot-autoconfigure\3.0.5\spring-boot-autoconfigure-3.0.5.jar;C:\Users\Жанарбай\.m2\repository\org\springframework\boot\spring-boot-starter-logging\3.0.5\spring-boot-starter-logging-3.0.5.jar;C:\Users\Жанарбай\.m2\repository\ch\qos\logback\logback-classic\1.4.6\logback-classic-1.4.6.jar;C:\Users\Жанарбай\.m2\repository\ch\qos\logback\logback-core\1.4.6\logback-core-1.4.6.jar;C:\Users\Жанарбай\.m2\repository\org\apache\logging\log4j\log4j-to-slf4j\2.19.0\log4j-to-slf4j-2.19.0.jar;C:\Users\Жанарбай\.m2\repository\org\apache\logging\log4j\log4j-api\2.19.0\log4j-api-2.19.0.jar;C:\Users\Жанарбай\.m2\repository\org\slf4j\jul-to-slf4j\2.0.7\jul-to-slf4j-2.0.7.jar;C:\Users\Жанарбай\.m2\repository\org\yaml\snakeyaml\1.33\snakeyaml-1.33.jar;C:\Users\Жанарбай\.m2\repository\org\thymeleaf\thymeleaf-spring6\3.1.1.RELEASE\thymeleaf-spring6-3.1.1.RELEASE.jar;C:\Users\Жанарбай\.m2\repository\org\thymeleaf\thymeleaf\3.1.1.RELEASE\thymeleaf-3.1.1.RELEASE.jar;C:\Users\Жанарбай\.m2\repository\org\attoparser\attoparser\2.0.6.RELEASE\attoparser-2.0.6.RELEASE.jar;C:\Users\Жанарбай\.m2\repository\org\unbescape\unbescape\1.1.6.RELEASE\unbescape-1.1.6.RELEASE.jar;C:\Users\Жанарбай\.m2\repository\org\springframework\boot\spring-boot-starter-web\3.0.5\spring-boot-starter-web-3.0.5.jar;C:\Users\Жанарбай\.m2\repository\org\springframework\boot\spring-boot-starter-json\3.0.5\spring-boot-starter-json-3.0.5.jar;C:\Users\Жанарбай\.m2\repository\com\fasterxml\jackson\core\jackson-databind\2.14.2\jackson-databind-2.14.2.jar;C:\Users\Жанарбай\.m2\repository\com\fasterxml\jackson\core\jackson-annotations\2.14.2\jackson-annotations-2.14.2.jar;C:\Users\Жанарбай\.m2\repository\com\fasterxml\jackson\core\jackson-core\2.14.2\jackson-core-2.14.2.jar;C:\Users\Жанарбай\.m2\repository\com\fasterxml\jackson\datatype\jackson-datatype-jdk8\2.14.2\jackson-datatype-jdk8-2.14.2.jar;C:\Users\Жанарбай\.m2\repository\com\fasterxml\jackson\datatype\jackson-datatype-jsr310\2.14.2\jackson-datatype-jsr310-2.14.2.jar;C:\Users\Жанарбай\.m2\repository\com\fasterxml\jackson\module\jackson-module-parameter-names\2.14.2\jackson-module-parameter-names-2.14.2.jar;C:\Users\Жанарбай\.m2\repository\org\springframework\boot\spring-boot-starter-tomcat\3.0.5\spring-boot-starter-tomcat-3.0.5.jar;C:\Users\Жанарбай\.m2\repository\org\apache\tomcat\embed\tomcat-embed-core\10.1.7\tomcat-embed-core-10.1.7.jar;C:\Users\Жанарбай\.m2\repository\org\apache\tomcat\embed\tomcat-embed-el\10.1.7\tomcat-embed-el-10.1.7.jar;C:\Users\Жанарбай\.m2\repository\org\apache\tomcat\embed\tomcat-embed-websocket\10.1.7\tomcat-embed-websocket-10.1.7.jar;C:\Users\Жанарбай\.m2\repository\org\springframework\spring-web\6.0.7\spring-web-6.0.7.jar;C:\Users\Жанарбай\.m2\repository\io\micrometer\micrometer-observation\1.10.5\micrometer-observation-1.10.5.jar;C:\Users\Жанарбай\.m2\repository\io\micrometer\micrometer-commons\1.10.5\micrometer-commons-1.10.5.jar;C:\Users\Жанарбай\.m2\repository\org\springframework\spring-webmvc\6.0.7\spring-webmvc-6.0.7.jar;C:\Users\Жанарбай\.m2\repository\org\springframework\spring-expression\6.0.7\spring-expression-6.0.7.jar;C:\Users\Жанарбай\.m2\repository\org\postgresql\postgresql\42.5.4\postgresql-42.5.4.jar;C:\Users\Жанарбай\.m2\repository\org\checkerframework\checker-qual\3.5.0\checker-qual-3.5.0.jar;C:\Users\Жанарбай\.m2\repository\jakarta\xml\bind\jakarta.xml.bind-api\4.0.0\jakarta.xml.bind-api-4.0.0.jar;C:\Users\Жанарбай\.m2\repository\jakarta\activation\jakarta.activation-api\2.1.1\jakarta.activation-api-2.1.1.jar;C:\Users\Жанарбай\.m2\repository\org\springframework\spring-core\6.0.7\spring-core-6.0.7.jar;C:\Users\Жанарбай\.m2\repository\org\springframework\spring-jcl\6.0.7\spring-jcl-6.0.7.jar
Launcher Type: SUN_STANDARD

[Global flags]
     intx CICompilerCount                          = 4                                         {product} {ergonomic}
     uint ConcGCThreads                            = 2                                         {product} {ergonomic}
     uint G1ConcRefinementThreads                  = 8                                         {product} {ergonomic}
   size_t G1HeapRegionSize                         = 1048576                                   {product} {ergonomic}
    uintx GCDrainStackTargetSize                   = 64                                        {product} {ergonomic}
   size_t InitialHeapSize                          = 130023424                                 {product} {ergonomic}
   size_t MarkStackSize                            = 4194304                                   {product} {ergonomic}
   size_t MaxHeapSize                              = 2067791872                                {product} {ergonomic}
   size_t MaxNewSize                               = 1240465408                                {product} {ergonomic}
   size_t MinHeapDeltaBytes                        = 1048576                                   {product} {ergonomic}
   size_t MinHeapSize                              = 8388608                                   {product} {ergonomic}
    uintx NonNMethodCodeHeapSize                   = 5839372                                {pd product} {ergonomic}
    uintx NonProfiledCodeHeapSize                  = 122909434                              {pd product} {ergonomic}
    uintx ProfiledCodeHeapSize                     = 122909434                              {pd product} {ergonomic}
    uintx ReservedCodeCacheSize                    = 251658240                              {pd product} {ergonomic}
     bool SegmentedCodeCache                       = true                                      {product} {ergonomic}
   size_t SoftMaxHeapSize                          = 2067791872                             {manageable} {ergonomic}
     bool UseCompressedClassPointers               = true                           {product lp64_product} {ergonomic}
     bool UseCompressedOops                        = true                           {product lp64_product} {ergonomic}
     bool UseG1GC                                  = true                                      {product} {ergonomic}
     bool UseLargePagesIndividualAllocation        = false                                  {pd product} {ergonomic}

Logging:
Log output configuration:
 #0: stdout all=warning uptime,level,tags foldmultilines=false
 #1: stderr all=off uptime,level,tags foldmultilines=false

Environment Variables:
JAVA_HOME=C:\Program Files\Java\jdk-19
PATH=C:\Program Files\Common Files\Oracle\Java\javapath;C:\Windows\system32;C:\Windows;C:\Windows\System32\Wbem;C:\Windows\System32\WindowsPowerShell\v1.0\;C:\Program Files\Git\cmd;C:\Program Files\Java\jdk-19\bin;C:\Program Files\MySQL\MySQL Shell 8.0\bin\;C:\Users\Жанарбай\AppData\Local\Microsoft\WindowsApps;C:\Users\Жанарбай\AppData\Local\Programs\Microsoft VS Code\bin;C:\Program Files\JetBrains\PyCharm Community Edition 2022.2.3\bin;;C:\Users\Жанарбай\AppData\Local\GitHubDesktop\bin
USERNAME=Жанарбай
OS=Windows_NT
PROCESSOR_IDENTIFIER=Intel64 Family 6 Model 140 Stepping 1, GenuineIntel
TMP=C:\Users\46FB~1\AppData\Local\Temp
TEMP=C:\Users\46FB~1\AppData\Local\Temp



---------------  S Y S T E M  ---------------

OS:
 Windows 10 , 64 bit Build 19041 (10.0.19041.1202)
OS uptime: 0 days 6:27 hours

CPU: total 8 (initial active 8) (4 cores per cpu, 2 threads per core) family 6 model 140 stepping 1 microcode 0xa4, cx8, cmov, fxsr, ht, mmx, 3dnowpref, sse, sse2, sse3, ssse3, sse4.1, sse4.2, popcnt, lzcnt, tsc, tscinvbit, avx, avx2, aes, erms, clmul, bmi1, bmi2, adx, avx512f, avx512dq, avx512cd, avx512bw, avx512vl, sha, fma, vzeroupper, avx512_vpopcntdq, avx512_vpclmulqdq, avx512_vaes, avx512_vnni, clflush, clflushopt, clwb, avx512_vbmi2, avx512_vbmi, rdtscp, rdpid, fsrm, gfni, avx512_bitalg

Memory: 4k page, system-wide physical 7883M (465M free)
TotalPageFile size 7883M (AvailPageFile size 4M)
current process WorkingSet (physical memory assigned to process): 215M, peak: 255M
current process commit charge ("private bytes"): 253M, peak: 294M

vm_info: Java HotSpot(TM) 64-Bit Server VM (19.0.2+7-44) for windows-amd64 JRE (19.0.2+7-44), built on 2022-11-30T18:02:09Z by "mach5one" with MS VC++ 17.1 (VS2022)

END.
